This is pdfTeX, Version 3.14159265-2.6-1.40.19 (TeX Live 2018) (preloaded format=pdflatex 2019.2.19)  1 OCT 2020 14:07
entering extended mode
 \write18 enabled.
 %&-line parsing enabled.
**revised_manuscript.tex
(./revised_manuscript.tex
LaTeX2e <2018-04-01> patch level 5
(/usr/share/texlive/texmf-dist/tex/latex/base/fix-cm.sty
Package: fix-cm 2015/01/14 v1.1t fixes to LaTeX

(/usr/share/texlive/texmf-dist/tex/latex/base/ts1enc.def
File: ts1enc.def 2001/06/05 v3.0e (jk/car/fm) Standard LaTeX file
Now handling font encoding TS1 ...
... processing UTF-8 mapping file for font encoding TS1

(/usr/share/texlive/texmf-dist/tex/latex/base/ts1enc.dfu
File: ts1enc.dfu 2018/04/05 v1.2c UTF-8 support for inputenc
   defining Unicode char U+00A2 (decimal 162)
   defining Unicode char U+00A3 (decimal 163)
   defining Unicode char U+00A4 (decimal 164)
   defining Unicode char U+00A5 (decimal 165)
   defining Unicode char U+00A6 (decimal 166)
   defining Unicode char U+00A7 (decimal 167)
   defining Unicode char U+00A8 (decimal 168)
   defining Unicode char U+00A9 (decimal 169)
   defining Unicode char U+00AA (decimal 170)
   defining Unicode char U+00AC (decimal 172)
   defining Unicode char U+00AE (decimal 174)
   defining Unicode char U+00AF (decimal 175)
   defining Unicode char U+00B0 (decimal 176)
   defining Unicode char U+00B1 (decimal 177)
   defining Unicode char U+00B2 (decimal 178)
   defining Unicode char U+00B3 (decimal 179)
   defining Unicode char U+00B4 (decimal 180)
   defining Unicode char U+00B5 (decimal 181)
   defining Unicode char U+00B6 (decimal 182)
   defining Unicode char U+00B7 (decimal 183)
   defining Unicode char U+00B9 (decimal 185)
   defining Unicode char U+00BA (decimal 186)
   defining Unicode char U+00BC (decimal 188)
   defining Unicode char U+00BD (decimal 189)
   defining Unicode char U+00BE (decimal 190)
   defining Unicode char U+00D7 (decimal 215)
   defining Unicode char U+00F7 (decimal 247)
   defining Unicode char U+0192 (decimal 402)
   defining Unicode char U+02C7 (decimal 711)
   defining Unicode char U+02D8 (decimal 728)
   defining Unicode char U+02DD (decimal 733)
   defining Unicode char U+0E3F (decimal 3647)
   defining Unicode char U+2016 (decimal 8214)
   defining Unicode char U+2020 (decimal 8224)
   defining Unicode char U+2021 (decimal 8225)
   defining Unicode char U+2022 (decimal 8226)
   defining Unicode char U+2030 (decimal 8240)
   defining Unicode char U+2031 (decimal 8241)
   defining Unicode char U+203B (decimal 8251)
   defining Unicode char U+203D (decimal 8253)
   defining Unicode char U+2044 (decimal 8260)
   defining Unicode char U+204E (decimal 8270)
   defining Unicode char U+2052 (decimal 8274)
   defining Unicode char U+20A1 (decimal 8353)
   defining Unicode char U+20A4 (decimal 8356)
   defining Unicode char U+20A6 (decimal 8358)
   defining Unicode char U+20A9 (decimal 8361)
   defining Unicode char U+20AB (decimal 8363)
   defining Unicode char U+20AC (decimal 8364)
   defining Unicode char U+20B1 (decimal 8369)
   defining Unicode char U+2103 (decimal 8451)
   defining Unicode char U+2116 (decimal 8470)
   defining Unicode char U+2117 (decimal 8471)
   defining Unicode char U+211E (decimal 8478)
   defining Unicode char U+2120 (decimal 8480)
   defining Unicode char U+2122 (decimal 8482)
   defining Unicode char U+2126 (decimal 8486)
   defining Unicode char U+2127 (decimal 8487)
   defining Unicode char U+212E (decimal 8494)
   defining Unicode char U+2190 (decimal 8592)
   defining Unicode char U+2191 (decimal 8593)
   defining Unicode char U+2192 (decimal 8594)
   defining Unicode char U+2193 (decimal 8595)
   defining Unicode char U+2329 (decimal 9001)
   defining Unicode char U+232A (decimal 9002)
   defining Unicode char U+2422 (decimal 9250)
   defining Unicode char U+25E6 (decimal 9702)
   defining Unicode char U+25EF (decimal 9711)
   defining Unicode char U+266A (decimal 9834)
   defining Unicode char U+FEFF (decimal 65279)
))) (./svjour3.cls
Document Class: svjour3 2007/05/08 v3.2 
LaTeX document class for Springer journals
Class Springer-SVJour3 Info: extra/valid Springer sub-package (-> *.clo) 
(Springer-SVJour3)           not found in option list of \documentclass
(Springer-SVJour3)           - autoactivating "global" style.
(./svglov3.clo
File: svglov3.clo 2009/12/18 v3.2 style option for standardised journals

SVJour Class option: svglov3.clo for standardised journals
)
LaTeX Font Info:    Redeclaring math symbol \Gamma on input line 147.
LaTeX Font Info:    Redeclaring math symbol \Delta on input line 148.
LaTeX Font Info:    Redeclaring math symbol \Theta on input line 149.
LaTeX Font Info:    Redeclaring math symbol \Lambda on input line 150.
LaTeX Font Info:    Redeclaring math symbol \Xi on input line 151.
LaTeX Font Info:    Redeclaring math symbol \Pi on input line 152.
LaTeX Font Info:    Redeclaring math symbol \Sigma on input line 153.
LaTeX Font Info:    Redeclaring math symbol \Upsilon on input line 154.
LaTeX Font Info:    Redeclaring math symbol \Phi on input line 155.
LaTeX Font Info:    Redeclaring math symbol \Psi on input line 156.
LaTeX Font Info:    Redeclaring math symbol \Omega on input line 157.
\logodepth=\dimen102
\headerboxheight=\dimen103
\betweenumberspace=\dimen104
\aftertext=\dimen105
\headlineindent=\dimen106
\c@inst=\count80
\c@auth=\count81
\instindent=\dimen107
\authrun=\box26
\authorrunning=\toks14
\titrun=\box27
\titlerunning=\toks15
\combirun=\box28
\c@lastpage=\count82
\rubricwidth=\dimen108
\c@section=\count83
\c@subsection=\count84
\c@subsubsection=\count85
\c@paragraph=\count86
\c@subparagraph=\count87
\spthmsep=\dimen109
\c@theorem=\count88
\c@case=\count89
\c@conjecture=\count90
\c@corollary=\count91
\c@definition=\count92
\c@example=\count93
\c@exercise=\count94
\c@lemma=\count95
\c@note=\count96
\c@problem=\count97
\c@property=\count98
\c@proposition=\count99
\c@question=\count100
\c@solution=\count101
\c@remark=\count102
\c@figure=\count103
\c@table=\count104
\abovecaptionskip=\skip41
\belowcaptionskip=\skip42
\figcapgap=\dimen110
\tabcapgap=\dimen111
\figgap=\dimen112
\bibindent=\dimen113
\@tempcntc=\count105
) (/usr/share/texlive/texmf-dist/tex/latex/graphics/graphicx.sty
Package: graphicx 2017/06/01 v1.1a Enhanced LaTeX Graphics (DPC,SPQR)

(/usr/share/texlive/texmf-dist/tex/latex/graphics/keyval.sty
Package: keyval 2014/10/28 v1.15 key=value parser (DPC)
\KV@toks@=\toks16
)
(/usr/share/texlive/texmf-dist/tex/latex/graphics/graphics.sty
Package: graphics 2017/06/25 v1.2c Standard LaTeX Graphics (DPC,SPQR)

(/usr/share/texlive/texmf-dist/tex/latex/graphics/trig.sty
Package: trig 2016/01/03 v1.10 sin cos tan (DPC)
)
(/usr/share/texlive/texmf-dist/tex/latex/graphics-cfg/graphics.cfg
File: graphics.cfg 2016/06/04 v1.11 sample graphics configuration
)
Package graphics Info: Driver file: pdftex.def on input line 99.

(/usr/share/texlive/texmf-dist/tex/latex/graphics-def/pdftex.def
File: pdftex.def 2018/01/08 v1.0l Graphics/color driver for pdftex
))
\Gin@req@height=\dimen114
\Gin@req@width=\dimen115
)
(/usr/share/texlive/texmf-dist/tex/latex/amsmath/amsmath.sty
Package: amsmath 2017/09/02 v2.17a AMS math features
\@mathmargin=\skip43

For additional information on amsmath, use the `?' option.
(/usr/share/texlive/texmf-dist/tex/latex/amsmath/amstext.sty
Package: amstext 2000/06/29 v2.01 AMS text

(/usr/share/texlive/texmf-dist/tex/latex/amsmath/amsgen.sty
File: amsgen.sty 1999/11/30 v2.0 generic functions
\@emptytoks=\toks17
\ex@=\dimen116
))
(/usr/share/texlive/texmf-dist/tex/latex/amsmath/amsbsy.sty
Package: amsbsy 1999/11/29 v1.2d Bold Symbols
\pmbraise@=\dimen117
)
(/usr/share/texlive/texmf-dist/tex/latex/amsmath/amsopn.sty
Package: amsopn 2016/03/08 v2.02 operator names
)
\inf@bad=\count106
LaTeX Info: Redefining \frac on input line 213.
\uproot@=\count107
\leftroot@=\count108
LaTeX Info: Redefining \overline on input line 375.
\classnum@=\count109
\DOTSCASE@=\count110
LaTeX Info: Redefining \ldots on input line 472.
LaTeX Info: Redefining \dots on input line 475.
LaTeX Info: Redefining \cdots on input line 596.
\Mathstrutbox@=\box29
\strutbox@=\box30
\big@size=\dimen118
LaTeX Font Info:    Redeclaring font encoding OML on input line 712.
LaTeX Font Info:    Redeclaring font encoding OMS on input line 713.


Package amsmath Warning: Unable to redefine math accent \vec.

\macc@depth=\count111
\c@MaxMatrixCols=\count112
\dotsspace@=\muskip10
\c@parentequation=\count113
\dspbrk@lvl=\count114
\tag@help=\toks18
\row@=\count115
\column@=\count116
\maxfields@=\count117
\andhelp@=\toks19
\eqnshift@=\dimen119
\alignsep@=\dimen120
\tagshift@=\dimen121
\tagwidth@=\dimen122
\totwidth@=\dimen123
\lineht@=\dimen124
\@envbody=\toks20
\multlinegap=\skip44
\multlinetaggap=\skip45
\mathdisplay@stack=\toks21
LaTeX Info: Redefining \[ on input line 2817.
LaTeX Info: Redefining \] on input line 2818.
) (/usr/share/texlive/texmf-dist/tex/latex/amsfonts/amssymb.sty
Package: amssymb 2013/01/14 v3.01 AMS font symbols

(/usr/share/texlive/texmf-dist/tex/latex/amsfonts/amsfonts.sty
Package: amsfonts 2013/01/14 v3.01 Basic AMSFonts support
\symAMSa=\mathgroup4
\symAMSb=\mathgroup5
LaTeX Font Info:    Overwriting math alphabet `\mathfrak' in version `bold'
(Font)                  U/euf/m/n --> U/euf/b/n on input line 106.
))
(/usr/share/texlive/texmf-dist/tex/latex/diffcoeff/diffcoeff.sty
(/usr/share/texlive/texmf-dist/tex/latex/l3kernel/expl3.sty
Package: expl3 2018-06-14 L3 programming layer (loader) 

(/usr/share/texlive/texmf-dist/tex/latex/l3kernel/expl3-code.tex
Package: expl3 2018-06-14 L3 programming layer (code)
\c_max_int=\count118
\l_tmpa_int=\count119
\l_tmpb_int=\count120
\g_tmpa_int=\count121
\g_tmpb_int=\count122
\g__kernel_prg_map_int=\count123
\c_log_iow=\count124
\l_iow_line_count_int=\count125
\l__iow_line_target_int=\count126
\l__iow_one_indent_int=\count127
\l__iow_indent_int=\count128
\c_zero_dim=\dimen125
\c_max_dim=\dimen126
\l_tmpa_dim=\dimen127
\l_tmpb_dim=\dimen128
\g_tmpa_dim=\dimen129
\g_tmpb_dim=\dimen130
\c_zero_skip=\skip46
\c_max_skip=\skip47
\l_tmpa_skip=\skip48
\l_tmpb_skip=\skip49
\g_tmpa_skip=\skip50
\g_tmpb_skip=\skip51
\c_zero_muskip=\muskip11
\c_max_muskip=\muskip12
\l_tmpa_muskip=\muskip13
\l_tmpb_muskip=\muskip14
\g_tmpa_muskip=\muskip15
\g_tmpb_muskip=\muskip16
\l_keys_choice_int=\count129
\l__intarray_loop_int=\count130
\c__intarray_sp_dim=\dimen131
\g__intarray_font_int=\count131
\c__fp_leading_shift_int=\count132
\c__fp_middle_shift_int=\count133
\c__fp_trailing_shift_int=\count134
\c__fp_big_leading_shift_int=\count135
\c__fp_big_middle_shift_int=\count136
\c__fp_big_trailing_shift_int=\count137
\c__fp_Bigg_leading_shift_int=\count138
\c__fp_Bigg_middle_shift_int=\count139
\c__fp_Bigg_trailing_shift_int=\count140
\c__kernel_randint_max_int=\count141
\g__fp_array_int=\count142
\l__fp_array_loop_int=\count143
\l__sort_length_int=\count144
\l__sort_min_int=\count145
\l__sort_top_int=\count146
\l__sort_max_int=\count147
\l__sort_true_max_int=\count148
\l__sort_block_int=\count149
\l__sort_begin_int=\count150
\l__sort_end_int=\count151
\l__sort_A_int=\count152
\l__sort_B_int=\count153
\l__sort_C_int=\count154
\l__tl_analysis_normal_int=\count155
\l__tl_analysis_index_int=\count156
\l__tl_analysis_nesting_int=\count157
\l__tl_analysis_type_int=\count158
\l__regex_internal_a_int=\count159
\l__regex_internal_b_int=\count160
\l__regex_internal_c_int=\count161
\l__regex_balance_int=\count162
\l__regex_group_level_int=\count163
\l__regex_mode_int=\count164
\c__regex_cs_in_class_mode_int=\count165
\c__regex_cs_mode_int=\count166
\l__regex_catcodes_int=\count167
\l__regex_default_catcodes_int=\count168
\c__regex_catcode_D_int=\count169
\c__regex_catcode_S_int=\count170
\c__regex_catcode_L_int=\count171
\c__regex_catcode_O_int=\count172
\c__regex_catcode_A_int=\count173
\c__regex_all_catcodes_int=\count174
\l__regex_show_lines_int=\count175
\l__regex_min_state_int=\count176
\l__regex_max_state_int=\count177
\l__regex_left_state_int=\count178
\l__regex_right_state_int=\count179
\l__regex_capturing_group_int=\count180
\l__regex_min_pos_int=\count181
\l__regex_max_pos_int=\count182
\l__regex_curr_pos_int=\count183
\l__regex_start_pos_int=\count184
\l__regex_success_pos_int=\count185
\l__regex_curr_char_int=\count186
\l__regex_curr_catcode_int=\count187
\l__regex_last_char_int=\count188
\l__regex_case_changed_char_int=\count189
\l__regex_curr_state_int=\count190
\l__regex_step_int=\count191
\l__regex_min_active_int=\count192
\l__regex_max_active_int=\count193
\l__regex_replacement_csnames_int=\count194
\l__regex_match_count_int=\count195
\l__regex_min_submatch_int=\count196
\l__regex_submatch_int=\count197
\l__regex_zeroth_submatch_int=\count198
\g__regex_trace_regex_int=\count199
\c_empty_box=\box31
\l_tmpa_box=\box32
\l_tmpb_box=\box33
\g_tmpa_box=\box34
\g_tmpb_box=\box35
\l__box_top_dim=\dimen132
\l__box_bottom_dim=\dimen133
\l__box_left_dim=\dimen134
\l__box_right_dim=\dimen135
\l__box_top_new_dim=\dimen136
\l__box_bottom_new_dim=\dimen137
\l__box_left_new_dim=\dimen138
\l__box_right_new_dim=\dimen139
\l__box_internal_box=\box36
\l__coffin_internal_box=\box37
\l__coffin_internal_dim=\dimen140
\l__coffin_offset_x_dim=\dimen141
\l__coffin_offset_y_dim=\dimen142
\l__coffin_x_dim=\dimen143
\l__coffin_y_dim=\dimen144
\l__coffin_x_prime_dim=\dimen145
\l__coffin_y_prime_dim=\dimen146
\c_empty_coffin=\box38
\l__coffin_aligned_coffin=\box39
\l__coffin_aligned_internal_coffin=\box40
\l_tmpa_coffin=\box41
\l_tmpb_coffin=\box42
\l__coffin_display_coffin=\box43
\l__coffin_display_coord_coffin=\box44
\l__coffin_display_pole_coffin=\box45
\l__coffin_display_offset_dim=\dimen147
\l__coffin_display_x_dim=\dimen148
\l__coffin_display_y_dim=\dimen149
\g__file_internal_ior=\read1
\l__coffin_bounding_shift_dim=\dimen150
\l__coffin_left_corner_dim=\dimen151
\l__coffin_right_corner_dim=\dimen152
\l__coffin_bottom_corner_dim=\dimen153
\l__coffin_top_corner_dim=\dimen154
\l__coffin_scaled_total_height_dim=\dimen155
\l__coffin_scaled_width_dim=\dimen156
\l__seq_internal_a_int=\count266
\l__seq_internal_b_int=\count267
)
(/usr/share/texlive/texmf-dist/tex/latex/l3kernel/l3pdfmode.def
File: l3pdfmode.def 2018-06-14 v L3 Experimental driver: PDF mode
\l__driver_color_stack_int=\count268
))
(/usr/share/texlive/texmf-dist/tex/latex/l3packages/xparse/xparse.sty
Package: xparse 2018-05-12 L3 Experimental document command parser
\l__xparse_current_arg_int=\count269
\g__xparse_grabber_int=\count270
\l__xparse_m_args_int=\count271
\l__xparse_mandatory_args_int=\count272
\l__xparse_v_nesting_int=\count273
)
Package: diffcoeff 2016/06/27 v1.0 Write differential coefficients easily.
\l__diffco_curr_tok_int=\count274
\l__diffco_curr_state_int=\count275
.................................................
. LaTeX info: "xparse/define-command"
. 
. Defining command \diffset with sig. 'o' on line 108.
.................................................
.................................................
. LaTeX info: "xparse/define-command"
. 
. Defining command \diff with sig. 'somt/mg' on line 190.
.................................................
.................................................
. LaTeX info: "xparse/define-command"
. 
. Defining command \Diff with sig. 'ommg' on line 200.
.................................................
.................................................
. LaTeX info: "xparse/define-command"
. 
. Defining command \diffd with sig. 'ommg' on line 210.
.................................................
.................................................
. LaTeX info: "xparse/define-command"
. 
. Defining command \Diffd with sig. 'ommg' on line 220.
.................................................
.................................................
. LaTeX info: "xparse/define-command"
. 
. Defining command \diffp with sig. 'soomt/mg' on line 351.
.................................................
.................................................
. LaTeX info: "xparse/define-command"
. 
. Defining command \jacob with sig. 'mm' on line 356.
.................................................
)
(/usr/share/texlive/texmf-dist/tex/latex/arydshln/arydshln.sty
Package: arydshln 2016/04/28 v1.73 
\dashlinedash=\dimen157
\dashlinegap=\dimen158
\adl@box=\box46
\adl@height=\dimen159
\adl@heightsave=\dimen160
\adl@depth=\dimen161
\adl@depthsave=\dimen162
\adl@finaldepth=\dimen163
\adl@columns=\count276
\adl@ncol=\count277
\adl@currentcolumn=\count278
\adl@currentcolumnsave=\count279
\adl@totalheight=\count280
\adl@totalheightsave=\count281
\adl@dash=\count282
\adl@gap=\count283
\adl@cla=\count284
\adl@clb=\count285
\adl@everyvbox=\toks22
\adl@LTpagetotal=\dimen164
)
(/usr/share/texlive/texmf-dist/tex/latex/mathtools/mathtools.sty
Package: mathtools 2018/01/08 v1.21 mathematical typesetting tools

(/usr/share/texlive/texmf-dist/tex/latex/tools/calc.sty
Package: calc 2017/05/25 v4.3 Infix arithmetic (KKT,FJ)
\calc@Acount=\count286
\calc@Bcount=\count287
\calc@Adimen=\dimen165
\calc@Bdimen=\dimen166
\calc@Askip=\skip52
\calc@Bskip=\skip53
LaTeX Info: Redefining \setlength on input line 80.
LaTeX Info: Redefining \addtolength on input line 81.
\calc@Ccount=\count288
\calc@Cskip=\skip54
)
(/usr/share/texlive/texmf-dist/tex/latex/mathtools/mhsetup.sty
Package: mhsetup 2017/03/31 v1.3 programming setup (MH)
)
LaTeX Info: Thecontrolsequence`\('isalreadyrobust on input line 129.
LaTeX Info: Thecontrolsequence`\)'isalreadyrobust on input line 129.
LaTeX Info: Thecontrolsequence`\['isalreadyrobust on input line 129.
LaTeX Info: Thecontrolsequence`\]'isalreadyrobust on input line 129.
\g_MT_multlinerow_int=\count289
\l_MT_multwidth_dim=\dimen167
\origjot=\skip55
\l_MT_shortvdotswithinadjustabove_dim=\dimen168
\l_MT_shortvdotswithinadjustbelow_dim=\dimen169
\l_MT_above_intertext_sep=\dimen170
\l_MT_below_intertext_sep=\dimen171
\l_MT_above_shortintertext_sep=\dimen172
\l_MT_below_shortintertext_sep=\dimen173
)
(/usr/share/texlive/texmf-dist/tex/latex/jknapltx/mathrsfs.sty
Package: mathrsfs 1996/01/01 Math RSFS package v1.0 (jk)
\symrsfs=\mathgroup6
)
(/usr/share/texlive/texmf-dist/tex/latex/tools/bm.sty
Package: bm 2017/01/16 v1.2c Bold Symbol Support (DPC/FMi)
\symboldoperators=\mathgroup7
\symboldletters=\mathgroup8
\symboldsymbols=\mathgroup9
LaTeX Font Info:    Redeclaring math alphabet \mathbf on input line 141.
LaTeX Info: Redefining \bm on input line 207.
)
(/usr/share/texlive/texmf-dist/tex/latex/hyperref/hyperref.sty
Package: hyperref 2018/02/06 v6.86b Hypertext links for LaTeX

(/usr/share/texlive/texmf-dist/tex/generic/oberdiek/hobsub-hyperref.sty
Package: hobsub-hyperref 2016/05/16 v1.14 Bundle oberdiek, subset hyperref (HO)


(/usr/share/texlive/texmf-dist/tex/generic/oberdiek/hobsub-generic.sty
Package: hobsub-generic 2016/05/16 v1.14 Bundle oberdiek, subset generic (HO)
Package: hobsub 2016/05/16 v1.14 Construct package bundles (HO)
Package: infwarerr 2016/05/16 v1.4 Providing info/warning/error messages (HO)
Package: ltxcmds 2016/05/16 v1.23 LaTeX kernel commands for general use (HO)
Package: ifluatex 2016/05/16 v1.4 Provides the ifluatex switch (HO)
Package ifluatex Info: LuaTeX not detected.
Package: ifvtex 2016/05/16 v1.6 Detect VTeX and its facilities (HO)
Package ifvtex Info: VTeX not detected.
Package: intcalc 2016/05/16 v1.2 Expandable calculations with integers (HO)
Package: ifpdf 2017/03/15 v3.2 Provides the ifpdf switch
Package: etexcmds 2016/05/16 v1.6 Avoid name clashes with e-TeX commands (HO)
Package etexcmds Info: Could not find \expanded.
(etexcmds)             That can mean that you are not using pdfTeX 1.50 or
(etexcmds)             that some package has redefined \expanded.
(etexcmds)             In the latter case, load this package earlier.
Package: kvsetkeys 2016/05/16 v1.17 Key value parser (HO)
Package: kvdefinekeys 2016/05/16 v1.4 Define keys (HO)
Package: pdftexcmds 2018/01/30 v0.27 Utility functions of pdfTeX for LuaTeX (HO
)
Package pdftexcmds Info: LuaTeX not detected.
Package pdftexcmds Info: \pdf@primitive is available.
Package pdftexcmds Info: \pdf@ifprimitive is available.
Package pdftexcmds Info: \pdfdraftmode found.
Package: pdfescape 2016/05/16 v1.14 Implements pdfTeX's escape features (HO)
Package: bigintcalc 2016/05/16 v1.4 Expandable calculations on big integers (HO
)
Package: bitset 2016/05/16 v1.2 Handle bit-vector datatype (HO)
Package: uniquecounter 2016/05/16 v1.3 Provide unlimited unique counter (HO)
)
Package hobsub Info: Skipping package `hobsub' (already loaded).
Package: letltxmacro 2016/05/16 v1.5 Let assignment for LaTeX macros (HO)
Package: hopatch 2016/05/16 v1.3 Wrapper for package hooks (HO)
Package: xcolor-patch 2016/05/16 xcolor patch
Package: atveryend 2016/05/16 v1.9 Hooks at the very end of document (HO)
Package atveryend Info: \enddocument detected (standard20110627).
Package: atbegshi 2016/06/09 v1.18 At begin shipout hook (HO)
Package: refcount 2016/05/16 v3.5 Data extraction from label references (HO)
Package: hycolor 2016/05/16 v1.8 Color options for hyperref/bookmark (HO)
)
(/usr/share/texlive/texmf-dist/tex/generic/ifxetex/ifxetex.sty
Package: ifxetex 2010/09/12 v0.6 Provides ifxetex conditional
)
(/usr/share/texlive/texmf-dist/tex/latex/oberdiek/auxhook.sty
Package: auxhook 2016/05/16 v1.4 Hooks for auxiliary files (HO)
)
(/usr/share/texlive/texmf-dist/tex/latex/oberdiek/kvoptions.sty
Package: kvoptions 2016/05/16 v3.12 Key value format for package options (HO)
)
\@linkdim=\dimen174
\Hy@linkcounter=\count290
\Hy@pagecounter=\count291

(/usr/share/texlive/texmf-dist/tex/latex/hyperref/pd1enc.def
File: pd1enc.def 2018/02/06 v6.86b Hyperref: PDFDocEncoding definition (HO)
Now handling font encoding PD1 ...
... no UTF-8 mapping file for font encoding PD1
)
\Hy@SavedSpaceFactor=\count292

(/usr/share/texlive/texmf-dist/tex/latex/latexconfig/hyperref.cfg
File: hyperref.cfg 2002/06/06 v1.2 hyperref configuration of TeXLive
)
Package hyperref Info: Hyper figures OFF on input line 4509.
Package hyperref Info: Link nesting OFF on input line 4514.
Package hyperref Info: Hyper index ON on input line 4517.
Package hyperref Info: Plain pages OFF on input line 4524.
Package hyperref Info: Backreferencing OFF on input line 4529.
Package hyperref Info: Implicit mode ON; LaTeX internals redefined.
Package hyperref Info: Bookmarks ON on input line 4762.
\c@Hy@tempcnt=\count293

(/usr/share/texlive/texmf-dist/tex/latex/url/url.sty
\Urlmuskip=\muskip17
Package: url 2013/09/16  ver 3.4  Verb mode for urls, etc.
)
LaTeX Info: Redefining \url on input line 5115.
\XeTeXLinkMargin=\dimen175
\Fld@menulength=\count294
\Field@Width=\dimen176
\Fld@charsize=\dimen177
Package hyperref Info: Hyper figures OFF on input line 6369.
Package hyperref Info: Link nesting OFF on input line 6374.
Package hyperref Info: Hyper index ON on input line 6377.
Package hyperref Info: backreferencing OFF on input line 6384.
Package hyperref Info: Link coloring OFF on input line 6389.
Package hyperref Info: Link coloring with OCG OFF on input line 6394.
Package hyperref Info: PDF/A mode OFF on input line 6399.
LaTeX Info: Redefining \ref on input line 6439.
LaTeX Info: Redefining \pageref on input line 6443.
\Hy@abspage=\count295
\c@Item=\count296
\c@Hfootnote=\count297
)
Package hyperref Info: Driver (autodetected): hpdftex.

(/usr/share/texlive/texmf-dist/tex/latex/hyperref/hpdftex.def
File: hpdftex.def 2018/02/06 v6.86b Hyperref driver for pdfTeX
\Fld@listcount=\count298
\c@bookmark@seq@number=\count299

(/usr/share/texlive/texmf-dist/tex/latex/oberdiek/rerunfilecheck.sty
Package: rerunfilecheck 2016/05/16 v1.8 Rerun checks for auxiliary files (HO)
Package uniquecounter Info: New unique counter `rerunfilecheck' on input line 2
82.
)
\Hy@SectionHShift=\skip56
)
(/usr/share/texlive/texmf-dist/tex/latex/xcolor/xcolor.sty
Package: xcolor 2016/05/11 v2.12 LaTeX color extensions (UK)

(/usr/share/texlive/texmf-dist/tex/latex/graphics-cfg/color.cfg
File: color.cfg 2016/01/02 v1.6 sample color configuration
)
Package xcolor Info: Driver file: pdftex.def on input line 225.
Package xcolor Info: Model `cmy' substituted by `cmy0' on input line 1348.
Package xcolor Info: Model `hsb' substituted by `rgb' on input line 1352.
Package xcolor Info: Model `RGB' extended on input line 1364.
Package xcolor Info: Model `HTML' substituted by `rgb' on input line 1366.
Package xcolor Info: Model `Hsb' substituted by `hsb' on input line 1367.
Package xcolor Info: Model `tHsb' substituted by `hsb' on input line 1368.
Package xcolor Info: Model `HSB' substituted by `hsb' on input line 1369.
Package xcolor Info: Model `Gray' substituted by `gray' on input line 1370.
Package xcolor Info: Model `wave' substituted by `hsb' on input line 1371.
)
(/usr/share/texlive/texmf-dist/tex/latex/subfig/subfig.sty
Package: subfig 2005/06/28 ver: 1.3 subfig package

(/usr/share/texlive/texmf-dist/tex/latex/caption/caption.sty
Package: caption 2018/05/01 v3.3-147 Customizing captions (AR)

(/usr/share/texlive/texmf-dist/tex/latex/caption/caption3.sty
Package: caption3 2018/05/27 v1.8a caption3 kernel (AR)
Package caption3 Info: TeX engine: e-TeX on input line 64.
\captionmargin=\dimen178
\captionmargin@=\dimen179
\captionwidth=\dimen180
\caption@tempdima=\dimen181
\caption@indent=\dimen182
\caption@parindent=\dimen183
\caption@hangindent=\dimen184
Package caption Info: Unknown document class (or package),
(caption)             standard defaults will be used.
)

Package caption Warning: Unsupported document class (or package) detected,
(caption)                usage of the caption package is not recommended.
See the caption package documentation for explanation.

Package caption Info: \@makecaption = \long macro:#1#2->\captionstyle \ifx \@ca
ptype \fig@type \vskip \figcapgap \fi \setbox \@tempboxa \hbox {{\floatlegendst
yle #1\floatcounterend }\capstrut #2}\ifdim \wd \@tempboxa >\hsize {\floatlegen
dstyle #1\floatcounterend }\capstrut #2\par \else \hbox to\hsize {\leftlegendgl
ue \unhbox \@tempboxa \hfil }\fi \ifx \@captype \fig@type \else \vskip \tabcapg
ap \fi .
\c@ContinuedFloat=\count300
Package caption Info: hyperref package is loaded.
)
\c@KVtest=\count301
\sf@farskip=\skip57
\sf@captopadj=\dimen185
\sf@capskip=\skip58
\sf@nearskip=\skip59
\c@subfigure=\count302
\c@subfigure@save=\count303
\c@lofdepth=\count304
\c@subtable=\count305
\c@subtable@save=\count306
\c@lotdepth=\count307
\sf@top=\skip60
\sf@bottom=\skip61
) (/usr/share/texlive/texmf-dist/tex/latex/etoolbox/etoolbox.sty
Package: etoolbox 2018/02/11 v2.5e e-TeX tools for LaTeX (JAW)
\etb@tempcnta=\count308
)
(./revised_manuscript.aux)
\openout1 = `revised_manuscript.aux'.

LaTeX Font Info:    Checking defaults for OML/cmm/m/it on input line 88.
LaTeX Font Info:    ... okay on input line 88.
LaTeX Font Info:    Checking defaults for T1/cmr/m/n on input line 88.
LaTeX Font Info:    ... okay on input line 88.
LaTeX Font Info:    Checking defaults for OT1/cmr/m/n on input line 88.
LaTeX Font Info:    ... okay on input line 88.
LaTeX Font Info:    Checking defaults for OMS/cmsy/m/n on input line 88.
LaTeX Font Info:    ... okay on input line 88.
LaTeX Font Info:    Checking defaults for OMX/cmex/m/n on input line 88.
LaTeX Font Info:    ... okay on input line 88.
LaTeX Font Info:    Checking defaults for U/cmr/m/n on input line 88.
LaTeX Font Info:    ... okay on input line 88.
LaTeX Font Info:    Checking defaults for TS1/cmr/m/n on input line 88.
LaTeX Font Info:    ... okay on input line 88.
LaTeX Font Info:    Checking defaults for PD1/pdf/m/n on input line 88.
LaTeX Font Info:    ... okay on input line 88.

(/usr/share/texlive/texmf-dist/tex/context/base/mkii/supp-pdf.mkii
[Loading MPS to PDF converter (version 2006.09.02).]
\scratchcounter=\count309
\scratchdimen=\dimen186
\scratchbox=\box47
\nofMPsegments=\count310
\nofMParguments=\count311
\everyMPshowfont=\toks23
\MPscratchCnt=\count312
\MPscratchDim=\dimen187
\MPnumerator=\count313
\makeMPintoPDFobject=\count314
\everyMPtoPDFconversion=\toks24
) (/usr/share/texlive/texmf-dist/tex/latex/oberdiek/epstopdf-base.sty
Package: epstopdf-base 2016/05/15 v2.6 Base part for package epstopdf

(/usr/share/texlive/texmf-dist/tex/latex/oberdiek/grfext.sty
Package: grfext 2016/05/16 v1.2 Manage graphics extensions (HO)
)
Package epstopdf-base Info: Redefining graphics rule for `.eps' on input line 4
38.
Package grfext Info: Graphics extension search list:
(grfext)             [.pdf,.png,.jpg,.mps,.jpeg,.jbig2,.jb2,.PDF,.PNG,.JPG,.JPE
G,.JBIG2,.JB2,.eps]
(grfext)             \AppendGraphicsExtensions on input line 456.

(/usr/share/texlive/texmf-dist/tex/latex/latexconfig/epstopdf-sys.cfg
File: epstopdf-sys.cfg 2010/07/13 v1.3 Configuration of (r)epstopdf for TeX Liv
e
))
\AtBeginShipoutBox=\box48
Package hyperref Info: Link coloring OFF on input line 88.

(/usr/share/texlive/texmf-dist/tex/latex/hyperref/nameref.sty
Package: nameref 2016/05/21 v2.44 Cross-referencing by name of section

(/usr/share/texlive/texmf-dist/tex/generic/oberdiek/gettitlestring.sty
Package: gettitlestring 2016/05/16 v1.5 Cleanup title references (HO)
)
\c@section@level=\count315
)
LaTeX Info: Redefining \ref on input line 88.
LaTeX Info: Redefining \pageref on input line 88.
LaTeX Info: Redefining \nameref on input line 88.

(./revised_manuscript.out) (./revised_manuscript.out)
\@outlinefile=\write3
\openout3 = `revised_manuscript.out'.

Package caption Info: Begin \AtBeginDocument code.
Package caption Info: subfig package v1.3 is loaded.
Package caption Info: End \AtBeginDocument code.
LaTeX Font Info:    Calculating math sizes for size <9.5> on input line 129.
LaTeX Font Info:    Try loading font information for U+msa on input line 129.

(/usr/share/texlive/texmf-dist/tex/latex/amsfonts/umsa.fd
File: umsa.fd 2013/01/14 v3.01 AMS symbols A
)
LaTeX Font Info:    Try loading font information for U+msb on input line 129.

(/usr/share/texlive/texmf-dist/tex/latex/amsfonts/umsb.fd
File: umsb.fd 2013/01/14 v3.01 AMS symbols B
)
LaTeX Font Info:    Try loading font information for U+rsfs on input line 129.

(/usr/share/texlive/texmf-dist/tex/latex/jknapltx/ursfs.fd
File: ursfs.fd 1998/03/24 rsfs font definition file (jk)
)

LaTeX Font Warning: Font shape `U/rsfs/m/n' in size <9.5> not available
(Font)              size <9> substituted on input line 129.

<./Figures/orcid_logo.jpg, id=33, 730.73pt x 730.73pt>
File: ./Figures/orcid_logo.jpg Graphic file (type jpg)
<use ./Figures/orcid_logo.jpg>
Package pdftex.def Info: ./Figures/orcid_logo.jpg  used on input line 129.
(pdftex.def)             Requested size: 10.0pt x 9.99042pt.
File: ./Figures/orcid_logo.jpg Graphic file (type jpg)
<use ./Figures/orcid_logo.jpg>
Package pdftex.def Info: ./Figures/orcid_logo.jpg  used on input line 129.
(pdftex.def)             Requested size: 10.0pt x 9.99042pt.
File: ./Figures/orcid_logo.jpg Graphic file (type jpg)
<use ./Figures/orcid_logo.jpg>
Package pdftex.def Info: ./Figures/orcid_logo.jpg  used on input line 129.
(pdftex.def)             Requested size: 10.0pt x 9.99042pt.
File: ./Figures/orcid_logo.jpg Graphic file (type jpg)
<use ./Figures/orcid_logo.jpg>
Package pdftex.def Info: ./Figures/orcid_logo.jpg  used on input line 129.
(pdftex.def)             Requested size: 10.0pt x 9.99042pt.

LaTeX Font Warning: Command \tiny invalid in math mode on input line 143.


LaTeX Warning: Command \textregistered invalid in math mode on input line 143.


LaTeX Warning: Command \textcircled invalid in math mode on input line 143.

LaTeX Font Info:    Try loading font information for OMS+cmr on input line 143.

(/usr/share/texlive/texmf-dist/tex/latex/base/omscmr.fd
File: omscmr.fd 2014/09/29 v2.5h Standard LaTeX font definitions
)
LaTeX Font Info:    Font shape `OMS/cmr/m/n' in size <5> not available
(Font)              Font shape `OMS/cmsy/m/n' tried instead on input line 143.


LaTeX Warning: Command \textcircled invalid in math mode on input line 143.


LaTeX Font Warning: Command \tiny invalid in math mode on input line 143.


LaTeX Warning: Command \textregistered invalid in math mode on input line 143.


LaTeX Warning: Command \textcircled invalid in math mode on input line 143.


LaTeX Warning: Command \textcircled invalid in math mode on input line 143.


Underfull \vbox (badness 1629) has occurred while \output is active []

 [1{/usr/share/texlive/texmf-dist/fonts/map/pdftex/updmap/pdftex.map} <./Figure
s/orcid_logo.jpg>] [2]
Package epstopdf Info: Source file: <./Figures/floating_body.eps>
(epstopdf)                    date: 2019-10-25 17:21:00
(epstopdf)                    size: 40305 bytes
(epstopdf)             Output file: <./Figures/floating_body-eps-converted-to.p
df>
(epstopdf)                    date: 2020-07-01 12:29:49
(epstopdf)                    size: 15843 bytes
(epstopdf)             Command: <epstopdf --outfile=./Figures/floating_body-eps
-converted-to.pdf ./Figures/floating_body.eps>
(epstopdf)             \includegraphics on input line 153.
Package epstopdf Info: Output file is already uptodate.


pdfTeX warning: /usr/bin/pdflatex (file ./Figures/floating_body-eps-converted-t
o.pdf): PDF inclusion: found PDF version <1.7>, but at most version <1.5> allow
ed
<./Figures/floating_body-eps-converted-to.pdf, id=151, 363.3575pt x 210.7875pt>

File: ./Figures/floating_body-eps-converted-to.pdf Graphic file (type pdf)
<use ./Figures/floating_body-eps-converted-to.pdf>
Package pdftex.def Info: ./Figures/floating_body-eps-converted-to.pdf  used on 
input line 153.
(pdftex.def)             Requested size: 208.20212pt x 120.78374pt.
[3] [4 <./Figures/floating_body-eps-converted-to.pdf>]
Underfull \hbox (badness 10000) in paragraph at lines 205--206

 []


Overfull \hbox (24.26375pt too wide) detected at line 224
[]
 []


Overfull \hbox (15.0pt too wide) detected at line 224
[][][]
 []

[5] [6]
Overfull \hbox (1.45737pt too wide) detected at line 356
[][] [] [] [] \OT1/cmr/m/n/9.5 = [] [] \OML/cmm/m/it/9.5 :
 []

[7] [8]
LaTeX Font Info:    Font shape `OMS/cmr/m/n' in size <9.5> not available
(Font)              Font shape `OMS/cmsy/m/n' tried instead on input line 456.
 [9] [10] [11]
Overfull \hbox (1.68385pt too wide) detected at line 639
[][] [][] [][]
 []

[12] [13]
Underfull \hbox (badness 10000) in paragraph at lines 798--800

 []

[14]
Package epstopdf Info: Source file: <./Figures/beam.eps>
(epstopdf)                    date: 2020-01-20 19:43:41
(epstopdf)                    size: 25334 bytes
(epstopdf)             Output file: <./Figures/beam-eps-converted-to.pdf>
(epstopdf)                    date: 2020-07-01 12:29:49
(epstopdf)                    size: 10319 bytes
(epstopdf)             Command: <epstopdf --outfile=./Figures/beam-eps-converte
d-to.pdf ./Figures/beam.eps>
(epstopdf)             \includegraphics on input line 810.
Package epstopdf Info: Output file is already uptodate.


pdfTeX warning: /usr/bin/pdflatex (file ./Figures/beam-eps-converted-to.pdf): P
DF inclusion: found PDF version <1.7>, but at most version <1.5> allowed
<./Figures/beam-eps-converted-to.pdf, id=362, 275.0275pt x 183.68625pt>
File: ./Figures/beam-eps-converted-to.pdf Graphic file (type pdf)
<use ./Figures/beam-eps-converted-to.pdf>
Package pdftex.def Info: ./Figures/beam-eps-converted-to.pdf  used on input lin
e 810.
(pdftex.def)             Requested size: 173.5pt x 115.87988pt.
[15 <./Figures/beam-eps-converted-to.pdf>] [16] [17] [18]
Package epstopdf Info: Source file: <./Figures/beam_int.eps>
(epstopdf)                    date: 2020-01-07 18:02:14
(epstopdf)                    size: 37359 bytes
(epstopdf)             Output file: <./Figures/beam_int-eps-converted-to.pdf>
(epstopdf)                    date: 2020-07-01 12:29:50
(epstopdf)                    size: 13782 bytes
(epstopdf)             Command: <epstopdf --outfile=./Figures/beam_int-eps-conv
erted-to.pdf ./Figures/beam_int.eps>
(epstopdf)             \includegraphics on input line 1128.
Package epstopdf Info: Output file is already uptodate.


pdfTeX warning: /usr/bin/pdflatex (file ./Figures/beam_int-eps-converted-to.pdf
): PDF inclusion: found PDF version <1.7>, but at most version <1.5> allowed
<./Figures/beam_int-eps-converted-to.pdf, id=406, 320.19624pt x 309.155pt>
File: ./Figures/beam_int-eps-converted-to.pdf Graphic file (type pdf)
<use ./Figures/beam_int-eps-converted-to.pdf>
Package pdftex.def Info: ./Figures/beam_int-eps-converted-to.pdf  used on input
 line 1128.
(pdftex.def)             Requested size: 156.14894pt x 150.76552pt.
[19 <./Figures/beam_int-eps-converted-to.pdf>]
Package epstopdf Info: Source file: <./Figures/block_hinged_beam.eps>
(epstopdf)                    date: 2020-01-27 13:08:37
(epstopdf)                    size: 91360 bytes
(epstopdf)             Output file: <./Figures/block_hinged_beam-eps-converted-
to.pdf>
(epstopdf)                    date: 2020-07-01 12:29:50
(epstopdf)                    size: 29761 bytes
(epstopdf)             Command: <epstopdf --outfile=./Figures/block_hinged_beam
-eps-converted-to.pdf ./Figures/block_hinged_beam.eps>
(epstopdf)             \includegraphics on input line 1225.
Package epstopdf Info: Output file is already uptodate.


pdfTeX warning: /usr/bin/pdflatex (file ./Figures/block_hinged_beam-eps-convert
ed-to.pdf): PDF inclusion: found PDF version <1.7>, but at most version <1.5> a
llowed
<./Figures/block_hinged_beam-eps-converted-to.pdf, id=430, 546.04pt x 335.2525p
t>
File: ./Figures/block_hinged_beam-eps-converted-to.pdf Graphic file (type pdf)
<use ./Figures/block_hinged_beam-eps-converted-to.pdf>
Package pdftex.def Info: ./Figures/block_hinged_beam-eps-converted-to.pdf  used
 on input line 1225.
(pdftex.def)             Requested size: 146.81621pt x 90.1404pt.
Package epstopdf Info: Source file: <./Figures/block_hinged_beam_DAE.eps>
(epstopdf)                    date: 2020-01-27 16:51:06
(epstopdf)                    size: 91848 bytes
(epstopdf)             Output file: <./Figures/block_hinged_beam_DAE-eps-conver
ted-to.pdf>
(epstopdf)                    date: 2020-01-27 16:51:38
(epstopdf)                    size: 30439 bytes
(epstopdf)             Command: <epstopdf --outfile=./Figures/block_hinged_beam
_DAE-eps-converted-to.pdf ./Figures/block_hinged_beam_DAE.eps>
(epstopdf)             \includegraphics on input line 1226.
Package epstopdf Info: Output file is already uptodate.


pdfTeX warning: /usr/bin/pdflatex (file ./Figures/block_hinged_beam_DAE-eps-con
verted-to.pdf): PDF inclusion: found PDF version <1.7>, but at most version <1.
5> allowed
<./Figures/block_hinged_beam_DAE-eps-converted-to.pdf, id=431, 537.00626pt x 33
5.2525pt>
File: ./Figures/block_hinged_beam_DAE-eps-converted-to.pdf Graphic file (type p
df)
<use ./Figures/block_hinged_beam_DAE-eps-converted-to.pdf>
Package pdftex.def Info: ./Figures/block_hinged_beam_DAE-eps-converted-to.pdf  
used on input line 1226.
(pdftex.def)             Requested size: 144.38727pt x 90.1404pt.
[20 <./Figures/block_hinged_beam-eps-converted-to.pdf> <./Figures/block_hinged_
beam_DAE-eps-converted-to.pdf>] [21] [22]
Package epstopdf Info: Source file: <./Figures/SS_Hess_dis.eps>
(epstopdf)                    date: 2020-06-25 10:07:02
(epstopdf)                    size: 203726 bytes
(epstopdf)             Output file: <./Figures/SS_Hess_dis-eps-converted-to.pdf
>
(epstopdf)                    date: 2020-07-01 12:29:51
(epstopdf)                    size: 14051 bytes
(epstopdf)             Command: <epstopdf --outfile=./Figures/SS_Hess_dis-eps-c
onverted-to.pdf ./Figures/SS_Hess_dis.eps>
(epstopdf)             \includegraphics on input line 1370.
Package epstopdf Info: Output file is already uptodate.


pdfTeX warning: /usr/bin/pdflatex (file ./Figures/SS_Hess_dis-eps-converted-to.
pdf): PDF inclusion: found PDF version <1.7>, but at most version <1.5> allowed

<./Figures/SS_Hess_dis-eps-converted-to.pdf, id=483, 462.72874pt x 347.2975pt>
File: ./Figures/SS_Hess_dis-eps-converted-to.pdf Graphic file (type pdf)
<use ./Figures/SS_Hess_dis-eps-converted-to.pdf>
Package pdftex.def Info: ./Figures/SS_Hess_dis-eps-converted-to.pdf  used on in
put line 1370.
(pdftex.def)             Requested size: 166.55852pt x 125.0111pt.
Package epstopdf Info: Source file: <./Figures/SS_Hess_vel.eps>
(epstopdf)                    date: 2020-06-25 10:07:03
(epstopdf)                    size: 202757 bytes
(epstopdf)             Output file: <./Figures/SS_Hess_vel-eps-converted-to.pdf
>
(epstopdf)                    date: 2020-07-01 12:29:51
(epstopdf)                    size: 13737 bytes
(epstopdf)             Command: <epstopdf --outfile=./Figures/SS_Hess_vel-eps-c
onverted-to.pdf ./Figures/SS_Hess_vel.eps>
(epstopdf)             \includegraphics on input line 1370.
Package epstopdf Info: Output file is already uptodate.


pdfTeX warning: /usr/bin/pdflatex (file ./Figures/SS_Hess_vel-eps-converted-to.
pdf): PDF inclusion: found PDF version <1.7>, but at most version <1.5> allowed

<./Figures/SS_Hess_vel-eps-converted-to.pdf, id=484, 462.72874pt x 347.2975pt>
File: ./Figures/SS_Hess_vel-eps-converted-to.pdf Graphic file (type pdf)
<use ./Figures/SS_Hess_vel-eps-converted-to.pdf>
Package pdftex.def Info: ./Figures/SS_Hess_vel-eps-converted-to.pdf  used on in
put line 1370.
(pdftex.def)             Requested size: 166.55852pt x 125.0111pt.
Package epstopdf Info: Source file: <./Figures/SS_Hess_sigma.eps>
(epstopdf)                    date: 2020-06-25 10:07:03
(epstopdf)                    size: 200842 bytes
(epstopdf)             Output file: <./Figures/SS_Hess_sigma-eps-converted-to.p
df>
(epstopdf)                    date: 2020-07-01 12:29:51
(epstopdf)                    size: 13226 bytes
(epstopdf)             Command: <epstopdf --outfile=./Figures/SS_Hess_sigma-eps
-converted-to.pdf ./Figures/SS_Hess_sigma.eps>
(epstopdf)             \includegraphics on input line 1370.
Package epstopdf Info: Output file is already uptodate.


pdfTeX warning: /usr/bin/pdflatex (file ./Figures/SS_Hess_sigma-eps-converted-t
o.pdf): PDF inclusion: found PDF version <1.7>, but at most version <1.5> allow
ed
<./Figures/SS_Hess_sigma-eps-converted-to.pdf, id=485, 462.72874pt x 347.2975pt
>
File: ./Figures/SS_Hess_sigma-eps-converted-to.pdf Graphic file (type pdf)
<use ./Figures/SS_Hess_sigma-eps-converted-to.pdf>
Package pdftex.def Info: ./Figures/SS_Hess_sigma-eps-converted-to.pdf  used on 
input line 1370.
(pdftex.def)             Requested size: 166.55852pt x 125.0111pt.
<./Figures/fourbars.pdf, id=486, 293.17128pt x 142.64491pt>
File: ./Figures/fourbars.pdf Graphic file (type pdf)
<use ./Figures/fourbars.pdf>
Package pdftex.def Info: ./Figures/fourbars.pdf  used on input line 1377.
(pdftex.def)             Requested size: 208.20212pt x 101.30687pt.
Package epstopdf Info: Source file: <./Figures/block_4bars.eps>
(epstopdf)                    date: 2020-01-22 14:25:49
(epstopdf)                    size: 160494 bytes
(epstopdf)             Output file: <./Figures/block_4bars-eps-converted-to.pdf
>
(epstopdf)                    date: 2020-07-01 12:29:52
(epstopdf)                    size: 51201 bytes
(epstopdf)             Command: <epstopdf --outfile=./Figures/block_4bars-eps-c
onverted-to.pdf ./Figures/block_4bars.eps>
(epstopdf)             \includegraphics on input line 1378.
Package epstopdf Info: Output file is already uptodate.


pdfTeX warning: /usr/bin/pdflatex (file ./Figures/block_4bars-eps-converted-to.
pdf): PDF inclusion: found PDF version <1.7>, but at most version <1.5> allowed

<./Figures/block_4bars-eps-converted-to.pdf, id=487, 462.72874pt x 510.90875pt>

File: ./Figures/block_4bars-eps-converted-to.pdf Graphic file (type pdf)
<use ./Figures/block_4bars-eps-converted-to.pdf>
Package pdftex.def Info: ./Figures/block_4bars-eps-converted-to.pdf  used on in
put line 1378.
(pdftex.def)             Requested size: 121.45212pt x 134.09605pt.
[23 <./Figures/SS_Hess_dis-eps-converted-to.pdf> <./Figures/SS_Hess_vel-eps-con
verted-to.pdf> <./Figures/SS_Hess_sigma-eps-converted-to.pdf>]
Package epstopdf Info: Source file: <./Figures/FourBar_Om12_Chebbi.eps>
(epstopdf)                    date: 2020-06-29 12:25:59
(epstopdf)                    size: 197440 bytes
(epstopdf)             Output file: <./Figures/FourBar_Om12_Chebbi-eps-converte
d-to.pdf>
(epstopdf)                    date: 2020-07-01 12:29:52
(epstopdf)                    size: 12910 bytes
(epstopdf)             Command: <epstopdf --outfile=./Figures/FourBar_Om12_Cheb
bi-eps-converted-to.pdf ./Figures/FourBar_Om12_Chebbi.eps>
(epstopdf)             \includegraphics on input line 1417.
Package epstopdf Info: Output file is already uptodate.


pdfTeX warning: /usr/bin/pdflatex (file ./Figures/FourBar_Om12_Chebbi-eps-conve
rted-to.pdf): PDF inclusion: found PDF version <1.7>, but at most version <1.5>
 allowed
<./Figures/FourBar_Om12_Chebbi-eps-converted-to.pdf, id=569, 462.72874pt x 347.
2975pt>
File: ./Figures/FourBar_Om12_Chebbi-eps-converted-to.pdf Graphic file (type pdf
)
<use ./Figures/FourBar_Om12_Chebbi-eps-converted-to.pdf>
Package pdftex.def Info: ./Figures/FourBar_Om12_Chebbi-eps-converted-to.pdf  us
ed on input line 1417.
(pdftex.def)             Requested size: 170.0319pt x 127.61836pt.
Package epstopdf Info: Source file: <./Figures/FourBar_Om3_Chebbi.eps>
(epstopdf)                    date: 2020-06-29 12:25:59
(epstopdf)                    size: 194644 bytes
(epstopdf)             Output file: <./Figures/FourBar_Om3_Chebbi-eps-converted
-to.pdf>
(epstopdf)                    date: 2020-07-01 12:29:52
(epstopdf)                    size: 12041 bytes
(epstopdf)             Command: <epstopdf --outfile=./Figures/FourBar_Om3_Chebb
i-eps-converted-to.pdf ./Figures/FourBar_Om3_Chebbi.eps>
(epstopdf)             \includegraphics on input line 1418.
Package epstopdf Info: Output file is already uptodate.


pdfTeX warning: /usr/bin/pdflatex (file ./Figures/FourBar_Om3_Chebbi-eps-conver
ted-to.pdf): PDF inclusion: found PDF version <1.7>, but at most version <1.5> 
allowed
<./Figures/FourBar_Om3_Chebbi-eps-converted-to.pdf, id=570, 462.72874pt x 347.2
975pt>
File: ./Figures/FourBar_Om3_Chebbi-eps-converted-to.pdf Graphic file (type pdf)

<use ./Figures/FourBar_Om3_Chebbi-eps-converted-to.pdf>
Package pdftex.def Info: ./Figures/FourBar_Om3_Chebbi-eps-converted-to.pdf  use
d on input line 1418.
(pdftex.def)             Requested size: 170.0319pt x 127.61836pt.
[24 <./Figures/fourbars.pdf> <./Figures/block_4bars-eps-converted-to.pdf>]
Package epstopdf Info: Source file: <./Figures/cr_slider.eps>
(epstopdf)                    date: 2019-10-24 17:06:04
(epstopdf)                    size: 60590 bytes
(epstopdf)             Output file: <./Figures/cr_slider-eps-converted-to.pdf>
(epstopdf)                    date: 2020-07-01 12:29:52
(epstopdf)                    size: 31289 bytes
(epstopdf)             Command: <epstopdf --outfile=./Figures/cr_slider-eps-con
verted-to.pdf ./Figures/cr_slider.eps>
(epstopdf)             \includegraphics on input line 1428.
Package epstopdf Info: Output file is already uptodate.


pdfTeX warning: /usr/bin/pdflatex (file ./Figures/cr_slider-eps-converted-to.pd
f): PDF inclusion: found PDF version <1.7>, but at most version <1.5> allowed
<./Figures/cr_slider-eps-converted-to.pdf, id=606, 374.39874pt x 183.68625pt>
File: ./Figures/cr_slider-eps-converted-to.pdf Graphic file (type pdf)
<use ./Figures/cr_slider-eps-converted-to.pdf>
Package pdftex.def Info: ./Figures/cr_slider-eps-converted-to.pdf  used on inpu
t line 1428.
(pdftex.def)             Requested size: 173.5pt x 85.12172pt.
Package epstopdf Info: Source file: <./Figures/block_crslider.eps>
(epstopdf)                    date: 2019-10-24 17:08:03
(epstopdf)                    size: 110743 bytes
(epstopdf)             Output file: <./Figures/block_crslider-eps-converted-to.
pdf>
(epstopdf)                    date: 2020-07-01 12:29:53
(epstopdf)                    size: 35686 bytes
(epstopdf)             Command: <epstopdf --outfile=./Figures/block_crslider-ep
s-converted-to.pdf ./Figures/block_crslider.eps>
(epstopdf)             \includegraphics on input line 1429.
Package epstopdf Info: Output file is already uptodate.


pdfTeX warning: /usr/bin/pdflatex (file ./Figures/block_crslider-eps-converted-
to.pdf): PDF inclusion: found PDF version <1.7>, but at most version <1.5> allo
wed
<./Figures/block_crslider-eps-converted-to.pdf, id=607, 480.79625pt x 379.4175p
t>
File: ./Figures/block_crslider-eps-converted-to.pdf Graphic file (type pdf)
<use ./Figures/block_crslider-eps-converted-to.pdf>
Package pdftex.def Info: ./Figures/block_crslider-eps-converted-to.pdf  used on
 input line 1429.
(pdftex.def)             Requested size: 138.79788pt x 109.53035pt.

Underfull \vbox (badness 2368) has occurred while \output is active []

 [25 <./Figures/FourBar_Om12_Chebbi-eps-converted-to.pdf> <./Figures/FourBar_Om
3_Chebbi-eps-converted-to.pdf> <./Figures/cr_slider-eps-converted-to.pdf> <./Fi
gures/block_crslider-eps-converted-to.pdf>]
Package epstopdf Info: Source file: <./Figures/uM_disp.eps>
(epstopdf)                    date: 2020-06-15 12:02:28
(epstopdf)                    size: 216153 bytes
(epstopdf)             Output file: <./Figures/uM_disp-eps-converted-to.pdf>
(epstopdf)                    date: 2020-07-01 12:29:53
(epstopdf)                    size: 20353 bytes
(epstopdf)             Command: <epstopdf --outfile=./Figures/uM_disp-eps-conve
rted-to.pdf ./Figures/uM_disp.eps>
(epstopdf)             \includegraphics on input line 1473.
Package epstopdf Info: Output file is already uptodate.


pdfTeX warning: /usr/bin/pdflatex (file ./Figures/uM_disp-eps-converted-to.pdf)
: PDF inclusion: found PDF version <1.7>, but at most version <1.5> allowed
<./Figures/uM_disp-eps-converted-to.pdf, id=647, 462.72874pt x 347.2975pt>
File: ./Figures/uM_disp-eps-converted-to.pdf Graphic file (type pdf)
<use ./Figures/uM_disp-eps-converted-to.pdf>
Package pdftex.def Info: ./Figures/uM_disp-eps-converted-to.pdf  used on input 
line 1473.
(pdftex.def)             Requested size: 156.14894pt x 117.1946pt.
Package epstopdf Info: Source file: <./Figures/wM_disp.eps>
(epstopdf)                    date: 2020-06-15 12:02:28
(epstopdf)                    size: 202916 bytes
(epstopdf)             Output file: <./Figures/wM_disp-eps-converted-to.pdf>
(epstopdf)                    date: 2020-07-01 12:29:53
(epstopdf)                    size: 15116 bytes
(epstopdf)             Command: <epstopdf --outfile=./Figures/wM_disp-eps-conve
rted-to.pdf ./Figures/wM_disp.eps>
(epstopdf)             \includegraphics on input line 1474.
Package epstopdf Info: Output file is already uptodate.


pdfTeX warning: /usr/bin/pdflatex (file ./Figures/wM_disp-eps-converted-to.pdf)
: PDF inclusion: found PDF version <1.7>, but at most version <1.5> allowed
<./Figures/wM_disp-eps-converted-to.pdf, id=648, 462.72874pt x 347.2975pt>
File: ./Figures/wM_disp-eps-converted-to.pdf Graphic file (type pdf)
<use ./Figures/wM_disp-eps-converted-to.pdf>
Package pdftex.def Info: ./Figures/wM_disp-eps-converted-to.pdf  used on input 
line 1474.
(pdftex.def)             Requested size: 156.14894pt x 117.1946pt.
[26 <./Figures/uM_disp-eps-converted-to.pdf> <./Figures/wM_disp-eps-converted-t
o.pdf>]
Package epstopdf Info: Source file: <./Figures/rotbeam_3D.eps>
(epstopdf)                    date: 2019-10-24 17:34:04
(epstopdf)                    size: 20720 bytes
(epstopdf)             Output file: <./Figures/rotbeam_3D-eps-converted-to.pdf>

(epstopdf)                    date: 2020-07-01 12:29:53
(epstopdf)                    size: 8045 bytes
(epstopdf)             Command: <epstopdf --outfile=./Figures/rotbeam_3D-eps-co
nverted-to.pdf ./Figures/rotbeam_3D.eps>
(epstopdf)             \includegraphics on input line 1502.
Package epstopdf Info: Output file is already uptodate.


pdfTeX warning: /usr/bin/pdflatex (file ./Figures/rotbeam_3D-eps-converted-to.p
df): PDF inclusion: found PDF version <1.7>, but at most version <1.5> allowed
<./Figures/rotbeam_3D-eps-converted-to.pdf, id=700, 275.0275pt x 165.61874pt>
File: ./Figures/rotbeam_3D-eps-converted-to.pdf Graphic file (type pdf)
<use ./Figures/rotbeam_3D-eps-converted-to.pdf>
Package pdftex.def Info: ./Figures/rotbeam_3D-eps-converted-to.pdf  used on inp
ut line 1502.
(pdftex.def)             Requested size: 156.14894pt x 94.0347pt.
Package epstopdf Info: Source file: <./Figures/H_3Dbeam.eps>
(epstopdf)                    date: 2020-06-15 11:54:46
(epstopdf)                    size: 204947 bytes
(epstopdf)             Output file: <./Figures/H_3Dbeam-eps-converted-to.pdf>
(epstopdf)                    date: 2020-07-01 12:29:54
(epstopdf)                    size: 12559 bytes
(epstopdf)             Command: <epstopdf --outfile=./Figures/H_3Dbeam-eps-conv
erted-to.pdf ./Figures/H_3Dbeam.eps>
(epstopdf)             \includegraphics on input line 1509.
Package epstopdf Info: Output file is already uptodate.


pdfTeX warning: /usr/bin/pdflatex (file ./Figures/H_3Dbeam-eps-converted-to.pdf
): PDF inclusion: found PDF version <1.7>, but at most version <1.5> allowed
<./Figures/H_3Dbeam-eps-converted-to.pdf, id=701, 462.72874pt x 347.2975pt>
File: ./Figures/H_3Dbeam-eps-converted-to.pdf Graphic file (type pdf)
<use ./Figures/H_3Dbeam-eps-converted-to.pdf>
Package pdftex.def Info: ./Figures/H_3Dbeam-eps-converted-to.pdf  used on input
 line 1509.
(pdftex.def)             Requested size: 156.14894pt x 117.1946pt.
Package epstopdf Info: Source file: <./Figures/omega_zI.eps>
(epstopdf)                    date: 2020-06-15 11:54:47
(epstopdf)                    size: 209681 bytes
(epstopdf)             Output file: <./Figures/omega_zI-eps-converted-to.pdf>
(epstopdf)                    date: 2020-07-01 12:29:54
(epstopdf)                    size: 17342 bytes
(epstopdf)             Command: <epstopdf --outfile=./Figures/omega_zI-eps-conv
erted-to.pdf ./Figures/omega_zI.eps>
(epstopdf)             \includegraphics on input line 1510.
Package epstopdf Info: Output file is already uptodate.


pdfTeX warning: /usr/bin/pdflatex (file ./Figures/omega_zI-eps-converted-to.pdf
): PDF inclusion: found PDF version <1.7>, but at most version <1.5> allowed
<./Figures/omega_zI-eps-converted-to.pdf, id=702, 462.72874pt x 347.2975pt>
File: ./Figures/omega_zI-eps-converted-to.pdf Graphic file (type pdf)
<use ./Figures/omega_zI-eps-converted-to.pdf>
Package pdftex.def Info: ./Figures/omega_zI-eps-converted-to.pdf  used on input
 line 1510.
(pdftex.def)             Requested size: 156.14894pt x 117.1946pt.

Underfull \hbox (badness 10000) in paragraph at lines 1546--1549

 []


Underfull \vbox (badness 10000) has occurred while \output is active []

 [27 <./Figures/rotbeam_3D-eps-converted-to.pdf> <./Figures/H_3Dbeam-eps-conver
ted-to.pdf> <./Figures/omega_zI-eps-converted-to.pdf>] [28] [29] [30]
Overfull \hbox (9.26375pt too wide) detected at line 1718
[]
 []

[31] (./revised_manuscript.bbl
LaTeX Font Info:    Font shape `OMS/cmr/m/n' in size <8> not available
(Font)              Font shape `OMS/cmsy/m/n' tried instead on input line 17.
 [32] [33] [34]
Underfull \hbox (badness 3118) in paragraph at lines 318--324
[]\OT1/cmr/m/n/8 Wasfy, T.M., Noor, A.K.: Com-pu-ta-tional strate-gies for flex
-i-ble multi-body sys-
 []


Underfull \hbox (badness 2384) in paragraph at lines 318--324
\OT1/cmr/m/n/8 tems .  Ap-plied Me-chan-ics Re-views \OT1/cmr/bx/n/8 56\OT1/cmr
/m/n/8 (6), 553--613 (2003).  DOI $10 . 1115 / 1 .
 []

)
Package atveryend Info: Empty hook `BeforeClearDocument' on input line 1775.
 [35]
Package atveryend Info: Empty hook `AfterLastShipout' on input line 1775.
 (./revised_manuscript.aux)
Package atveryend Info: Executing hook `AtVeryEndDocument' on input line 1775.
Package atveryend Info: Executing hook `AtEndAfterFileList' on input line 1775.

Package rerunfilecheck Info: File `revised_manuscript.out' has not changed.
(rerunfilecheck)             Checksum: 49CB42A5E66034EF98899A314106991C;417.


LaTeX Font Warning: Size substitutions with differences
(Font)              up to 2.625pt have occurred.

Package atveryend Info: Empty hook `AtVeryVeryEnd' on input line 1775.
 ) 
Here is how much of TeX's memory you used:
 19068 strings out of 492701
 330938 string characters out of 6134504
 419791 words of memory out of 5000000
 22560 multiletter control sequences out of 15000+600000
 556182 words of font info for 113 fonts, out of 8000000 for 9000
 1137 hyphenation exceptions out of 8191
 44i,22n,63p,2726b,477s stack positions out of 5000i,500n,10000p,200000b,80000s
</usr/share/texlive/texmf-dist/fonts/type1/public/amsfonts/cm/cmbsy10.pfb></u
sr/share/texlive/texmf-dist/fonts/type1/public/amsfonts/cmextra/cmbsy7.pfb></us
r/share/texlive/texmf-dist/fonts/type1/public/amsfonts/cm/cmbx10.pfb></usr/shar
e/texlive/texmf-dist/fonts/type1/public/amsfonts/cm/cmbx12.pfb></usr/share/texl
ive/texmf-dist/fonts/type1/public/amsfonts/cm/cmbx6.pfb></usr/share/texlive/tex
mf-dist/fonts/type1/public/amsfonts/cm/cmbx8.pfb></usr/share/texlive/texmf-dist
/fonts/type1/public/amsfonts/cm/cmbx9.pfb></usr/share/texlive/texmf-dist/fonts/
type1/public/amsfonts/cm/cmcsc10.pfb></usr/share/texlive/texmf-dist/fonts/type1
/public/amsfonts/cm/cmex10.pfb></usr/share/texlive/texmf-dist/fonts/type1/publi
c/amsfonts/cm/cmmi10.pfb></usr/share/texlive/texmf-dist/fonts/type1/public/amsf
onts/cm/cmmi12.pfb></usr/share/texlive/texmf-dist/fonts/type1/public/amsfonts/c
m/cmmi5.pfb></usr/share/texlive/texmf-dist/fonts/type1/public/amsfonts/cm/cmmi6
.pfb></usr/share/texlive/texmf-dist/fonts/type1/public/amsfonts/cm/cmmi7.pfb></
usr/share/texlive/texmf-dist/fonts/type1/public/amsfonts/cm/cmmi8.pfb></usr/sha
re/texlive/texmf-dist/fonts/type1/public/amsfonts/cm/cmmi9.pfb></usr/share/texl
ive/texmf-dist/fonts/type1/public/amsfonts/cm/cmmib10.pfb></usr/share/texlive/t
exmf-dist/fonts/type1/public/amsfonts/cmextra/cmmib7.pfb></usr/share/texlive/te
xmf-dist/fonts/type1/public/amsfonts/cm/cmr10.pfb></usr/share/texlive/texmf-dis
t/fonts/type1/public/amsfonts/cm/cmr12.pfb></usr/share/texlive/texmf-dist/fonts
/type1/public/amsfonts/cm/cmr5.pfb></usr/share/texlive/texmf-dist/fonts/type1/p
ublic/amsfonts/cm/cmr6.pfb></usr/share/texlive/texmf-dist/fonts/type1/public/am
sfonts/cm/cmr7.pfb></usr/share/texlive/texmf-dist/fonts/type1/public/amsfonts/c
m/cmr8.pfb></usr/share/texlive/texmf-dist/fonts/type1/public/amsfonts/cm/cmr9.p
fb></usr/share/texlive/texmf-dist/fonts/type1/public/amsfonts/cm/cmss12.pfb></u
sr/share/texlive/texmf-dist/fonts/type1/public/amsfonts/cm/cmss17.pfb></usr/sha
re/texlive/texmf-dist/fonts/type1/public/amsfonts/cm/cmsy10.pfb></usr/share/tex
live/texmf-dist/fonts/type1/public/amsfonts/cm/cmsy5.pfb></usr/share/texlive/te
xmf-dist/fonts/type1/public/amsfonts/cm/cmsy6.pfb></usr/share/texlive/texmf-dis
t/fonts/type1/public/amsfonts/cm/cmsy8.pfb></usr/share/texlive/texmf-dist/fonts
/type1/public/amsfonts/cm/cmsy9.pfb></usr/share/texlive/texmf-dist/fonts/type1/
public/amsfonts/cm/cmti8.pfb></usr/share/texlive/texmf-dist/fonts/type1/public/
amsfonts/cm/cmti9.pfb></usr/share/texlive/texmf-dist/fonts/type1/public/amsfont
s/cm/cmtt8.pfb></usr/share/texlive/texmf-dist/fonts/type1/public/amsfonts/symbo
ls/msbm10.pfb></usr/share/texlive/texmf-dist/fonts/type1/public/amsfonts/symbol
s/msbm7.pfb></usr/share/texlive/texmf-dist/fonts/type1/public/rsfs/rsfs10.pfb><
/usr/share/texlive/texmf-dist/fonts/type1/public/rsfs/rsfs7.pfb>
Output written on revised_manuscript.pdf (35 pages, 826514 bytes).
PDF statistics:
 1064 PDF objects out of 1200 (max. 8388607)
 848 compressed objects within 9 object streams
 219 named destinations out of 1000 (max. 500000)
 157 words of extra memory for PDF output out of 10000 (max. 10000000)

