\BOOKMARK [1][-]{section.1}{Introduction}{}% 1
\BOOKMARK [1][-]{section.2}{Procedure for Paper Submission}{}% 2
\BOOKMARK [2][-]{subsection.2.1}{Review Stage}{section.2}% 3
\BOOKMARK [2][-]{subsection.2.2}{Equations}{section.2}% 4
\BOOKMARK [2][-]{subsection.2.3}{Figures}{section.2}% 5
\BOOKMARK [2][-]{subsection.2.4}{Tables}{section.2}% 6
\BOOKMARK [2][-]{subsection.2.5}{Final Stage}{section.2}% 7
\BOOKMARK [2][-]{subsection.2.6}{PDF Creation}{section.2}% 8
\BOOKMARK [2][-]{subsection.2.7}{Copyright Form}{section.2}% 9
\BOOKMARK [1][-]{section.3}{Units}{}% 10
\BOOKMARK [1][-]{section.4}{Helpful Hints}{}% 11
\BOOKMARK [2][-]{subsection.4.1}{Figures and Tables}{section.4}% 12
\BOOKMARK [2][-]{subsection.4.2}{References}{section.4}% 13
\BOOKMARK [2][-]{subsection.4.3}{Abbreviations and Acronyms}{section.4}% 14
\BOOKMARK [2][-]{subsection.4.4}{Equations}{section.4}% 15
\BOOKMARK [2][-]{subsection.4.5}{Other Recommendations}{section.4}% 16
\BOOKMARK [1][-]{section.5}{Conclusion}{}% 17
\BOOKMARK [1][-]{section*.1}{Acknowledgements}{}% 18
\BOOKMARK [1][-]{appendix.A}{A summary of Latin grammar}{}% 19
\BOOKMARK [1][-]{appendix.B}{Some Latin vocabulary}{}% 20
