This is pdfTeX, Version 3.14159265-2.6-1.40.21 (TeX Live 2020) (preloaded format=pdflatex 2021.2.5)  11 MAR 2021 12:11
entering extended mode
 restricted \write18 enabled.
 %&-line parsing enabled.
**numerics_plates_revision.tex
(./numerics_plates_revision.tex
LaTeX2e <2020-10-01> patch level 4
L3 programming layer <2021-02-02> (./ifacconf.cls
Document Class: ifacconf 2007/05/31, 3.2ModD: IFAC conferences

\@frontmatterwidth=\dimen138
\@bls=\dimen139
\eqntopsep=\skip47
\eqnarraycolsep=\dimen140
\labelwidthi=\dimen141
\labelwidthii=\dimen142
\labelwidthiii=\dimen143
\labelwidthiv=\dimen144
\@maxlistdepth=\count177
\eqnbaselineskip=\skip48
\eqnlineskip=\skip49
\mathindent=\dimen145
\rulepreskip=\dimen146
\rulepostskip=\dimen147
\Arrayrulewidth=\dimen148
\crulepostskip=\dimen149
\@Ldec=\dimen150
\@Rdec=\dimen151
\@Lpmdec=\dimen152
\@Rpmdec=\dimen153
\c@section=\count178
\c@subsection=\count179
\c@subsubsection=\count180
\c@paragraph=\count181
\c@subparagraph=\count182
(/usr/local/texlive/2020/texmf-dist/tex/latex/tools/theorem.sty
Package: theorem 2014/10/28 v2.2c Theorem extension package (FMi)
\theorem@style=\toks15
\theorem@bodyfont=\toks16
\theorempreskipamount=\skip50
\theorempostskipamount=\skip51

(/usr/local/texlive/2020/texmf-dist/tex/latex/tools/thp.sty
File: thp.sty 2014/10/28 v2.2c Theorem extension package (FMi)
))
(/usr/local/texlive/2020/texmf-dist/tex/latex/base/newlfont.sty
Package: newlfont 1998/08/17 v2.2m Standard LaTeX package
LaTeX Info: Redefining \em on input line 57.

(/usr/local/texlive/2020/texmf-dist/tex/latex/base/latexsym.sty
Package: latexsym 1998/08/17 v2.2e Standard LaTeX package (lasy symbols)
\symlasy=\mathgroup4
LaTeX Font Info:    Overwriting symbol font `lasy' in version `bold'
(Font)                  U/lasy/m/n --> U/lasy/b/n on input line 52.
))
LaTeX Info: Redefining \rm on input line 595.
LaTeX Info: Redefining \sf on input line 596.
LaTeX Info: Redefining \tt on input line 597.
LaTeX Info: Redefining \bf on input line 598.
LaTeX Info: Redefining \it on input line 599.
LaTeX Info: Redefining \sl on input line 600.
LaTeX Info: Redefining \sc on input line 601.
\c@thm=\count183
\c@alg=\count184
\c@algorithm=\count185
\c@note=\count186
\c@summ=\count187
\c@case=\count188
\@tempcntc=\count189
\c@figure=\count190
\c@table=\count191
\t@glob@notes=\toks17
\t@loc@notes=\toks18
\note@cnt=\count192
\c@author=\count193
\n@author=\count194
\c@collab=\count195
\n@collab=\count196
\c@address=\count197
\sv@mathsurround=\dimen154
\sv@hyphenpenalty=\count198
\prev@elem=\count199
\cur@elem=\count266
\fm@box=\box47
\fm@size=\dimen155
\t@abstract=\box48
\t@keyword=\box49
\rep@mod=\count267
\t@xtheight=\dimen156
\@logoheight=\dimen157
\@pubyear=\count268
\c@firstpage=\count269
\c@lastpage=\count270
\slashbox=\box50
LaTeX Font Info:    External font `cmex10' loaded for size
(Font)              <7> on input line 1506.
LaTeX Font Info:    External font `cmex10' loaded for size
(Font)              <5> on input line 1506.
LaTeX Font Info:    Trying to load font information for U+lasy on input line 15
06.

(/usr/local/texlive/2020/texmf-dist/tex/latex/base/ulasy.fd
File: ulasy.fd 1998/08/17 v2.2e LaTeX symbol font definitions
)
\Slashbox=\box51
LaTeX Font Info:    External font `cmex10' loaded for size
(Font)              <12> on input line 1507.
LaTeX Font Info:    External font `cmex10' loaded for size
(Font)              <8> on input line 1507.
LaTeX Font Info:    External font `cmex10' loaded for size
(Font)              <6> on input line 1507.
\@frontindent=\dimen158
)
(/usr/local/texlive/2020/texmf-dist/tex/latex/natbib/natbib.sty
Package: natbib 2010/09/13 8.31b (PWD, AO)
\bibhang=\skip52
\bibsep=\skip53
LaTeX Info: Redefining \cite on input line 694.
\c@NAT@ctr=\count271
)
(/usr/local/texlive/2020/texmf-dist/tex/latex/graphics/graphicx.sty
Package: graphicx 2020/09/09 v1.2b Enhanced LaTeX Graphics (DPC,SPQR)

(/usr/local/texlive/2020/texmf-dist/tex/latex/graphics/keyval.sty
Package: keyval 2014/10/28 v1.15 key=value parser (DPC)
\KV@toks@=\toks19
)
(/usr/local/texlive/2020/texmf-dist/tex/latex/graphics/graphics.sty
Package: graphics 2020/08/30 v1.4c Standard LaTeX Graphics (DPC,SPQR)

(/usr/local/texlive/2020/texmf-dist/tex/latex/graphics/trig.sty
Package: trig 2016/01/03 v1.10 sin cos tan (DPC)
)
(/usr/local/texlive/2020/texmf-dist/tex/latex/graphics-cfg/graphics.cfg
File: graphics.cfg 2016/06/04 v1.11 sample graphics configuration
)
Package graphics Info: Driver file: pdftex.def on input line 105.

(/usr/local/texlive/2020/texmf-dist/tex/latex/graphics-def/pdftex.def
File: pdftex.def 2020/10/05 v1.2a Graphics/color driver for pdftex
))
\Gin@req@height=\dimen159
\Gin@req@width=\dimen160
)
(/usr/local/texlive/2020/texmf-dist/tex/latex/amsmath/amsmath.sty
Package: amsmath 2020/09/23 v2.17i AMS math features
\@mathmargin=\skip54

For additional information on amsmath, use the `?' option.
(/usr/local/texlive/2020/texmf-dist/tex/latex/amsmath/amstext.sty
Package: amstext 2000/06/29 v2.01 AMS text

(/usr/local/texlive/2020/texmf-dist/tex/latex/amsmath/amsgen.sty
File: amsgen.sty 1999/11/30 v2.0 generic functions
\@emptytoks=\toks20
\ex@=\dimen161
))
(/usr/local/texlive/2020/texmf-dist/tex/latex/amsmath/amsbsy.sty
Package: amsbsy 1999/11/29 v1.2d Bold Symbols
\pmbraise@=\dimen162
)
(/usr/local/texlive/2020/texmf-dist/tex/latex/amsmath/amsopn.sty
Package: amsopn 2016/03/08 v2.02 operator names
LaTeX Info: Redefining \operatorname on input line 43.
)
\inf@bad=\count272
LaTeX Info: Redefining \frac on input line 234.
\uproot@=\count273
\leftroot@=\count274
LaTeX Info: Redefining \overline on input line 399.
\classnum@=\count275
\DOTSCASE@=\count276
LaTeX Info: Redefining \ldots on input line 496.
LaTeX Info: Redefining \dots on input line 499.
LaTeX Info: Redefining \cdots on input line 620.
\Mathstrutbox@=\box52
\strutbox@=\box53
\big@size=\dimen163
LaTeX Font Info:    Redeclaring font encoding OML on input line 743.
LaTeX Font Info:    Redeclaring font encoding OMS on input line 744.
\macc@depth=\count277
\c@MaxMatrixCols=\count278
\dotsspace@=\muskip16
\c@parentequation=\count279
\dspbrk@lvl=\count280
\tag@help=\toks21
\row@=\count281
\column@=\count282
\maxfields@=\count283
\andhelp@=\toks22
\eqnshift@=\dimen164
\alignsep@=\dimen165
\tagshift@=\dimen166
\tagwidth@=\dimen167
\totwidth@=\dimen168
\lineht@=\dimen169
\@envbody=\toks23
\multlinegap=\skip55
\multlinetaggap=\skip56
\mathdisplay@stack=\toks24
LaTeX Info: Redefining \[ on input line 2923.
LaTeX Info: Redefining \] on input line 2924.
)
(/usr/local/texlive/2020/texmf-dist/tex/latex/amsfonts/amssymb.sty
Package: amssymb 2013/01/14 v3.01 AMS font symbols

(/usr/local/texlive/2020/texmf-dist/tex/latex/amsfonts/amsfonts.sty
Package: amsfonts 2013/01/14 v3.01 Basic AMSFonts support
\symAMSa=\mathgroup5
\symAMSb=\mathgroup6
LaTeX Font Info:    Redeclaring math symbol \hbar on input line 98.
LaTeX Font Info:    Overwriting math alphabet `\mathfrak' in version `bold'
(Font)                  U/euf/m/n --> U/euf/b/n on input line 106.
))
(/usr/local/texlive/2020/texmf-dist/tex/latex/url/url.sty
\Urlmuskip=\muskip17
Package: url 2013/09/16  ver 3.4  Verb mode for urls, etc.
)
(/usr/local/texlive/2020/texmf-dist/tex/latex/diffcoeff/diffcoeff.sty
(/usr/local/texlive/2020/texmf-dist/tex/latex/l3kernel/expl3.sty
Package: expl3 2021-02-02 L3 programming layer (loader) 

(/usr/local/texlive/2020/texmf-dist/tex/latex/l3backend/l3backend-pdftex.def
File: l3backend-pdftex.def 2020-01-29 L3 backend support: PDF output (pdfTeX)
\l__color_backend_stack_int=\count284
\l__pdf_internal_box=\box54
))
(/usr/local/texlive/2020/texmf-dist/tex/latex/l3packages/xparse/xparse.sty
(/usr/local/texlive/2020/texmf-dist/tex/latex/l3packages/xparse/xparse-2020-10-
01.sty
(/usr/local/texlive/2020/texmf-dist/tex/latex/l3packages/xparse/xparse-generic.
tex)))
(/usr/local/texlive/2020/texmf-dist/tex/latex/l3packages/l3keys2e/l3keys2e.sty
Package: l3keys2e 2021-02-02 LaTeX2e option processing using LaTeX3 keys
)
(/usr/local/texlive/2020/texmf-dist/tex/latex/l3packages/xtemplate/xtemplate.st
y
Package: xtemplate 2021-02-02 L3 Experimental prototype document functions
\l__xtemplate_tmp_dim=\dimen170
\l__xtemplate_tmp_int=\count285
\l__xtemplate_tmp_muskip=\muskip18
\l__xtemplate_tmp_skip=\skip57
)
Package: diffcoeff 2019/12/28 v3.2 Write differential coefficients consistently
 and easily.
\l__diffcoeff_vars_int=\count286
\l__diffcoeff_format_int=\count287
\l__diffcoeff_curr_tok_int=\count288
\l__diffcoeff_curr_state_int=\count289
\l__diffcoeff_nos_int=\count290
\l__diffcoeff_parenvar_int=\count291

Package xtemplate Info: Declaring object type 'derivative' taking 5
(xtemplate)             argument(s) on line 57.

\l__diffcoeff_oporder_muskip=\muskip19
\l__diffcoeff_opnudge_muskip=\muskip20
\l__diffcoeff_varsep_muskip=\muskip21
\l__diffcoeff_sep_adj_muskip=\muskip22
\l__diffcoeff_elbowrm_muskip=\muskip23
\l__diffcoeff_subnudge_muskip=\muskip24
\l_tmpc_muskip=\muskip25
\l_tmpd_muskip=\muskip26
) (/usr/local/texlive/2020/texmf-dist/tex/latex/tools/bm.sty
Package: bm 2019/07/24 v1.2d Bold Symbol Support (DPC/FMi)
\symboldoperators=\mathgroup7
\symboldletters=\mathgroup8
\symboldsymbols=\mathgroup9
\symboldlasy=\mathgroup10
LaTeX Font Info:    Redeclaring math alphabet \mathbf on input line 141.
LaTeX Info: Redefining \bm on input line 209.
)
(/usr/local/texlive/2020/texmf-dist/tex/latex/jknapltx/mathrsfs.sty
Package: mathrsfs 1996/01/01 Math RSFS package v1.0 (jk)
\symrsfs=\mathgroup11
)
(/usr/local/texlive/2020/texmf-dist/tex/latex/multirow/multirow.sty
Package: multirow 2021/01/29 v2.7 Span multiple rows of a table
\multirow@colwidth=\skip58
\multirow@cntb=\count292
\multirow@dima=\skip59
\bigstrutjot=\dimen171
)
(/usr/local/texlive/2020/texmf-dist/tex/latex/caption/caption.sty
Package: caption 2020/10/26 v3.5g Customizing captions (AR)

(/usr/local/texlive/2020/texmf-dist/tex/latex/caption/caption3.sty
Package: caption3 2020/10/21 v2.2e caption3 kernel (AR)
\captionmargin=\dimen172
\captionmargin@=\dimen173
\captionwidth=\dimen174
\caption@tempdima=\dimen175
\caption@indent=\dimen176
\caption@parindent=\dimen177
\caption@hangindent=\dimen178
\abovecaptionskip=\skip60
\belowcaptionskip=\skip61
Package caption Info: Unknown document class (or package),
(caption)             standard defaults will be used.
Package caption Info: \@makecaption = macro:->\@makefigurecaption  on input lin
e 1139.
)

Package caption Warning: Unknown document class (or package),
(caption)                standard defaults will be used.
See the caption package documentation for explanation.

\c@caption@flags=\count293
\c@continuedfloat=\count294
) (/usr/local/texlive/2020/texmf-dist/tex/latex/subfig/subfig.sty
Package: subfig 2005/06/28 ver: 1.3 subfig package


Package subfig Warning: Your document class has a bad definition
 of \endfigure, most likely
 \let\endfigure=\end@float
 which has now been changed to
 \def\endfigure{\end@float}
 because otherwise subsequent changes to \end@float
 (like done by several packages changing float behaviour)
 can't take effect on \endfigure.
 Please complain to your document class author.


Package subfig Warning: Your document class has a bad definition
 of \endtable, most likely
 \let\endtable=\end@float
 which has now been changed to
 \def\endtable{\end@float}
 because otherwise subsequent changes to \end@float
 (like done by several packages changing float behaviour)
 can't take effect on \endtable.
 Please complain to your document class author.

\c@KVtest=\count295
\sf@farskip=\skip62
\sf@captopadj=\dimen179
\sf@capskip=\skip63
\sf@nearskip=\skip64
\c@subfigure=\count296
\c@subfigure@save=\count297
\c@lofdepth=\count298
\c@subtable=\count299
\c@subtable@save=\count300
\c@lotdepth=\count301
\sf@top=\skip65
\sf@bottom=\skip66
) (/usr/local/texlive/2020/texmf-dist/tex/latex/xcolor/xcolor.sty
Package: xcolor 2016/05/11 v2.12 LaTeX color extensions (UK)

(/usr/local/texlive/2020/texmf-dist/tex/latex/graphics-cfg/color.cfg
File: color.cfg 2016/01/02 v1.6 sample color configuration
)
Package xcolor Info: Driver file: pdftex.def on input line 225.
Package xcolor Info: Model `cmy' substituted by `cmy0' on input line 1348.
Package xcolor Info: Model `hsb' substituted by `rgb' on input line 1352.
Package xcolor Info: Model `RGB' extended on input line 1364.
Package xcolor Info: Model `HTML' substituted by `rgb' on input line 1366.
Package xcolor Info: Model `Hsb' substituted by `hsb' on input line 1367.
Package xcolor Info: Model `tHsb' substituted by `hsb' on input line 1368.
Package xcolor Info: Model `HSB' substituted by `hsb' on input line 1369.
Package xcolor Info: Model `Gray' substituted by `gray' on input line 1370.
Package xcolor Info: Model `wave' substituted by `hsb' on input line 1371.
)
(/usr/local/texlive/2020/texmf-dist/tex/latex/colortbl/colortbl.sty
Package: colortbl 2020/01/04 v1.0e Color table columns (DPC)

(/usr/local/texlive/2020/texmf-dist/tex/latex/tools/array.sty
Package: array 2020/10/01 v2.5c Tabular extension package (FMi)
\col@sep=\dimen180
\ar@mcellbox=\box55
\extrarowheight=\dimen181
\NC@list=\toks25
\extratabsurround=\skip67
\backup@length=\skip68
\ar@cellbox=\box56
)
\everycr=\toks26
\minrowclearance=\skip69
)
\c@remark=\count302
\c@conjecture=\count303

(./numerics_plates_revision.aux)
\openout1 = `numerics_plates_revision.aux'.

LaTeX Font Info:    Checking defaults for OML/cmm/m/it on input line 43.
LaTeX Font Info:    ... okay on input line 43.
LaTeX Font Info:    Checking defaults for OMS/cmsy/m/n on input line 43.
LaTeX Font Info:    ... okay on input line 43.
LaTeX Font Info:    Checking defaults for OT1/cmr/m/n on input line 43.
LaTeX Font Info:    ... okay on input line 43.
LaTeX Font Info:    Checking defaults for T1/cmr/m/n on input line 43.
LaTeX Font Info:    ... okay on input line 43.
LaTeX Font Info:    Checking defaults for TS1/cmr/m/n on input line 43.
LaTeX Font Info:    ... okay on input line 43.
LaTeX Font Info:    Checking defaults for OMX/cmex/m/n on input line 43.
LaTeX Font Info:    ... okay on input line 43.
LaTeX Font Info:    Checking defaults for U/cmr/m/n on input line 43.
LaTeX Font Info:    ... okay on input line 43.

(/usr/local/texlive/2020/texmf-dist/tex/context/base/mkii/supp-pdf.mkii
[Loading MPS to PDF converter (version 2006.09.02).]
\scratchcounter=\count304
\scratchdimen=\dimen182
\scratchbox=\box57
\nofMPsegments=\count305
\nofMParguments=\count306
\everyMPshowfont=\toks27
\MPscratchCnt=\count307
\MPscratchDim=\dimen183
\MPnumerator=\count308
\makeMPintoPDFobject=\count309
\everyMPtoPDFconversion=\toks28
) (/usr/local/texlive/2020/texmf-dist/tex/latex/epstopdf-pkg/epstopdf-base.sty
Package: epstopdf-base 2020-01-24 v2.11 Base part for package epstopdf
Package epstopdf-base Info: Redefining graphics rule for `.eps' on input line 4
85.

(/usr/local/texlive/2020/texmf-dist/tex/latex/latexconfig/epstopdf-sys.cfg
File: epstopdf-sys.cfg 2010/07/13 v1.3 Configuration of (r)epstopdf for TeX Liv
e
))
Package caption Info: Begin \AtBeginDocument code.
Package caption Info: subfig package v1.3 is loaded.
Package caption Info: End \AtBeginDocument code.
LaTeX Font Info:    Calculating math sizes for size <14> on input line 46.
LaTeX Font Info:    Trying to load font information for U+msa on input line 46.


(/usr/local/texlive/2020/texmf-dist/tex/latex/amsfonts/umsa.fd
File: umsa.fd 2013/01/14 v3.01 AMS symbols A
)
LaTeX Font Info:    Trying to load font information for U+msb on input line 46.


(/usr/local/texlive/2020/texmf-dist/tex/latex/amsfonts/umsb.fd
File: umsb.fd 2013/01/14 v3.01 AMS symbols B
)
LaTeX Font Info:    Font shape `U/lasy/b/n' in size <9.79996> not available
(Font)              Font shape `U/lasy/m/n' tried instead on input line 46.
LaTeX Font Info:    Font shape `U/lasy/b/n' in size <7> not available
(Font)              Font shape `U/lasy/m/n' tried instead on input line 46.
LaTeX Font Info:    Trying to load font information for U+rsfs on input line 46
.

(/usr/local/texlive/2020/texmf-dist/tex/latex/jknapltx/ursfs.fd
File: ursfs.fd 1998/03/24 rsfs font definition file (jk)
)
LaTeX Font Info:    Font shape `U/lasy/b/n' in size <5> not available
(Font)              Font shape `U/lasy/m/n' tried instead on input line 55.
\c@sv@footnote=\count310
LaTeX Font Info:    Font shape `U/lasy/b/n' in size <8> not available
(Font)              Font shape `U/lasy/m/n' tried instead on input line 73.
LaTeX Font Info:    Font shape `U/lasy/b/n' in size <6> not available
(Font)              Font shape `U/lasy/m/n' tried instead on input line 73.

pdfTeX warning (Object streams): \pdfobjcompresslevel > 0 requires PDF-1.5 or g
reater. Object streams disabled now.
[1{/usr/local/texlive/2020/texmf-var/fonts/map/pdftex/updmap/pdftex.map}

]
Overfull \hbox (4.20818pt too wide) detected at line 146
[][] [][] [][]
 []


Overfull \hbox (1.15286pt too wide) detected at line 175
\OMS/cmsy/m/n/10 D\OT1/cmr/m/n/10 (\OMS/cmsy/m/n/10 ^^A\OT1/cmr/m/n/10 ) = [][(
1 \OMS/cmsy/m/n/10 ^^@ \OML/cmm/m/it/10 ^^W\OT1/cmr/m/n/10 )(\OMS/cmsy/m/n/10 ^
^A\OT1/cmr/m/n/10 ) + \OML/cmm/m/it/10 ^^W []\OT1/cmr/m/n/10 (\OMS/cmsy/m/n/10 
^^A\OT1/cmr/m/n/10 )]\OML/cmm/m/it/10 ;  \OMS/cmsy/m/n/10 C\OT1/cmr/m/n/10 (\OM
S/cmsy/m/n/10 ^^A\OT1/cmr/m/n/10 ) = [](\OMS/cmsy/m/n/10 ^^A\OT1/cmr/m/n/10 )\O
ML/cmm/m/it/10 ;
 []

[2]
Overfull \hbox (4.05975pt too wide) in paragraph at lines 348--349
[]\OT1/cmr/m/n/10 Assuming a smooth so-lu-tion to prob-lem [],
 []

[3]
Overfull \hbox (4.05975pt too wide) in paragraph at lines 413--414
[]\OT1/cmr/m/n/10 Assuming a smooth so-lu-tion to prob-lem [],
 []


Overfull \hbox (3.104pt too wide) detected at line 444
[][]
 []

[4]
Overfull \hbox (1.9102pt too wide) detected at line 525
\OML/cmm/m/it/10 e[]\OT1/cmr/m/n/10 (\OML/cmm/m/it/10 x; y; t\OT1/cmr/m/n/10 ) 
= \OML/cmm/m/it/10 w[]\OT1/cmr/m/n/10 (\OML/cmm/m/it/10 x; y\OT1/cmr/m/n/10 ) [
](\OML/cmm/m/it/10 t\OT1/cmr/m/n/10 )\OML/cmm/m/it/10 ;  \OML/cmm/b/it/10 e[]\O
T1/cmr/m/n/10 (\OML/cmm/m/it/10 x; y; t\OT1/cmr/m/n/10 ) = \OML/cmm/b/it/10 ^^R
[]\OT1/cmr/m/n/10 (\OML/cmm/m/it/10 x; y\OT1/cmr/m/n/10 ) [](\OML/cmm/m/it/10 t
\OT1/cmr/m/n/10 )\OML/cmm/m/it/10 :
 []

Package epstopdf Info: Source file: <./Figures//Mindlin/CCCC_BEC__vel.eps>
(epstopdf)                    date: 2021-01-11 19:10:29
(epstopdf)                    size: 220780 bytes
(epstopdf)             Output file: <./Figures//Mindlin/CCCC_BEC__vel-eps-conve
rted-to.pdf>
(epstopdf)                    date: 2021-01-11 19:10:29
(epstopdf)                    size: 17795 bytes
(epstopdf)             Command: <repstopdf --outfile=./Figures//Mindlin/CCCC_BE
C__vel-eps-converted-to.pdf ./Figures//Mindlin/CCCC_BEC__vel.eps>
(epstopdf)             \includegraphics on input line 561.
Package epstopdf Info: Output file is already uptodate.


pdfTeX warning: /usr/local/texlive/2020/bin/x86_64-linux/pdflatex (file ./Figur
es//Mindlin/CCCC_BEC__vel-eps-converted-to.pdf): PDF inclusion: found PDF versi
on <1.7>, but at most version <1.4> allowed
<./Figures//Mindlin/CCCC_BEC__vel-eps-converted-to.pdf, id=37, 462.72874pt x 34
7.2975pt>
File: ./Figures//Mindlin/CCCC_BEC__vel-eps-converted-to.pdf Graphic file (type 
pdf)
<use ./Figures//Mindlin/CCCC_BEC__vel-eps-converted-to.pdf>
Package pdftex.def Info: ./Figures//Mindlin/CCCC_BEC__vel-eps-converted-to.pdf 
 used on input line 561.
(pdftex.def)             Requested size: 120.86623pt x 90.71385pt.
Package epstopdf Info: Source file: <./Figures//Mindlin/CCCC_BEC__om.eps>
(epstopdf)                    date: 2021-01-11 19:10:29
(epstopdf)                    size: 221711 bytes
(epstopdf)             Output file: <./Figures//Mindlin/CCCC_BEC__om-eps-conver
ted-to.pdf>
(epstopdf)                    date: 2021-01-11 19:10:29
(epstopdf)                    size: 18644 bytes
(epstopdf)             Command: <repstopdf --outfile=./Figures//Mindlin/CCCC_BE
C__om-eps-converted-to.pdf ./Figures//Mindlin/CCCC_BEC__om.eps>
(epstopdf)             \includegraphics on input line 565.
Package epstopdf Info: Output file is already uptodate.


pdfTeX warning: /usr/local/texlive/2020/bin/x86_64-linux/pdflatex (file ./Figur
es//Mindlin/CCCC_BEC__om-eps-converted-to.pdf): PDF inclusion: found PDF versio
n <1.7>, but at most version <1.4> allowed
<./Figures//Mindlin/CCCC_BEC__om-eps-converted-to.pdf, id=38, 462.72874pt x 347
.2975pt>
File: ./Figures//Mindlin/CCCC_BEC__om-eps-converted-to.pdf Graphic file (type p
df)
<use ./Figures//Mindlin/CCCC_BEC__om-eps-converted-to.pdf>
Package pdftex.def Info: ./Figures//Mindlin/CCCC_BEC__om-eps-converted-to.pdf  
used on input line 565.
(pdftex.def)             Requested size: 120.86623pt x 90.71385pt.
Package epstopdf Info: Source file: <./Figures//Mindlin/CCCC_BEC__sig.eps>
(epstopdf)                    date: 2021-01-11 19:10:29
(epstopdf)                    size: 222588 bytes
(epstopdf)             Output file: <./Figures//Mindlin/CCCC_BEC__sig-eps-conve
rted-to.pdf>
(epstopdf)                    date: 2021-01-11 19:10:29
(epstopdf)                    size: 18893 bytes
(epstopdf)             Command: <repstopdf --outfile=./Figures//Mindlin/CCCC_BE
C__sig-eps-converted-to.pdf ./Figures//Mindlin/CCCC_BEC__sig.eps>
(epstopdf)             \includegraphics on input line 568.
Package epstopdf Info: Output file is already uptodate.


pdfTeX warning: /usr/local/texlive/2020/bin/x86_64-linux/pdflatex (file ./Figur
es//Mindlin/CCCC_BEC__sig-eps-converted-to.pdf): PDF inclusion: found PDF versi
on <1.7>, but at most version <1.4> allowed
<./Figures//Mindlin/CCCC_BEC__sig-eps-converted-to.pdf, id=39, 462.72874pt x 34
7.2975pt>
File: ./Figures//Mindlin/CCCC_BEC__sig-eps-converted-to.pdf Graphic file (type 
pdf)
<use ./Figures//Mindlin/CCCC_BEC__sig-eps-converted-to.pdf>
Package pdftex.def Info: ./Figures//Mindlin/CCCC_BEC__sig-eps-converted-to.pdf 
 used on input line 568.
(pdftex.def)             Requested size: 120.86623pt x 90.71385pt.
Package epstopdf Info: Source file: <./Figures//Mindlin/CCCC_BEC__q.eps>
(epstopdf)                    date: 2021-01-11 19:10:29
(epstopdf)                    size: 222145 bytes
(epstopdf)             Output file: <./Figures//Mindlin/CCCC_BEC__q-eps-convert
ed-to.pdf>
(epstopdf)                    date: 2021-01-11 19:10:29
(epstopdf)                    size: 18745 bytes
(epstopdf)             Command: <repstopdf --outfile=./Figures//Mindlin/CCCC_BE
C__q-eps-converted-to.pdf ./Figures//Mindlin/CCCC_BEC__q.eps>
(epstopdf)             \includegraphics on input line 572.
Package epstopdf Info: Output file is already uptodate.


pdfTeX warning: /usr/local/texlive/2020/bin/x86_64-linux/pdflatex (file ./Figur
es//Mindlin/CCCC_BEC__q-eps-converted-to.pdf): PDF inclusion: found PDF version
 <1.7>, but at most version <1.4> allowed
<./Figures//Mindlin/CCCC_BEC__q-eps-converted-to.pdf, id=40, 462.72874pt x 347.
2975pt>
File: ./Figures//Mindlin/CCCC_BEC__q-eps-converted-to.pdf Graphic file (type pd
f)
<use ./Figures//Mindlin/CCCC_BEC__q-eps-converted-to.pdf>
Package pdftex.def Info: ./Figures//Mindlin/CCCC_BEC__q-eps-converted-to.pdf  u
sed on input line 572.
(pdftex.def)             Requested size: 120.86623pt x 90.71385pt.
Package epstopdf Info: Source file: <./Figures//Mindlin/CCCC__vel.eps>
(epstopdf)                    date: 2021-01-11 19:10:29
(epstopdf)                    size: 218984 bytes
(epstopdf)             Output file: <./Figures//Mindlin/CCCC__vel-eps-converted
-to.pdf>
(epstopdf)                    date: 2021-01-11 19:10:29
(epstopdf)                    size: 17633 bytes
(epstopdf)             Command: <repstopdf --outfile=./Figures//Mindlin/CCCC__v
el-eps-converted-to.pdf ./Figures//Mindlin/CCCC__vel.eps>
(epstopdf)             \includegraphics on input line 584.
Package epstopdf Info: Output file is already uptodate.


pdfTeX warning: /usr/local/texlive/2020/bin/x86_64-linux/pdflatex (file ./Figur
es//Mindlin/CCCC__vel-eps-converted-to.pdf): PDF inclusion: found PDF version <
1.7>, but at most version <1.4> allowed
<./Figures//Mindlin/CCCC__vel-eps-converted-to.pdf, id=41, 462.72874pt x 347.29
75pt>
File: ./Figures//Mindlin/CCCC__vel-eps-converted-to.pdf Graphic file (type pdf)

<use ./Figures//Mindlin/CCCC__vel-eps-converted-to.pdf>
Package pdftex.def Info: ./Figures//Mindlin/CCCC__vel-eps-converted-to.pdf  use
d on input line 584.
(pdftex.def)             Requested size: 120.86623pt x 90.71385pt.
Package epstopdf Info: Source file: <./Figures//Mindlin/CCCC__om.eps>
(epstopdf)                    date: 2021-01-11 19:10:29
(epstopdf)                    size: 221270 bytes
(epstopdf)             Output file: <./Figures//Mindlin/CCCC__om-eps-converted-
to.pdf>
(epstopdf)                    date: 2021-01-11 19:10:29
(epstopdf)                    size: 18622 bytes
(epstopdf)             Command: <repstopdf --outfile=./Figures//Mindlin/CCCC__o
m-eps-converted-to.pdf ./Figures//Mindlin/CCCC__om.eps>
(epstopdf)             \includegraphics on input line 588.
Package epstopdf Info: Output file is already uptodate.


pdfTeX warning: /usr/local/texlive/2020/bin/x86_64-linux/pdflatex (file ./Figur
es//Mindlin/CCCC__om-eps-converted-to.pdf): PDF inclusion: found PDF version <1
.7>, but at most version <1.4> allowed
<./Figures//Mindlin/CCCC__om-eps-converted-to.pdf, id=42, 462.72874pt x 347.297
5pt>
File: ./Figures//Mindlin/CCCC__om-eps-converted-to.pdf Graphic file (type pdf)
<use ./Figures//Mindlin/CCCC__om-eps-converted-to.pdf>
Package pdftex.def Info: ./Figures//Mindlin/CCCC__om-eps-converted-to.pdf  used
 on input line 588.
(pdftex.def)             Requested size: 120.86623pt x 90.71385pt.
Package epstopdf Info: Source file: <./Figures//Mindlin/CCCC__sig.eps>
(epstopdf)                    date: 2021-01-11 19:10:29
(epstopdf)                    size: 220118 bytes
(epstopdf)             Output file: <./Figures//Mindlin/CCCC__sig-eps-converted
-to.pdf>
(epstopdf)                    date: 2021-01-11 19:10:29
(epstopdf)                    size: 18559 bytes
(epstopdf)             Command: <repstopdf --outfile=./Figures//Mindlin/CCCC__s
ig-eps-converted-to.pdf ./Figures//Mindlin/CCCC__sig.eps>
(epstopdf)             \includegraphics on input line 591.
Package epstopdf Info: Output file is already uptodate.


pdfTeX warning: /usr/local/texlive/2020/bin/x86_64-linux/pdflatex (file ./Figur
es//Mindlin/CCCC__sig-eps-converted-to.pdf): PDF inclusion: found PDF version <
1.7>, but at most version <1.4> allowed
<./Figures//Mindlin/CCCC__sig-eps-converted-to.pdf, id=43, 462.72874pt x 347.29
75pt>
File: ./Figures//Mindlin/CCCC__sig-eps-converted-to.pdf Graphic file (type pdf)

<use ./Figures//Mindlin/CCCC__sig-eps-converted-to.pdf>
Package pdftex.def Info: ./Figures//Mindlin/CCCC__sig-eps-converted-to.pdf  use
d on input line 591.
(pdftex.def)             Requested size: 120.86623pt x 90.71385pt.
Package epstopdf Info: Source file: <./Figures//Mindlin/CCCC__q.eps>
(epstopdf)                    date: 2021-01-11 19:10:29
(epstopdf)                    size: 220228 bytes
(epstopdf)             Output file: <./Figures//Mindlin/CCCC__q-eps-converted-t
o.pdf>
(epstopdf)                    date: 2021-01-11 19:10:29
(epstopdf)                    size: 18529 bytes
(epstopdf)             Command: <repstopdf --outfile=./Figures//Mindlin/CCCC__q
-eps-converted-to.pdf ./Figures//Mindlin/CCCC__q.eps>
(epstopdf)             \includegraphics on input line 595.
Package epstopdf Info: Output file is already uptodate.


pdfTeX warning: /usr/local/texlive/2020/bin/x86_64-linux/pdflatex (file ./Figur
es//Mindlin/CCCC__q-eps-converted-to.pdf): PDF inclusion: found PDF version <1.
7>, but at most version <1.4> allowed
<./Figures//Mindlin/CCCC__q-eps-converted-to.pdf, id=44, 462.72874pt x 347.2975
pt>
File: ./Figures//Mindlin/CCCC__q-eps-converted-to.pdf Graphic file (type pdf)
<use ./Figures//Mindlin/CCCC__q-eps-converted-to.pdf>
Package pdftex.def Info: ./Figures//Mindlin/CCCC__q-eps-converted-to.pdf  used 
on input line 595.
(pdftex.def)             Requested size: 120.86623pt x 90.71385pt.

Overfull \hbox (3.53802pt too wide) detected at line 608
\OML/cmm/m/it/10 w[]\OT1/cmr/m/n/10 (\OML/cmm/m/it/10 x; y; t\OT1/cmr/m/n/10 ) 
= [](\OML/cmm/m/it/10 ^^Yx\OT1/cmr/m/n/10 ) [](\OML/cmm/m/it/10 ^^Yy\OT1/cmr/m/
n/10 ) [](\OML/cmm/m/it/10 t\OT1/cmr/m/n/10 )\OML/cmm/m/it/10 ;  \OT1/cmr/m/n/1
0 (\OML/cmm/m/it/10 x; y\OT1/cmr/m/n/10 ) \OMS/cmsy/m/n/10 2 \OT1/cmr/m/n/10 (0
\OML/cmm/m/it/10 ; \OT1/cmr/m/n/10 1) \OMS/cmsy/m/n/10 ^^B \OT1/cmr/m/n/10 (0\O
ML/cmm/m/it/10 ; \OT1/cmr/m/n/10 1)\OML/cmm/m/it/10 :
 []

[5 <./Figures//Mindlin/CCCC_BEC__vel-eps-converted-to.pdf> <./Figures//Mindlin/
CCCC_BEC__om-eps-converted-to.pdf> <./Figures//Mindlin/CCCC_BEC__sig-eps-conver
ted-to.pdf> <./Figures//Mindlin/CCCC_BEC__q-eps-converted-to.pdf> <./Figures//M
indlin/CCCC__vel-eps-converted-to.pdf> <./Figures//Mindlin/CCCC__om-eps-convert
ed-to.pdf> <./Figures//Mindlin/CCCC__sig-eps-converted-to.pdf> <./Figures//Mind
lin/CCCC__q-eps-converted-to.pdf>]
Package epstopdf Info: Source file: <./Figures//Kirchhoff/SSSS__vel.eps>
(epstopdf)                    date: 2021-01-11 19:10:29
(epstopdf)                    size: 220983 bytes
(epstopdf)             Output file: <./Figures//Kirchhoff/SSSS__vel-eps-convert
ed-to.pdf>
(epstopdf)                    date: 2021-01-11 19:10:29
(epstopdf)                    size: 17823 bytes
(epstopdf)             Command: <repstopdf --outfile=./Figures//Kirchhoff/SSSS_
_vel-eps-converted-to.pdf ./Figures//Kirchhoff/SSSS__vel.eps>
(epstopdf)             \includegraphics on input line 639.
Package epstopdf Info: Output file is already uptodate.


pdfTeX warning: /usr/local/texlive/2020/bin/x86_64-linux/pdflatex (file ./Figur
es//Kirchhoff/SSSS__vel-eps-converted-to.pdf): PDF inclusion: found PDF version
 <1.7>, but at most version <1.4> allowed
<./Figures//Kirchhoff/SSSS__vel-eps-converted-to.pdf, id=244, 462.72874pt x 347
.2975pt>
File: ./Figures//Kirchhoff/SSSS__vel-eps-converted-to.pdf Graphic file (type pd
f)
<use ./Figures//Kirchhoff/SSSS__vel-eps-converted-to.pdf>
Package pdftex.def Info: ./Figures//Kirchhoff/SSSS__vel-eps-converted-to.pdf  u
sed on input line 639.
(pdftex.def)             Requested size: 120.86623pt x 90.71385pt.
Package epstopdf Info: Source file: <./Figures//Kirchhoff/SSSS__sig.eps>
(epstopdf)                    date: 2021-01-11 19:10:29
(epstopdf)                    size: 221841 bytes
(epstopdf)             Output file: <./Figures//Kirchhoff/SSSS__sig-eps-convert
ed-to.pdf>
(epstopdf)                    date: 2021-01-11 19:10:29
(epstopdf)                    size: 18641 bytes
(epstopdf)             Command: <repstopdf --outfile=./Figures//Kirchhoff/SSSS_
_sig-eps-converted-to.pdf ./Figures//Kirchhoff/SSSS__sig.eps>
(epstopdf)             \includegraphics on input line 643.
Package epstopdf Info: Output file is already uptodate.


pdfTeX warning: /usr/local/texlive/2020/bin/x86_64-linux/pdflatex (file ./Figur
es//Kirchhoff/SSSS__sig-eps-converted-to.pdf): PDF inclusion: found PDF version
 <1.7>, but at most version <1.4> allowed
<./Figures//Kirchhoff/SSSS__sig-eps-converted-to.pdf, id=245, 462.72874pt x 347
.2975pt>
File: ./Figures//Kirchhoff/SSSS__sig-eps-converted-to.pdf Graphic file (type pd
f)
<use ./Figures//Kirchhoff/SSSS__sig-eps-converted-to.pdf>
Package pdftex.def Info: ./Figures//Kirchhoff/SSSS__sig-eps-converted-to.pdf  u
sed on input line 643.
(pdftex.def)             Requested size: 120.86623pt x 90.71385pt.
(./numerics_plates_revision.bbl) [6 <./Figures//Kirchhoff/SSSS__vel-eps-convert
ed-to.pdf> <./Figures//Kirchhoff/SSSS__sig-eps-converted-to.pdf>]
(./numerics_plates_revision.aux) ) 
Here is how much of TeX's memory you used:
 6172 strings out of 479303
 97747 string characters out of 5867267
 420759 words of memory out of 5000000
 23248 multiletter control sequences out of 15000+600000
 419085 words of font info for 92 fonts, out of 8000000 for 9000
 1141 hyphenation exceptions out of 8191
 71i,15n,75p,1081b,476s stack positions out of 5000i,500n,10000p,200000b,80000s
{/usr/local/texlive/2020/texmf-dist/fonts/enc
/dvips/cm-super/cm-super-ts1.enc}</usr/local/texlive/2020/texmf-dist/fonts/type
1/public/amsfonts/cm/cmbx10.pfb></usr/local/texlive/2020/texmf-dist/fonts/type1
/public/amsfonts/cm/cmbx12.pfb></usr/local/texlive/2020/texmf-dist/fonts/type1/
public/amsfonts/cm/cmex10.pfb></usr/local/texlive/2020/texmf-dist/fonts/type1/p
ublic/amsfonts/cm/cmmi10.pfb></usr/local/texlive/2020/texmf-dist/fonts/type1/pu
blic/amsfonts/cm/cmmi12.pfb></usr/local/texlive/2020/texmf-dist/fonts/type1/pub
lic/amsfonts/cm/cmmi5.pfb></usr/local/texlive/2020/texmf-dist/fonts/type1/publi
c/amsfonts/cm/cmmi6.pfb></usr/local/texlive/2020/texmf-dist/fonts/type1/public/
amsfonts/cm/cmmi7.pfb></usr/local/texlive/2020/texmf-dist/fonts/type1/public/am
sfonts/cm/cmmi8.pfb></usr/local/texlive/2020/texmf-dist/fonts/type1/public/amsf
onts/cm/cmmib10.pfb></usr/local/texlive/2020/texmf-dist/fonts/type1/public/amsf
onts/cmextra/cmmib7.pfb></usr/local/texlive/2020/texmf-dist/fonts/type1/public/
amsfonts/cmextra/cmmib8.pfb></usr/local/texlive/2020/texmf-dist/fonts/type1/pub
lic/amsfonts/cm/cmr10.pfb></usr/local/texlive/2020/texmf-dist/fonts/type1/publi
c/amsfonts/cm/cmr12.pfb></usr/local/texlive/2020/texmf-dist/fonts/type1/public/
amsfonts/cm/cmr5.pfb></usr/local/texlive/2020/texmf-dist/fonts/type1/public/ams
fonts/cm/cmr6.pfb></usr/local/texlive/2020/texmf-dist/fonts/type1/public/amsfon
ts/cm/cmr7.pfb></usr/local/texlive/2020/texmf-dist/fonts/type1/public/amsfonts/
cm/cmr8.pfb></usr/local/texlive/2020/texmf-dist/fonts/type1/public/amsfonts/cm/
cmr9.pfb></usr/local/texlive/2020/texmf-dist/fonts/type1/public/amsfonts/cm/cms
s12.pfb></usr/local/texlive/2020/texmf-dist/fonts/type1/public/amsfonts/cm/cmss
17.pfb></usr/local/texlive/2020/texmf-dist/fonts/type1/public/amsfonts/cm/cmsy1
0.pfb></usr/local/texlive/2020/texmf-dist/fonts/type1/public/amsfonts/cm/cmsy5.
pfb></usr/local/texlive/2020/texmf-dist/fonts/type1/public/amsfonts/cm/cmsy6.pf
b></usr/local/texlive/2020/texmf-dist/fonts/type1/public/amsfonts/cm/cmsy7.pfb>
</usr/local/texlive/2020/texmf-dist/fonts/type1/public/amsfonts/cm/cmsy8.pfb></
usr/local/texlive/2020/texmf-dist/fonts/type1/public/amsfonts/cm/cmti10.pfb></u
sr/local/texlive/2020/texmf-dist/fonts/type1/public/amsfonts/cm/cmti8.pfb></usr
/local/texlive/2020/texmf-dist/fonts/type1/public/amsfonts/cm/cmtt8.pfb></usr/l
ocal/texlive/2020/texmf-dist/fonts/type1/public/amsfonts/symbols/msam10.pfb></u
sr/local/texlive/2020/texmf-dist/fonts/type1/public/amsfonts/symbols/msbm10.pfb
></usr/local/texlive/2020/texmf-dist/fonts/type1/public/cm-super/sfrm1000.pfb>
Output written on numerics_plates_revision.pdf (6 pages, 612438 bytes).
PDF statistics:
 374 PDF objects out of 1000 (max. 8388607)
 0 named destinations out of 1000 (max. 500000)
 51 words of extra memory for PDF output out of 10000 (max. 10000000)

