This is pdfTeX, Version 3.14159265-2.6-1.40.19 (TeX Live 2018) (preloaded format=pdflatex 2019.2.19)  14 JAN 2020 18:52
entering extended mode
 \write18 enabled.
 %&-line parsing enabled.
**numerics_plates.tex
(./numerics_plates.tex
LaTeX2e <2018-04-01> patch level 5
(./ifacconf.cls
Document Class: ifacconf 2007/05/31, 3.2ModD: IFAC conferences

\@frontmatterwidth=\dimen102
\@bls=\dimen103
\eqntopsep=\skip41
\eqnarraycolsep=\dimen104
\labelwidthi=\dimen105
\labelwidthii=\dimen106
\labelwidthiii=\dimen107
\labelwidthiv=\dimen108
\@maxlistdepth=\count80
\eqnbaselineskip=\skip42
\eqnlineskip=\skip43
\mathindent=\dimen109
\rulepreskip=\dimen110
\rulepostskip=\dimen111
\Arrayrulewidth=\dimen112
\crulepostskip=\dimen113
\@Ldec=\dimen114
\@Rdec=\dimen115
\@Lpmdec=\dimen116
\@Rpmdec=\dimen117
\c@section=\count81
\c@subsection=\count82
\c@subsubsection=\count83
\c@paragraph=\count84
\c@subparagraph=\count85
(/usr/share/texlive/texmf-dist/tex/latex/tools/theorem.sty
Package: theorem 2014/10/28 v2.2c Theorem extension package (FMi)
\theorem@style=\toks14
\theorem@bodyfont=\toks15
\theorempreskipamount=\skip44
\theorempostskipamount=\skip45

(/usr/share/texlive/texmf-dist/tex/latex/tools/thp.sty
File: thp.sty 2014/10/28 v2.2c Theorem extension package (FMi)
))
(/usr/share/texlive/texmf-dist/tex/latex/base/newlfont.sty
Package: newlfont 1998/08/17 v2.2m Standard LaTeX package
LaTeX Info: Redefining \em on input line 57.

(/usr/share/texlive/texmf-dist/tex/latex/base/latexsym.sty
Package: latexsym 1998/08/17 v2.2e Standard LaTeX package (lasy symbols)
\symlasy=\mathgroup4
LaTeX Font Info:    Overwriting symbol font `lasy' in version `bold'
(Font)                  U/lasy/m/n --> U/lasy/b/n on input line 52.
))
LaTeX Info: Redefining \rm on input line 595.
LaTeX Info: Redefining \sf on input line 596.
LaTeX Info: Redefining \tt on input line 597.
LaTeX Info: Redefining \bf on input line 598.
LaTeX Info: Redefining \it on input line 599.
LaTeX Info: Redefining \sl on input line 600.
LaTeX Info: Redefining \sc on input line 601.
\c@thm=\count86
\c@alg=\count87
\c@algorithm=\count88
\c@note=\count89
\c@summ=\count90
\c@case=\count91
\@tempcntc=\count92
\c@figure=\count93
\c@table=\count94
\t@glob@notes=\toks16
\t@loc@notes=\toks17
\note@cnt=\count95
\c@author=\count96
\n@author=\count97
\c@collab=\count98
\n@collab=\count99
\c@address=\count100
\sv@mathsurround=\dimen118
\sv@hyphenpenalty=\count101
\prev@elem=\count102
\cur@elem=\count103
\fm@box=\box26
\fm@size=\dimen119
\t@abstract=\box27
\t@keyword=\box28
\rep@mod=\count104
\t@xtheight=\dimen120
\@logoheight=\dimen121
\@pubyear=\count105
\c@firstpage=\count106
\c@lastpage=\count107
\slashbox=\box29
LaTeX Font Info:    External font `cmex10' loaded for size
(Font)              <7> on input line 1506.
LaTeX Font Info:    External font `cmex10' loaded for size
(Font)              <5> on input line 1506.
LaTeX Font Info:    Try loading font information for U+lasy on input line 1506.


(/usr/share/texlive/texmf-dist/tex/latex/base/ulasy.fd
File: ulasy.fd 1998/08/17 v2.2e LaTeX symbol font definitions
)
\Slashbox=\box30
LaTeX Font Info:    External font `cmex10' loaded for size
(Font)              <12> on input line 1507.
LaTeX Font Info:    External font `cmex10' loaded for size
(Font)              <8> on input line 1507.
LaTeX Font Info:    External font `cmex10' loaded for size
(Font)              <6> on input line 1507.
\@frontindent=\dimen122
)
(/usr/share/texlive/texmf-dist/tex/latex/natbib/natbib.sty
Package: natbib 2010/09/13 8.31b (PWD, AO)
\bibhang=\skip46
\bibsep=\skip47
LaTeX Info: Redefining \cite on input line 694.
\c@NAT@ctr=\count108
)
(/usr/share/texlive/texmf-dist/tex/latex/graphics/graphicx.sty
Package: graphicx 2017/06/01 v1.1a Enhanced LaTeX Graphics (DPC,SPQR)

(/usr/share/texlive/texmf-dist/tex/latex/graphics/keyval.sty
Package: keyval 2014/10/28 v1.15 key=value parser (DPC)
\KV@toks@=\toks18
)
(/usr/share/texlive/texmf-dist/tex/latex/graphics/graphics.sty
Package: graphics 2017/06/25 v1.2c Standard LaTeX Graphics (DPC,SPQR)

(/usr/share/texlive/texmf-dist/tex/latex/graphics/trig.sty
Package: trig 2016/01/03 v1.10 sin cos tan (DPC)
)
(/usr/share/texlive/texmf-dist/tex/latex/graphics-cfg/graphics.cfg
File: graphics.cfg 2016/06/04 v1.11 sample graphics configuration
)
Package graphics Info: Driver file: pdftex.def on input line 99.

(/usr/share/texlive/texmf-dist/tex/latex/graphics-def/pdftex.def
File: pdftex.def 2018/01/08 v1.0l Graphics/color driver for pdftex
))
\Gin@req@height=\dimen123
\Gin@req@width=\dimen124
)
(/usr/share/texlive/texmf-dist/tex/latex/amsmath/amsmath.sty
Package: amsmath 2017/09/02 v2.17a AMS math features
\@mathmargin=\skip48

For additional information on amsmath, use the `?' option.
(/usr/share/texlive/texmf-dist/tex/latex/amsmath/amstext.sty
Package: amstext 2000/06/29 v2.01 AMS text

(/usr/share/texlive/texmf-dist/tex/latex/amsmath/amsgen.sty
File: amsgen.sty 1999/11/30 v2.0 generic functions
\@emptytoks=\toks19
\ex@=\dimen125
))
(/usr/share/texlive/texmf-dist/tex/latex/amsmath/amsbsy.sty
Package: amsbsy 1999/11/29 v1.2d Bold Symbols
\pmbraise@=\dimen126
)
(/usr/share/texlive/texmf-dist/tex/latex/amsmath/amsopn.sty
Package: amsopn 2016/03/08 v2.02 operator names
LaTeX Info: Redefining \operatorname on input line 43.
)
\inf@bad=\count109
LaTeX Info: Redefining \frac on input line 213.
\uproot@=\count110
\leftroot@=\count111
LaTeX Info: Redefining \overline on input line 375.
\classnum@=\count112
\DOTSCASE@=\count113
LaTeX Info: Redefining \ldots on input line 472.
LaTeX Info: Redefining \dots on input line 475.
LaTeX Info: Redefining \cdots on input line 596.
\Mathstrutbox@=\box31
\strutbox@=\box32
\big@size=\dimen127
LaTeX Font Info:    Redeclaring font encoding OML on input line 712.
LaTeX Font Info:    Redeclaring font encoding OMS on input line 713.
\macc@depth=\count114
\c@MaxMatrixCols=\count115
\dotsspace@=\muskip10
\c@parentequation=\count116
\dspbrk@lvl=\count117
\tag@help=\toks20
\row@=\count118
\column@=\count119
\maxfields@=\count120
\andhelp@=\toks21
\eqnshift@=\dimen128
\alignsep@=\dimen129
\tagshift@=\dimen130
\tagwidth@=\dimen131
\totwidth@=\dimen132
\lineht@=\dimen133
\@envbody=\toks22
\multlinegap=\skip49
\multlinetaggap=\skip50
\mathdisplay@stack=\toks23
LaTeX Info: Redefining \[ on input line 2817.
LaTeX Info: Redefining \] on input line 2818.
)
(/usr/share/texlive/texmf-dist/tex/latex/amsfonts/amssymb.sty
Package: amssymb 2013/01/14 v3.01 AMS font symbols

(/usr/share/texlive/texmf-dist/tex/latex/amsfonts/amsfonts.sty
Package: amsfonts 2013/01/14 v3.01 Basic AMSFonts support
\symAMSa=\mathgroup5
\symAMSb=\mathgroup6
LaTeX Font Info:    Overwriting math alphabet `\mathfrak' in version `bold'
(Font)                  U/euf/m/n --> U/euf/b/n on input line 106.
))
(/usr/share/texlive/texmf-dist/tex/latex/url/url.sty
\Urlmuskip=\muskip11
Package: url 2013/09/16  ver 3.4  Verb mode for urls, etc.
)
(/usr/share/texlive/texmf-dist/tex/latex/diffcoeff/diffcoeff.sty
(/usr/share/texlive/texmf-dist/tex/latex/l3kernel/expl3.sty
Package: expl3 2018-06-14 L3 programming layer (loader) 

(/usr/share/texlive/texmf-dist/tex/latex/l3kernel/expl3-code.tex
Package: expl3 2018-06-14 L3 programming layer (code)
\c_max_int=\count121
\l_tmpa_int=\count122
\l_tmpb_int=\count123
\g_tmpa_int=\count124
\g_tmpb_int=\count125
\g__kernel_prg_map_int=\count126
\c_log_iow=\count127
\l_iow_line_count_int=\count128
\l__iow_line_target_int=\count129
\l__iow_one_indent_int=\count130
\l__iow_indent_int=\count131
\c_zero_dim=\dimen134
\c_max_dim=\dimen135
\l_tmpa_dim=\dimen136
\l_tmpb_dim=\dimen137
\g_tmpa_dim=\dimen138
\g_tmpb_dim=\dimen139
\c_zero_skip=\skip51
\c_max_skip=\skip52
\l_tmpa_skip=\skip53
\l_tmpb_skip=\skip54
\g_tmpa_skip=\skip55
\g_tmpb_skip=\skip56
\c_zero_muskip=\muskip12
\c_max_muskip=\muskip13
\l_tmpa_muskip=\muskip14
\l_tmpb_muskip=\muskip15
\g_tmpa_muskip=\muskip16
\g_tmpb_muskip=\muskip17
\l_keys_choice_int=\count132
\l__intarray_loop_int=\count133
\c__intarray_sp_dim=\dimen140
\g__intarray_font_int=\count134
\c__fp_leading_shift_int=\count135
\c__fp_middle_shift_int=\count136
\c__fp_trailing_shift_int=\count137
\c__fp_big_leading_shift_int=\count138
\c__fp_big_middle_shift_int=\count139
\c__fp_big_trailing_shift_int=\count140
\c__fp_Bigg_leading_shift_int=\count141
\c__fp_Bigg_middle_shift_int=\count142
\c__fp_Bigg_trailing_shift_int=\count143
\c__kernel_randint_max_int=\count144
\g__fp_array_int=\count145
\l__fp_array_loop_int=\count146
\l__sort_length_int=\count147
\l__sort_min_int=\count148
\l__sort_top_int=\count149
\l__sort_max_int=\count150
\l__sort_true_max_int=\count151
\l__sort_block_int=\count152
\l__sort_begin_int=\count153
\l__sort_end_int=\count154
\l__sort_A_int=\count155
\l__sort_B_int=\count156
\l__sort_C_int=\count157
\l__tl_analysis_normal_int=\count158
\l__tl_analysis_index_int=\count159
\l__tl_analysis_nesting_int=\count160
\l__tl_analysis_type_int=\count161
\l__regex_internal_a_int=\count162
\l__regex_internal_b_int=\count163
\l__regex_internal_c_int=\count164
\l__regex_balance_int=\count165
\l__regex_group_level_int=\count166
\l__regex_mode_int=\count167
\c__regex_cs_in_class_mode_int=\count168
\c__regex_cs_mode_int=\count169
\l__regex_catcodes_int=\count170
\l__regex_default_catcodes_int=\count171
\c__regex_catcode_D_int=\count172
\c__regex_catcode_S_int=\count173
\c__regex_catcode_L_int=\count174
\c__regex_catcode_O_int=\count175
\c__regex_catcode_A_int=\count176
\c__regex_all_catcodes_int=\count177
\l__regex_show_lines_int=\count178
\l__regex_min_state_int=\count179
\l__regex_max_state_int=\count180
\l__regex_left_state_int=\count181
\l__regex_right_state_int=\count182
\l__regex_capturing_group_int=\count183
\l__regex_min_pos_int=\count184
\l__regex_max_pos_int=\count185
\l__regex_curr_pos_int=\count186
\l__regex_start_pos_int=\count187
\l__regex_success_pos_int=\count188
\l__regex_curr_char_int=\count189
\l__regex_curr_catcode_int=\count190
\l__regex_last_char_int=\count191
\l__regex_case_changed_char_int=\count192
\l__regex_curr_state_int=\count193
\l__regex_step_int=\count194
\l__regex_min_active_int=\count195
\l__regex_max_active_int=\count196
\l__regex_replacement_csnames_int=\count197
\l__regex_match_count_int=\count198
\l__regex_min_submatch_int=\count199
\l__regex_submatch_int=\count266
\l__regex_zeroth_submatch_int=\count267
\g__regex_trace_regex_int=\count268
\c_empty_box=\box33
\l_tmpa_box=\box34
\l_tmpb_box=\box35
\g_tmpa_box=\box36
\g_tmpb_box=\box37
\l__box_top_dim=\dimen141
\l__box_bottom_dim=\dimen142
\l__box_left_dim=\dimen143
\l__box_right_dim=\dimen144
\l__box_top_new_dim=\dimen145
\l__box_bottom_new_dim=\dimen146
\l__box_left_new_dim=\dimen147
\l__box_right_new_dim=\dimen148
\l__box_internal_box=\box38
\l__coffin_internal_box=\box39
\l__coffin_internal_dim=\dimen149
\l__coffin_offset_x_dim=\dimen150
\l__coffin_offset_y_dim=\dimen151
\l__coffin_x_dim=\dimen152
\l__coffin_y_dim=\dimen153
\l__coffin_x_prime_dim=\dimen154
\l__coffin_y_prime_dim=\dimen155
\c_empty_coffin=\box40
\l__coffin_aligned_coffin=\box41
\l__coffin_aligned_internal_coffin=\box42
\l_tmpa_coffin=\box43
\l_tmpb_coffin=\box44
\l__coffin_display_coffin=\box45
\l__coffin_display_coord_coffin=\box46
\l__coffin_display_pole_coffin=\box47
\l__coffin_display_offset_dim=\dimen156
\l__coffin_display_x_dim=\dimen157
\l__coffin_display_y_dim=\dimen158
\g__file_internal_ior=\read1
\l__coffin_bounding_shift_dim=\dimen159
\l__coffin_left_corner_dim=\dimen160
\l__coffin_right_corner_dim=\dimen161
\l__coffin_bottom_corner_dim=\dimen162
\l__coffin_top_corner_dim=\dimen163
\l__coffin_scaled_total_height_dim=\dimen164
\l__coffin_scaled_width_dim=\dimen165
\l__seq_internal_a_int=\count269
\l__seq_internal_b_int=\count270
)
(/usr/share/texlive/texmf-dist/tex/latex/l3kernel/l3pdfmode.def
File: l3pdfmode.def 2018-06-14 v L3 Experimental driver: PDF mode
\l__driver_color_stack_int=\count271
))
(/usr/share/texlive/texmf-dist/tex/latex/l3packages/xparse/xparse.sty
Package: xparse 2018-05-12 L3 Experimental document command parser
\l__xparse_current_arg_int=\count272
\g__xparse_grabber_int=\count273
\l__xparse_m_args_int=\count274
\l__xparse_mandatory_args_int=\count275
\l__xparse_v_nesting_int=\count276
)
Package: diffcoeff 2016/06/27 v1.0 Write differential coefficients easily.
\l__diffco_curr_tok_int=\count277
\l__diffco_curr_state_int=\count278
.................................................
. LaTeX info: "xparse/define-command"
. 
. Defining command \diffset with sig. 'o' on line 108.
.................................................
.................................................
. LaTeX info: "xparse/define-command"
. 
. Defining command \diff with sig. 'somt/mg' on line 190.
.................................................
.................................................
. LaTeX info: "xparse/define-command"
. 
. Defining command \Diff with sig. 'ommg' on line 200.
.................................................
.................................................
. LaTeX info: "xparse/define-command"
. 
. Defining command \diffd with sig. 'ommg' on line 210.
.................................................
.................................................
. LaTeX info: "xparse/define-command"
. 
. Defining command \Diffd with sig. 'ommg' on line 220.
.................................................
.................................................
. LaTeX info: "xparse/define-command"
. 
. Defining command \diffp with sig. 'soomt/mg' on line 351.
.................................................
.................................................
. LaTeX info: "xparse/define-command"
. 
. Defining command \jacob with sig. 'mm' on line 356.
.................................................
)
(/usr/share/texlive/texmf-dist/tex/latex/tools/bm.sty
Package: bm 2017/01/16 v1.2c Bold Symbol Support (DPC/FMi)
\symboldoperators=\mathgroup7
\symboldletters=\mathgroup8
\symboldsymbols=\mathgroup9
\symboldlasy=\mathgroup10
LaTeX Font Info:    Redeclaring math alphabet \mathbf on input line 141.
LaTeX Info: Redefining \bm on input line 207.
)
(/usr/share/texlive/texmf-dist/tex/latex/jknapltx/mathrsfs.sty
Package: mathrsfs 1996/01/01 Math RSFS package v1.0 (jk)
\symrsfs=\mathgroup11
)
(/usr/share/texlive/texmf-dist/tex/latex/multirow/multirow.sty
Package: multirow 2018/08/03 v2.3 Span multiple rows of a table
\multirow@colwidth=\skip57
\multirow@cntb=\count279
\multirow@dima=\skip58
\bigstrutjot=\dimen166
)
(/usr/share/texlive/texmf-dist/tex/latex/caption/caption.sty
Package: caption 2018/05/01 v3.3-147 Customizing captions (AR)

(/usr/share/texlive/texmf-dist/tex/latex/caption/caption3.sty
Package: caption3 2018/05/27 v1.8a caption3 kernel (AR)
Package caption3 Info: TeX engine: e-TeX on input line 64.
\captionmargin=\dimen167
\captionmargin@=\dimen168
\captionwidth=\dimen169
\caption@tempdima=\dimen170
\caption@indent=\dimen171
\caption@parindent=\dimen172
\caption@hangindent=\dimen173
\abovecaptionskip=\skip59
\belowcaptionskip=\skip60
Package caption Info: Unknown document class (or package),
(caption)             standard defaults will be used.
)

Package caption Warning: Unsupported document class (or package) detected,
(caption)                usage of the caption package is not recommended.
See the caption package documentation for explanation.

Package caption Info: \@makecaption = macro:->\@makefigurecaption .
\c@ContinuedFloat=\count280
) (/usr/share/texlive/texmf-dist/tex/latex/subfig/subfig.sty
Package: subfig 2005/06/28 ver: 1.3 subfig package


Package subfig Warning: Your document class has a bad definition
 of \endfigure, most likely
 \let\endfigure=\end@float
 which has now been changed to
 \def\endfigure{\end@float}
 because otherwise subsequent changes to \end@float
 (like done by several packages changing float behaviour)
 can't take effect on \endfigure.
 Please complain to your document class author.


Package subfig Warning: Your document class has a bad definition
 of \endtable, most likely
 \let\endtable=\end@float
 which has now been changed to
 \def\endtable{\end@float}
 because otherwise subsequent changes to \end@float
 (like done by several packages changing float behaviour)
 can't take effect on \endtable.
 Please complain to your document class author.

\c@KVtest=\count281
\sf@farskip=\skip61
\sf@captopadj=\dimen174
\sf@capskip=\skip62
\sf@nearskip=\skip63
\c@subfigure=\count282
\c@subfigure@save=\count283
\c@lofdepth=\count284
\c@subtable=\count285
\c@subtable@save=\count286
\c@lotdepth=\count287
\sf@top=\skip64
\sf@bottom=\skip65
) (/usr/share/texlive/texmf-dist/tex/latex/xcolor/xcolor.sty
Package: xcolor 2016/05/11 v2.12 LaTeX color extensions (UK)

(/usr/share/texlive/texmf-dist/tex/latex/graphics-cfg/color.cfg
File: color.cfg 2016/01/02 v1.6 sample color configuration
)
Package xcolor Info: Driver file: pdftex.def on input line 225.
Package xcolor Info: Model `cmy' substituted by `cmy0' on input line 1348.
Package xcolor Info: Model `hsb' substituted by `rgb' on input line 1352.
Package xcolor Info: Model `RGB' extended on input line 1364.
Package xcolor Info: Model `HTML' substituted by `rgb' on input line 1366.
Package xcolor Info: Model `Hsb' substituted by `hsb' on input line 1367.
Package xcolor Info: Model `tHsb' substituted by `hsb' on input line 1368.
Package xcolor Info: Model `HSB' substituted by `hsb' on input line 1369.
Package xcolor Info: Model `Gray' substituted by `gray' on input line 1370.
Package xcolor Info: Model `wave' substituted by `hsb' on input line 1371.
)
(/usr/share/texlive/texmf-dist/tex/latex/colortbl/colortbl.sty
Package: colortbl 2018/05/02 v1.0c Color table columns (DPC)

(/usr/share/texlive/texmf-dist/tex/latex/tools/array.sty
Package: array 2018/04/30 v2.4h Tabular extension package (FMi)
\col@sep=\dimen175
\ar@mcellbox=\box48
\extrarowheight=\dimen176
\NC@list=\toks24
\extratabsurround=\skip66
\backup@length=\skip67
\ar@cellbox=\box49
)
\everycr=\toks25
\minrowclearance=\skip68
)
\c@remark=\count288
\c@conjecture=\count289

(./numerics_plates.aux)
\openout1 = `numerics_plates.aux'.

LaTeX Font Info:    Checking defaults for OML/cmm/m/it on input line 42.
LaTeX Font Info:    ... okay on input line 42.
LaTeX Font Info:    Checking defaults for T1/cmr/m/n on input line 42.
LaTeX Font Info:    ... okay on input line 42.
LaTeX Font Info:    Checking defaults for OT1/cmr/m/n on input line 42.
LaTeX Font Info:    ... okay on input line 42.
LaTeX Font Info:    Checking defaults for OMS/cmsy/m/n on input line 42.
LaTeX Font Info:    ... okay on input line 42.
LaTeX Font Info:    Checking defaults for OMX/cmex/m/n on input line 42.
LaTeX Font Info:    ... okay on input line 42.
LaTeX Font Info:    Checking defaults for U/cmr/m/n on input line 42.
LaTeX Font Info:    ... okay on input line 42.

(/usr/share/texlive/texmf-dist/tex/context/base/mkii/supp-pdf.mkii
[Loading MPS to PDF converter (version 2006.09.02).]
\scratchcounter=\count290
\scratchdimen=\dimen177
\scratchbox=\box50
\nofMPsegments=\count291
\nofMParguments=\count292
\everyMPshowfont=\toks26
\MPscratchCnt=\count293
\MPscratchDim=\dimen178
\MPnumerator=\count294
\makeMPintoPDFobject=\count295
\everyMPtoPDFconversion=\toks27
) (/usr/share/texlive/texmf-dist/tex/latex/oberdiek/epstopdf-base.sty
Package: epstopdf-base 2016/05/15 v2.6 Base part for package epstopdf

(/usr/share/texlive/texmf-dist/tex/generic/oberdiek/infwarerr.sty
Package: infwarerr 2016/05/16 v1.4 Providing info/warning/error messages (HO)
)
(/usr/share/texlive/texmf-dist/tex/latex/oberdiek/grfext.sty
Package: grfext 2016/05/16 v1.2 Manage graphics extensions (HO)

(/usr/share/texlive/texmf-dist/tex/generic/oberdiek/kvdefinekeys.sty
Package: kvdefinekeys 2016/05/16 v1.4 Define keys (HO)

(/usr/share/texlive/texmf-dist/tex/generic/oberdiek/ltxcmds.sty
Package: ltxcmds 2016/05/16 v1.23 LaTeX kernel commands for general use (HO)
)))
(/usr/share/texlive/texmf-dist/tex/latex/oberdiek/kvoptions.sty
Package: kvoptions 2016/05/16 v3.12 Key value format for package options (HO)

(/usr/share/texlive/texmf-dist/tex/generic/oberdiek/kvsetkeys.sty
Package: kvsetkeys 2016/05/16 v1.17 Key value parser (HO)

(/usr/share/texlive/texmf-dist/tex/generic/oberdiek/etexcmds.sty
Package: etexcmds 2016/05/16 v1.6 Avoid name clashes with e-TeX commands (HO)

(/usr/share/texlive/texmf-dist/tex/generic/oberdiek/ifluatex.sty
Package: ifluatex 2016/05/16 v1.4 Provides the ifluatex switch (HO)
Package ifluatex Info: LuaTeX not detected.
)
Package etexcmds Info: Could not find \expanded.
(etexcmds)             That can mean that you are not using pdfTeX 1.50 or
(etexcmds)             that some package has redefined \expanded.
(etexcmds)             In the latter case, load this package earlier.
)))
(/usr/share/texlive/texmf-dist/tex/generic/oberdiek/pdftexcmds.sty
Package: pdftexcmds 2018/01/30 v0.27 Utility functions of pdfTeX for LuaTeX (HO
)

(/usr/share/texlive/texmf-dist/tex/generic/oberdiek/ifpdf.sty
Package: ifpdf 2017/03/15 v3.2 Provides the ifpdf switch
)
Package pdftexcmds Info: LuaTeX not detected.
Package pdftexcmds Info: \pdf@primitive is available.
Package pdftexcmds Info: \pdf@ifprimitive is available.
Package pdftexcmds Info: \pdfdraftmode found.
)
Package epstopdf-base Info: Redefining graphics rule for `.eps' on input line 4
38.
Package grfext Info: Graphics extension search list:
(grfext)             [.pdf,.png,.jpg,.mps,.jpeg,.jbig2,.jb2,.PDF,.PNG,.JPG,.JPE
G,.JBIG2,.JB2,.eps]
(grfext)             \AppendGraphicsExtensions on input line 456.

(/usr/share/texlive/texmf-dist/tex/latex/latexconfig/epstopdf-sys.cfg
File: epstopdf-sys.cfg 2010/07/13 v1.3 Configuration of (r)epstopdf for TeX Liv
e
))
Package caption Info: Begin \AtBeginDocument code.
Package caption Info: subfig package v1.3 is loaded.
Package caption Info: End \AtBeginDocument code.
LaTeX Font Info:    Calculating math sizes for size <14> on input line 45.
LaTeX Font Info:    Try loading font information for U+msa on input line 45.

(/usr/share/texlive/texmf-dist/tex/latex/amsfonts/umsa.fd
File: umsa.fd 2013/01/14 v3.01 AMS symbols A
)
LaTeX Font Info:    Try loading font information for U+msb on input line 45.

(/usr/share/texlive/texmf-dist/tex/latex/amsfonts/umsb.fd
File: umsb.fd 2013/01/14 v3.01 AMS symbols B
)
LaTeX Font Info:    Font shape `U/lasy/b/n' in size <9.79996> not available
(Font)              Font shape `U/lasy/m/n' tried instead on input line 45.
LaTeX Font Info:    Font shape `U/lasy/b/n' in size <7> not available
(Font)              Font shape `U/lasy/m/n' tried instead on input line 45.
LaTeX Font Info:    Try loading font information for U+rsfs on input line 45.

(/usr/share/texlive/texmf-dist/tex/latex/jknapltx/ursfs.fd
File: ursfs.fd 1998/03/24 rsfs font definition file (jk)
)
LaTeX Font Info:    Font shape `U/lasy/b/n' in size <5> not available
(Font)              Font shape `U/lasy/m/n' tried instead on input line 54.
\c@sv@footnote=\count296
LaTeX Font Info:    Font shape `U/lasy/b/n' in size <8> not available
(Font)              Font shape `U/lasy/m/n' tried instead on input line 72.
LaTeX Font Info:    Font shape `U/lasy/b/n' in size <6> not available
(Font)              Font shape `U/lasy/m/n' tried instead on input line 72.

Overfull \hbox (4.20818pt too wide) detected at line 137
[][] [][] [][]
 []

[1{/usr/share/texlive/texmf-dist/fonts/map/pdftex/updmap/pdftex.map}

]
Overfull \hbox (1.15286pt too wide) detected at line 165
\OMS/cmsy/m/n/10 D\OT1/cmr/m/n/10 (\OMS/cmsy/m/n/10 ^^A\OT1/cmr/m/n/10 ) = [][(
1 \OMS/cmsy/m/n/10 ^^@ \OML/cmm/m/it/10 ^^W\OT1/cmr/m/n/10 )(\OMS/cmsy/m/n/10 ^
^A\OT1/cmr/m/n/10 ) + \OML/cmm/m/it/10 ^^W []\OT1/cmr/m/n/10 (\OMS/cmsy/m/n/10 
^^A\OT1/cmr/m/n/10 )]\OML/cmm/m/it/10 ;  \OMS/cmsy/m/n/10 C\OT1/cmr/m/n/10 (\OM
S/cmsy/m/n/10 ^^A\OT1/cmr/m/n/10 ) = [](\OMS/cmsy/m/n/10 ^^A\OT1/cmr/m/n/10 )\O
ML/cmm/m/it/10 ;
 []

[2]
Overfull \hbox (8.90355pt too wide) in paragraph at lines 369--371
\OT1/cmr/m/n/10 weak for-mu-la-tion then con-sists in find-ing $(\OML/cmm/m/it/
10 e[]; \OML/cmm/b/it/10 e[]\OML/cmm/m/it/10 ; \OML/cmm/b/it/10 E[]\OML/cmm/m/i
t/10 ; \OML/cmm/b/it/10 e[]\OML/cmm/m/it/10 ; \OML/cmm/b/it/10 E[]\OT1/cmr/m/n/
10 )$
 []


Overfull \hbox (8.48074pt too wide) detected at line 400
[][]
 []


Overfull \hbox (3.104pt too wide) detected at line 434
[][]
 []

[3]
Overfull \hbox (1.9102pt too wide) detected at line 509
\OML/cmm/m/it/10 e[]\OT1/cmr/m/n/10 (\OML/cmm/m/it/10 x; y; t\OT1/cmr/m/n/10 ) 
= \OML/cmm/m/it/10 w[]\OT1/cmr/m/n/10 (\OML/cmm/m/it/10 x; y\OT1/cmr/m/n/10 ) [
](\OML/cmm/m/it/10 t\OT1/cmr/m/n/10 )\OML/cmm/m/it/10 ;  \OML/cmm/b/it/10 e[]\O
T1/cmr/m/n/10 (\OML/cmm/m/it/10 x; y; t\OT1/cmr/m/n/10 ) = \OML/cmm/b/it/10 ^^R
[]\OT1/cmr/m/n/10 (\OML/cmm/m/it/10 x; y\OT1/cmr/m/n/10 ) [](\OML/cmm/m/it/10 t
\OT1/cmr/m/n/10 )\OML/cmm/m/it/10 :
 []

Package epstopdf Info: Source file: <./Figures/Mindlin/CCCC_BEC__vel.eps>
(epstopdf)                    date: 2020-01-14 14:21:21
(epstopdf)                    size: 220780 bytes
(epstopdf)             Output file: <./Figures/Mindlin/CCCC_BEC__vel-eps-conver
ted-to.pdf>
(epstopdf)                    date: 2020-01-14 14:23:30
(epstopdf)                    size: 17795 bytes
(epstopdf)             Command: <epstopdf --outfile=./Figures/Mindlin/CCCC_BEC_
_vel-eps-converted-to.pdf ./Figures/Mindlin/CCCC_BEC__vel.eps>
(epstopdf)             \includegraphics on input line 545.
Package epstopdf Info: Output file is already uptodate.


pdfTeX warning: /usr/bin/pdflatex (file ./Figures/Mindlin/CCCC_BEC__vel-eps-con
verted-to.pdf): PDF inclusion: found PDF version <1.7>, but at most version <1.
5> allowed
<./Figures/Mindlin/CCCC_BEC__vel-eps-converted-to.pdf, id=34, 462.72874pt x 347
.2975pt>
File: ./Figures/Mindlin/CCCC_BEC__vel-eps-converted-to.pdf Graphic file (type p
df)
<use ./Figures/Mindlin/CCCC_BEC__vel-eps-converted-to.pdf>
Package pdftex.def Info: ./Figures/Mindlin/CCCC_BEC__vel-eps-converted-to.pdf  
used on input line 545.
(pdftex.def)             Requested size: 120.86623pt x 90.71385pt.
Package epstopdf Info: Source file: <./Figures/Mindlin/CCCC_BEC__om.eps>
(epstopdf)                    date: 2020-01-14 14:21:24
(epstopdf)                    size: 221711 bytes
(epstopdf)             Output file: <./Figures/Mindlin/CCCC_BEC__om-eps-convert
ed-to.pdf>
(epstopdf)                    date: 2020-01-14 14:23:31
(epstopdf)                    size: 18644 bytes
(epstopdf)             Command: <epstopdf --outfile=./Figures/Mindlin/CCCC_BEC_
_om-eps-converted-to.pdf ./Figures/Mindlin/CCCC_BEC__om.eps>
(epstopdf)             \includegraphics on input line 549.
Package epstopdf Info: Output file is already uptodate.


pdfTeX warning: /usr/bin/pdflatex (file ./Figures/Mindlin/CCCC_BEC__om-eps-conv
erted-to.pdf): PDF inclusion: found PDF version <1.7>, but at most version <1.5
> allowed
<./Figures/Mindlin/CCCC_BEC__om-eps-converted-to.pdf, id=35, 462.72874pt x 347.
2975pt>
File: ./Figures/Mindlin/CCCC_BEC__om-eps-converted-to.pdf Graphic file (type pd
f)
<use ./Figures/Mindlin/CCCC_BEC__om-eps-converted-to.pdf>
Package pdftex.def Info: ./Figures/Mindlin/CCCC_BEC__om-eps-converted-to.pdf  u
sed on input line 549.
(pdftex.def)             Requested size: 120.86623pt x 90.71385pt.
Package epstopdf Info: Source file: <./Figures/Mindlin/CCCC_BEC__sig.eps>
(epstopdf)                    date: 2020-01-14 14:21:30
(epstopdf)                    size: 222588 bytes
(epstopdf)             Output file: <./Figures/Mindlin/CCCC_BEC__sig-eps-conver
ted-to.pdf>
(epstopdf)                    date: 2020-01-14 14:23:31
(epstopdf)                    size: 18893 bytes
(epstopdf)             Command: <epstopdf --outfile=./Figures/Mindlin/CCCC_BEC_
_sig-eps-converted-to.pdf ./Figures/Mindlin/CCCC_BEC__sig.eps>
(epstopdf)             \includegraphics on input line 552.
Package epstopdf Info: Output file is already uptodate.


pdfTeX warning: /usr/bin/pdflatex (file ./Figures/Mindlin/CCCC_BEC__sig-eps-con
verted-to.pdf): PDF inclusion: found PDF version <1.7>, but at most version <1.
5> allowed
<./Figures/Mindlin/CCCC_BEC__sig-eps-converted-to.pdf, id=36, 462.72874pt x 347
.2975pt>
File: ./Figures/Mindlin/CCCC_BEC__sig-eps-converted-to.pdf Graphic file (type p
df)
<use ./Figures/Mindlin/CCCC_BEC__sig-eps-converted-to.pdf>
Package pdftex.def Info: ./Figures/Mindlin/CCCC_BEC__sig-eps-converted-to.pdf  
used on input line 552.
(pdftex.def)             Requested size: 120.86623pt x 90.71385pt.
Package epstopdf Info: Source file: <./Figures/Mindlin/CCCC_BEC__q.eps>
(epstopdf)                    date: 2020-01-14 14:21:32
(epstopdf)                    size: 222145 bytes
(epstopdf)             Output file: <./Figures/Mindlin/CCCC_BEC__q-eps-converte
d-to.pdf>
(epstopdf)                    date: 2020-01-14 14:23:31
(epstopdf)                    size: 18745 bytes
(epstopdf)             Command: <epstopdf --outfile=./Figures/Mindlin/CCCC_BEC_
_q-eps-converted-to.pdf ./Figures/Mindlin/CCCC_BEC__q.eps>
(epstopdf)             \includegraphics on input line 556.
Package epstopdf Info: Output file is already uptodate.


pdfTeX warning: /usr/bin/pdflatex (file ./Figures/Mindlin/CCCC_BEC__q-eps-conve
rted-to.pdf): PDF inclusion: found PDF version <1.7>, but at most version <1.5>
 allowed
<./Figures/Mindlin/CCCC_BEC__q-eps-converted-to.pdf, id=37, 462.72874pt x 347.2
975pt>
File: ./Figures/Mindlin/CCCC_BEC__q-eps-converted-to.pdf Graphic file (type pdf
)
<use ./Figures/Mindlin/CCCC_BEC__q-eps-converted-to.pdf>
Package pdftex.def Info: ./Figures/Mindlin/CCCC_BEC__q-eps-converted-to.pdf  us
ed on input line 556.
(pdftex.def)             Requested size: 120.86623pt x 90.71385pt.
[4 <./Figures/Mindlin/CCCC_BEC__vel-eps-converted-to.pdf> <./Figures/Mindlin/CC
CC_BEC__om-eps-converted-to.pdf> <./Figures/Mindlin/CCCC_BEC__sig-eps-converted
-to.pdf> <./Figures/Mindlin/CCCC_BEC__q-eps-converted-to.pdf>]
Package epstopdf Info: Source file: <./Figures/Mindlin/CCCC__vel.eps>
(epstopdf)                    date: 2020-01-14 14:42:49
(epstopdf)                    size: 218984 bytes
(epstopdf)             Output file: <./Figures/Mindlin/CCCC__vel-eps-converted-
to.pdf>
(epstopdf)                    date: 2020-01-14 15:52:04
(epstopdf)                    size: 17633 bytes
(epstopdf)             Command: <epstopdf --outfile=./Figures/Mindlin/CCCC__vel
-eps-converted-to.pdf ./Figures/Mindlin/CCCC__vel.eps>
(epstopdf)             \includegraphics on input line 568.
Package epstopdf Info: Output file is already uptodate.


pdfTeX warning: /usr/bin/pdflatex (file ./Figures/Mindlin/CCCC__vel-eps-convert
ed-to.pdf): PDF inclusion: found PDF version <1.7>, but at most version <1.5> a
llowed
<./Figures/Mindlin/CCCC__vel-eps-converted-to.pdf, id=151, 462.72874pt x 347.29
75pt>
File: ./Figures/Mindlin/CCCC__vel-eps-converted-to.pdf Graphic file (type pdf)
<use ./Figures/Mindlin/CCCC__vel-eps-converted-to.pdf>
Package pdftex.def Info: ./Figures/Mindlin/CCCC__vel-eps-converted-to.pdf  used
 on input line 568.
(pdftex.def)             Requested size: 120.86623pt x 90.71385pt.
Package epstopdf Info: Source file: <./Figures/Mindlin/CCCC__om.eps>
(epstopdf)                    date: 2020-01-14 14:42:50
(epstopdf)                    size: 221270 bytes
(epstopdf)             Output file: <./Figures/Mindlin/CCCC__om-eps-converted-t
o.pdf>
(epstopdf)                    date: 2020-01-14 15:52:04
(epstopdf)                    size: 18622 bytes
(epstopdf)             Command: <epstopdf --outfile=./Figures/Mindlin/CCCC__om-
eps-converted-to.pdf ./Figures/Mindlin/CCCC__om.eps>
(epstopdf)             \includegraphics on input line 572.
Package epstopdf Info: Output file is already uptodate.


pdfTeX warning: /usr/bin/pdflatex (file ./Figures/Mindlin/CCCC__om-eps-converte
d-to.pdf): PDF inclusion: found PDF version <1.7>, but at most version <1.5> al
lowed
<./Figures/Mindlin/CCCC__om-eps-converted-to.pdf, id=152, 462.72874pt x 347.297
5pt>
File: ./Figures/Mindlin/CCCC__om-eps-converted-to.pdf Graphic file (type pdf)
<use ./Figures/Mindlin/CCCC__om-eps-converted-to.pdf>
Package pdftex.def Info: ./Figures/Mindlin/CCCC__om-eps-converted-to.pdf  used 
on input line 572.
(pdftex.def)             Requested size: 120.86623pt x 90.71385pt.
Package epstopdf Info: Source file: <./Figures/Mindlin/CCCC__sig.eps>
(epstopdf)                    date: 2020-01-14 14:42:50
(epstopdf)                    size: 220118 bytes
(epstopdf)             Output file: <./Figures/Mindlin/CCCC__sig-eps-converted-
to.pdf>
(epstopdf)                    date: 2020-01-14 15:52:04
(epstopdf)                    size: 18559 bytes
(epstopdf)             Command: <epstopdf --outfile=./Figures/Mindlin/CCCC__sig
-eps-converted-to.pdf ./Figures/Mindlin/CCCC__sig.eps>
(epstopdf)             \includegraphics on input line 575.
Package epstopdf Info: Output file is already uptodate.


pdfTeX warning: /usr/bin/pdflatex (file ./Figures/Mindlin/CCCC__sig-eps-convert
ed-to.pdf): PDF inclusion: found PDF version <1.7>, but at most version <1.5> a
llowed
<./Figures/Mindlin/CCCC__sig-eps-converted-to.pdf, id=153, 462.72874pt x 347.29
75pt>
File: ./Figures/Mindlin/CCCC__sig-eps-converted-to.pdf Graphic file (type pdf)
<use ./Figures/Mindlin/CCCC__sig-eps-converted-to.pdf>
Package pdftex.def Info: ./Figures/Mindlin/CCCC__sig-eps-converted-to.pdf  used
 on input line 575.
(pdftex.def)             Requested size: 120.86623pt x 90.71385pt.
Package epstopdf Info: Source file: <./Figures/Mindlin/CCCC__q.eps>
(epstopdf)                    date: 2020-01-14 14:42:51
(epstopdf)                    size: 220228 bytes
(epstopdf)             Output file: <./Figures/Mindlin/CCCC__q-eps-converted-to
.pdf>
(epstopdf)                    date: 2020-01-14 15:52:05
(epstopdf)                    size: 18529 bytes
(epstopdf)             Command: <epstopdf --outfile=./Figures/Mindlin/CCCC__q-e
ps-converted-to.pdf ./Figures/Mindlin/CCCC__q.eps>
(epstopdf)             \includegraphics on input line 579.
Package epstopdf Info: Output file is already uptodate.


pdfTeX warning: /usr/bin/pdflatex (file ./Figures/Mindlin/CCCC__q-eps-converted
-to.pdf): PDF inclusion: found PDF version <1.7>, but at most version <1.5> all
owed
<./Figures/Mindlin/CCCC__q-eps-converted-to.pdf, id=154, 462.72874pt x 347.2975
pt>
File: ./Figures/Mindlin/CCCC__q-eps-converted-to.pdf Graphic file (type pdf)
<use ./Figures/Mindlin/CCCC__q-eps-converted-to.pdf>
Package pdftex.def Info: ./Figures/Mindlin/CCCC__q-eps-converted-to.pdf  used o
n input line 579.
(pdftex.def)             Requested size: 120.86623pt x 90.71385pt.
Package epstopdf Info: Source file: <./Figures/Mindlin/CCCC__r.eps>
(epstopdf)                    date: 2020-01-14 14:42:51
(epstopdf)                    size: 219357 bytes
(epstopdf)             Output file: <./Figures/Mindlin/CCCC__r-eps-converted-to
.pdf>
(epstopdf)                    date: 2020-01-14 15:52:05
(epstopdf)                    size: 18239 bytes
(epstopdf)             Command: <epstopdf --outfile=./Figures/Mindlin/CCCC__r-e
ps-converted-to.pdf ./Figures/Mindlin/CCCC__r.eps>
(epstopdf)             \includegraphics on input line 582.
Package epstopdf Info: Output file is already uptodate.


pdfTeX warning: /usr/bin/pdflatex (file ./Figures/Mindlin/CCCC__r-eps-converted
-to.pdf): PDF inclusion: found PDF version <1.7>, but at most version <1.5> all
owed
<./Figures/Mindlin/CCCC__r-eps-converted-to.pdf, id=155, 462.72874pt x 347.2975
pt>
File: ./Figures/Mindlin/CCCC__r-eps-converted-to.pdf Graphic file (type pdf)
<use ./Figures/Mindlin/CCCC__r-eps-converted-to.pdf>
Package pdftex.def Info: ./Figures/Mindlin/CCCC__r-eps-converted-to.pdf  used o
n input line 582.
(pdftex.def)             Requested size: 120.86623pt x 90.71385pt.

Overfull \hbox (3.53802pt too wide) detected at line 592
\OML/cmm/m/it/10 w[]\OT1/cmr/m/n/10 (\OML/cmm/m/it/10 x; y; t\OT1/cmr/m/n/10 ) 
= [](\OML/cmm/m/it/10 ^^Yx\OT1/cmr/m/n/10 ) [](\OML/cmm/m/it/10 ^^Yy\OT1/cmr/m/
n/10 ) [](\OML/cmm/m/it/10 t\OT1/cmr/m/n/10 )\OML/cmm/m/it/10 ;  \OT1/cmr/m/n/1
0 (\OML/cmm/m/it/10 x; y\OT1/cmr/m/n/10 ) \OMS/cmsy/m/n/10 2 \OT1/cmr/m/n/10 (0
\OML/cmm/m/it/10 ; \OT1/cmr/m/n/10 1) \OMS/cmsy/m/n/10 ^^B \OT1/cmr/m/n/10 (0\O
ML/cmm/m/it/10 ; \OT1/cmr/m/n/10 1)\OML/cmm/m/it/10 :
 []

Package epstopdf Info: Source file: <./Figures/Kirchhoff/SSSS__vel.eps>
(epstopdf)                    date: 2020-01-14 17:26:49
(epstopdf)                    size: 220406 bytes
(epstopdf)             Output file: <./Figures/Kirchhoff/SSSS__vel-eps-converte
d-to.pdf>
(epstopdf)                    date: 2020-01-14 17:31:24
(epstopdf)                    size: 17721 bytes
(epstopdf)             Command: <epstopdf --outfile=./Figures/Kirchhoff/SSSS__v
el-eps-converted-to.pdf ./Figures/Kirchhoff/SSSS__vel.eps>
(epstopdf)             \includegraphics on input line 624.
Package epstopdf Info: Output file is already uptodate.


pdfTeX warning: /usr/bin/pdflatex (file ./Figures/Kirchhoff/SSSS__vel-eps-conve
rted-to.pdf): PDF inclusion: found PDF version <1.7>, but at most version <1.5>
 allowed
<./Figures/Kirchhoff/SSSS__vel-eps-converted-to.pdf, id=156, 462.72874pt x 347.
2975pt>
File: ./Figures/Kirchhoff/SSSS__vel-eps-converted-to.pdf Graphic file (type pdf
)
<use ./Figures/Kirchhoff/SSSS__vel-eps-converted-to.pdf>
Package pdftex.def Info: ./Figures/Kirchhoff/SSSS__vel-eps-converted-to.pdf  us
ed on input line 624.
(pdftex.def)             Requested size: 120.86623pt x 90.71385pt.
Package epstopdf Info: Source file: <./Figures/Kirchhoff/SSSS__sig.eps>
(epstopdf)                    date: 2020-01-14 17:26:50
(epstopdf)                    size: 221841 bytes
(epstopdf)             Output file: <./Figures/Kirchhoff/SSSS__sig-eps-converte
d-to.pdf>
(epstopdf)                    date: 2020-01-14 17:31:55
(epstopdf)                    size: 18641 bytes
(epstopdf)             Command: <epstopdf --outfile=./Figures/Kirchhoff/SSSS__s
ig-eps-converted-to.pdf ./Figures/Kirchhoff/SSSS__sig.eps>
(epstopdf)             \includegraphics on input line 628.
Package epstopdf Info: Output file is already uptodate.


pdfTeX warning: /usr/bin/pdflatex (file ./Figures/Kirchhoff/SSSS__sig-eps-conve
rted-to.pdf): PDF inclusion: found PDF version <1.7>, but at most version <1.5>
 allowed
<./Figures/Kirchhoff/SSSS__sig-eps-converted-to.pdf, id=157, 462.72874pt x 347.
2975pt>
File: ./Figures/Kirchhoff/SSSS__sig-eps-converted-to.pdf Graphic file (type pdf
)
<use ./Figures/Kirchhoff/SSSS__sig-eps-converted-to.pdf>
Package pdftex.def Info: ./Figures/Kirchhoff/SSSS__sig-eps-converted-to.pdf  us
ed on input line 628.
(pdftex.def)             Requested size: 120.86623pt x 90.71385pt.
(./numerics_plates.bbl [5 <./Figures/Mindlin/CCCC__vel-eps-converted-to.pdf> <.
/Figures/Mindlin/CCCC__om-eps-converted-to.pdf> <./Figures/Mindlin/CCCC__sig-ep
s-converted-to.pdf> <./Figures/Mindlin/CCCC__q-eps-converted-to.pdf> <./Figures
/Mindlin/CCCC__r-eps-converted-to.pdf> <./Figures/Kirchhoff/SSSS__vel-eps-conve
rted-to.pdf> <./Figures/Kirchhoff/SSSS__sig-eps-converted-to.pdf>]) [6

]
(./numerics_plates.aux) ) 
Here is how much of TeX's memory you used:
 14572 strings out of 492701
 258060 string characters out of 6134504
 317953 words of memory out of 5000000
 18301 multiletter control sequences out of 15000+600000
 547826 words of font info for 89 fonts, out of 8000000 for 9000
 1137 hyphenation exceptions out of 8191
 41i,15n,63p,1068b,460s stack positions out of 5000i,500n,10000p,200000b,80000s
</usr/share/texlive/texmf-dist/fonts/type1/public/amsf
onts/cm/cmbx10.pfb></usr/share/texlive/texmf-dist/fonts/type1/public/amsfonts/c
m/cmbx12.pfb></usr/share/texlive/texmf-dist/fonts/type1/public/amsfonts/cm/cmex
10.pfb></usr/share/texlive/texmf-dist/fonts/type1/public/amsfonts/cm/cmmi10.pfb
></usr/share/texlive/texmf-dist/fonts/type1/public/amsfonts/cm/cmmi12.pfb></usr
/share/texlive/texmf-dist/fonts/type1/public/amsfonts/cm/cmmi5.pfb></usr/share/
texlive/texmf-dist/fonts/type1/public/amsfonts/cm/cmmi6.pfb></usr/share/texlive
/texmf-dist/fonts/type1/public/amsfonts/cm/cmmi7.pfb></usr/share/texlive/texmf-
dist/fonts/type1/public/amsfonts/cm/cmmi8.pfb></usr/share/texlive/texmf-dist/fo
nts/type1/public/amsfonts/cm/cmmib10.pfb></usr/share/texlive/texmf-dist/fonts/t
ype1/public/amsfonts/cmextra/cmmib7.pfb></usr/share/texlive/texmf-dist/fonts/ty
pe1/public/amsfonts/cmextra/cmmib8.pfb></usr/share/texlive/texmf-dist/fonts/typ
e1/public/amsfonts/cm/cmr10.pfb></usr/share/texlive/texmf-dist/fonts/type1/publ
ic/amsfonts/cm/cmr12.pfb></usr/share/texlive/texmf-dist/fonts/type1/public/amsf
onts/cm/cmr5.pfb></usr/share/texlive/texmf-dist/fonts/type1/public/amsfonts/cm/
cmr6.pfb></usr/share/texlive/texmf-dist/fonts/type1/public/amsfonts/cm/cmr7.pfb
></usr/share/texlive/texmf-dist/fonts/type1/public/amsfonts/cm/cmr8.pfb></usr/s
hare/texlive/texmf-dist/fonts/type1/public/amsfonts/cm/cmr9.pfb></usr/share/tex
live/texmf-dist/fonts/type1/public/amsfonts/cm/cmss12.pfb></usr/share/texlive/t
exmf-dist/fonts/type1/public/amsfonts/cm/cmss17.pfb></usr/share/texlive/texmf-d
ist/fonts/type1/public/amsfonts/cm/cmsy10.pfb></usr/share/texlive/texmf-dist/fo
nts/type1/public/amsfonts/cm/cmsy5.pfb></usr/share/texlive/texmf-dist/fonts/typ
e1/public/amsfonts/cm/cmsy6.pfb></usr/share/texlive/texmf-dist/fonts/type1/publ
ic/amsfonts/cm/cmsy7.pfb></usr/share/texlive/texmf-dist/fonts/type1/public/amsf
onts/cm/cmsy8.pfb></usr/share/texlive/texmf-dist/fonts/type1/public/amsfonts/cm
/cmti10.pfb></usr/share/texlive/texmf-dist/fonts/type1/public/amsfonts/cm/cmti8
.pfb></usr/share/texlive/texmf-dist/fonts/type1/public/amsfonts/cm/cmtt10.pfb><
/usr/share/texlive/texmf-dist/fonts/type1/public/amsfonts/cm/cmtt8.pfb></usr/sh
are/texlive/texmf-dist/fonts/type1/public/amsfonts/symbols/msam10.pfb></usr/sha
re/texlive/texmf-dist/fonts/type1/public/amsfonts/symbols/msbm10.pfb>
Output written on numerics_plates.pdf (6 pages, 417506 bytes).
PDF statistics:
 401 PDF objects out of 1000 (max. 8388607)
 346 compressed objects within 4 object streams
 0 named destinations out of 1000 (max. 500000)
 56 words of extra memory for PDF output out of 10000 (max. 10000000)

