This is XeTeX, Version 3.14159265-2.6-0.999992 (TeX Live 2020) (preloaded format=xelatex 2021.2.5)  2 MAR 2022 13:55
entering extended mode
 restricted \write18 enabled.
 %&-line parsing enabled.
**DossierFondation_v2.tex
(./DossierFondation_v2.tex
LaTeX2e <2020-10-01> patch level 4
L3 programming layer <2021-02-02>
(/usr/local/texlive/2020/texmf-dist/tex/latex/base/article.cls
Document Class: article 2020/04/10 v1.4m Standard LaTeX document class
(/usr/local/texlive/2020/texmf-dist/tex/latex/base/size12.clo
File: size12.clo 2020/04/10 v1.4m Standard LaTeX file (size option)
)
\c@part=\count173
\c@section=\count174
\c@subsection=\count175
\c@subsubsection=\count176
\c@paragraph=\count177
\c@subparagraph=\count178
\c@figure=\count179
\c@table=\count180
\abovecaptionskip=\skip47
\belowcaptionskip=\skip48
\bibindent=\dimen138
)
(/usr/local/texlive/2020/texmf-dist/tex/latex/fontspec/fontspec.sty
(/usr/local/texlive/2020/texmf-dist/tex/latex/l3packages/xparse/xparse.sty
(/usr/local/texlive/2020/texmf-dist/tex/latex/l3kernel/expl3.sty
Package: expl3 2021-02-02 L3 programming layer (loader) 

(/usr/local/texlive/2020/texmf-dist/tex/latex/l3backend/l3backend-xetex.def
File: l3backend-xetex.def 2020-01-29 L3 backend support: XeTeX

(|extractbb --version)
\c__kernel_sys_dvipdfmx_version_int=\count181
\l__color_backend_stack_int=\count182
\g__graphics_track_int=\count183
\l__pdf_internal_box=\box47
\g__pdf_backend_object_int=\count184
\g__pdf_backend_annotation_int=\count185
\g__pdf_backend_link_int=\count186
))
(/usr/local/texlive/2020/texmf-dist/tex/latex/l3packages/xparse/xparse-2020-10-
01.sty
(/usr/local/texlive/2020/texmf-dist/tex/latex/l3packages/xparse/xparse-generic.
tex)))
Package: fontspec 2020/02/21 v2.7i Font selection for XeLaTeX and LuaLaTeX

(/usr/local/texlive/2020/texmf-dist/tex/latex/fontspec/fontspec-xetex.sty
Package: fontspec-xetex 2020/02/21 v2.7i Font selection for XeLaTeX and LuaLaTe
X
\l__fontspec_script_int=\count187
\l__fontspec_language_int=\count188
\l__fontspec_strnum_int=\count189
\l__fontspec_tmp_int=\count190
\l__fontspec_tmpa_int=\count191
\l__fontspec_tmpb_int=\count192
\l__fontspec_tmpc_int=\count193
\l__fontspec_em_int=\count194
\l__fontspec_emdef_int=\count195
\l__fontspec_strong_int=\count196
\l__fontspec_strongdef_int=\count197
\l__fontspec_tmpa_dim=\dimen139
\l__fontspec_tmpb_dim=\dimen140
\l__fontspec_tmpc_dim=\dimen141

(/usr/local/texlive/2020/texmf-dist/tex/latex/base/fontenc.sty
Package: fontenc 2020/08/10 v2.0s Standard LaTeX package
)
(/usr/local/texlive/2020/texmf-dist/tex/latex/fontspec/fontspec.cfg)))

Package fontspec Info: Font family 'Arial(0)' created for font 'Arial' with
(fontspec)             options [Ligatures=TeX].
(fontspec)              
(fontspec)              This font family consists of the following NFSS
(fontspec)             series/shapes:
(fontspec)              
(fontspec)             - 'normal' (m/n) with NFSS spec.:
(fontspec)             <->"Arial/OT:language=dflt;mapping=tex-text;"
(fontspec)             - 'small caps'  (m/sc) with NFSS spec.: 
(fontspec)             - 'bold' (b/n) with NFSS spec.:
(fontspec)             <->"Arial/B/OT:language=dflt;mapping=tex-text;"
(fontspec)             - 'bold small caps'  (b/sc) with NFSS spec.: 
(fontspec)             - 'italic' (m/it) with NFSS spec.:
(fontspec)             <->"Arial/I/OT:language=dflt;mapping=tex-text;"
(fontspec)             - 'italic small caps'  (m/scit) with NFSS spec.: 
(fontspec)             - 'bold italic' (b/it) with NFSS spec.:
(fontspec)             <->"Arial/BI/OT:language=dflt;mapping=tex-text;"
(fontspec)             - 'bold italic small caps'  (b/scit) with NFSS spec.: 


(/usr/local/texlive/2020/texmf-dist/tex/latex/wrapfig/wrapfig.sty
\wrapoverhang=\dimen142
\WF@size=\dimen143
\c@WF@wrappedlines=\count198
\WF@box=\box48
\WF@everypar=\toks15
Package: wrapfig 2003/01/31  v 3.6
)
(/usr/local/texlive/2020/texmf-dist/tex/generic/babel/babel.sty
Package: babel 2021/01/26 3.53 The Babel package

(/usr/local/texlive/2020/texmf-dist/tex/generic/babel/babel.def
File: babel.def 2021/01/26 3.53 Babel common definitions
\babel@savecnt=\count199
\U@D=\dimen144
\l@babelnohyphens=\language86

(/usr/local/texlive/2020/texmf-dist/tex/generic/babel/xebabel.def
(/usr/local/texlive/2020/texmf-dist/tex/generic/babel/txtbabel.def))
\bbl@readstream=\read2
)
\bbl@dirlevel=\count266

(/usr/local/texlive/2020/texmf-dist/tex/generic/babel-french/french.ldf
Language: french 2020/10/10 v3.5l French support from the babel system
Package babel Info: \l@acadian = using hyphenrules for french
(babel)             (\language28) on input line 91.
Package babel Info: \l@canadien = using hyphenrules for french
(babel)             (\language28) on input line 92.
\FB@nonchar=\count267
Package french.ldf Info: No need for active punctuation characters
(french.ldf)             with this version of XeTeX!
(french.ldf)             reported on input line 332.
\FB@punctthick=\XeTeXcharclass1
\FB@punctthin=\XeTeXcharclass2
\FB@punctnul=\XeTeXcharclass3
\FB@guilo=\XeTeXcharclass4
\FB@guilf=\XeTeXcharclass5
\FB@guilnul=\XeTeXcharclass6
\FBguill@level=\count268
\FBold@everypar=\toks16
\FB@Mht=\dimen145
\mc@charclass=\count269
\mc@charfam=\count270
\mc@charslot=\count271
\std@mcc=\count272
\dec@mcc=\count273
\listindentFB=\dimen146
\descindentFB=\dimen147
\labelindentFB=\dimen148
\labelwidthFB=\dimen149
\leftmarginFB=\dimen150
\parindentFFN=\dimen151
\FBfnindent=\dimen152
))
(/usr/local/texlive/2020/texmf-dist/tex/latex/carlisle/scalefnt.sty)
(/usr/local/texlive/2020/texmf-dist/tex/latex/graphics/keyval.sty
Package: keyval 2014/10/28 v1.15 key=value parser (DPC)
\KV@toks@=\toks17
)
(/usr/local/texlive/2020/texmf-dist/tex/latex/setspace/setspace.sty
Package: setspace 2011/12/19 v6.7a set line spacing
)
(/usr/local/texlive/2020/texmf-dist/tex/latex/pgf/frontendlayer/tikz.sty
(/usr/local/texlive/2020/texmf-dist/tex/latex/pgf/basiclayer/pgf.sty
(/usr/local/texlive/2020/texmf-dist/tex/latex/pgf/utilities/pgfrcs.sty
(/usr/local/texlive/2020/texmf-dist/tex/generic/pgf/utilities/pgfutil-common.te
x
\pgfutil@everybye=\toks18
\pgfutil@tempdima=\dimen153
\pgfutil@tempdimb=\dimen154

(/usr/local/texlive/2020/texmf-dist/tex/generic/pgf/utilities/pgfutil-common-li
sts.tex))
(/usr/local/texlive/2020/texmf-dist/tex/generic/pgf/utilities/pgfutil-latex.def
\pgfutil@abb=\box49
) (/usr/local/texlive/2020/texmf-dist/tex/generic/pgf/utilities/pgfrcs.code.tex
(/usr/local/texlive/2020/texmf-dist/tex/generic/pgf/pgf.revision.tex)
Package: pgfrcs 2020/12/27 v3.1.8b (3.1.8b)
))
Package: pgf 2020/12/27 v3.1.8b (3.1.8b)

(/usr/local/texlive/2020/texmf-dist/tex/latex/pgf/basiclayer/pgfcore.sty
(/usr/local/texlive/2020/texmf-dist/tex/latex/graphics/graphicx.sty
Package: graphicx 2020/09/09 v1.2b Enhanced LaTeX Graphics (DPC,SPQR)

(/usr/local/texlive/2020/texmf-dist/tex/latex/graphics/graphics.sty
Package: graphics 2020/08/30 v1.4c Standard LaTeX Graphics (DPC,SPQR)

(/usr/local/texlive/2020/texmf-dist/tex/latex/graphics/trig.sty
Package: trig 2016/01/03 v1.10 sin cos tan (DPC)
)
(/usr/local/texlive/2020/texmf-dist/tex/latex/graphics-cfg/graphics.cfg
File: graphics.cfg 2016/06/04 v1.11 sample graphics configuration
)
Package graphics Info: Driver file: xetex.def on input line 105.

(/usr/local/texlive/2020/texmf-dist/tex/latex/graphics-def/xetex.def
File: xetex.def 2020/08/26 v5.0i Graphics/color driver for xetex
))
\Gin@req@height=\dimen155
\Gin@req@width=\dimen156
)
(/usr/local/texlive/2020/texmf-dist/tex/latex/pgf/systemlayer/pgfsys.sty
(/usr/local/texlive/2020/texmf-dist/tex/generic/pgf/systemlayer/pgfsys.code.tex
Package: pgfsys 2020/12/27 v3.1.8b (3.1.8b)
(/usr/local/texlive/2020/texmf-dist/tex/generic/pgf/utilities/pgfkeys.code.tex
\pgfkeys@pathtoks=\toks19
\pgfkeys@temptoks=\toks20

(/usr/local/texlive/2020/texmf-dist/tex/generic/pgf/utilities/pgfkeysfiltered.c
ode.tex
\pgfkeys@tmptoks=\toks21
))
\pgf@x=\dimen157
\pgf@y=\dimen158
\pgf@xa=\dimen159
\pgf@ya=\dimen160
\pgf@xb=\dimen161
\pgf@yb=\dimen162
\pgf@xc=\dimen163
\pgf@yc=\dimen164
\pgf@xd=\dimen165
\pgf@yd=\dimen166
\w@pgf@writea=\write3
\r@pgf@reada=\read3
\c@pgf@counta=\count274
\c@pgf@countb=\count275
\c@pgf@countc=\count276
\c@pgf@countd=\count277
\t@pgf@toka=\toks22
\t@pgf@tokb=\toks23
\t@pgf@tokc=\toks24
\pgf@sys@id@count=\count278

(/usr/local/texlive/2020/texmf-dist/tex/generic/pgf/systemlayer/pgf.cfg
File: pgf.cfg 2020/12/27 v3.1.8b (3.1.8b)
)
Driver file for pgf: pgfsys-xetex.def

(/usr/local/texlive/2020/texmf-dist/tex/generic/pgf/systemlayer/pgfsys-xetex.de
f
File: pgfsys-xetex.def 2020/12/27 v3.1.8b (3.1.8b)

(/usr/local/texlive/2020/texmf-dist/tex/generic/pgf/systemlayer/pgfsys-dvipdfmx
.def
File: pgfsys-dvipdfmx.def 2020/12/27 v3.1.8b (3.1.8b)

(/usr/local/texlive/2020/texmf-dist/tex/generic/pgf/systemlayer/pgfsys-common-p
df.def
File: pgfsys-common-pdf.def 2020/12/27 v3.1.8b (3.1.8b)
)
\pgfsys@objnum=\count279
)))
(/usr/local/texlive/2020/texmf-dist/tex/generic/pgf/systemlayer/pgfsyssoftpath.
code.tex
File: pgfsyssoftpath.code.tex 2020/12/27 v3.1.8b (3.1.8b)
\pgfsyssoftpath@smallbuffer@items=\count280
\pgfsyssoftpath@bigbuffer@items=\count281
)
(/usr/local/texlive/2020/texmf-dist/tex/generic/pgf/systemlayer/pgfsysprotocol.
code.tex
File: pgfsysprotocol.code.tex 2020/12/27 v3.1.8b (3.1.8b)
)) (/usr/local/texlive/2020/texmf-dist/tex/latex/xcolor/xcolor.sty
Package: xcolor 2016/05/11 v2.12 LaTeX color extensions (UK)

(/usr/local/texlive/2020/texmf-dist/tex/latex/graphics-cfg/color.cfg
File: color.cfg 2016/01/02 v1.6 sample color configuration
)
Package xcolor Info: Driver file: xetex.def on input line 225.
Package xcolor Info: Model `cmy' substituted by `cmy0' on input line 1348.
Package xcolor Info: Model `RGB' extended on input line 1364.
Package xcolor Info: Model `HTML' substituted by `rgb' on input line 1366.
Package xcolor Info: Model `Hsb' substituted by `hsb' on input line 1367.
Package xcolor Info: Model `tHsb' substituted by `hsb' on input line 1368.
Package xcolor Info: Model `HSB' substituted by `hsb' on input line 1369.
Package xcolor Info: Model `Gray' substituted by `gray' on input line 1370.
Package xcolor Info: Model `wave' substituted by `hsb' on input line 1371.
)
(/usr/local/texlive/2020/texmf-dist/tex/generic/pgf/basiclayer/pgfcore.code.tex
Package: pgfcore 2020/12/27 v3.1.8b (3.1.8b)
(/usr/local/texlive/2020/texmf-dist/tex/generic/pgf/math/pgfmath.code.tex
(/usr/local/texlive/2020/texmf-dist/tex/generic/pgf/math/pgfmathcalc.code.tex
(/usr/local/texlive/2020/texmf-dist/tex/generic/pgf/math/pgfmathutil.code.tex)
(/usr/local/texlive/2020/texmf-dist/tex/generic/pgf/math/pgfmathparser.code.tex
\pgfmath@dimen=\dimen167
\pgfmath@count=\count282
\pgfmath@box=\box50
\pgfmath@toks=\toks25
\pgfmath@stack@operand=\toks26
\pgfmath@stack@operation=\toks27
)
(/usr/local/texlive/2020/texmf-dist/tex/generic/pgf/math/pgfmathfunctions.code.
tex
(/usr/local/texlive/2020/texmf-dist/tex/generic/pgf/math/pgfmathfunctions.basic
.code.tex)
(/usr/local/texlive/2020/texmf-dist/tex/generic/pgf/math/pgfmathfunctions.trigo
nometric.code.tex)
(/usr/local/texlive/2020/texmf-dist/tex/generic/pgf/math/pgfmathfunctions.rando
m.code.tex)
(/usr/local/texlive/2020/texmf-dist/tex/generic/pgf/math/pgfmathfunctions.compa
rison.code.tex)
(/usr/local/texlive/2020/texmf-dist/tex/generic/pgf/math/pgfmathfunctions.base.
code.tex)
(/usr/local/texlive/2020/texmf-dist/tex/generic/pgf/math/pgfmathfunctions.round
.code.tex)
(/usr/local/texlive/2020/texmf-dist/tex/generic/pgf/math/pgfmathfunctions.misc.
code.tex)
(/usr/local/texlive/2020/texmf-dist/tex/generic/pgf/math/pgfmathfunctions.integ
erarithmetics.code.tex)))
(/usr/local/texlive/2020/texmf-dist/tex/generic/pgf/math/pgfmathfloat.code.tex
\c@pgfmathroundto@lastzeros=\count283
)) (/usr/local/texlive/2020/texmf-dist/tex/generic/pgf/math/pgfint.code.tex)
(/usr/local/texlive/2020/texmf-dist/tex/generic/pgf/basiclayer/pgfcorepoints.co
de.tex
File: pgfcorepoints.code.tex 2020/12/27 v3.1.8b (3.1.8b)
\pgf@picminx=\dimen168
\pgf@picmaxx=\dimen169
\pgf@picminy=\dimen170
\pgf@picmaxy=\dimen171
\pgf@pathminx=\dimen172
\pgf@pathmaxx=\dimen173
\pgf@pathminy=\dimen174
\pgf@pathmaxy=\dimen175
\pgf@xx=\dimen176
\pgf@xy=\dimen177
\pgf@yx=\dimen178
\pgf@yy=\dimen179
\pgf@zx=\dimen180
\pgf@zy=\dimen181
)
(/usr/local/texlive/2020/texmf-dist/tex/generic/pgf/basiclayer/pgfcorepathconst
ruct.code.tex
File: pgfcorepathconstruct.code.tex 2020/12/27 v3.1.8b (3.1.8b)
\pgf@path@lastx=\dimen182
\pgf@path@lasty=\dimen183
)
(/usr/local/texlive/2020/texmf-dist/tex/generic/pgf/basiclayer/pgfcorepathusage
.code.tex
File: pgfcorepathusage.code.tex 2020/12/27 v3.1.8b (3.1.8b)
\pgf@shorten@end@additional=\dimen184
\pgf@shorten@start@additional=\dimen185
)
(/usr/local/texlive/2020/texmf-dist/tex/generic/pgf/basiclayer/pgfcorescopes.co
de.tex
File: pgfcorescopes.code.tex 2020/12/27 v3.1.8b (3.1.8b)
\pgfpic=\box51
\pgf@hbox=\box52
\pgf@layerbox@main=\box53
\pgf@picture@serial@count=\count284
)
(/usr/local/texlive/2020/texmf-dist/tex/generic/pgf/basiclayer/pgfcoregraphicst
ate.code.tex
File: pgfcoregraphicstate.code.tex 2020/12/27 v3.1.8b (3.1.8b)
\pgflinewidth=\dimen186
)
(/usr/local/texlive/2020/texmf-dist/tex/generic/pgf/basiclayer/pgfcoretransform
ations.code.tex
File: pgfcoretransformations.code.tex 2020/12/27 v3.1.8b (3.1.8b)
\pgf@pt@x=\dimen187
\pgf@pt@y=\dimen188
\pgf@pt@temp=\dimen189
)
(/usr/local/texlive/2020/texmf-dist/tex/generic/pgf/basiclayer/pgfcorequick.cod
e.tex
File: pgfcorequick.code.tex 2020/12/27 v3.1.8b (3.1.8b)
)
(/usr/local/texlive/2020/texmf-dist/tex/generic/pgf/basiclayer/pgfcoreobjects.c
ode.tex
File: pgfcoreobjects.code.tex 2020/12/27 v3.1.8b (3.1.8b)
)
(/usr/local/texlive/2020/texmf-dist/tex/generic/pgf/basiclayer/pgfcorepathproce
ssing.code.tex
File: pgfcorepathprocessing.code.tex 2020/12/27 v3.1.8b (3.1.8b)
)
(/usr/local/texlive/2020/texmf-dist/tex/generic/pgf/basiclayer/pgfcorearrows.co
de.tex
File: pgfcorearrows.code.tex 2020/12/27 v3.1.8b (3.1.8b)
\pgfarrowsep=\dimen190
)
(/usr/local/texlive/2020/texmf-dist/tex/generic/pgf/basiclayer/pgfcoreshade.cod
e.tex
File: pgfcoreshade.code.tex 2020/12/27 v3.1.8b (3.1.8b)
\pgf@max=\dimen191
\pgf@sys@shading@range@num=\count285
\pgf@shadingcount=\count286
)
(/usr/local/texlive/2020/texmf-dist/tex/generic/pgf/basiclayer/pgfcoreimage.cod
e.tex
File: pgfcoreimage.code.tex 2020/12/27 v3.1.8b (3.1.8b)

(/usr/local/texlive/2020/texmf-dist/tex/generic/pgf/basiclayer/pgfcoreexternal.
code.tex
File: pgfcoreexternal.code.tex 2020/12/27 v3.1.8b (3.1.8b)
\pgfexternal@startupbox=\box54
))
(/usr/local/texlive/2020/texmf-dist/tex/generic/pgf/basiclayer/pgfcorelayers.co
de.tex
File: pgfcorelayers.code.tex 2020/12/27 v3.1.8b (3.1.8b)
)
(/usr/local/texlive/2020/texmf-dist/tex/generic/pgf/basiclayer/pgfcoretranspare
ncy.code.tex
File: pgfcoretransparency.code.tex 2020/12/27 v3.1.8b (3.1.8b)
)
(/usr/local/texlive/2020/texmf-dist/tex/generic/pgf/basiclayer/pgfcorepatterns.
code.tex
File: pgfcorepatterns.code.tex 2020/12/27 v3.1.8b (3.1.8b)
)
(/usr/local/texlive/2020/texmf-dist/tex/generic/pgf/basiclayer/pgfcorerdf.code.
tex
File: pgfcorerdf.code.tex 2020/12/27 v3.1.8b (3.1.8b)
)))
(/usr/local/texlive/2020/texmf-dist/tex/generic/pgf/modules/pgfmoduleshapes.cod
e.tex
File: pgfmoduleshapes.code.tex 2020/12/27 v3.1.8b (3.1.8b)
\pgfnodeparttextbox=\box55
)
(/usr/local/texlive/2020/texmf-dist/tex/generic/pgf/modules/pgfmoduleplot.code.
tex
File: pgfmoduleplot.code.tex 2020/12/27 v3.1.8b (3.1.8b)
)
(/usr/local/texlive/2020/texmf-dist/tex/latex/pgf/compatibility/pgfcomp-version
-0-65.sty
Package: pgfcomp-version-0-65 2020/12/27 v3.1.8b (3.1.8b)
\pgf@nodesepstart=\dimen192
\pgf@nodesepend=\dimen193
)
(/usr/local/texlive/2020/texmf-dist/tex/latex/pgf/compatibility/pgfcomp-version
-1-18.sty
Package: pgfcomp-version-1-18 2020/12/27 v3.1.8b (3.1.8b)
))
(/usr/local/texlive/2020/texmf-dist/tex/latex/pgf/utilities/pgffor.sty
(/usr/local/texlive/2020/texmf-dist/tex/latex/pgf/utilities/pgfkeys.sty
(/usr/local/texlive/2020/texmf-dist/tex/generic/pgf/utilities/pgfkeys.code.tex)
) (/usr/local/texlive/2020/texmf-dist/tex/latex/pgf/math/pgfmath.sty
(/usr/local/texlive/2020/texmf-dist/tex/generic/pgf/math/pgfmath.code.tex))
(/usr/local/texlive/2020/texmf-dist/tex/generic/pgf/utilities/pgffor.code.tex
Package: pgffor 2020/12/27 v3.1.8b (3.1.8b)

(/usr/local/texlive/2020/texmf-dist/tex/generic/pgf/math/pgfmath.code.tex)
\pgffor@iter=\dimen194
\pgffor@skip=\dimen195
\pgffor@stack=\toks28
\pgffor@toks=\toks29
))
(/usr/local/texlive/2020/texmf-dist/tex/generic/pgf/frontendlayer/tikz/tikz.cod
e.tex
Package: tikz 2020/12/27 v3.1.8b (3.1.8b)

(/usr/local/texlive/2020/texmf-dist/tex/generic/pgf/libraries/pgflibraryplothan
dlers.code.tex
File: pgflibraryplothandlers.code.tex 2020/12/27 v3.1.8b (3.1.8b)
\pgf@plot@mark@count=\count287
\pgfplotmarksize=\dimen196
)
\tikz@lastx=\dimen197
\tikz@lasty=\dimen198
\tikz@lastxsaved=\dimen199
\tikz@lastysaved=\dimen256
\tikz@lastmovetox=\dimen257
\tikz@lastmovetoy=\dimen258
\tikzleveldistance=\dimen259
\tikzsiblingdistance=\dimen260
\tikz@figbox=\box56
\tikz@figbox@bg=\box57
\tikz@tempbox=\box58
\tikz@tempbox@bg=\box59
\tikztreelevel=\count288
\tikznumberofchildren=\count289
\tikznumberofcurrentchild=\count290
\tikz@fig@count=\count291

(/usr/local/texlive/2020/texmf-dist/tex/generic/pgf/modules/pgfmodulematrix.cod
e.tex
File: pgfmodulematrix.code.tex 2020/12/27 v3.1.8b (3.1.8b)
\pgfmatrixcurrentrow=\count292
\pgfmatrixcurrentcolumn=\count293
\pgf@matrix@numberofcolumns=\count294
)
\tikz@expandcount=\count295

(/usr/local/texlive/2020/texmf-dist/tex/generic/pgf/frontendlayer/tikz/librarie
s/tikzlibrarytopaths.code.tex
File: tikzlibrarytopaths.code.tex 2020/12/27 v3.1.8b (3.1.8b)
)))
(/usr/local/texlive/2020/texmf-dist/tex/latex/tikzpagenodes/tikzpagenodes.sty
Package: tikzpagenodes 2012/09/16 v1.1 Special PGF/TikZ nodes for areas of the 
page

(/usr/local/texlive/2020/texmf-dist/tex/latex/ifoddpage/ifoddpage.sty
Package: ifoddpage 2016/04/23 v1.1 Conditionals for odd/even page detection
\c@checkoddpage=\count296
))
(/usr/local/texlive/2020/texmf-dist/tex/latex/pgfornament/pgfornament.sty
(/usr/local/texlive/2020/texmf-dist/tex/latex/pgfopts/pgfopts.sty
Package: pgfopts 2014/07/10 v2.1a LaTeX package options with pgfkeys
\pgfopts@list@add@a@toks=\toks30
\pgfopts@list@add@b@toks=\toks31
)
Package: pgfornament 2020/05/26 v1.2 vector ornaments

(/usr/local/texlive/2020/texmf-dist/tex/latex/pgfornament/pgflibraryvectorian.c
ode.tex
2020/04/06 1.1 pgflibraryvectorian.code.tex
)) (/usr/local/texlive/2020/texmf-dist/tex/latex/caption/caption.sty
Package: caption 2020/10/26 v3.5g Customizing captions (AR)

(/usr/local/texlive/2020/texmf-dist/tex/latex/caption/caption3.sty
Package: caption3 2020/10/21 v2.2e caption3 kernel (AR)
\captionmargin=\dimen261
\captionmargin@=\dimen262
\captionwidth=\dimen263
\caption@tempdima=\dimen264
\caption@indent=\dimen265
\caption@parindent=\dimen266
\caption@hangindent=\dimen267
Package caption Info: Standard document class detected.
Package caption Info: french babel package is loaded.
)
\c@caption@flags=\count297
\c@continuedfloat=\count298
Package caption Info: wrapfig package is loaded.
)
(/usr/local/texlive/2020/texmf-dist/tex/latex/lm/lmodern.sty
Package: lmodern 2009/10/30 v1.6 Latin Modern Fonts
LaTeX Font Info:    Overwriting symbol font `operators' in version `normal'
(Font)                  OT1/cmr/m/n --> OT1/lmr/m/n on input line 22.
LaTeX Font Info:    Overwriting symbol font `letters' in version `normal'
(Font)                  OML/cmm/m/it --> OML/lmm/m/it on input line 23.
LaTeX Font Info:    Overwriting symbol font `symbols' in version `normal'
(Font)                  OMS/cmsy/m/n --> OMS/lmsy/m/n on input line 24.
LaTeX Font Info:    Overwriting symbol font `largesymbols' in version `normal'
(Font)                  OMX/cmex/m/n --> OMX/lmex/m/n on input line 25.
LaTeX Font Info:    Overwriting symbol font `operators' in version `bold'
(Font)                  OT1/cmr/bx/n --> OT1/lmr/bx/n on input line 26.
LaTeX Font Info:    Overwriting symbol font `letters' in version `bold'
(Font)                  OML/cmm/b/it --> OML/lmm/b/it on input line 27.
LaTeX Font Info:    Overwriting symbol font `symbols' in version `bold'
(Font)                  OMS/cmsy/b/n --> OMS/lmsy/b/n on input line 28.
LaTeX Font Info:    Overwriting symbol font `largesymbols' in version `bold'
(Font)                  OMX/cmex/m/n --> OMX/lmex/m/n on input line 29.
LaTeX Font Info:    Overwriting math alphabet `\mathbf' in version `normal'
(Font)                  OT1/cmr/bx/n --> OT1/lmr/bx/n on input line 31.
LaTeX Font Info:    Overwriting math alphabet `\mathsf' in version `normal'
(Font)                  OT1/cmss/m/n --> OT1/lmss/m/n on input line 32.
LaTeX Font Info:    Overwriting math alphabet `\mathit' in version `normal'
(Font)                  OT1/cmr/m/it --> OT1/lmr/m/it on input line 33.
LaTeX Font Info:    Overwriting math alphabet `\mathtt' in version `normal'
(Font)                  OT1/cmtt/m/n --> OT1/lmtt/m/n on input line 34.
LaTeX Font Info:    Overwriting math alphabet `\mathbf' in version `bold'
(Font)                  OT1/cmr/bx/n --> OT1/lmr/bx/n on input line 35.
LaTeX Font Info:    Overwriting math alphabet `\mathsf' in version `bold'
(Font)                  OT1/cmss/bx/n --> OT1/lmss/bx/n on input line 36.
LaTeX Font Info:    Overwriting math alphabet `\mathit' in version `bold'
(Font)                  OT1/cmr/bx/it --> OT1/lmr/bx/it on input line 37.
LaTeX Font Info:    Overwriting math alphabet `\mathtt' in version `bold'
(Font)                  OT1/cmtt/m/n --> OT1/lmtt/m/n on input line 38.
)
(/usr/local/texlive/2020/texmf-dist/tex/latex/geometry/geometry.sty
Package: geometry 2020/01/02 v5.9 Page Geometry

(/usr/local/texlive/2020/texmf-dist/tex/generic/iftex/ifvtex.sty
Package: ifvtex 2019/10/25 v1.7 ifvtex legacy package. Use iftex instead.

(/usr/local/texlive/2020/texmf-dist/tex/generic/iftex/iftex.sty
Package: iftex 2020/03/06 v1.0d TeX engine tests
))
\Gm@cnth=\count299
\Gm@cntv=\count300
\c@Gm@tempcnt=\count301
\Gm@bindingoffset=\dimen268
\Gm@wd@mp=\dimen269
\Gm@odd@mp=\dimen270
\Gm@even@mp=\dimen271
\Gm@layoutwidth=\dimen272
\Gm@layoutheight=\dimen273
\Gm@layouthoffset=\dimen274
\Gm@layoutvoffset=\dimen275
\Gm@dimlist=\toks32
)
(/usr/local/texlive/2020/texmf-dist/tex/latex/pgfgantt/pgfgantt.sty
Package: pgfgantt 2018/01/10 v5.0 Draw Gantt diagrams with TikZ

(/usr/local/texlive/2020/texmf-dist/tex/generic/pgf/frontendlayer/tikz/librarie
s/tikzlibraryarrows.code.tex
File: tikzlibraryarrows.code.tex 2020/12/27 v3.1.8b (3.1.8b)

(/usr/local/texlive/2020/texmf-dist/tex/generic/pgf/libraries/pgflibraryarrows.
code.tex
File: pgflibraryarrows.code.tex 2020/12/27 v3.1.8b (3.1.8b)
\arrowsize=\dimen276
))
(/usr/local/texlive/2020/texmf-dist/tex/generic/pgf/frontendlayer/tikz/librarie
s/tikzlibrarybackgrounds.code.tex
File: tikzlibrarybackgrounds.code.tex 2020/12/27 v3.1.8b (3.1.8b)
\pgf@layerbox@background=\box60
\pgf@layerboxsaved@background=\box61
)
(/usr/local/texlive/2020/texmf-dist/tex/generic/pgf/frontendlayer/tikz/librarie
s/tikzlibrarycalc.code.tex
File: tikzlibrarycalc.code.tex 2020/12/27 v3.1.8b (3.1.8b)
)
(/usr/local/texlive/2020/texmf-dist/tex/generic/pgf/frontendlayer/tikz/librarie
s/tikzlibrarypatterns.code.tex
File: tikzlibrarypatterns.code.tex 2020/12/27 v3.1.8b (3.1.8b)

(/usr/local/texlive/2020/texmf-dist/tex/generic/pgf/libraries/pgflibrarypattern
s.code.tex
File: pgflibrarypatterns.code.tex 2020/12/27 v3.1.8b (3.1.8b)
))
(/usr/local/texlive/2020/texmf-dist/tex/generic/pgf/frontendlayer/tikz/librarie
s/tikzlibrarypositioning.code.tex
File: tikzlibrarypositioning.code.tex 2020/12/27 v3.1.8b (3.1.8b)
)
(/usr/local/texlive/2020/texmf-dist/tex/generic/pgf/frontendlayer/tikz/librarie
s/tikzlibraryshapes.geometric.code.tex
File: tikzlibraryshapes.geometric.code.tex 2020/12/27 v3.1.8b (3.1.8b)

(/usr/local/texlive/2020/texmf-dist/tex/generic/pgf/libraries/shapes/pgflibrary
shapes.geometric.code.tex
File: pgflibraryshapes.geometric.code.tex 2020/12/27 v3.1.8b (3.1.8b)
))
(/usr/local/texlive/2020/texmf-dist/tex/latex/pgf/utilities/pgfcalendar.sty
(/usr/local/texlive/2020/texmf-dist/tex/generic/pgf/utilities/pgfcalendar.code.
tex
File: pgfcalendar.code.tex 2020/12/27 v3.1.8b (3.1.8b)
 (/usr/local/texlive/2020/texmf-dist/tex/generic/pgf/math/pgfint.code.tex)
\pgfcalendarcurrentjulian=\count302
\pgf@cal@easter@Y=\count303
\pgf@cal@easter@G=\count304
\pgf@cal@easter@C=\count305
\pgf@cal@easter@X=\count306
\pgf@cal@easter@Z=\count307
\pgf@cal@easter@D=\count308
\pgf@cal@easter@E=\count309
\pgf@cal@easter@N=\count310
\pgf@cal@easter@M=\count311
\pgf@cal@easter@julianday=\count312
))
\gtt@currentline=\count313
\gtt@lasttitleline=\count314
\gtt@currgrid=\count315
\gtt@chartwidth=\count316
\gtt@lasttitleslot=\count317
\gtt@elementid=\count318
\gtt@today@slot=\count319
\gtt@startjulian=\count320
\gtt@endjulian=\count321
\gtt@chartid=\count322
\gtt@vrule@slot=\count323
\gtt@calendar@slots=\count324
\gtt@calendar@weeknumber=\count325
\gtt@calendar@startofweek=\count326
\gtt@left@slot=\count327
\gtt@right@slot=\count328
) (/usr/local/texlive/2020/texmf-dist/tex/latex/eurosym/eurosym.sty
Package: eurosym 1998/08/06 v1.1 European currency symbol ``Euro''
\@eurobox=\box62
)
(/usr/local/texlive/2020/texmf-dist/tex/latex/pdfpages/pdfpages.sty
Package: pdfpages 2021/01/09 v0.5r Insert pages of external PDF documents (AM)

(/usr/local/texlive/2020/texmf-dist/tex/latex/base/ifthen.sty
Package: ifthen 2014/09/29 v1.1c Standard LaTeX ifthen package (DPC)
)
(/usr/local/texlive/2020/texmf-dist/tex/latex/tools/calc.sty
Package: calc 2017/05/25 v4.3 Infix arithmetic (KKT,FJ)
\calc@Acount=\count329
\calc@Bcount=\count330
\calc@Adimen=\dimen277
\calc@Bdimen=\dimen278
\calc@Askip=\skip49
\calc@Bskip=\skip50
LaTeX Info: Redefining \setlength on input line 80.
LaTeX Info: Redefining \addtolength on input line 81.
\calc@Ccount=\count331
\calc@Cskip=\skip51
)
(/usr/local/texlive/2020/texmf-dist/tex/latex/eso-pic/eso-pic.sty
Package: eso-pic 2020/10/14 v3.0a eso-pic (RN)
\ESO@tempdima=\dimen279
\ESO@tempdimb=\dimen280
)
\AM@pagewidth=\dimen281
\AM@pageheight=\dimen282

(/usr/local/texlive/2020/texmf-dist/tex/latex/pdfpages/ppxetex.def
File: ppxetex.def 2021/01/09 v0.5r Pdfpages driver for XeTeX (AM)
)
\pdfpages@includegraphics@status=\count332
\AM@pagebox=\box63
\AM@global@opts=\toks33
\AM@pagecnt=\count333
\AM@toc@title=\toks34
\c@AM@survey=\count334
\AM@templatesizebox=\box64
)
(/usr/local/texlive/2020/texmf-dist/tex/latex/caption/subcaption.sty
Package: subcaption 2020/10/07 v1.3j Sub-captions (AR)
\c@subfigure=\count335
\c@subtable=\count336
)
(/usr/local/texlive/2020/texmf-dist/tex/latex/hyperref/hyperref.sty
Package: hyperref 2020-05-15 v7.00e Hypertext links for LaTeX

(/usr/local/texlive/2020/texmf-dist/tex/generic/ltxcmds/ltxcmds.sty
Package: ltxcmds 2020-05-10 v1.25 LaTeX kernel commands for general use (HO)
)
(/usr/local/texlive/2020/texmf-dist/tex/generic/pdftexcmds/pdftexcmds.sty
Package: pdftexcmds 2020-06-27 v0.33 Utility functions of pdfTeX for LuaTeX (HO
)

(/usr/local/texlive/2020/texmf-dist/tex/generic/infwarerr/infwarerr.sty
Package: infwarerr 2019/12/03 v1.5 Providing info/warning/error messages (HO)
)
Package pdftexcmds Info: \pdf@primitive is available.
Package pdftexcmds Info: \pdf@ifprimitive is available.
Package pdftexcmds Info: \pdfdraftmode not found.
)
(/usr/local/texlive/2020/texmf-dist/tex/generic/kvsetkeys/kvsetkeys.sty
Package: kvsetkeys 2019/12/15 v1.18 Key value parser (HO)
)
(/usr/local/texlive/2020/texmf-dist/tex/generic/kvdefinekeys/kvdefinekeys.sty
Package: kvdefinekeys 2019-12-19 v1.6 Define keys (HO)
)
(/usr/local/texlive/2020/texmf-dist/tex/generic/pdfescape/pdfescape.sty
Package: pdfescape 2019/12/09 v1.15 Implements pdfTeX's escape features (HO)
)
(/usr/local/texlive/2020/texmf-dist/tex/latex/hycolor/hycolor.sty
Package: hycolor 2020-01-27 v1.10 Color options for hyperref/bookmark (HO)
)
(/usr/local/texlive/2020/texmf-dist/tex/latex/letltxmacro/letltxmacro.sty
Package: letltxmacro 2019/12/03 v1.6 Let assignment for LaTeX macros (HO)
)
(/usr/local/texlive/2020/texmf-dist/tex/latex/auxhook/auxhook.sty
Package: auxhook 2019-12-17 v1.6 Hooks for auxiliary files (HO)
)
(/usr/local/texlive/2020/texmf-dist/tex/latex/kvoptions/kvoptions.sty
Package: kvoptions 2020-10-07 v3.14 Key value format for package options (HO)
)
\@linkdim=\dimen283
\Hy@linkcounter=\count337
\Hy@pagecounter=\count338

(/usr/local/texlive/2020/texmf-dist/tex/latex/hyperref/pd1enc.def
File: pd1enc.def 2020-05-15 v7.00e Hyperref: PDFDocEncoding definition (HO)
)
(/usr/local/texlive/2020/texmf-dist/tex/generic/intcalc/intcalc.sty
Package: intcalc 2019/12/15 v1.3 Expandable calculations with integers (HO)
)
(/usr/local/texlive/2020/texmf-dist/tex/generic/etexcmds/etexcmds.sty
Package: etexcmds 2019/12/15 v1.7 Avoid name clashes with e-TeX commands (HO)
)
\Hy@SavedSpaceFactor=\count339
Package hyperref Info: Option `unicode' set `true' on input line 4338.

(/usr/local/texlive/2020/texmf-dist/tex/latex/hyperref/puenc.def
File: puenc.def 2020-05-15 v7.00e Hyperref: PDF Unicode definition (HO)
)
Package hyperref Info: Option `pdfusetitle' set `true' on input line 4338.
Package hyperref Info: Option `bookmarks' set `true' on input line 4338.
Package hyperref Info: Option `bookmarksnumbered' set `false' on input line 433
8.
Package hyperref Info: Option `bookmarksopen' set `false' on input line 4338.
Package hyperref Info: Option `breaklinks' set `false' on input line 4338.
Package hyperref Info: Option `colorlinks' set `true' on input line 4338.
Package hyperref Info: Hyper figures OFF on input line 4464.
Package hyperref Info: Link nesting OFF on input line 4469.
Package hyperref Info: Hyper index ON on input line 4472.
Package hyperref Info: Plain pages OFF on input line 4479.
Package hyperref Info: Backreferencing OFF on input line 4484.
Package hyperref Info: Implicit mode ON; LaTeX internals redefined.
Package hyperref Info: Bookmarks ON on input line 4717.
\c@Hy@tempcnt=\count340

(/usr/local/texlive/2020/texmf-dist/tex/latex/url/url.sty
\Urlmuskip=\muskip16
Package: url 2013/09/16  ver 3.4  Verb mode for urls, etc.
)
LaTeX Info: Redefining \url on input line 5076.
\XeTeXLinkMargin=\dimen284

(/usr/local/texlive/2020/texmf-dist/tex/generic/bitset/bitset.sty
Package: bitset 2019/12/09 v1.3 Handle bit-vector datatype (HO)

(/usr/local/texlive/2020/texmf-dist/tex/generic/bigintcalc/bigintcalc.sty
Package: bigintcalc 2019/12/15 v1.5 Expandable calculations on big integers (HO
)
))
\Fld@menulength=\count341
\Field@Width=\dimen285
\Fld@charsize=\dimen286
Package hyperref Info: Hyper figures OFF on input line 6347.
Package hyperref Info: Link nesting OFF on input line 6352.
Package hyperref Info: Hyper index ON on input line 6355.
Package hyperref Info: backreferencing OFF on input line 6362.
Package hyperref Info: Link coloring ON on input line 6365.
Package hyperref Info: Link coloring with OCG OFF on input line 6372.
Package hyperref Info: PDF/A mode OFF on input line 6377.
LaTeX Info: Redefining \ref on input line 6417.
LaTeX Info: Redefining \pageref on input line 6421.

(/usr/local/texlive/2020/texmf-dist/tex/latex/base/atbegshi-ltx.sty
Package: atbegshi-ltx 2020/08/17 v1.0a Emulation of the original atbegshi packa
ge
with kernel methods
)
\Hy@abspage=\count342
\c@Item=\count343
\c@Hfootnote=\count344
)
Package hyperref Info: Driver (autodetected): hxetex.

(/usr/local/texlive/2020/texmf-dist/tex/latex/hyperref/hxetex.def
File: hxetex.def 2020-05-15 v7.00e Hyperref driver for XeTeX

(/usr/local/texlive/2020/texmf-dist/tex/generic/stringenc/stringenc.sty
Package: stringenc 2019/11/29 v1.12 Convert strings between diff. encodings (HO
)
)
\pdfm@box=\box65
\c@Hy@AnnotLevel=\count345
\HyField@AnnotCount=\count346
\Fld@listcount=\count347
\c@bookmark@seq@number=\count348

(/usr/local/texlive/2020/texmf-dist/tex/latex/rerunfilecheck/rerunfilecheck.sty
Package: rerunfilecheck 2019/12/05 v1.9 Rerun checks for auxiliary files (HO)
(/usr/local/texlive/2020/texmf-dist/tex/latex/base/atveryend-ltx.sty
Package: atveryend-ltx 2020/08/19 v1.0a Emulation of the original atvery packag
e
with kernel methods
)
(/usr/local/texlive/2020/texmf-dist/tex/generic/uniquecounter/uniquecounter.sty
Package: uniquecounter 2019/12/15 v1.4 Provide unlimited unique counter (HO)
)
Package uniquecounter Info: New unique counter `rerunfilecheck' on input line 2
86.
)
\Hy@SectionHShift=\skip52
) (/usr/local/texlive/2020/texmf-dist/tex/latex/multibib/multibib.sty
Package: multibib 2008/12/10 v1.4 Multiple bibliographies for one document.
\mb@biblabelwidth=\count349
)
\@auxoutA=\write4

(./A.aux)
\openout4 = `A.aux'.

\@auxoutC=\write5
 (./C.aux)
\openout5 = `C.aux'.

\@auxoutCN=\write6
 (./CN.aux)
\openout6 = `CN.aux'.

 (./DossierFondation_v2.aux)
\openout1 = `DossierFondation_v2.aux'.

LaTeX Font Info:    Checking defaults for OML/cmm/m/it on input line 76.
LaTeX Font Info:    ... okay on input line 76.
LaTeX Font Info:    Checking defaults for OMS/cmsy/m/n on input line 76.
LaTeX Font Info:    ... okay on input line 76.
LaTeX Font Info:    Checking defaults for OT1/cmr/m/n on input line 76.
LaTeX Font Info:    ... okay on input line 76.
LaTeX Font Info:    Checking defaults for T1/cmr/m/n on input line 76.
LaTeX Font Info:    ... okay on input line 76.
LaTeX Font Info:    Checking defaults for TS1/cmr/m/n on input line 76.
LaTeX Font Info:    Trying to load font information for TS1+cmr on input line 7
6.

(/usr/local/texlive/2020/texmf-dist/tex/latex/base/ts1cmr.fd
File: ts1cmr.fd 2019/12/16 v2.5j Standard LaTeX font definitions
)
LaTeX Font Info:    ... okay on input line 76.
LaTeX Font Info:    Checking defaults for TU/lmr/m/n on input line 76.
LaTeX Font Info:    ... okay on input line 76.
LaTeX Font Info:    Checking defaults for OMX/cmex/m/n on input line 76.
LaTeX Font Info:    ... okay on input line 76.
LaTeX Font Info:    Checking defaults for U/cmr/m/n on input line 76.
LaTeX Font Info:    ... okay on input line 76.
LaTeX Font Info:    Checking defaults for PD1/pdf/m/n on input line 76.
LaTeX Font Info:    ... okay on input line 76.
LaTeX Font Info:    Checking defaults for PU/pdf/m/n on input line 76.
LaTeX Font Info:    ... okay on input line 76.
LaTeX Info: Redefining \dots on input line 76.
LaTeX Info: Redefining \up on input line 76.
Package caption Info: Begin \AtBeginDocument code.
Package caption Info: hyperref package is loaded.
Package caption Info: End \AtBeginDocument code.

*geometry* driver: auto-detecting
*geometry* detected driver: xetex
*geometry* verbose mode - [ preamble ] result:
* driver: xetex
* paper: a4paper
* layout: <same size as paper>
* layoutoffset:(h,v)=(0.0pt,0.0pt)
* modes: 
* h-part:(L,W,R)=(56.9055pt, 483.69687pt, 56.9055pt)
* v-part:(T,H,B)=(71.13188pt, 702.78308pt, 71.13188pt)
* \paperwidth=597.50787pt
* \paperheight=845.04684pt
* \textwidth=483.69687pt
* \textheight=702.78308pt
* \oddsidemargin=-15.36449pt
* \evensidemargin=-15.36449pt
* \topmargin=-38.1381pt
* \headheight=12.0pt
* \headsep=25.0pt
* \topskip=12.0pt
* \footskip=30.0pt
* \marginparwidth=44.0pt
* \marginparsep=10.0pt
* \columnsep=10.0pt
* \skip\footins=10.8pt plus 4.0pt minus 2.0pt
* \hoffset=0.0pt
* \voffset=0.0pt
* \mag=1000
* \@twocolumnfalse
* \@twosidefalse
* \@mparswitchfalse
* \@reversemarginfalse
* (1in=72.27pt=25.4mm, 1cm=28.453pt)

(/usr/local/texlive/2020/texmf-dist/tex/latex/pdflscape/pdflscape.sty
Package: pdflscape 2019/12/05 v0.12 Display of landscape pages in PDF (HO)

(/usr/local/texlive/2020/texmf-dist/tex/latex/graphics/lscape.sty
Package: lscape 2020/05/28 v3.02 Landscape Pages (DPC)
)
Package pdflscape Info: Auto-detected driver: dvipdfm (xetex) on input line 98.

)
Package hyperref Info: Link coloring ON on input line 76.

(/usr/local/texlive/2020/texmf-dist/tex/latex/hyperref/nameref.sty
Package: nameref 2019/09/16 v2.46 Cross-referencing by name of section

(/usr/local/texlive/2020/texmf-dist/tex/latex/refcount/refcount.sty
Package: refcount 2019/12/15 v3.6 Data extraction from label references (HO)
)
(/usr/local/texlive/2020/texmf-dist/tex/generic/gettitlestring/gettitlestring.s
ty
Package: gettitlestring 2019/12/15 v1.6 Cleanup title references (HO)
)
\c@section@level=\count350
)
LaTeX Info: Redefining \ref on input line 76.
LaTeX Info: Redefining \pageref on input line 76.
LaTeX Info: Redefining \nameref on input line 76.
 (./DossierFondation_v2.out) (./DossierFondation_v2.out)
\@outlinefile=\write7
\openout7 = `DossierFondation_v2.out'.

LaTeX Font Info:    Trying to load font information for OT1+lmr on input line 7
9.

(/usr/local/texlive/2020/texmf-dist/tex/latex/lm/ot1lmr.fd
File: ot1lmr.fd 2009/10/30 v1.6 Font defs for Latin Modern
)
LaTeX Font Info:    Trying to load font information for OML+lmm on input line 7
9.

(/usr/local/texlive/2020/texmf-dist/tex/latex/lm/omllmm.fd
File: omllmm.fd 2009/10/30 v1.6 Font defs for Latin Modern
)
LaTeX Font Info:    Trying to load font information for OMS+lmsy on input line 
79.

(/usr/local/texlive/2020/texmf-dist/tex/latex/lm/omslmsy.fd
File: omslmsy.fd 2009/10/30 v1.6 Font defs for Latin Modern
)
LaTeX Font Info:    Trying to load font information for OMX+lmex on input line 
79.

(/usr/local/texlive/2020/texmf-dist/tex/latex/lm/omxlmex.fd
File: omxlmex.fd 2009/10/30 v1.6 Font defs for Latin Modern
)
LaTeX Font Info:    External font `lmex10' loaded for size
(Font)              <14.4> on input line 79.
LaTeX Font Info:    External font `lmex10' loaded for size
(Font)              <10> on input line 79.
LaTeX Font Info:    External font `lmex10' loaded for size
(Font)              <7> on input line 79.
File: images//3Dplane.jpg Graphic file (type bmp)
<images//3Dplane.jpg>


Package hyperref Warning: Token not allowed in a PDF string (Unicode):
(hyperref)                removing `\@ifnextchar' on input line 97.

[1

] (./DossierFondation_v2.toc)
\tf@toc=\write8
\openout8 = `DossierFondation_v2.toc'.

 [2]
LaTeX Font Info:    External font `lmex10' loaded for size
(Font)              <5> on input line 106.

Underfull \hbox (badness 6094) in paragraph at lines 105--108
\TU/lmr/m/n/14.4 numériques pour accélérer la simulation des problèmes d’intera
ction
 []


Underfull \hbox (badness 1168) in paragraph at lines 105--108
\TU/lmr/m/n/14.4 système et la prise de décision. À la différence de plusieurs 
méthodes
 []


Underfull \hbox (badness 1043) in paragraph at lines 105--108
\TU/lmr/m/n/14.4 la garantissent pas et leur utilisation pourra radicalement am
éliorer les
 []


Underfull \hbox (badness 2237) in paragraph at lines 105--108
\TU/lmr/m/n/14.4 techniques normalement utilisées pour l’optimisation. Pour réa
liser son
 []


Underfull \hbox (badness 1852) in paragraph at lines 105--108
\TU/lmr/m/n/14.4 capables de prédire le comportement des systèmes complexes ont
 une
 []


Underfull \hbox (badness 2608) in paragraph at lines 105--108
\TU/lmr/m/n/14.4 ait été attribué à trois chercheurs travaillant sur ce sujet[]
[][][][] confirme
 []


Underfull \hbox (badness 1325) in paragraph at lines 113--117
\TU/lmr/m/n/14.4 en expansion rapide. Son but consiste à mettre en place des mo
dèles
 []


Underfull \hbox (badness 10000) in paragraph at lines 113--117

 []

[3]
Underfull \hbox (badness 3088) in paragraph at lines 123--124
\TU/lmr/m/n/14.4 manière modulaire, c’est-à-dire à partir des ses composantes s
imples,
 []

File: images//satellite.pdf Graphic file (type pdf)
<use images//satellite.pdf>
[4]
Underfull \hbox (badness 1259) in paragraph at lines 139--140
\TU/lmr/m/n/14.4 physique du problème. Pour la mécanique des solides, la méthod
e des
 []


Underfull \hbox (badness 3724) in paragraph at lines 139--140
\TU/lmr/m/n/14.4 liberté différents (i.e. différentes entités topologiques du m
aillage) et
 []


Underfull \hbox (badness 10000) in paragraph at lines 142--144

 []


Underfull \hbox (badness 2653) in paragraph at lines 145--146
\TU/lmr/m/n/14.4 système réduit à travers une méthode essentiellement linéaire,
 i.e. la
 []


Underfull \hbox (badness 1546) in paragraph at lines 145--146
\TU/lmr/m/n/14.4 récents dans le domaine de l’Intelligence Artificielle (IA), d
e nouvelles
 []


Underfull \hbox (badness 10000) in paragraph at lines 145--146
\TU/lmr/m/n/14.4 technique représente une extension non linéaire des méthodolog
ies
 []


Underfull \hbox (badness 6542) in paragraph at lines 145--146
\TU/lmr/m/n/14.4 couramment utilisées. Les résultats obtenus démontrent le gain
 de
 []

[5]
File: images//DGROM_T_param1.pdf Graphic file (type pdf)
<use images//DGROM_T_param1.pdf>
File: images//GROM_T_param1.pdf Graphic file (type pdf)
<use images//GROM_T_param1.pdf>
LaTeX Font Info:    External font `lmex10' loaded for size
(Font)              <12> on input line 158.
LaTeX Font Info:    External font `lmex10' loaded for size
(Font)              <8> on input line 158.
LaTeX Font Info:    External font `lmex10' loaded for size
(Font)              <6> on input line 158.

Underfull \hbox (badness 10000) in paragraph at lines 164--168

 []


Underfull \hbox (badness 1178) in paragraph at lines 164--168
\TU/lmr/m/n/14.4 (conservation d’énergie globale, traçage des échanges d’énergi
e entre les
 []


Underfull \hbox (badness 10000) in paragraph at lines 164--168

 []

[6]
Underfull \hbox (badness 10000) in paragraph at lines 170--171

 []


Underfull \hbox (badness 10000) in paragraph at lines 173--174

 []


Underfull \hbox (badness 1436) in paragraph at lines 175--177
\TU/lmr/m/n/14.4 physique computationelle est encore dans un état embryonnaire.
 Il est
 []


Underfull \hbox (badness 10000) in paragraph at lines 175--177

 []


Underfull \hbox (badness 10000) in paragraph at lines 179--180

 []


Underfull \hbox (badness 10000) in paragraph at lines 182--183

 []


Underfull \hbox (badness 10000) in paragraph at lines 184--187

 []

[7]
Underfull \hbox (badness 10000) in paragraph at lines 189--190

 []


Underfull \hbox (badness 1237) in paragraph at lines 212--213
\TU/lmr/m/n/14.4 s’adapter à cette complexité croissante. Le premier défi porte
ra sur la
 []


Underfull \hbox (badness 4792) in paragraph at lines 212--213
\TU/lmr/m/n/14.4 d’énergie globale, traçage des échanges d’énergie entre les di
fférents
 []

[8]
Underfull \hbox (badness 1173) in paragraph at lines 214--215
\TU/lmr/m/n/14.4 application multiphysique (le code SCRIMP décrit dans l’Annexe
 [][]C[][] et
 []


Underfull \hbox (badness 10000) in paragraph at lines 214--215
[][]$[][][][][] [] [] [] [][][][][][] [] [][][] [] [][][][][][] [] [][][][][][]
[] [] [][][][][][][][][][][][]$[][]\TU/lmr/m/n/14.4 ). Ce code sera
 []


Underfull \hbox (badness 10000) in paragraph at lines 214--215
\TU/lmr/m/n/14.4 ultérieurement développé pour traiter des problèmes d’interact
ion
 []


Underfull \hbox (badness 7186) in paragraph at lines 214--215
\TU/lmr/m/n/14.4 expertise concernant les mathématiques numériques et les systè
mes
 []


Underfull \hbox (badness 2617) in paragraph at lines 216--217
[]\TU/lmr/m/n/14.4 Pour ce qui concerne la préservation de la physique au sein 
des
 []


Underfull \hbox (badness 1742) in paragraph at lines 216--217
\TU/lmr/m/n/14.4 expertise en ce domaine, représentera l’interlocuteur principa
l pour les
 []


Underfull \hbox (badness 1102) in paragraph at lines 221--223
\TU/lmr/m/n/14.4 donc naturel d’analyse le comportement lorsque un réseau de ne
urones
 []


Underfull \hbox (badness 1571) in paragraph at lines 221--223
\TU/lmr/m/n/14.4 physique de la simulation haute fidélité dans la représentatio
n réduite
 []


Underfull \hbox (badness 7704) in paragraph at lines 221--223
\TU/lmr/m/n/14.4 permettra d’intégrer des outils d’intelligence artificielle d’
une façon
 []

[9]
File: images//MDo_wing.png Graphic file (type bmp)
<images//MDo_wing.png>

Underfull \hbox (badness 10000) in paragraph at lines 234--234
[]\TU/lmr/m/n/10.95 (a) |Optimisation
 []


Underfull \hbox (badness 10000) in paragraph at lines 234--234
\TU/lmr/m/n/10.95 multidisciplinaire d’une
 []


Underfull \hbox (badness 10000) in paragraph at lines 234--234
\TU/lmr/m/n/10.95 design optimisé (reproduit
 []

File: images//Codesign_satellite.pdf Graphic file (type pdf)
<use images//Codesign_satellite.pdf>
File: images//Sofi_MIT.jpeg Graphic file (type bmp)
<images//Sofi_MIT.jpeg>
LaTeX Font Info:    External font `lmex10' loaded for size
(Font)              <10.95> on input line 244.

Underfull \hbox (badness 10000) in paragraph at lines 244--244
[]\TU/lmr/m/n/10.95 (c) |Le drone robotique
 []


Underfull \hbox (badness 10000) in paragraph at lines 244--244
\TU/lmr/m/n/10.95 Sofi du MIT ([][]$[][][][][] []
 []


Underfull \hbox (badness 10000) in paragraph at lines 244--244
[] [] [][][] [] [][][][][] [] [][][] [] [][][] [] [][][][][][][][] []
 []


Underfull \hbox (badness 2384) in paragraph at lines 229--250
[] \TU/lmr/m/n/14.4 Les techniques développées dans les deux premiers lots de t
ravaux
 []

[10] [11]
Underfull \hbox (badness 2903) in paragraph at lines 277--278
\TU/lmr/m/n/14.4 optimisation, co-responsable du livrable \TU/lmr/b/n/14.4 L3\T
U/lmr/m/n/14.4 . La personne recruté
 []


Underfull \hbox (badness 1389) in paragraph at lines 335--336
\TU/lmr/m/n/14.4 aérodynamique (DAEP[][][][][]), réduction de modèles (DCAS[][]
[][][]), optimisation
 []

[12]
File: cv_french.pdf Graphic file (type pdf)
<use cv_french.pdf>
File: cv_french.pdf Graphic file (type pdf)
<use cv_french.pdf>
File: cv_french.pdf Graphic file (type pdf)
<use cv_french.pdf, page 1>
File: cv_french.pdf Graphic file (type pdf)
<use cv_french.pdf, page 1>
 [13]
File: cv_french.pdf Graphic file (type pdf)
<use cv_french.pdf, page 1>
File: cv_french.pdf Graphic file (type pdf)
<use cv_french.pdf, page 1>
File: cv_french.pdf Graphic file (type pdf)
<use cv_french.pdf, page 1>
 [14]
File: cv_french.pdf Graphic file (type pdf)
<use cv_french.pdf>
File: cv_french.pdf Graphic file (type pdf)
<use cv_french.pdf>
File: cv_french.pdf Graphic file (type pdf)
<use cv_french.pdf, page 2>
File: cv_french.pdf Graphic file (type pdf)
<use cv_french.pdf, page 2>
File: cv_french.pdf Graphic file (type pdf)
<use cv_french.pdf, page 2>
File: cv_french.pdf Graphic file (type pdf)
<use cv_french.pdf, page 2>
File: cv_french.pdf Graphic file (type pdf)
<use cv_french.pdf, page 2>
 [15]
Underfull \hbox (badness 10000) in paragraph at lines 390--391
\TU/lmr/m/n/14.4 institutions prestigieuses (double diplôme Politecnico di Mila
no et
 []


Underfull \hbox (badness 10000) in paragraph at lines 390--391

 []


Underfull \hbox (badness 1371) in paragraph at lines 392--393
[]\TU/lmr/m/n/14.4 L’ISAE-SUPAERO a financé le projet de thèse pour lequel j’ai
 été
 []


Underfull \hbox (badness 2503) in paragraph at lines 392--393
\TU/lmr/m/n/14.4 sélectionné. Dans ce travail, j’ai exploré le potentiel d’un f
ormalisme
 []


Underfull \hbox (badness 1527) in paragraph at lines 392--393
\TU/lmr/m/n/14.4 thèse comme fondamentale, car maintenant je possède les compét
ences
 []


Underfull \hbox (badness 1616) in paragraph at lines 392--393
\TU/lmr/m/n/14.4 subventionné par l’European Research Council (ERC) à l’univers
ité de
 []


Underfull \hbox (badness 1342) in paragraph at lines 392--393
\TU/lmr/m/n/14.4 Twente. Ce projet est extrêmement passionnant car il réunit di
fférents
 []


Underfull \hbox (badness 1881) in paragraph at lines 392--393
\TU/lmr/m/n/14.4 chercheurs travaillant sur les aspects théoriques et/ou pratiq
ues de la
 []


Underfull \hbox (badness 10000) in paragraph at lines 392--393

 []


Underfull \hbox (badness 4024) in paragraph at lines 394--395
\TU/lmr/m/n/14.4 veux continuer à travailler dans la modélisation mathématique 
pour
 []


Underfull \hbox (badness 2376) in paragraph at lines 394--395
\TU/lmr/m/n/14.4 projet MORPHEUS est sélectionné pour le prix Lopez-Loreta, je 
me
 []

(./A.bbl [16]
Underfull \hbox (badness 1052) in paragraph at lines 18--22
[]\TU/lmr/m/n/14.4 A. Brugnoli, D. Alazard, V. Pommier-Budinger, and D. Matigno
n.
 []


Underfull \hbox (badness 2351) in paragraph at lines 18--22
\TU/lmr/m/n/14.4 Port-Hamiltonian flexible multibody dynamics.  \TU/lmr/m/it/14
.4 Multibody System
 []


Underfull \hbox (badness 1189) in paragraph at lines 18--22
\TU/lmr/m/it/14.4 Dynamics\TU/lmr/m/n/14.4 , 51(3) :343–375, Mar 2021.  [][]$[]
[][][][] [] [] [] [][][] [] [][][] [] [][] [] [][][][] []
 []


Underfull \hbox (badness 1688) in paragraph at lines 31--36
[]\TU/lmr/m/n/14.4 A. Brugnoli, G. Haine, A. Serhani, and X. Vasseur.  Numerica
l
 []

) (./C.bbl
Underfull \hbox (badness 1082) in paragraph at lines 4--9
[]\TU/lmr/m/n/14.4 A. Brugnoli, D. Alazard, V. Pommier-Budinger, and D. Matigno
n.
 []

[17]
Underfull \hbox (badness 1082) in paragraph at lines 11--16
[]\TU/lmr/m/n/14.4 A. Brugnoli, D. Alazard, V. Pommier-Budinger, and D. Matigno
n.
 []


Underfull \hbox (badness 1377) in paragraph at lines 11--16
\TU/lmr/m/n/14.4 Interconnection of the Kirchhoff plate within the port-Hamilto
nian
 []


Underfull \hbox (badness 2096) in paragraph at lines 25--30
[]\TU/lmr/m/n/14.4 A. Brugnoli, F. L. Cardoso-Ribeiro, G. Haine, and P. Kotyczk
a.
 []


Underfull \hbox (badness 1082) in paragraph at lines 32--38
[]\TU/lmr/m/n/14.4 A. Brugnoli, D. Alazard, V. Pommier-Budinger, and D. Matigno
n.
 []

) (./CN.bbl [18])
Underfull \hbox (badness 6268) in paragraph at lines 415--416
[]\TU/lmr/m/n/14.4 Pendant mon parcours professionnel, j’ai pu vivre des moment
s
 []


Underfull \hbox (badness 10000) in paragraph at lines 415--416

 []


Underfull \hbox (badness 2884) in paragraph at lines 417--418
\TU/lmr/m/n/14.4 vidéo de présentation de mon travail peut être visualisée à ce
 lien
 []


Underfull \hbox (badness 10000) in paragraph at lines 417--418

 []


Underfull \hbox (badness 1783) in paragraph at lines 419--420
\TU/lmr/m/n/14.4 touchent à des aspects différents de la modélisation mathémati
que en
 []


Underfull \hbox (badness 3701) in paragraph at lines 419--420
\TU/lmr/m/n/14.4 séjour, qui à donné lieu à trois contributions dans des confér
ences
 []


Underfull \hbox (badness 10000) in paragraph at lines 419--420

 []


Underfull \hbox (badness 7685) in paragraph at lines 421--422
[]\TU/lmr/m/n/14.4 La dernière expérience que je souhaite mentionner a été mon
 []


Underfull \hbox (badness 1859) in paragraph at lines 421--422
\TU/lmr/m/n/14.4 ambitieux projet demande des compétences extrêmement diversifi
ées et
 []

[19]
File: ./Letters/gsLettreDISC.pdf Graphic file (type pdf)
<use ./Letters/gsLettreDISC.pdf>
File: ./Letters/gsLettreDISC.pdf Graphic file (type pdf)
<use ./Letters/gsLettreDISC.pdf>
File: ./Letters/gsLettreDISC.pdf Graphic file (type pdf)
<use ./Letters/gsLettreDISC.pdf, page 1>
File: ./Letters/gsLettreDISC.pdf Graphic file (type pdf)
<use ./Letters/gsLettreDISC.pdf, page 1>
 [20]
File: ./Letters/gsLettreDISC.pdf Graphic file (type pdf)
<use ./Letters/gsLettreDISC.pdf, page 1>
File: ./Letters/gsLettreDISC.pdf Graphic file (type pdf)
<use ./Letters/gsLettreDISC.pdf, page 1>
File: ./Letters/gsLettreDISC.pdf Graphic file (type pdf)
<use ./Letters/gsLettreDISC.pdf, page 1>
 [21]
File: ./Letters/gsLettreDISC.pdf Graphic file (type pdf)
<use ./Letters/gsLettreDISC.pdf>
File: ./Letters/gsLettreDISC.pdf Graphic file (type pdf)
<use ./Letters/gsLettreDISC.pdf>
File: ./Letters/gsLettreDISC.pdf Graphic file (type pdf)
<use ./Letters/gsLettreDISC.pdf, page 2>
File: ./Letters/gsLettreDISC.pdf Graphic file (type pdf)
<use ./Letters/gsLettreDISC.pdf, page 2>
File: ./Letters/gsLettreDISC.pdf Graphic file (type pdf)
<use ./Letters/gsLettreDISC.pdf, page 2>
File: ./Letters/gsLettreDISC.pdf Graphic file (type pdf)
<use ./Letters/gsLettreDISC.pdf, page 2>
File: ./Letters/gsLettreDISC.pdf Graphic file (type pdf)
<use ./Letters/gsLettreDISC.pdf, page 2>
 [22]
Underfull \hbox (badness 10000) in paragraph at lines 429--431
\TU/lmr/m/n/14.4 masters spécialisés et de doctorats aux débouchés diversifiés.

 []


Underfull \hbox (badness 10000) in paragraph at lines 429--431
\TU/lmr/m/n/14.4 L’ISAE-SUPAERO mène également des activités de recherche et
 []


Underfull \hbox (badness 1189) in paragraph at lines 444--445
[]\TU/lmr/m/n/14.4 Comme le projet MORPHEUS présente un fort intérêt industriel
 et
 []


Underfull \hbox (badness 3375) in paragraph at lines 444--445
\TU/lmr/m/n/14.4 en simulation numérique et intelligence artificielle, et des p
rofesseurs
 []


Underfull \hbox (badness 10000) in paragraph at lines 449--450
\TU/lmr/m/n/14.4 spécialiste technique pour la partie Intelligence Artificielle
 et
 []


Underfull \hbox (badness 2469) in paragraph at lines 450--451
[]\TU/lmr/m/n/14.4 Catherine Lambert, présidente du Cerfacs[][][][][], est une 
experte en
 []


Underfull \hbox (badness 1688) in paragraph at lines 451--452
\TU/lmr/m/n/14.4 est un expert dans le domaine de l’IA appliquée à la physique
 []


Underfull \hbox (badness 10000) in paragraph at lines 453--454
[]\TU/lmr/m/n/14.4 Volker Mehrmann, Président de l’association européenne des
 []


Underfull \hbox (badness 1924) in paragraph at lines 453--454
\TU/lmr/m/n/14.4 mathématiques et professeur à TU Berlin, est un mathématicien
 []

[23]
Underfull \hbox (badness 1721) in paragraph at lines 454--455
[]\TU/lmr/m/n/14.4 Stefano Stramigioli, Vice Président of euRobotics et profess
eur à
 []


Underfull \hbox (badness 2126) in paragraph at lines 455--456
\TU/lmr/m/n/14.4 réduction des modèles pour l’analyse et le contrôle des systèm
e
 []

File: ./Letters/LettreAIRBUS_Signed.pdf Graphic file (type pdf)
<use ./Letters/LettreAIRBUS_Signed.pdf>
File: ./Letters/LettreAIRBUS_Signed.pdf Graphic file (type pdf)
<use ./Letters/LettreAIRBUS_Signed.pdf>
File: ./Letters/LettreAIRBUS_Signed.pdf Graphic file (type pdf)
<use ./Letters/LettreAIRBUS_Signed.pdf, page 1>
File: ./Letters/LettreAIRBUS_Signed.pdf Graphic file (type pdf)
<use ./Letters/LettreAIRBUS_Signed.pdf, page 1>
[24]
File: ./Letters/LettreAIRBUS_Signed.pdf Graphic file (type pdf)
<use ./Letters/LettreAIRBUS_Signed.pdf, page 1>
File: ./Letters/LettreAIRBUS_Signed.pdf Graphic file (type pdf)
<use ./Letters/LettreAIRBUS_Signed.pdf, page 1>
File: ./Letters/LettreAIRBUS_Signed.pdf Graphic file (type pdf)
<use ./Letters/LettreAIRBUS_Signed.pdf, page 1>
 [25]
File: ./Letters/LetterCERFACS-MORPHEUS.pdf Graphic file (type pdf)
<use ./Letters/LetterCERFACS-MORPHEUS.pdf>
File: ./Letters/LetterCERFACS-MORPHEUS.pdf Graphic file (type pdf)
<use ./Letters/LetterCERFACS-MORPHEUS.pdf>
File: ./Letters/LetterCERFACS-MORPHEUS.pdf Graphic file (type pdf)
<use ./Letters/LetterCERFACS-MORPHEUS.pdf, page 1>
File: ./Letters/LetterCERFACS-MORPHEUS.pdf Graphic file (type pdf)
<use ./Letters/LetterCERFACS-MORPHEUS.pdf, page 1>
File: ./Letters/LetterCERFACS-MORPHEUS.pdf Graphic file (type pdf)
<use ./Letters/LetterCERFACS-MORPHEUS.pdf, page 1>
File: ./Letters/LetterCERFACS-MORPHEUS.pdf Graphic file (type pdf)
<use ./Letters/LetterCERFACS-MORPHEUS.pdf, page 1>
File: ./Letters/LetterCERFACS-MORPHEUS.pdf Graphic file (type pdf)
<use ./Letters/LetterCERFACS-MORPHEUS.pdf, page 1>
 [26]
File: ./Letters/Lettre_Soutien_Lapeyre.pdf Graphic file (type pdf)
<use ./Letters/Lettre_Soutien_Lapeyre.pdf>
File: ./Letters/Lettre_Soutien_Lapeyre.pdf Graphic file (type pdf)
<use ./Letters/Lettre_Soutien_Lapeyre.pdf>
File: ./Letters/Lettre_Soutien_Lapeyre.pdf Graphic file (type pdf)
<use ./Letters/Lettre_Soutien_Lapeyre.pdf, page 1>
File: ./Letters/Lettre_Soutien_Lapeyre.pdf Graphic file (type pdf)
<use ./Letters/Lettre_Soutien_Lapeyre.pdf, page 1>
File: ./Letters/Lettre_Soutien_Lapeyre.pdf Graphic file (type pdf)
<use ./Letters/Lettre_Soutien_Lapeyre.pdf, page 1>
File: ./Letters/Lettre_Soutien_Lapeyre.pdf Graphic file (type pdf)
<use ./Letters/Lettre_Soutien_Lapeyre.pdf, page 1>
File: ./Letters/Lettre_Soutien_Lapeyre.pdf Graphic file (type pdf)
<use ./Letters/Lettre_Soutien_Lapeyre.pdf, page 1>
 [27]
File: ./Letters/Lettre_Soutien_Lapeyre.pdf Graphic file (type pdf)
<use ./Letters/Lettre_Soutien_Lapeyre.pdf, page 2>
File: ./Letters/Lettre_Soutien_Lapeyre.pdf Graphic file (type pdf)
<use ./Letters/Lettre_Soutien_Lapeyre.pdf, page 2>
File: ./Letters/Lettre_Soutien_Lapeyre.pdf Graphic file (type pdf)
<use ./Letters/Lettre_Soutien_Lapeyre.pdf, page 2>
 [28]
File: ./Letters/Letter_Stramigioli.pdf Graphic file (type pdf)
<use ./Letters/Letter_Stramigioli.pdf>
File: ./Letters/Letter_Stramigioli.pdf Graphic file (type pdf)
<use ./Letters/Letter_Stramigioli.pdf>
File: ./Letters/Letter_Stramigioli.pdf Graphic file (type pdf)
<use ./Letters/Letter_Stramigioli.pdf, page 1>
File: ./Letters/Letter_Stramigioli.pdf Graphic file (type pdf)
<use ./Letters/Letter_Stramigioli.pdf, page 1>
File: ./Letters/Letter_Stramigioli.pdf Graphic file (type pdf)
<use ./Letters/Letter_Stramigioli.pdf, page 1>
File: ./Letters/Letter_Stramigioli.pdf Graphic file (type pdf)
<use ./Letters/Letter_Stramigioli.pdf, page 1>
File: ./Letters/Letter_Stramigioli.pdf Graphic file (type pdf)
<use ./Letters/Letter_Stramigioli.pdf, page 1>
 [29]
File: ./Letters/Letter_Stramigioli.pdf Graphic file (type pdf)
<use ./Letters/Letter_Stramigioli.pdf, page 2>
File: ./Letters/Letter_Stramigioli.pdf Graphic file (type pdf)
<use ./Letters/Letter_Stramigioli.pdf, page 2>
File: ./Letters/Letter_Stramigioli.pdf Graphic file (type pdf)
<use ./Letters/Letter_Stramigioli.pdf, page 2>
 [30]
File: ./Letters/LettrePussot.pdf Graphic file (type pdf)
<use ./Letters/LettrePussot.pdf>
File: ./Letters/LettrePussot.pdf Graphic file (type pdf)
<use ./Letters/LettrePussot.pdf>
File: ./Letters/LettrePussot.pdf Graphic file (type pdf)
<use ./Letters/LettrePussot.pdf, page 1>
File: ./Letters/LettrePussot.pdf Graphic file (type pdf)
<use ./Letters/LettrePussot.pdf, page 1>
File: ./Letters/LettrePussot.pdf Graphic file (type pdf)
<use ./Letters/LettrePussot.pdf, page 1>
File: ./Letters/LettrePussot.pdf Graphic file (type pdf)
<use ./Letters/LettrePussot.pdf, page 1>
File: ./Letters/LettrePussot.pdf Graphic file (type pdf)
<use ./Letters/LettrePussot.pdf, page 1>
 [31]
Underfull \hbox (badness 4792) in paragraph at lines 468--469
[]\TU/lmr/m/n/14.4 Dans cette annexe la théorie des systèmes port-Hamiltoniens 
est
 []


Underfull \hbox (badness 10000) in paragraph at lines 468--469

 []


Underfull \hbox (badness 10000) in paragraph at lines 470--471
\TU/lmr/m/n/14.4 appartenant à différents domaines physiques (mécanique, électr
ique,
 []


Underfull \hbox (badness 1117) in paragraph at lines 470--471
\TU/lmr/m/n/14.4 hydraulique, thermique, etc.). Ceci est réalisé en reconnaissa
nt l’énergie
 []


Underfull \hbox (badness 3838) in paragraph at lines 470--471
\TU/lmr/m/n/14.4 composants idéaux capturant les principales caractéristiques p
hysiques
 []


Underfull \hbox (badness 10000) in paragraph at lines 470--471

 []


Underfull \hbox (badness 1735) in paragraph at lines 472--476
\TU/lmr/m/n/14.4 formulation Hamiltonienne de la mécanique classique est formal
isée de
 []


Underfull \hbox (badness 2253) in paragraph at lines 472--476
\TU/lmr/m/n/14.4 d’une structure symplectique ou de Poisson, ainsi que d’une fo
nction
 []


Underfull \hbox (badness 10000) in paragraph at lines 472--476

 []

File: images//sketch_PH.eps Graphic file (type eps)
<images//sketch_PH.eps>

Underfull \hbox (badness 3417) in paragraph at lines 485--486
[]\TU/lmr/m/n/14.4 Enfin, un troisième pilier sous-jacent au cadre des systèmes
 port
 []


Underfull \hbox (badness 10000) in paragraph at lines 485--486

 []

[32]
Underfull \hbox (badness 2197) in paragraph at lines 488--489
\TU/lmr/m/n/14.4 de l’espace des phases, mais est en fait déterminée par la str
ucture
 []


Underfull \hbox (badness 1735) in paragraph at lines 488--489
\TU/lmr/m/n/14.4 leur composition est à nouveau une structure de Dirac. Cela a 
pour
 []


Underfull \hbox (badness 1043) in paragraph at lines 488--489
\TU/lmr/m/n/14.4 inclusion élargit considérablement le domaine d’application de
s systèmes
 []


Underfull \hbox (badness 10000) in paragraph at lines 488--489

 []

File: images//sketch_PH_gyrator.eps Graphic file (type eps)
<images//sketch_PH_gyrator.eps>
File: images//sketch_PH_transformer.eps Graphic file (type eps)
<images//sketch_PH_transformer.eps>

Underfull \hbox (badness 3354) in paragraph at lines 504--504
[]\TU/lmr/m/sc/12 Figure 7 \TU/lmr/m/n/12 – |Interconnexion des deux systèmes p
ort-Hamiltonien : ces deux type
 []


Underfull \hbox (badness 10000) in paragraph at lines 510--511
[]\TU/lmr/m/n/14.4 Le code SCRIMP (Simulation and ContRol of Interactions in
 []


Underfull \hbox (badness 3895) in paragraph at lines 510--511
\TU/lmr/m/n/14.4 Multi-Physics) est un projet Python pour l’approximation numér
ique
 []


Underfull \hbox (badness 10000) in paragraph at lines 510--511
\TU/lmr/m/n/14.4 formalisme port-Hamiltonien. La principale motivation derrière
 le
 []

[33] (./DossierFondation_v2.bbl
Underfull \hbox (badness 1968) in paragraph at lines 4--8
[]\TU/lmr/m/n/14.4 David E Keyes et al.  Multiphysics simulations : Challenges 
and
 []


Underfull \hbox (badness 1248) in paragraph at lines 22--27
[]\TU/lmr/m/n/14.4 Vilas Shinde, Elisabeth Longatte, Franck Baj, Yannick Hoarau
, and
 []


Underfull \hbox (badness 2393) in paragraph at lines 22--27
\TU/lmr/m/n/14.4 Marianna Braza.  Galerkin-free model reduction for fluid-struc
ture
 []


Underfull \hbox (badness 6808) in paragraph at lines 22--27
\TU/lmr/m/n/14.4 interaction using proper orthogonal decomposition.  \TU/lmr/m/
it/14.4 Journal of
 []


Underfull \hbox (badness 5431) in paragraph at lines 43--47
[]\TU/lmr/m/n/14.4 Gemma Lancaster, Dmytro Iatsenko, Aleksandra Pidde, Valentin
a
 []

[34]
Underfull \hbox (badness 1248) in paragraph at lines 54--60
\TU/lmr/m/n/14.4 aeroelastic scaling of wings under non-similar flow.  \TU/lmr/
m/it/14.4 Structural and
 []

)
(/usr/local/texlive/2020/texmf-dist/tex/generic/pgfornament/vectorian/vectorian
1.pgf) [35] (./DossierFondation_v2.aux)
Package rerunfilecheck Info: File `DossierFondation_v2.out' has not changed.
(rerunfilecheck)             Checksum: A3DC0664E3E32CBA575E556D8A37629D;3888.
 ) 
Here is how much of TeX's memory you used:
 27853 strings out of 477219
 571154 string characters out of 5830450
 940068 words of memory out of 5000000
 46996 multiletter control sequences out of 15000+600000
 433148 words of font info for 81 fonts, out of 8000000 for 9000
 1348 hyphenation exceptions out of 8191
 113i,17n,116p,1940b,1019s stack positions out of 5000i,500n,10000p,200000b,80000s

Output written on DossierFondation_v2.pdf (35 pages).
