This is pdfTeX, Version 3.14159265-2.6-1.40.19 (TeX Live 2018) (preloaded format=pdflatex 2019.2.19)  4 JUN 2020 10:06
entering extended mode
 \write18 enabled.
 %&-line parsing enabled.
**Kirchhoff_Part_Revised.tex
(./Kirchhoff_Part_Revised.tex
LaTeX2e <2018-04-01> patch level 5
(/usr/share/texlive/texmf-dist/tex/latex/elsarticle/elsarticle.cls
Document Class: elsarticle 2018/06/08, 3.0: Elsevier Ltd
\@bls=\dimen102
(/usr/share/texlive/texmf-dist/tex/latex/base/article.cls
Document Class: article 2014/09/29 v1.4h Standard LaTeX document class
(/usr/share/texlive/texmf-dist/tex/latex/base/size12.clo
File: size12.clo 2014/09/29 v1.4h Standard LaTeX file (size option)
)
\c@part=\count80
\c@section=\count81
\c@subsection=\count82
\c@subsubsection=\count83
\c@paragraph=\count84
\c@subparagraph=\count85
\c@figure=\count86
\c@table=\count87
\abovecaptionskip=\skip41
\belowcaptionskip=\skip42
\bibindent=\dimen103
)
(/usr/share/texlive/texmf-dist/tex/latex/graphics/graphicx.sty
Package: graphicx 2017/06/01 v1.1a Enhanced LaTeX Graphics (DPC,SPQR)

(/usr/share/texlive/texmf-dist/tex/latex/graphics/keyval.sty
Package: keyval 2014/10/28 v1.15 key=value parser (DPC)
\KV@toks@=\toks14
)
(/usr/share/texlive/texmf-dist/tex/latex/graphics/graphics.sty
Package: graphics 2017/06/25 v1.2c Standard LaTeX Graphics (DPC,SPQR)

(/usr/share/texlive/texmf-dist/tex/latex/graphics/trig.sty
Package: trig 2016/01/03 v1.10 sin cos tan (DPC)
)
(/usr/share/texlive/texmf-dist/tex/latex/graphics-cfg/graphics.cfg
File: graphics.cfg 2016/06/04 v1.11 sample graphics configuration
)
Package graphics Info: Driver file: pdftex.def on input line 99.

(/usr/share/texlive/texmf-dist/tex/latex/graphics-def/pdftex.def
File: pdftex.def 2018/01/08 v1.0l Graphics/color driver for pdftex
))
\Gin@req@height=\dimen104
\Gin@req@width=\dimen105
)
\c@tnote=\count88
\c@fnote=\count89
\c@cnote=\count90
\c@ead=\count91
\c@author=\count92
\@eadauthor=\toks15
\c@affn=\count93
\absbox=\box26
\keybox=\box27
\Columnwidth=\dimen106
\space@left=\dimen107
\els@boxa=\box28
\els@boxb=\box29
\leftMargin=\dimen108
\@enLab=\toks16
\@sep=\skip43
\@@sep=\skip44

(./Kirchhoff_Part_Revised.spl)
(/usr/share/texlive/texmf-dist/tex/latex/natbib/natbib.sty
Package: natbib 2010/09/13 8.31b (PWD, AO)
\bibhang=\skip45
\bibsep=\skip46
LaTeX Info: Redefining \cite on input line 694.
\c@NAT@ctr=\count94
)
\splwrite=\write3
\openout3 = `Kirchhoff_Part_Revised.spl'.

\appnamewidth=\dimen109
)
(/usr/share/texlive/texmf-dist/tex/latex/base/fontenc.sty
Package: fontenc 2017/04/05 v2.0i Standard LaTeX package

(/usr/share/texlive/texmf-dist/tex/latex/base/t1enc.def
File: t1enc.def 2017/04/05 v2.0i Standard LaTeX file
LaTeX Font Info:    Redeclaring font encoding T1 on input line 48.
))
(/usr/share/texlive/texmf-dist/tex/latex/base/inputenc.sty
Package: inputenc 2018/04/06 v1.3b Input encoding file
\inpenc@prehook=\toks17
\inpenc@posthook=\toks18
)
(/usr/share/texlive/texmf-dist/tex/latex/aeguill/aeguill.sty
Package: aeguill 2003/08/02 1.02 AE fonts with french guillemets (D. Roegel)

(/usr/share/texlive/texmf-dist/tex/latex/ae/ae.sty
Package: ae 2001/02/12 1.3 Almost European Computer Modern

(/usr/share/texlive/texmf-dist/tex/latex/base/fontenc.sty
Package: fontenc 2017/04/05 v2.0i Standard LaTeX package

(/usr/share/texlive/texmf-dist/tex/latex/base/t1enc.def
File: t1enc.def 2017/04/05 v2.0i Standard LaTeX file
LaTeX Font Info:    Redeclaring font encoding T1 on input line 48.
)
LaTeX Font Info:    Try loading font information for T1+aer on input line 105.

(/usr/share/texlive/texmf-dist/tex/latex/ae/t1aer.fd
File: t1aer.fd 1997/11/16 Font definitions for T1/aer.
)))
(/usr/share/texlive/texmf-dist/tex/latex/base/fontenc.sty
Package: fontenc 2017/04/05 v2.0i Standard LaTeX package

(/usr/share/texlive/texmf-dist/tex/latex/cyrillic/ot2enc.def
File: ot2enc.def 2001/08/11 v3.3a Cyrillic encoding definition file
Now handling font encoding OT2 ...
... processing UTF-8 mapping file for font encoding OT2

(/usr/share/texlive/texmf-dist/tex/latex/base/ot2enc.dfu
File: ot2enc.dfu 2018/04/05 v1.2c UTF-8 support for inputenc
   defining Unicode char U+00AB (decimal 171)
   defining Unicode char U+00BB (decimal 187)
   defining Unicode char U+0131 (decimal 305)
   defining Unicode char U+0400 (decimal 1024)
   defining Unicode char U+0401 (decimal 1025)
   defining Unicode char U+0402 (decimal 1026)
   defining Unicode char U+0403 (decimal 1027)
   defining Unicode char U+0404 (decimal 1028)
   defining Unicode char U+0405 (decimal 1029)
   defining Unicode char U+0406 (decimal 1030)
   defining Unicode char U+0408 (decimal 1032)
   defining Unicode char U+0409 (decimal 1033)
   defining Unicode char U+040A (decimal 1034)
   defining Unicode char U+040B (decimal 1035)
   defining Unicode char U+040C (decimal 1036)
   defining Unicode char U+040D (decimal 1037)
   defining Unicode char U+040F (decimal 1039)
   defining Unicode char U+0410 (decimal 1040)
   defining Unicode char U+0411 (decimal 1041)
   defining Unicode char U+0412 (decimal 1042)
   defining Unicode char U+0413 (decimal 1043)
   defining Unicode char U+0414 (decimal 1044)
   defining Unicode char U+0415 (decimal 1045)
   defining Unicode char U+0416 (decimal 1046)
   defining Unicode char U+0417 (decimal 1047)
   defining Unicode char U+0418 (decimal 1048)
   defining Unicode char U+0419 (decimal 1049)
   defining Unicode char U+041A (decimal 1050)
   defining Unicode char U+041B (decimal 1051)
   defining Unicode char U+041C (decimal 1052)
   defining Unicode char U+041D (decimal 1053)
   defining Unicode char U+041E (decimal 1054)
   defining Unicode char U+041F (decimal 1055)
   defining Unicode char U+0420 (decimal 1056)
   defining Unicode char U+0421 (decimal 1057)
   defining Unicode char U+0422 (decimal 1058)
   defining Unicode char U+0423 (decimal 1059)
   defining Unicode char U+0424 (decimal 1060)
   defining Unicode char U+0425 (decimal 1061)
   defining Unicode char U+0426 (decimal 1062)
   defining Unicode char U+0427 (decimal 1063)
   defining Unicode char U+0428 (decimal 1064)
   defining Unicode char U+0429 (decimal 1065)
   defining Unicode char U+042A (decimal 1066)
   defining Unicode char U+042B (decimal 1067)
   defining Unicode char U+042C (decimal 1068)
   defining Unicode char U+042D (decimal 1069)
   defining Unicode char U+042E (decimal 1070)
   defining Unicode char U+042F (decimal 1071)
   defining Unicode char U+0430 (decimal 1072)
   defining Unicode char U+0431 (decimal 1073)
   defining Unicode char U+0432 (decimal 1074)
   defining Unicode char U+0433 (decimal 1075)
   defining Unicode char U+0434 (decimal 1076)
   defining Unicode char U+0435 (decimal 1077)
   defining Unicode char U+0436 (decimal 1078)
   defining Unicode char U+0437 (decimal 1079)
   defining Unicode char U+0438 (decimal 1080)
   defining Unicode char U+0439 (decimal 1081)
   defining Unicode char U+043A (decimal 1082)
   defining Unicode char U+043B (decimal 1083)
   defining Unicode char U+043C (decimal 1084)
   defining Unicode char U+043D (decimal 1085)
   defining Unicode char U+043E (decimal 1086)
   defining Unicode char U+043F (decimal 1087)
   defining Unicode char U+0440 (decimal 1088)
   defining Unicode char U+0441 (decimal 1089)
   defining Unicode char U+0442 (decimal 1090)
   defining Unicode char U+0443 (decimal 1091)
   defining Unicode char U+0444 (decimal 1092)
   defining Unicode char U+0445 (decimal 1093)
   defining Unicode char U+0446 (decimal 1094)
   defining Unicode char U+0447 (decimal 1095)
   defining Unicode char U+0448 (decimal 1096)
   defining Unicode char U+0449 (decimal 1097)
   defining Unicode char U+044A (decimal 1098)
   defining Unicode char U+044B (decimal 1099)
   defining Unicode char U+044C (decimal 1100)
   defining Unicode char U+044D (decimal 1101)
   defining Unicode char U+044E (decimal 1102)
   defining Unicode char U+044F (decimal 1103)
   defining Unicode char U+0450 (decimal 1104)
   defining Unicode char U+0451 (decimal 1105)
   defining Unicode char U+0452 (decimal 1106)
   defining Unicode char U+0453 (decimal 1107)
   defining Unicode char U+0454 (decimal 1108)
   defining Unicode char U+0455 (decimal 1109)
   defining Unicode char U+0456 (decimal 1110)
   defining Unicode char U+0458 (decimal 1112)
   defining Unicode char U+0459 (decimal 1113)
   defining Unicode char U+045A (decimal 1114)
   defining Unicode char U+045B (decimal 1115)
   defining Unicode char U+045C (decimal 1116)
   defining Unicode char U+045D (decimal 1117)
   defining Unicode char U+045F (decimal 1119)
   defining Unicode char U+0462 (decimal 1122)
   defining Unicode char U+0463 (decimal 1123)
   defining Unicode char U+0472 (decimal 1138)
   defining Unicode char U+0473 (decimal 1139)
   defining Unicode char U+0474 (decimal 1140)
   defining Unicode char U+0475 (decimal 1141)
   defining Unicode char U+04C1 (decimal 1217)
   defining Unicode char U+04C2 (decimal 1218)
   defining Unicode char U+04D0 (decimal 1232)
   defining Unicode char U+04D1 (decimal 1233)
   defining Unicode char U+04D2 (decimal 1234)
   defining Unicode char U+04D3 (decimal 1235)
   defining Unicode char U+04D6 (decimal 1238)
   defining Unicode char U+04D7 (decimal 1239)
   defining Unicode char U+04DC (decimal 1244)
   defining Unicode char U+04DD (decimal 1245)
   defining Unicode char U+04DE (decimal 1246)
   defining Unicode char U+04DF (decimal 1247)
   defining Unicode char U+04E2 (decimal 1250)
   defining Unicode char U+04E3 (decimal 1251)
   defining Unicode char U+04E4 (decimal 1252)
   defining Unicode char U+04E5 (decimal 1253)
   defining Unicode char U+04E6 (decimal 1254)
   defining Unicode char U+04E7 (decimal 1255)
   defining Unicode char U+04EC (decimal 1260)
   defining Unicode char U+04ED (decimal 1261)
   defining Unicode char U+04EE (decimal 1262)
   defining Unicode char U+04EF (decimal 1263)
   defining Unicode char U+04F0 (decimal 1264)
   defining Unicode char U+04F1 (decimal 1265)
   defining Unicode char U+04F2 (decimal 1266)
   defining Unicode char U+04F3 (decimal 1267)
   defining Unicode char U+04F4 (decimal 1268)
   defining Unicode char U+04F5 (decimal 1269)
   defining Unicode char U+04F8 (decimal 1272)
   defining Unicode char U+04F9 (decimal 1273)
   defining Unicode char U+2013 (decimal 8211)
   defining Unicode char U+2014 (decimal 8212)
   defining Unicode char U+2018 (decimal 8216)
   defining Unicode char U+2019 (decimal 8217)
   defining Unicode char U+201C (decimal 8220)
   defining Unicode char U+201D (decimal 8221)
   defining Unicode char U+2116 (decimal 8470)
))
(/usr/share/texlive/texmf-dist/tex/latex/base/t1enc.def
File: t1enc.def 2017/04/05 v2.0i Standard LaTeX file
LaTeX Font Info:    Redeclaring font encoding T1 on input line 48.
)))
(/usr/share/texlive/texmf-dist/tex/generic/babel/babel.sty
Package: babel 2018/06/05 3.22 The Babel package

(/usr/share/texlive/texmf-dist/tex/generic/babel/switch.def
File: switch.def 2018/06/05 3.22 Babel switching mechanism
)
(/usr/share/texlive/texmf-dist/tex/generic/babel-english/english.ldf
Language: english 2017/06/06 v3.3r English support from the babel system

(/usr/share/texlive/texmf-dist/tex/generic/babel/babel.def
File: babel.def 2018/06/05 3.22 Babel common definitions
\babel@savecnt=\count95
\U@D=\dimen110

(/usr/share/texlive/texmf-dist/tex/generic/babel/txtbabel.def)
\bbl@dirlevel=\count96
)
\l@canadian = a dialect from \language\l@american 
\l@australian = a dialect from \language\l@british 
\l@newzealand = a dialect from \language\l@british 
))
(/usr/share/texlive/texmf-dist/tex/latex/amsmath/amsmath.sty
Package: amsmath 2017/09/02 v2.17a AMS math features
\@mathmargin=\skip47

For additional information on amsmath, use the `?' option.
(/usr/share/texlive/texmf-dist/tex/latex/amsmath/amstext.sty
Package: amstext 2000/06/29 v2.01 AMS text

(/usr/share/texlive/texmf-dist/tex/latex/amsmath/amsgen.sty
File: amsgen.sty 1999/11/30 v2.0 generic functions
\@emptytoks=\toks19
\ex@=\dimen111
))
(/usr/share/texlive/texmf-dist/tex/latex/amsmath/amsbsy.sty
Package: amsbsy 1999/11/29 v1.2d Bold Symbols
\pmbraise@=\dimen112
)
(/usr/share/texlive/texmf-dist/tex/latex/amsmath/amsopn.sty
Package: amsopn 2016/03/08 v2.02 operator names
)
\inf@bad=\count97
LaTeX Info: Redefining \frac on input line 213.
\uproot@=\count98
\leftroot@=\count99
LaTeX Info: Redefining \overline on input line 375.
\classnum@=\count100
\DOTSCASE@=\count101
LaTeX Info: Redefining \ldots on input line 472.
LaTeX Info: Redefining \dots on input line 475.
LaTeX Info: Redefining \cdots on input line 596.
\Mathstrutbox@=\box30
\strutbox@=\box31
\big@size=\dimen113
LaTeX Font Info:    Redeclaring font encoding OML on input line 712.
LaTeX Font Info:    Redeclaring font encoding OMS on input line 713.
\macc@depth=\count102
\c@MaxMatrixCols=\count103
\dotsspace@=\muskip10
\c@parentequation=\count104
\dspbrk@lvl=\count105
\tag@help=\toks20
\row@=\count106
\column@=\count107
\maxfields@=\count108
\andhelp@=\toks21
\eqnshift@=\dimen114
\alignsep@=\dimen115
\tagshift@=\dimen116
\tagwidth@=\dimen117
\totwidth@=\dimen118
\lineht@=\dimen119
\@envbody=\toks22
\multlinegap=\skip48
\multlinetaggap=\skip49
\mathdisplay@stack=\toks23
LaTeX Info: Redefining \[ on input line 2817.
LaTeX Info: Redefining \] on input line 2818.
)
(/usr/share/texlive/texmf-dist/tex/latex/amsfonts/amssymb.sty
Package: amssymb 2013/01/14 v3.01 AMS font symbols

(/usr/share/texlive/texmf-dist/tex/latex/amsfonts/amsfonts.sty
Package: amsfonts 2013/01/14 v3.01 Basic AMSFonts support
\symAMSa=\mathgroup4
\symAMSb=\mathgroup5
LaTeX Font Info:    Overwriting math alphabet `\mathfrak' in version `bold'
(Font)                  U/euf/m/n --> U/euf/b/n on input line 106.
))
(/usr/share/texlive/texmf-dist/tex/latex/amscls/amsthm.sty
Package: amsthm 2017/10/31 v2.20.4
\thm@style=\toks24
\thm@bodyfont=\toks25
\thm@headfont=\toks26
\thm@notefont=\toks27
\thm@headpunct=\toks28
\thm@preskip=\skip50
\thm@postskip=\skip51
\thm@headsep=\skip52
\dth@everypar=\toks29
LaTeX Info: Redefining \qed on input line 274.
)
(/usr/share/texlive/texmf-dist/tex/latex/tools/bm.sty
Package: bm 2017/01/16 v1.2c Bold Symbol Support (DPC/FMi)
\symboldoperators=\mathgroup6
\symboldletters=\mathgroup7
\symboldsymbols=\mathgroup8
LaTeX Font Info:    Redeclaring math alphabet \mathbf on input line 141.
LaTeX Info: Redefining \bm on input line 207.
)
(/usr/share/texlive/texmf-dist/tex/latex/hyperref/hyperref.sty
Package: hyperref 2018/02/06 v6.86b Hypertext links for LaTeX

(/usr/share/texlive/texmf-dist/tex/generic/oberdiek/hobsub-hyperref.sty
Package: hobsub-hyperref 2016/05/16 v1.14 Bundle oberdiek, subset hyperref (HO)


(/usr/share/texlive/texmf-dist/tex/generic/oberdiek/hobsub-generic.sty
Package: hobsub-generic 2016/05/16 v1.14 Bundle oberdiek, subset generic (HO)
Package: hobsub 2016/05/16 v1.14 Construct package bundles (HO)
Package: infwarerr 2016/05/16 v1.4 Providing info/warning/error messages (HO)
Package: ltxcmds 2016/05/16 v1.23 LaTeX kernel commands for general use (HO)
Package: ifluatex 2016/05/16 v1.4 Provides the ifluatex switch (HO)
Package ifluatex Info: LuaTeX not detected.
Package: ifvtex 2016/05/16 v1.6 Detect VTeX and its facilities (HO)
Package ifvtex Info: VTeX not detected.
Package: intcalc 2016/05/16 v1.2 Expandable calculations with integers (HO)
Package: ifpdf 2017/03/15 v3.2 Provides the ifpdf switch
Package: etexcmds 2016/05/16 v1.6 Avoid name clashes with e-TeX commands (HO)
Package etexcmds Info: Could not find \expanded.
(etexcmds)             That can mean that you are not using pdfTeX 1.50 or
(etexcmds)             that some package has redefined \expanded.
(etexcmds)             In the latter case, load this package earlier.
Package: kvsetkeys 2016/05/16 v1.17 Key value parser (HO)
Package: kvdefinekeys 2016/05/16 v1.4 Define keys (HO)
Package: pdftexcmds 2018/01/30 v0.27 Utility functions of pdfTeX for LuaTeX (HO
)
Package pdftexcmds Info: LuaTeX not detected.
Package pdftexcmds Info: \pdf@primitive is available.
Package pdftexcmds Info: \pdf@ifprimitive is available.
Package pdftexcmds Info: \pdfdraftmode found.
Package: pdfescape 2016/05/16 v1.14 Implements pdfTeX's escape features (HO)
Package: bigintcalc 2016/05/16 v1.4 Expandable calculations on big integers (HO
)
Package: bitset 2016/05/16 v1.2 Handle bit-vector datatype (HO)
Package: uniquecounter 2016/05/16 v1.3 Provide unlimited unique counter (HO)
)
Package hobsub Info: Skipping package `hobsub' (already loaded).
Package: letltxmacro 2016/05/16 v1.5 Let assignment for LaTeX macros (HO)
Package: hopatch 2016/05/16 v1.3 Wrapper for package hooks (HO)
Package: xcolor-patch 2016/05/16 xcolor patch
Package: atveryend 2016/05/16 v1.9 Hooks at the very end of document (HO)
Package atveryend Info: \enddocument detected (standard20110627).
Package: atbegshi 2016/06/09 v1.18 At begin shipout hook (HO)
Package: refcount 2016/05/16 v3.5 Data extraction from label references (HO)
Package: hycolor 2016/05/16 v1.8 Color options for hyperref/bookmark (HO)
)
(/usr/share/texlive/texmf-dist/tex/generic/ifxetex/ifxetex.sty
Package: ifxetex 2010/09/12 v0.6 Provides ifxetex conditional
)
(/usr/share/texlive/texmf-dist/tex/latex/oberdiek/auxhook.sty
Package: auxhook 2016/05/16 v1.4 Hooks for auxiliary files (HO)
)
(/usr/share/texlive/texmf-dist/tex/latex/oberdiek/kvoptions.sty
Package: kvoptions 2016/05/16 v3.12 Key value format for package options (HO)
)
\@linkdim=\dimen120
\Hy@linkcounter=\count109
\Hy@pagecounter=\count110

(/usr/share/texlive/texmf-dist/tex/latex/hyperref/pd1enc.def
File: pd1enc.def 2018/02/06 v6.86b Hyperref: PDFDocEncoding definition (HO)
Now handling font encoding PD1 ...
... no UTF-8 mapping file for font encoding PD1
)
\Hy@SavedSpaceFactor=\count111

(/usr/share/texlive/texmf-dist/tex/latex/latexconfig/hyperref.cfg
File: hyperref.cfg 2002/06/06 v1.2 hyperref configuration of TeXLive
)
Package hyperref Info: Option `colorlinks' set `true' on input line 4383.
Package hyperref Info: Hyper figures OFF on input line 4509.
Package hyperref Info: Link nesting OFF on input line 4514.
Package hyperref Info: Hyper index ON on input line 4517.
Package hyperref Info: Plain pages OFF on input line 4524.
Package hyperref Info: Backreferencing OFF on input line 4529.
Package hyperref Info: Implicit mode ON; LaTeX internals redefined.
Package hyperref Info: Bookmarks ON on input line 4762.
\c@Hy@tempcnt=\count112

(/usr/share/texlive/texmf-dist/tex/latex/url/url.sty
\Urlmuskip=\muskip11
Package: url 2013/09/16  ver 3.4  Verb mode for urls, etc.
)
LaTeX Info: Redefining \url on input line 5115.
\XeTeXLinkMargin=\dimen121
\Fld@menulength=\count113
\Field@Width=\dimen122
\Fld@charsize=\dimen123
Package hyperref Info: Hyper figures OFF on input line 6369.
Package hyperref Info: Link nesting OFF on input line 6374.
Package hyperref Info: Hyper index ON on input line 6377.
Package hyperref Info: backreferencing OFF on input line 6384.
Package hyperref Info: Link coloring ON on input line 6387.
Package hyperref Info: Link coloring with OCG OFF on input line 6394.
Package hyperref Info: PDF/A mode OFF on input line 6399.
LaTeX Info: Redefining \ref on input line 6439.
LaTeX Info: Redefining \pageref on input line 6443.
\Hy@abspage=\count114
\c@Item=\count115
\c@Hfootnote=\count116
)
Package hyperref Info: Driver (autodetected): hpdftex.

(/usr/share/texlive/texmf-dist/tex/latex/hyperref/hpdftex.def
File: hpdftex.def 2018/02/06 v6.86b Hyperref driver for pdfTeX
\Fld@listcount=\count117
\c@bookmark@seq@number=\count118

(/usr/share/texlive/texmf-dist/tex/latex/oberdiek/rerunfilecheck.sty
Package: rerunfilecheck 2016/05/16 v1.8 Rerun checks for auxiliary files (HO)
Package uniquecounter Info: New unique counter `rerunfilecheck' on input line 2
82.
)
\Hy@SectionHShift=\skip53
)
(/usr/share/texlive/texmf-dist/tex/latex/comment/comment.sty
\CommentStream=\write4

Excluding comment 'comment')
(/usr/share/texlive/texmf-dist/tex/latex/geometry/geometry.sty
Package: geometry 2018/04/16 v5.8 Page Geometry
\Gm@cnth=\count119
\Gm@cntv=\count120
\c@Gm@tempcnt=\count121
\Gm@bindingoffset=\dimen124
\Gm@wd@mp=\dimen125
\Gm@odd@mp=\dimen126
\Gm@even@mp=\dimen127
\Gm@layoutwidth=\dimen128
\Gm@layoutheight=\dimen129
\Gm@layouthoffset=\dimen130
\Gm@layoutvoffset=\dimen131
\Gm@dimlist=\toks30
)
(/usr/share/texlive/texmf-dist/tex/latex/jknapltx/mathrsfs.sty
Package: mathrsfs 1996/01/01 Math RSFS package v1.0 (jk)
\symrsfs=\mathgroup9
)
(/usr/share/texlive/texmf-dist/tex/latex/multirow/multirow.sty
Package: multirow 2018/08/03 v2.3 Span multiple rows of a table
\multirow@colwidth=\skip54
\multirow@cntb=\count122
\multirow@dima=\skip55
\bigstrutjot=\dimen132
)
(/usr/share/texlive/texmf-dist/tex/latex/caption/caption.sty
Package: caption 2018/05/01 v3.3-147 Customizing captions (AR)

(/usr/share/texlive/texmf-dist/tex/latex/caption/caption3.sty
Package: caption3 2018/05/27 v1.8a caption3 kernel (AR)
Package caption3 Info: TeX engine: e-TeX on input line 64.
\captionmargin=\dimen133
\captionmargin@=\dimen134
\captionwidth=\dimen135
\caption@tempdima=\dimen136
\caption@indent=\dimen137
\caption@parindent=\dimen138
\caption@hangindent=\dimen139
)
\c@ContinuedFloat=\count123
Package caption Info: hyperref package is loaded.
)
(/usr/share/texlive/texmf-dist/tex/latex/subfig/subfig.sty
Package: subfig 2005/06/28 ver: 1.3 subfig package
\c@KVtest=\count124
\sf@farskip=\skip56
\sf@captopadj=\dimen140
\sf@capskip=\skip57
\sf@nearskip=\skip58
\c@subfigure=\count125
\c@subfigure@save=\count126
\c@lofdepth=\count127
\c@subtable=\count128
\c@subtable@save=\count129
\c@lotdepth=\count130
\sf@top=\skip59
\sf@bottom=\skip60
)
(/usr/share/texlive/texmf-dist/tex/latex/xcolor/xcolor.sty
Package: xcolor 2016/05/11 v2.12 LaTeX color extensions (UK)

(/usr/share/texlive/texmf-dist/tex/latex/graphics-cfg/color.cfg
File: color.cfg 2016/01/02 v1.6 sample color configuration
)
Package xcolor Info: Driver file: pdftex.def on input line 225.
Package xcolor Info: Model `cmy' substituted by `cmy0' on input line 1348.
Package xcolor Info: Model `hsb' substituted by `rgb' on input line 1352.
Package xcolor Info: Model `RGB' extended on input line 1364.
Package xcolor Info: Model `HTML' substituted by `rgb' on input line 1366.
Package xcolor Info: Model `Hsb' substituted by `hsb' on input line 1367.
Package xcolor Info: Model `tHsb' substituted by `hsb' on input line 1368.
Package xcolor Info: Model `HSB' substituted by `hsb' on input line 1369.
Package xcolor Info: Model `Gray' substituted by `gray' on input line 1370.
Package xcolor Info: Model `wave' substituted by `hsb' on input line 1371.
)
(/usr/share/texlive/texmf-dist/tex/latex/colortbl/colortbl.sty
Package: colortbl 2018/05/02 v1.0c Color table columns (DPC)

(/usr/share/texlive/texmf-dist/tex/latex/tools/array.sty
Package: array 2018/04/30 v2.4h Tabular extension package (FMi)
\col@sep=\dimen141
\ar@mcellbox=\box32
\extrarowheight=\dimen142
\NC@list=\toks31
\extratabsurround=\skip61
\backup@length=\skip62
\ar@cellbox=\box33
)
\everycr=\toks32
\minrowclearance=\skip63
)
(/usr/share/texlive/texmf-dist/tex/latex/diffcoeff/diffcoeff.sty
(/usr/share/texlive/texmf-dist/tex/latex/l3kernel/expl3.sty
Package: expl3 2018-06-14 L3 programming layer (loader) 

(/usr/share/texlive/texmf-dist/tex/latex/l3kernel/expl3-code.tex
Package: expl3 2018-06-14 L3 programming layer (code)
\c_max_int=\count131
\l_tmpa_int=\count132
\l_tmpb_int=\count133
\g_tmpa_int=\count134
\g_tmpb_int=\count135
\g__kernel_prg_map_int=\count136
\c_log_iow=\count137
\l_iow_line_count_int=\count138
\l__iow_line_target_int=\count139
\l__iow_one_indent_int=\count140
\l__iow_indent_int=\count141
\c_zero_dim=\dimen143
\c_max_dim=\dimen144
\l_tmpa_dim=\dimen145
\l_tmpb_dim=\dimen146
\g_tmpa_dim=\dimen147
\g_tmpb_dim=\dimen148
\c_zero_skip=\skip64
\c_max_skip=\skip65
\l_tmpa_skip=\skip66
\l_tmpb_skip=\skip67
\g_tmpa_skip=\skip68
\g_tmpb_skip=\skip69
\c_zero_muskip=\muskip12
\c_max_muskip=\muskip13
\l_tmpa_muskip=\muskip14
\l_tmpb_muskip=\muskip15
\g_tmpa_muskip=\muskip16
\g_tmpb_muskip=\muskip17
\l_keys_choice_int=\count142
\l__intarray_loop_int=\count143
\c__intarray_sp_dim=\dimen149
\g__intarray_font_int=\count144
\c__fp_leading_shift_int=\count145
\c__fp_middle_shift_int=\count146
\c__fp_trailing_shift_int=\count147
\c__fp_big_leading_shift_int=\count148
\c__fp_big_middle_shift_int=\count149
\c__fp_big_trailing_shift_int=\count150
\c__fp_Bigg_leading_shift_int=\count151
\c__fp_Bigg_middle_shift_int=\count152
\c__fp_Bigg_trailing_shift_int=\count153
\c__kernel_randint_max_int=\count154
\g__fp_array_int=\count155
\l__fp_array_loop_int=\count156
\l__sort_length_int=\count157
\l__sort_min_int=\count158
\l__sort_top_int=\count159
\l__sort_max_int=\count160
\l__sort_true_max_int=\count161
\l__sort_block_int=\count162
\l__sort_begin_int=\count163
\l__sort_end_int=\count164
\l__sort_A_int=\count165
\l__sort_B_int=\count166
\l__sort_C_int=\count167
\l__tl_analysis_normal_int=\count168
\l__tl_analysis_index_int=\count169
\l__tl_analysis_nesting_int=\count170
\l__tl_analysis_type_int=\count171
\l__regex_internal_a_int=\count172
\l__regex_internal_b_int=\count173
\l__regex_internal_c_int=\count174
\l__regex_balance_int=\count175
\l__regex_group_level_int=\count176
\l__regex_mode_int=\count177
\c__regex_cs_in_class_mode_int=\count178
\c__regex_cs_mode_int=\count179
\l__regex_catcodes_int=\count180
\l__regex_default_catcodes_int=\count181
\c__regex_catcode_D_int=\count182
\c__regex_catcode_S_int=\count183
\c__regex_catcode_L_int=\count184
\c__regex_catcode_O_int=\count185
\c__regex_catcode_A_int=\count186
\c__regex_all_catcodes_int=\count187
\l__regex_show_lines_int=\count188
\l__regex_min_state_int=\count189
\l__regex_max_state_int=\count190
\l__regex_left_state_int=\count191
\l__regex_right_state_int=\count192
\l__regex_capturing_group_int=\count193
\l__regex_min_pos_int=\count194
\l__regex_max_pos_int=\count195
\l__regex_curr_pos_int=\count196
\l__regex_start_pos_int=\count197
\l__regex_success_pos_int=\count198
\l__regex_curr_char_int=\count199
\l__regex_curr_catcode_int=\count266
\l__regex_last_char_int=\count267
\l__regex_case_changed_char_int=\count268
\l__regex_curr_state_int=\count269
\l__regex_step_int=\count270
\l__regex_min_active_int=\count271
\l__regex_max_active_int=\count272
\l__regex_replacement_csnames_int=\count273
\l__regex_match_count_int=\count274
\l__regex_min_submatch_int=\count275
\l__regex_submatch_int=\count276
\l__regex_zeroth_submatch_int=\count277
\g__regex_trace_regex_int=\count278
\c_empty_box=\box34
\l_tmpa_box=\box35
\l_tmpb_box=\box36
\g_tmpa_box=\box37
\g_tmpb_box=\box38
\l__box_top_dim=\dimen150
\l__box_bottom_dim=\dimen151
\l__box_left_dim=\dimen152
\l__box_right_dim=\dimen153
\l__box_top_new_dim=\dimen154
\l__box_bottom_new_dim=\dimen155
\l__box_left_new_dim=\dimen156
\l__box_right_new_dim=\dimen157
\l__box_internal_box=\box39
\l__coffin_internal_box=\box40
\l__coffin_internal_dim=\dimen158
\l__coffin_offset_x_dim=\dimen159
\l__coffin_offset_y_dim=\dimen160
\l__coffin_x_dim=\dimen161
\l__coffin_y_dim=\dimen162
\l__coffin_x_prime_dim=\dimen163
\l__coffin_y_prime_dim=\dimen164
\c_empty_coffin=\box41
\l__coffin_aligned_coffin=\box42
\l__coffin_aligned_internal_coffin=\box43
\l_tmpa_coffin=\box44
\l_tmpb_coffin=\box45
\l__coffin_display_coffin=\box46
\l__coffin_display_coord_coffin=\box47
\l__coffin_display_pole_coffin=\box48
\l__coffin_display_offset_dim=\dimen165
\l__coffin_display_x_dim=\dimen166
\l__coffin_display_y_dim=\dimen167
\g__file_internal_ior=\read1
\l__coffin_bounding_shift_dim=\dimen168
\l__coffin_left_corner_dim=\dimen169
\l__coffin_right_corner_dim=\dimen170
\l__coffin_bottom_corner_dim=\dimen171
\l__coffin_top_corner_dim=\dimen172
\l__coffin_scaled_total_height_dim=\dimen173
\l__coffin_scaled_width_dim=\dimen174
\l__seq_internal_a_int=\count279
\l__seq_internal_b_int=\count280
)
(/usr/share/texlive/texmf-dist/tex/latex/l3kernel/l3pdfmode.def
File: l3pdfmode.def 2018-06-14 v L3 Experimental driver: PDF mode
\l__driver_color_stack_int=\count281
))
(/usr/share/texlive/texmf-dist/tex/latex/l3packages/xparse/xparse.sty
Package: xparse 2018-05-12 L3 Experimental document command parser
\l__xparse_current_arg_int=\count282
\g__xparse_grabber_int=\count283
\l__xparse_m_args_int=\count284
\l__xparse_mandatory_args_int=\count285
\l__xparse_v_nesting_int=\count286
)
Package: diffcoeff 2016/06/27 v1.0 Write differential coefficients easily.
\l__diffco_curr_tok_int=\count287
\l__diffco_curr_state_int=\count288
.................................................
. LaTeX info: "xparse/define-command"
. 
. Defining command \diffset with sig. 'o' on line 108.
.................................................
.................................................
. LaTeX info: "xparse/define-command"
. 
. Defining command \diff with sig. 'somt/mg' on line 190.
.................................................
.................................................
. LaTeX info: "xparse/define-command"
. 
. Defining command \Diff with sig. 'ommg' on line 200.
.................................................
.................................................
. LaTeX info: "xparse/define-command"
. 
. Defining command \diffd with sig. 'ommg' on line 210.
.................................................
.................................................
. LaTeX info: "xparse/define-command"
. 
. Defining command \Diffd with sig. 'ommg' on line 220.
.................................................
.................................................
. LaTeX info: "xparse/define-command"
. 
. Defining command \diffp with sig. 'soomt/mg' on line 351.
.................................................
.................................................
. LaTeX info: "xparse/define-command"
. 
. Defining command \jacob with sig. 'mm' on line 356.
.................................................
)
\c@theorem=\count289
\c@remark=\count290
\c@proposition=\count291

(./Kirchhoff_Part_Revised.aux)
\openout1 = `Kirchhoff_Part_Revised.aux'.

LaTeX Font Info:    Checking defaults for OML/cmm/m/it on input line 71.
LaTeX Font Info:    ... okay on input line 71.
LaTeX Font Info:    Checking defaults for T1/cmr/m/n on input line 71.
LaTeX Font Info:    ... okay on input line 71.
LaTeX Font Info:    Checking defaults for OT1/cmr/m/n on input line 71.
LaTeX Font Info:    ... okay on input line 71.
LaTeX Font Info:    Checking defaults for OMS/cmsy/m/n on input line 71.
LaTeX Font Info:    ... okay on input line 71.
LaTeX Font Info:    Checking defaults for OMX/cmex/m/n on input line 71.
LaTeX Font Info:    ... okay on input line 71.
LaTeX Font Info:    Checking defaults for U/cmr/m/n on input line 71.
LaTeX Font Info:    ... okay on input line 71.
LaTeX Font Info:    Checking defaults for OT2/cmr/m/n on input line 71.
LaTeX Font Info:    Try loading font information for OT2+cmr on input line 71.

(/usr/share/texlive/texmf-dist/tex/latex/cyrillic/ot2cmr.fd
File: ot2cmr.fd 2001/08/11 v3.2c Computer Modern Cyrillic font definitions
)
LaTeX Font Info:    ... okay on input line 71.
LaTeX Font Info:    Checking defaults for PD1/pdf/m/n on input line 71.
LaTeX Font Info:    ... okay on input line 71.

(/usr/share/texlive/texmf-dist/tex/context/base/mkii/supp-pdf.mkii
[Loading MPS to PDF converter (version 2006.09.02).]
\scratchcounter=\count292
\scratchdimen=\dimen175
\scratchbox=\box49
\nofMPsegments=\count293
\nofMParguments=\count294
\everyMPshowfont=\toks33
\MPscratchCnt=\count295
\MPscratchDim=\dimen176
\MPnumerator=\count296
\makeMPintoPDFobject=\count297
\everyMPtoPDFconversion=\toks34
) (/usr/share/texlive/texmf-dist/tex/latex/oberdiek/epstopdf-base.sty
Package: epstopdf-base 2016/05/15 v2.6 Base part for package epstopdf

(/usr/share/texlive/texmf-dist/tex/latex/oberdiek/grfext.sty
Package: grfext 2016/05/16 v1.2 Manage graphics extensions (HO)
)
Package epstopdf-base Info: Redefining graphics rule for `.eps' on input line 4
38.
Package grfext Info: Graphics extension search list:
(grfext)             [.pdf,.png,.jpg,.mps,.jpeg,.jbig2,.jb2,.PDF,.PNG,.JPG,.JPE
G,.JBIG2,.JB2,.eps]
(grfext)             \AppendGraphicsExtensions on input line 456.

(/usr/share/texlive/texmf-dist/tex/latex/latexconfig/epstopdf-sys.cfg
File: epstopdf-sys.cfg 2010/07/13 v1.3 Configuration of (r)epstopdf for TeX Liv
e
))
\AtBeginShipoutBox=\box50
Package hyperref Info: Link coloring ON on input line 71.

(/usr/share/texlive/texmf-dist/tex/latex/hyperref/nameref.sty
Package: nameref 2016/05/21 v2.44 Cross-referencing by name of section

(/usr/share/texlive/texmf-dist/tex/generic/oberdiek/gettitlestring.sty
Package: gettitlestring 2016/05/16 v1.5 Cleanup title references (HO)
)
\c@section@level=\count298
)
LaTeX Info: Redefining \ref on input line 71.
LaTeX Info: Redefining \pageref on input line 71.
LaTeX Info: Redefining \nameref on input line 71.

(./Kirchhoff_Part_Revised.out) (./Kirchhoff_Part_Revised.out)
\@outlinefile=\write5
\openout5 = `Kirchhoff_Part_Revised.out'.


*geometry* driver: auto-detecting
*geometry* detected driver: pdftex
*geometry* verbose mode - [ preamble ] result:
* driver: pdftex
* paper: <default>
* layout: <same size as paper>
* layoutoffset:(h,v)=(0.0pt,0.0pt)
* modes: 
* h-part:(L,W,R)=(71.13188pt, 472.03123pt, 71.13188pt)
* v-part:(T,H,B)=(56.9055pt, 666.9326pt, 71.13188pt)
* \paperwidth=614.295pt
* \paperheight=794.96999pt
* \textwidth=472.03123pt
* \textheight=666.9326pt
* \oddsidemargin=-1.1381pt
* \evensidemargin=-1.1381pt
* \topmargin=-52.36449pt
* \headheight=12.0pt
* \headsep=25.0pt
* \topskip=12.0pt
* \footskip=30.0pt
* \marginparwidth=44.0pt
* \marginparsep=10.0pt
* \columnsep=10.0pt
* \skip\footins=24.0pt
* \hoffset=0.0pt
* \voffset=0.0pt
* \mag=1000
* \@twocolumnfalse
* \@twosidefalse
* \@mparswitchfalse
* \@reversemarginfalse
* (1in=72.27pt=25.4mm, 1cm=28.453pt)

Package caption Info: Begin \AtBeginDocument code.
Package caption Info: subfig package v1.3 is loaded.
Package caption Info: End \AtBeginDocument code.
LaTeX Font Info:    Try loading font information for U+msa on input line 120.
(/usr/share/texlive/texmf-dist/tex/latex/amsfonts/umsa.fd
File: umsa.fd 2013/01/14 v3.01 AMS symbols A
)
LaTeX Font Info:    Try loading font information for U+msb on input line 120.

(/usr/share/texlive/texmf-dist/tex/latex/amsfonts/umsb.fd
File: umsb.fd 2013/01/14 v3.01 AMS symbols B
)
LaTeX Font Info:    Try loading font information for U+rsfs on input line 120.

(/usr/share/texlive/texmf-dist/tex/latex/jknapltx/ursfs.fd
File: ursfs.fd 1998/03/24 rsfs font definition file (jk)
)
LaTeX Font Info:    Try loading font information for T1+aett on input line 134.


(/usr/share/texlive/texmf-dist/tex/latex/ae/t1aett.fd
File: t1aett.fd 1997/11/16 Font definitions for T1/aett.
)
Underfull \hbox (badness 10000) in paragraph at lines 137--138

 []


Overfull \hbox (2.61609pt too wide) has occurred while \output is active
[] 
 []


Package hyperref Warning: Token not allowed in a PDF string (PDFDocEncoding):
(hyperref)                removing `\new@ifnextchar' on input line 138.


Package hyperref Warning: Token not allowed in a PDF string (PDFDocEncoding):
(hyperref)                removing `\<def>-command' on input line 138.


Package hyperref Warning: Token not allowed in a PDF string (PDFDocEncoding):
(hyperref)                removing `\cnotenum' on input line 138.


Package hyperref Warning: Token not allowed in a PDF string (PDFDocEncoding):
(hyperref)                removing `\<def>-command' on input line 138.


Package hyperref Warning: Token not allowed in a PDF string (PDFDocEncoding):
(hyperref)                removing `\@corref' on input line 138.

[1


{/usr/share/texlive/texmf-dist/fonts/map/pdftex/updmap/pdftex.map}] [2]
Overfull \hbox (17.33803pt too wide) detected at line 218
[] \OMS/cmsy/m/n/12 ^^\ \OT1/cmr/m/n/12 ((\OML/cmm/b/it/12 f[]\OML/cmm/m/it/12 
; \OML/cmm/b/it/12 f[]\OT1/cmr/m/n/12 )\OML/cmm/m/it/12 ; \OT1/cmr/m/n/12 (\OML
/cmm/b/it/12 e[]\OML/cmm/m/it/12 ; \OML/cmm/b/it/12 e[]\OT1/cmr/m/n/12 ))\OML/c
mm/m/it/12 ; \OT1/cmr/m/n/12 ((\OML/cmm/b/it/12 f[]\OML/cmm/m/it/12 ; \OML/cmm/
b/it/12 f[]\OT1/cmr/m/n/12 )\OML/cmm/m/it/12 ; \OT1/cmr/m/n/12 (\OML/cmm/b/it/1
2 e[]\OML/cmm/m/it/12 ; \OML/cmm/b/it/12 e[]\OT1/cmr/m/n/12 )) \OMS/cmsy/m/n/12
 ^^]\OT1/cmr/m/n/12 := [][] []  d\OML/cmm/m/it/12 x \OT1/cmr/m/n/12 + (\OML/cmm
/b/it/12 f[]\OT1/cmr/m/n/12 )[]\OML/cmm/b/it/12 e[] \OT1/cmr/m/n/12 + (\OML/cmm
/b/it/12 f[]\OT1/cmr/m/n/12 )[]\OML/cmm/b/it/12 f[]\OML/cmm/m/it/12 :
 []

[3]
Package epstopdf Info: Source file: <./Figures/Kirchh_sketch.eps>
(epstopdf)                    date: 2019-02-15 20:33:42
(epstopdf)                    size: 22935 bytes
(epstopdf)             Output file: <./Figures/Kirchh_sketch-eps-converted-to.p
df>
(epstopdf)                    date: 2019-02-15 20:33:42
(epstopdf)                    size: 5507 bytes
(epstopdf)             Command: <epstopdf --outfile=./Figures/Kirchh_sketch-eps
-converted-to.pdf ./Figures/Kirchh_sketch.eps>
(epstopdf)             \includegraphics on input line 285.
Package epstopdf Info: Output file is already uptodate.
<./Figures/Kirchh_sketch-eps-converted-to.pdf, id=166, 510.90875pt x 188.705pt>

File: ./Figures/Kirchh_sketch-eps-converted-to.pdf Graphic file (type pdf)
<use ./Figures/Kirchh_sketch-eps-converted-to.pdf>
Package pdftex.def Info: ./Figures/Kirchh_sketch-eps-converted-to.pdf  used on 
input line 285.
(pdftex.def)             Requested size: 377.62642pt x 139.47537pt.
 [4] [5 <./Figures/Kirchh_sketch-eps-converted-to.pdf>] [6]
Package epstopdf Info: Source file: <./Figures/Plate_ref.eps>
(epstopdf)                    date: 2019-02-15 20:33:42
(epstopdf)                    size: 67722 bytes
(epstopdf)             Output file: <./Figures/Plate_ref-eps-converted-to.pdf>
(epstopdf)                    date: 2019-02-15 20:33:42
(epstopdf)                    size: 8987 bytes
(epstopdf)             Command: <epstopdf --outfile=./Figures/Plate_ref-eps-con
verted-to.pdf ./Figures/Plate_ref.eps>
(epstopdf)             \includegraphics on input line 401.
Package epstopdf Info: Output file is already uptodate.
<./Figures/Plate_ref-eps-converted-to.pdf, id=216, 415.5525pt x 136.51pt>
File: ./Figures/Plate_ref-eps-converted-to.pdf Graphic file (type pdf)
<use ./Figures/Plate_ref-eps-converted-to.pdf>
Package pdftex.def Info: ./Figures/Plate_ref-eps-converted-to.pdf  used on inpu
t line 401.
(pdftex.def)             Requested size: 406.06561pt x 133.38448pt.
Package epstopdf Info: Source file: <./Figures/Cauchy_law.eps>
(epstopdf)                    date: 2019-02-15 20:33:41
(epstopdf)                    size: 60067 bytes
(epstopdf)             Output file: <./Figures/Cauchy_law-eps-converted-to.pdf>

(epstopdf)                    date: 2019-02-15 20:33:41
(epstopdf)                    size: 9483 bytes
(epstopdf)             Command: <epstopdf --outfile=./Figures/Cauchy_law-eps-co
nverted-to.pdf ./Figures/Cauchy_law.eps>
(epstopdf)             \includegraphics on input line 424.
Package epstopdf Info: Output file is already uptodate.
<./Figures/Cauchy_law-eps-converted-to.pdf, id=218, 440.64626pt x 178.6675pt>
File: ./Figures/Cauchy_law-eps-converted-to.pdf Graphic file (type pdf)
<use ./Figures/Cauchy_law-eps-converted-to.pdf>
Package pdftex.def Info: ./Figures/Cauchy_law-eps-converted-to.pdf  used on inp
ut line 424.
(pdftex.def)             Requested size: 377.62642pt x 153.11943pt.
 [7 <./Figures/Plate_ref-eps-converted-to.pdf>] [8 <./Figures/Cauchy_law-eps-co
nverted-to.pdf>]
[9]
Underfull \hbox (badness 10000) in paragraph at lines 585--586

 []

[10]
Underfull \hbox (badness 10000) in paragraph at lines 596--598

 []


Overfull \hbox (1.9918pt too wide) in paragraph at lines 602--605
\T1/aer/m/n/12 where $\OML/cmm/m/it/12 r > \OT1/cmr/m/n/12 0$ \T1/aer/m/n/12 is
 the damp-ing co-ef-fi-cient. If this equa-tion is rewrit-ten us-ing the port-H
amiltonian
 []

[11] [12] [13] [14]
Underfull \hbox (badness 10000) in paragraph at lines 850--851

 []

[15]
Overfull \hbox (7.97845pt too wide) detected at line 883
[] [][] \OML/cmm/m/it/12 v[][]  \OT1/cmr/m/n/12 d
 = \OMS/cmsy/m/n/12 ^^@ [][] []\OT1/cmr/m/n/12 ([](\OML/cmm/m/it/12 v[]\OT1/cmr
/m/n/12 )) [] \U/msb/m/n/12 E[]  \OT1/cmr/m/n/12 d
 + [][] []   d\OML/cmm/m/it/12 s \OT1/cmr/m/n/12 + [] [][] \OML/cmm/m/it/12 :
 []

[16] [17] [18]
Overfull \hbox (28.54185pt too wide) in paragraph at lines 1028--1029
[][]\T1/aer/bx/n/12 Remark 8. []\T1/aer/m/it/12 It has to be ap-pointed that, t
o the best of au-thors' knowl-edge, the space $\OML/cmm/m/it/12 H[]\OT1/cmr/m/n
/12 (
\OML/cmm/m/it/12 ; \U/msb/m/n/12 R[]\OT1/cmr/m/n/12 )$
 []


Underfull \hbox (badness 10000) in paragraph at lines 1033--1037

 []

[19]
LaTeX Font Info:    Try loading font information for OMS+aer on input line 1045
.
 (/usr/share/texmf/tex/latex/R/omsaer.fd
File: omsaer.fd 1999/12/27
)
LaTeX Font Info:    Font shape `OMS/aer/m/n' in size <12> not available
(Font)              Font shape `OMS/cmsy/m/n' tried instead on input line 1045.



LaTeX Warning: `h' float specifier changed to `ht'.


LaTeX Warning: File `CaseCSCS_eln_FE_Bell_eig_1.eps' not found on input line 11
04.

Package epstopdf Info: Source file: <CaseCSCS_eln_FE_Bell_eig_1.eps>
(epstopdf)             Output file: <CaseCSCS_eln_FE_Bell_eig_1-eps-converted-t
o.pdf>
(epstopdf)             Command: <epstopdf --outfile=CaseCSCS_eln_FE_Bell_eig_1-
eps-converted-to.pdf CaseCSCS_eln_FE_Bell_eig_1.eps>
(epstopdf)             \includegraphics on input line 1104.
Package epstopdf Info: Output file is already uptodate.

! Package pdftex.def Error: File `CaseCSCS_eln_FE_Bell_eig_1-eps-converted-to.p
df' not found: using draft setting.

See the pdftex.def package documentation for explanation.
Type  H <return>  for immediate help.
 ...                                              
                                                  
l.1104 ...newidth]{CaseCSCS_eln_FE_Bell_eig_1.eps}
                                                  
Try typing  <return>  to proceed.
If that doesn't work, type  X <return>  to quit.


LaTeX Warning: File `CaseCSCS_eln_FE_Bell_eig_2.eps' not found on input line 11
08.

Package epstopdf Info: Source file: <CaseCSCS_eln_FE_Bell_eig_2.eps>
(epstopdf)             Output file: <CaseCSCS_eln_FE_Bell_eig_2-eps-converted-t
o.pdf>
(epstopdf)             Command: <epstopdf --outfile=CaseCSCS_eln_FE_Bell_eig_2-
eps-converted-to.pdf CaseCSCS_eln_FE_Bell_eig_2.eps>
(epstopdf)             \includegraphics on input line 1108.
Package epstopdf Info: Output file is already uptodate.

! Package pdftex.def Error: File `CaseCSCS_eln_FE_Bell_eig_2-eps-converted-to.p
df' not found: using draft setting.

See the pdftex.def package documentation for explanation.
Type  H <return>  for immediate help.
 ...                                              
                                                  
l.1108 ...newidth]{CaseCSCS_eln_FE_Bell_eig_2.eps}
                                                  
Try typing  <return>  to proceed.
If that doesn't work, type  X <return>  to quit.


LaTeX Warning: File `CaseCSCS_eln_FE_Bell_eig_3.eps' not found on input line 11
12.

Package epstopdf Info: Source file: <CaseCSCS_eln_FE_Bell_eig_3.eps>
(epstopdf)             Output file: <CaseCSCS_eln_FE_Bell_eig_3-eps-converted-t
o.pdf>
(epstopdf)             Command: <epstopdf --outfile=CaseCSCS_eln_FE_Bell_eig_3-
eps-converted-to.pdf CaseCSCS_eln_FE_Bell_eig_3.eps>
(epstopdf)             \includegraphics on input line 1112.
Package epstopdf Info: Output file is already uptodate.

! Package pdftex.def Error: File `CaseCSCS_eln_FE_Bell_eig_3-eps-converted-to.p
df' not found: using draft setting.

See the pdftex.def package documentation for explanation.
Type  H <return>  for immediate help.
 ...                                              
                                                  
l.1112 ...newidth]{CaseCSCS_eln_FE_Bell_eig_3.eps}
                                                  
Try typing  <return>  to proceed.
If that doesn't work, type  X <return>  to quit.


LaTeX Warning: File `CaseCSCS_eln_FE_Bell_eig_4.eps' not found on input line 11
16.

Package epstopdf Info: Source file: <CaseCSCS_eln_FE_Bell_eig_4.eps>
(epstopdf)             Output file: <CaseCSCS_eln_FE_Bell_eig_4-eps-converted-t
o.pdf>
(epstopdf)             Command: <epstopdf --outfile=CaseCSCS_eln_FE_Bell_eig_4-
eps-converted-to.pdf CaseCSCS_eln_FE_Bell_eig_4.eps>
(epstopdf)             \includegraphics on input line 1116.
Package epstopdf Info: Output file is already uptodate.

! Package pdftex.def Error: File `CaseCSCS_eln_FE_Bell_eig_4-eps-converted-to.p
df' not found: using draft setting.

See the pdftex.def package documentation for explanation.
Type  H <return>  for immediate help.
 ...                                              
                                                  
l.1116 ...newidth]{CaseCSCS_eln_FE_Bell_eig_4.eps}
                                                  
Try typing  <return>  to proceed.
If that doesn't work, type  X <return>  to quit.


LaTeX Warning: File `CaseCSCS_eln_FE_Bell_eig_5.eps' not found on input line 11
20.

Package epstopdf Info: Source file: <CaseCSCS_eln_FE_Bell_eig_5.eps>
(epstopdf)             Output file: <CaseCSCS_eln_FE_Bell_eig_5-eps-converted-t
o.pdf>
(epstopdf)             Command: <epstopdf --outfile=CaseCSCS_eln_FE_Bell_eig_5-
eps-converted-to.pdf CaseCSCS_eln_FE_Bell_eig_5.eps>
(epstopdf)             \includegraphics on input line 1120.
Package epstopdf Info: Output file is already uptodate.

! Package pdftex.def Error: File `CaseCSCS_eln_FE_Bell_eig_5-eps-converted-to.p
df' not found: using draft setting.

See the pdftex.def package documentation for explanation.
Type  H <return>  for immediate help.
 ...                                              
                                                  
l.1120 ...newidth]{CaseCSCS_eln_FE_Bell_eig_5.eps}
                                                  
Try typing  <return>  to proceed.
If that doesn't work, type  X <return>  to quit.


LaTeX Warning: File `CaseCSCS_eln_FE_Bell_eig_6.eps' not found on input line 11
24.

Package epstopdf Info: Source file: <CaseCSCS_eln_FE_Bell_eig_6.eps>
(epstopdf)             Output file: <CaseCSCS_eln_FE_Bell_eig_6-eps-converted-t
o.pdf>
(epstopdf)             Command: <epstopdf --outfile=CaseCSCS_eln_FE_Bell_eig_6-
eps-converted-to.pdf CaseCSCS_eln_FE_Bell_eig_6.eps>
(epstopdf)             \includegraphics on input line 1124.
Package epstopdf Info: Output file is already uptodate.

! Package pdftex.def Error: File `CaseCSCS_eln_FE_Bell_eig_6-eps-converted-to.p
df' not found: using draft setting.

See the pdftex.def package documentation for explanation.
Type  H <return>  for immediate help.
 ...                                              
                                                  
l.1124 ...newidth]{CaseCSCS_eln_FE_Bell_eig_6.eps}
                                                  
Try typing  <return>  to proceed.
If that doesn't work, type  X <return>  to quit.


LaTeX Warning: File `CaseSSCS_eln_FE_Bell_eig_1.eps' not found on input line 11
32.

Package epstopdf Info: Source file: <CaseSSCS_eln_FE_Bell_eig_1.eps>
(epstopdf)             Output file: <CaseSSCS_eln_FE_Bell_eig_1-eps-converted-t
o.pdf>
(epstopdf)             Command: <epstopdf --outfile=CaseSSCS_eln_FE_Bell_eig_1-
eps-converted-to.pdf CaseSSCS_eln_FE_Bell_eig_1.eps>
(epstopdf)             \includegraphics on input line 1132.
Package epstopdf Info: Output file is already uptodate.

! Package pdftex.def Error: File `CaseSSCS_eln_FE_Bell_eig_1-eps-converted-to.p
df' not found: using draft setting.

See the pdftex.def package documentation for explanation.
Type  H <return>  for immediate help.
 ...                                              
                                                  
l.1132 ...newidth]{CaseSSCS_eln_FE_Bell_eig_1.eps}
                                                  
Try typing  <return>  to proceed.
If that doesn't work, type  X <return>  to quit.


LaTeX Warning: File `CaseSSCS_eln_FE_Bell_eig_2.eps' not found on input line 11
36.

Package epstopdf Info: Source file: <CaseSSCS_eln_FE_Bell_eig_2.eps>
(epstopdf)             Output file: <CaseSSCS_eln_FE_Bell_eig_2-eps-converted-t
o.pdf>
(epstopdf)             Command: <epstopdf --outfile=CaseSSCS_eln_FE_Bell_eig_2-
eps-converted-to.pdf CaseSSCS_eln_FE_Bell_eig_2.eps>
(epstopdf)             \includegraphics on input line 1136.
Package epstopdf Info: Output file is already uptodate.

! Package pdftex.def Error: File `CaseSSCS_eln_FE_Bell_eig_2-eps-converted-to.p
df' not found: using draft setting.

See the pdftex.def package documentation for explanation.
Type  H <return>  for immediate help.
 ...                                              
                                                  
l.1136 ...newidth]{CaseSSCS_eln_FE_Bell_eig_2.eps}
                                                  
Try typing  <return>  to proceed.
If that doesn't work, type  X <return>  to quit.


LaTeX Warning: File `CaseSSCS_eln_FE_Bell_eig_3.eps' not found on input line 11
40.

Package epstopdf Info: Source file: <CaseSSCS_eln_FE_Bell_eig_3.eps>
(epstopdf)             Output file: <CaseSSCS_eln_FE_Bell_eig_3-eps-converted-t
o.pdf>
(epstopdf)             Command: <epstopdf --outfile=CaseSSCS_eln_FE_Bell_eig_3-
eps-converted-to.pdf CaseSSCS_eln_FE_Bell_eig_3.eps>
(epstopdf)             \includegraphics on input line 1140.
Package epstopdf Info: Output file is already uptodate.

! Package pdftex.def Error: File `CaseSSCS_eln_FE_Bell_eig_3-eps-converted-to.p
df' not found: using draft setting.

See the pdftex.def package documentation for explanation.
Type  H <return>  for immediate help.
 ...                                              
                                                  
l.1140 ...newidth]{CaseSSCS_eln_FE_Bell_eig_3.eps}
                                                  
Try typing  <return>  to proceed.
If that doesn't work, type  X <return>  to quit.


LaTeX Warning: File `CaseSSCS_eln_FE_Bell_eig_4.eps' not found on input line 11
44.

Package epstopdf Info: Source file: <CaseSSCS_eln_FE_Bell_eig_4.eps>
(epstopdf)             Output file: <CaseSSCS_eln_FE_Bell_eig_4-eps-converted-t
o.pdf>
(epstopdf)             Command: <epstopdf --outfile=CaseSSCS_eln_FE_Bell_eig_4-
eps-converted-to.pdf CaseSSCS_eln_FE_Bell_eig_4.eps>
(epstopdf)             \includegraphics on input line 1144.
Package epstopdf Info: Output file is already uptodate.

! Package pdftex.def Error: File `CaseSSCS_eln_FE_Bell_eig_4-eps-converted-to.p
df' not found: using draft setting.

See the pdftex.def package documentation for explanation.
Type  H <return>  for immediate help.
 ...                                              
                                                  
l.1144 ...newidth]{CaseSSCS_eln_FE_Bell_eig_4.eps}
                                                  
Try typing  <return>  to proceed.
If that doesn't work, type  X <return>  to quit.


LaTeX Warning: File `CaseSSCS_eln_FE_Bell_eig_5.eps' not found on input line 11
48.

Package epstopdf Info: Source file: <CaseSSCS_eln_FE_Bell_eig_5.eps>
(epstopdf)             Output file: <CaseSSCS_eln_FE_Bell_eig_5-eps-converted-t
o.pdf>
(epstopdf)             Command: <epstopdf --outfile=CaseSSCS_eln_FE_Bell_eig_5-
eps-converted-to.pdf CaseSSCS_eln_FE_Bell_eig_5.eps>
(epstopdf)             \includegraphics on input line 1148.
Package epstopdf Info: Output file is already uptodate.

! Package pdftex.def Error: File `CaseSSCS_eln_FE_Bell_eig_5-eps-converted-to.p
df' not found: using draft setting.

See the pdftex.def package documentation for explanation.
Type  H <return>  for immediate help.
 ...                                              
                                                  
l.1148 ...newidth]{CaseSSCS_eln_FE_Bell_eig_5.eps}
                                                  
Try typing  <return>  to proceed.
If that doesn't work, type  X <return>  to quit.


LaTeX Warning: File `CaseSSCS_eln_FE_Bell_eig_6.eps' not found on input line 11
52.

Package epstopdf Info: Source file: <CaseSSCS_eln_FE_Bell_eig_6.eps>
(epstopdf)             Output file: <CaseSSCS_eln_FE_Bell_eig_6-eps-converted-t
o.pdf>
(epstopdf)             Command: <epstopdf --outfile=CaseSSCS_eln_FE_Bell_eig_6-
eps-converted-to.pdf CaseSSCS_eln_FE_Bell_eig_6.eps>
(epstopdf)             \includegraphics on input line 1152.
Package epstopdf Info: Output file is already uptodate.

! Package pdftex.def Error: File `CaseSSCS_eln_FE_Bell_eig_6-eps-converted-to.p
df' not found: using draft setting.

See the pdftex.def package documentation for explanation.
Type  H <return>  for immediate help.
 ...                                              
                                                  
l.1152 ...newidth]{CaseSSCS_eln_FE_Bell_eig_6.eps}
                                                  
Try typing  <return>  to proceed.
If that doesn't work, type  X <return>  to quit.


LaTeX Warning: File `CaseSSSS_eln_FE_Bell_eig_1.eps' not found on input line 11
60.

Package epstopdf Info: Source file: <CaseSSSS_eln_FE_Bell_eig_1.eps>
(epstopdf)             Output file: <CaseSSSS_eln_FE_Bell_eig_1-eps-converted-t
o.pdf>
(epstopdf)             Command: <epstopdf --outfile=CaseSSSS_eln_FE_Bell_eig_1-
eps-converted-to.pdf CaseSSSS_eln_FE_Bell_eig_1.eps>
(epstopdf)             \includegraphics on input line 1160.
Package epstopdf Info: Output file is already uptodate.

! Package pdftex.def Error: File `CaseSSSS_eln_FE_Bell_eig_1-eps-converted-to.p
df' not found: using draft setting.

See the pdftex.def package documentation for explanation.
Type  H <return>  for immediate help.
 ...                                              
                                                  
l.1160 ...newidth]{CaseSSSS_eln_FE_Bell_eig_1.eps}
                                                  
Try typing  <return>  to proceed.
If that doesn't work, type  X <return>  to quit.


LaTeX Warning: File `CaseSSSS_eln_FE_Bell_eig_2.eps' not found on input line 11
64.

Package epstopdf Info: Source file: <CaseSSSS_eln_FE_Bell_eig_2.eps>
(epstopdf)             Output file: <CaseSSSS_eln_FE_Bell_eig_2-eps-converted-t
o.pdf>
(epstopdf)             Command: <epstopdf --outfile=CaseSSSS_eln_FE_Bell_eig_2-
eps-converted-to.pdf CaseSSSS_eln_FE_Bell_eig_2.eps>
(epstopdf)             \includegraphics on input line 1164.
Package epstopdf Info: Output file is already uptodate.

! Package pdftex.def Error: File `CaseSSSS_eln_FE_Bell_eig_2-eps-converted-to.p
df' not found: using draft setting.

See the pdftex.def package documentation for explanation.
Type  H <return>  for immediate help.
 ...                                              
                                                  
l.1164 ...newidth]{CaseSSSS_eln_FE_Bell_eig_2.eps}
                                                  
Try typing  <return>  to proceed.
If that doesn't work, type  X <return>  to quit.


LaTeX Warning: File `CaseSSSS_eln_FE_Bell_eig_3.eps' not found on input line 11
68.

Package epstopdf Info: Source file: <CaseSSSS_eln_FE_Bell_eig_3.eps>
(epstopdf)             Output file: <CaseSSSS_eln_FE_Bell_eig_3-eps-converted-t
o.pdf>
(epstopdf)             Command: <epstopdf --outfile=CaseSSSS_eln_FE_Bell_eig_3-
eps-converted-to.pdf CaseSSSS_eln_FE_Bell_eig_3.eps>
(epstopdf)             \includegraphics on input line 1168.
Package epstopdf Info: Output file is already uptodate.

! Package pdftex.def Error: File `CaseSSSS_eln_FE_Bell_eig_3-eps-converted-to.p
df' not found: using draft setting.

See the pdftex.def package documentation for explanation.
Type  H <return>  for immediate help.
 ...                                              
                                                  
l.1168 ...newidth]{CaseSSSS_eln_FE_Bell_eig_3.eps}
                                                  
Try typing  <return>  to proceed.
If that doesn't work, type  X <return>  to quit.


LaTeX Warning: File `CaseSSSS_eln_FE_Bell_eig_4.eps' not found on input line 11
72.

Package epstopdf Info: Source file: <CaseSSSS_eln_FE_Bell_eig_4.eps>
(epstopdf)             Output file: <CaseSSSS_eln_FE_Bell_eig_4-eps-converted-t
o.pdf>
(epstopdf)             Command: <epstopdf --outfile=CaseSSSS_eln_FE_Bell_eig_4-
eps-converted-to.pdf CaseSSSS_eln_FE_Bell_eig_4.eps>
(epstopdf)             \includegraphics on input line 1172.
Package epstopdf Info: Output file is already uptodate.

! Package pdftex.def Error: File `CaseSSSS_eln_FE_Bell_eig_4-eps-converted-to.p
df' not found: using draft setting.

See the pdftex.def package documentation for explanation.
Type  H <return>  for immediate help.
 ...                                              
                                                  
l.1172 ...newidth]{CaseSSSS_eln_FE_Bell_eig_4.eps}
                                                  
Try typing  <return>  to proceed.
If that doesn't work, type  X <return>  to quit.


LaTeX Warning: File `CaseSSSS_eln_FE_Bell_eig_5.eps' not found on input line 11
76.

Package epstopdf Info: Source file: <CaseSSSS_eln_FE_Bell_eig_5.eps>
(epstopdf)             Output file: <CaseSSSS_eln_FE_Bell_eig_5-eps-converted-t
o.pdf>
(epstopdf)             Command: <epstopdf --outfile=CaseSSSS_eln_FE_Bell_eig_5-
eps-converted-to.pdf CaseSSSS_eln_FE_Bell_eig_5.eps>
(epstopdf)             \includegraphics on input line 1176.
Package epstopdf Info: Output file is already uptodate.

! Package pdftex.def Error: File `CaseSSSS_eln_FE_Bell_eig_5-eps-converted-to.p
df' not found: using draft setting.

See the pdftex.def package documentation for explanation.
Type  H <return>  for immediate help.
 ...                                              
                                                  
l.1176 ...newidth]{CaseSSSS_eln_FE_Bell_eig_5.eps}
                                                  
Try typing  <return>  to proceed.
If that doesn't work, type  X <return>  to quit.


LaTeX Warning: File `CaseSSSS_eln_FE_Bell_eig_6.eps' not found on input line 11
80.

Package epstopdf Info: Source file: <CaseSSSS_eln_FE_Bell_eig_6.eps>
(epstopdf)             Output file: <CaseSSSS_eln_FE_Bell_eig_6-eps-converted-t
o.pdf>
(epstopdf)             Command: <epstopdf --outfile=CaseSSSS_eln_FE_Bell_eig_6-
eps-converted-to.pdf CaseSSSS_eln_FE_Bell_eig_6.eps>
(epstopdf)             \includegraphics on input line 1180.
Package epstopdf Info: Output file is already uptodate.

! Package pdftex.def Error: File `CaseSSSS_eln_FE_Bell_eig_6-eps-converted-to.p
df' not found: using draft setting.

See the pdftex.def package documentation for explanation.
Type  H <return>  for immediate help.
 ...                                              
                                                  
l.1180 ...newidth]{CaseSSSS_eln_FE_Bell_eig_6.eps}
                                                  
Try typing  <return>  to proceed.
If that doesn't work, type  X <return>  to quit.


LaTeX Warning: File `CaseCSFS_eln_FE_Bell_eig_1.eps' not found on input line 11
88.

Package epstopdf Info: Source file: <CaseCSFS_eln_FE_Bell_eig_1.eps>
(epstopdf)             Output file: <CaseCSFS_eln_FE_Bell_eig_1-eps-converted-t
o.pdf>
(epstopdf)             Command: <epstopdf --outfile=CaseCSFS_eln_FE_Bell_eig_1-
eps-converted-to.pdf CaseCSFS_eln_FE_Bell_eig_1.eps>
(epstopdf)             \includegraphics on input line 1188.
Package epstopdf Info: Output file is already uptodate.

! Package pdftex.def Error: File `CaseCSFS_eln_FE_Bell_eig_1-eps-converted-to.p
df' not found: using draft setting.

See the pdftex.def package documentation for explanation.
Type  H <return>  for immediate help.
 ...                                              
                                                  
l.1188 ...newidth]{CaseCSFS_eln_FE_Bell_eig_1.eps}
                                                  
Try typing  <return>  to proceed.
If that doesn't work, type  X <return>  to quit.


LaTeX Warning: File `CaseCSFS_eln_FE_Bell_eig_2.eps' not found on input line 11
92.

Package epstopdf Info: Source file: <CaseCSFS_eln_FE_Bell_eig_2.eps>
(epstopdf)             Output file: <CaseCSFS_eln_FE_Bell_eig_2-eps-converted-t
o.pdf>
(epstopdf)             Command: <epstopdf --outfile=CaseCSFS_eln_FE_Bell_eig_2-
eps-converted-to.pdf CaseCSFS_eln_FE_Bell_eig_2.eps>
(epstopdf)             \includegraphics on input line 1192.
Package epstopdf Info: Output file is already uptodate.

! Package pdftex.def Error: File `CaseCSFS_eln_FE_Bell_eig_2-eps-converted-to.p
df' not found: using draft setting.

See the pdftex.def package documentation for explanation.
Type  H <return>  for immediate help.
 ...                                              
                                                  
l.1192 ...newidth]{CaseCSFS_eln_FE_Bell_eig_2.eps}
                                                  
Try typing  <return>  to proceed.
If that doesn't work, type  X <return>  to quit.


LaTeX Warning: File `CaseCSFS_eln_FE_Bell_eig_3.eps' not found on input line 11
96.

Package epstopdf Info: Source file: <CaseCSFS_eln_FE_Bell_eig_3.eps>
(epstopdf)             Output file: <CaseCSFS_eln_FE_Bell_eig_3-eps-converted-t
o.pdf>
(epstopdf)             Command: <epstopdf --outfile=CaseCSFS_eln_FE_Bell_eig_3-
eps-converted-to.pdf CaseCSFS_eln_FE_Bell_eig_3.eps>
(epstopdf)             \includegraphics on input line 1196.
Package epstopdf Info: Output file is already uptodate.

! Package pdftex.def Error: File `CaseCSFS_eln_FE_Bell_eig_3-eps-converted-to.p
df' not found: using draft setting.

See the pdftex.def package documentation for explanation.
Type  H <return>  for immediate help.
 ...                                              
                                                  
l.1196 ...newidth]{CaseCSFS_eln_FE_Bell_eig_3.eps}
                                                  
Try typing  <return>  to proceed.
If that doesn't work, type  X <return>  to quit.


LaTeX Warning: File `CaseCSFS_eln_FE_Bell_eig_4.eps' not found on input line 12
00.

Package epstopdf Info: Source file: <CaseCSFS_eln_FE_Bell_eig_4.eps>
(epstopdf)             Output file: <CaseCSFS_eln_FE_Bell_eig_4-eps-converted-t
o.pdf>
(epstopdf)             Command: <epstopdf --outfile=CaseCSFS_eln_FE_Bell_eig_4-
eps-converted-to.pdf CaseCSFS_eln_FE_Bell_eig_4.eps>
(epstopdf)             \includegraphics on input line 1200.
Package epstopdf Info: Output file is already uptodate.

! Package pdftex.def Error: File `CaseCSFS_eln_FE_Bell_eig_4-eps-converted-to.p
df' not found: using draft setting.

See the pdftex.def package documentation for explanation.
Type  H <return>  for immediate help.
 ...                                              
                                                  
l.1200 ...newidth]{CaseCSFS_eln_FE_Bell_eig_4.eps}
                                                  
Try typing  <return>  to proceed.
If that doesn't work, type  X <return>  to quit.


LaTeX Warning: File `CaseCSFS_eln_FE_Bell_eig_5.eps' not found on input line 12
04.

Package epstopdf Info: Source file: <CaseCSFS_eln_FE_Bell_eig_5.eps>
(epstopdf)             Output file: <CaseCSFS_eln_FE_Bell_eig_5-eps-converted-t
o.pdf>
(epstopdf)             Command: <epstopdf --outfile=CaseCSFS_eln_FE_Bell_eig_5-
eps-converted-to.pdf CaseCSFS_eln_FE_Bell_eig_5.eps>
(epstopdf)             \includegraphics on input line 1204.
Package epstopdf Info: Output file is already uptodate.

! Package pdftex.def Error: File `CaseCSFS_eln_FE_Bell_eig_5-eps-converted-to.p
df' not found: using draft setting.

See the pdftex.def package documentation for explanation.
Type  H <return>  for immediate help.
 ...                                              
                                                  
l.1204 ...newidth]{CaseCSFS_eln_FE_Bell_eig_5.eps}
                                                  
Try typing  <return>  to proceed.
If that doesn't work, type  X <return>  to quit.


LaTeX Warning: File `CaseCSFS_eln_FE_Bell_eig_6.eps' not found on input line 12
08.

Package epstopdf Info: Source file: <CaseCSFS_eln_FE_Bell_eig_6.eps>
(epstopdf)             Output file: <CaseCSFS_eln_FE_Bell_eig_6-eps-converted-t
o.pdf>
(epstopdf)             Command: <epstopdf --outfile=CaseCSFS_eln_FE_Bell_eig_6-
eps-converted-to.pdf CaseCSFS_eln_FE_Bell_eig_6.eps>
(epstopdf)             \includegraphics on input line 1208.
Package epstopdf Info: Output file is already uptodate.

! Package pdftex.def Error: File `CaseCSFS_eln_FE_Bell_eig_6-eps-converted-to.p
df' not found: using draft setting.

See the pdftex.def package documentation for explanation.
Type  H <return>  for immediate help.
 ...                                              
                                                  
l.1208 ...newidth]{CaseCSFS_eln_FE_Bell_eig_6.eps}
                                                  
Try typing  <return>  to proceed.
If that doesn't work, type  X <return>  to quit.


LaTeX Warning: File `CaseSSFS_eln_FE_Bell_eig_1.eps' not found on input line 12
16.

Package epstopdf Info: Source file: <CaseSSFS_eln_FE_Bell_eig_1.eps>
(epstopdf)             Output file: <CaseSSFS_eln_FE_Bell_eig_1-eps-converted-t
o.pdf>
(epstopdf)             Command: <epstopdf --outfile=CaseSSFS_eln_FE_Bell_eig_1-
eps-converted-to.pdf CaseSSFS_eln_FE_Bell_eig_1.eps>
(epstopdf)             \includegraphics on input line 1216.
Package epstopdf Info: Output file is already uptodate.

! Package pdftex.def Error: File `CaseSSFS_eln_FE_Bell_eig_1-eps-converted-to.p
df' not found: using draft setting.

See the pdftex.def package documentation for explanation.
Type  H <return>  for immediate help.
 ...                                              
                                                  
l.1216 ...newidth]{CaseSSFS_eln_FE_Bell_eig_1.eps}
                                                  
Try typing  <return>  to proceed.
If that doesn't work, type  X <return>  to quit.


LaTeX Warning: File `CaseSSFS_eln_FE_Bell_eig_2.eps' not found on input line 12
20.

Package epstopdf Info: Source file: <CaseSSFS_eln_FE_Bell_eig_2.eps>
(epstopdf)             Output file: <CaseSSFS_eln_FE_Bell_eig_2-eps-converted-t
o.pdf>
(epstopdf)             Command: <epstopdf --outfile=CaseSSFS_eln_FE_Bell_eig_2-
eps-converted-to.pdf CaseSSFS_eln_FE_Bell_eig_2.eps>
(epstopdf)             \includegraphics on input line 1220.
Package epstopdf Info: Output file is already uptodate.

! Package pdftex.def Error: File `CaseSSFS_eln_FE_Bell_eig_2-eps-converted-to.p
df' not found: using draft setting.

See the pdftex.def package documentation for explanation.
Type  H <return>  for immediate help.
 ...                                              
                                                  
l.1220 ...newidth]{CaseSSFS_eln_FE_Bell_eig_2.eps}
                                                  
Try typing  <return>  to proceed.
If that doesn't work, type  X <return>  to quit.


LaTeX Warning: File `CaseSSFS_eln_FE_Bell_eig_3.eps' not found on input line 12
24.

Package epstopdf Info: Source file: <CaseSSFS_eln_FE_Bell_eig_3.eps>
(epstopdf)             Output file: <CaseSSFS_eln_FE_Bell_eig_3-eps-converted-t
o.pdf>
(epstopdf)             Command: <epstopdf --outfile=CaseSSFS_eln_FE_Bell_eig_3-
eps-converted-to.pdf CaseSSFS_eln_FE_Bell_eig_3.eps>
(epstopdf)             \includegraphics on input line 1224.
Package epstopdf Info: Output file is already uptodate.

! Package pdftex.def Error: File `CaseSSFS_eln_FE_Bell_eig_3-eps-converted-to.p
df' not found: using draft setting.

See the pdftex.def package documentation for explanation.
Type  H <return>  for immediate help.
 ...                                              
                                                  
l.1224 ...newidth]{CaseSSFS_eln_FE_Bell_eig_3.eps}
                                                  
Try typing  <return>  to proceed.
If that doesn't work, type  X <return>  to quit.


LaTeX Warning: File `CaseSSFS_eln_FE_Bell_eig_4.eps' not found on input line 12
28.

Package epstopdf Info: Source file: <CaseSSFS_eln_FE_Bell_eig_4.eps>
(epstopdf)             Output file: <CaseSSFS_eln_FE_Bell_eig_4-eps-converted-t
o.pdf>
(epstopdf)             Command: <epstopdf --outfile=CaseSSFS_eln_FE_Bell_eig_4-
eps-converted-to.pdf CaseSSFS_eln_FE_Bell_eig_4.eps>
(epstopdf)             \includegraphics on input line 1228.
Package epstopdf Info: Output file is already uptodate.

! Package pdftex.def Error: File `CaseSSFS_eln_FE_Bell_eig_4-eps-converted-to.p
df' not found: using draft setting.

See the pdftex.def package documentation for explanation.
Type  H <return>  for immediate help.
 ...                                              
                                                  
l.1228 ...newidth]{CaseSSFS_eln_FE_Bell_eig_4.eps}
                                                  
Try typing  <return>  to proceed.
If that doesn't work, type  X <return>  to quit.


LaTeX Warning: File `CaseSSFS_eln_FE_Bell_eig_5.eps' not found on input line 12
32.

Package epstopdf Info: Source file: <CaseSSFS_eln_FE_Bell_eig_5.eps>
(epstopdf)             Output file: <CaseSSFS_eln_FE_Bell_eig_5-eps-converted-t
o.pdf>
(epstopdf)             Command: <epstopdf --outfile=CaseSSFS_eln_FE_Bell_eig_5-
eps-converted-to.pdf CaseSSFS_eln_FE_Bell_eig_5.eps>
(epstopdf)             \includegraphics on input line 1232.
Package epstopdf Info: Output file is already uptodate.

! Package pdftex.def Error: File `CaseSSFS_eln_FE_Bell_eig_5-eps-converted-to.p
df' not found: using draft setting.

See the pdftex.def package documentation for explanation.
Type  H <return>  for immediate help.
 ...                                              
                                                  
l.1232 ...newidth]{CaseSSFS_eln_FE_Bell_eig_5.eps}
                                                  
Try typing  <return>  to proceed.
If that doesn't work, type  X <return>  to quit.


LaTeX Warning: File `CaseSSFS_eln_FE_Bell_eig_6.eps' not found on input line 12
36.

Package epstopdf Info: Source file: <CaseSSFS_eln_FE_Bell_eig_6.eps>
(epstopdf)             Output file: <CaseSSFS_eln_FE_Bell_eig_6-eps-converted-t
o.pdf>
(epstopdf)             Command: <epstopdf --outfile=CaseSSFS_eln_FE_Bell_eig_6-
eps-converted-to.pdf CaseSSFS_eln_FE_Bell_eig_6.eps>
(epstopdf)             \includegraphics on input line 1236.
Package epstopdf Info: Output file is already uptodate.

! Package pdftex.def Error: File `CaseSSFS_eln_FE_Bell_eig_6-eps-converted-to.p
df' not found: using draft setting.

See the pdftex.def package documentation for explanation.
Type  H <return>  for immediate help.
 ...                                              
                                                  
l.1236 ...newidth]{CaseSSFS_eln_FE_Bell_eig_6.eps}
                                                  
Try typing  <return>  to proceed.
If that doesn't work, type  X <return>  to quit.


LaTeX Warning: File `CaseFSFS_eln_FE_Bell_eig_1.eps' not found on input line 12
44.

Package epstopdf Info: Source file: <CaseFSFS_eln_FE_Bell_eig_1.eps>
(epstopdf)             Output file: <CaseFSFS_eln_FE_Bell_eig_1-eps-converted-t
o.pdf>
(epstopdf)             Command: <epstopdf --outfile=CaseFSFS_eln_FE_Bell_eig_1-
eps-converted-to.pdf CaseFSFS_eln_FE_Bell_eig_1.eps>
(epstopdf)             \includegraphics on input line 1244.
Package epstopdf Info: Output file is already uptodate.

! Package pdftex.def Error: File `CaseFSFS_eln_FE_Bell_eig_1-eps-converted-to.p
df' not found: using draft setting.

See the pdftex.def package documentation for explanation.
Type  H <return>  for immediate help.
 ...                                              
                                                  
l.1244 ...newidth]{CaseFSFS_eln_FE_Bell_eig_1.eps}
                                                  
Try typing  <return>  to proceed.
If that doesn't work, type  X <return>  to quit.


LaTeX Warning: File `CaseFSFS_eln_FE_Bell_eig_2.eps' not found on input line 12
48.

Package epstopdf Info: Source file: <CaseFSFS_eln_FE_Bell_eig_2.eps>
(epstopdf)             Output file: <CaseFSFS_eln_FE_Bell_eig_2-eps-converted-t
o.pdf>
(epstopdf)             Command: <epstopdf --outfile=CaseFSFS_eln_FE_Bell_eig_2-
eps-converted-to.pdf CaseFSFS_eln_FE_Bell_eig_2.eps>
(epstopdf)             \includegraphics on input line 1248.
Package epstopdf Info: Output file is already uptodate.

! Package pdftex.def Error: File `CaseFSFS_eln_FE_Bell_eig_2-eps-converted-to.p
df' not found: using draft setting.

See the pdftex.def package documentation for explanation.
Type  H <return>  for immediate help.
 ...                                              
                                                  
l.1248 ...newidth]{CaseFSFS_eln_FE_Bell_eig_2.eps}
                                                  
Try typing  <return>  to proceed.
If that doesn't work, type  X <return>  to quit.


LaTeX Warning: File `CaseFSFS_eln_FE_Bell_eig_3.eps' not found on input line 12
52.

Package epstopdf Info: Source file: <CaseFSFS_eln_FE_Bell_eig_3.eps>
(epstopdf)             Output file: <CaseFSFS_eln_FE_Bell_eig_3-eps-converted-t
o.pdf>
(epstopdf)             Command: <epstopdf --outfile=CaseFSFS_eln_FE_Bell_eig_3-
eps-converted-to.pdf CaseFSFS_eln_FE_Bell_eig_3.eps>
(epstopdf)             \includegraphics on input line 1252.
Package epstopdf Info: Output file is already uptodate.

! Package pdftex.def Error: File `CaseFSFS_eln_FE_Bell_eig_3-eps-converted-to.p
df' not found: using draft setting.

See the pdftex.def package documentation for explanation.
Type  H <return>  for immediate help.
 ...                                              
                                                  
l.1252 ...newidth]{CaseFSFS_eln_FE_Bell_eig_3.eps}
                                                  
Try typing  <return>  to proceed.
If that doesn't work, type  X <return>  to quit.


LaTeX Warning: File `CaseFSFS_eln_FE_Bell_eig_4.eps' not found on input line 12
56.

Package epstopdf Info: Source file: <CaseFSFS_eln_FE_Bell_eig_4.eps>
(epstopdf)             Output file: <CaseFSFS_eln_FE_Bell_eig_4-eps-converted-t
o.pdf>
(epstopdf)             Command: <epstopdf --outfile=CaseFSFS_eln_FE_Bell_eig_4-
eps-converted-to.pdf CaseFSFS_eln_FE_Bell_eig_4.eps>
(epstopdf)             \includegraphics on input line 1256.
Package epstopdf Info: Output file is already uptodate.

! Package pdftex.def Error: File `CaseFSFS_eln_FE_Bell_eig_4-eps-converted-to.p
df' not found: using draft setting.

See the pdftex.def package documentation for explanation.
Type  H <return>  for immediate help.
 ...                                              
                                                  
l.1256 ...newidth]{CaseFSFS_eln_FE_Bell_eig_4.eps}
                                                  
Try typing  <return>  to proceed.
If that doesn't work, type  X <return>  to quit.


LaTeX Warning: File `CaseFSFS_eln_FE_Bell_eig_5.eps' not found on input line 12
60.

Package epstopdf Info: Source file: <CaseFSFS_eln_FE_Bell_eig_5.eps>
(epstopdf)             Output file: <CaseFSFS_eln_FE_Bell_eig_5-eps-converted-t
o.pdf>
(epstopdf)             Command: <epstopdf --outfile=CaseFSFS_eln_FE_Bell_eig_5-
eps-converted-to.pdf CaseFSFS_eln_FE_Bell_eig_5.eps>
(epstopdf)             \includegraphics on input line 1260.
Package epstopdf Info: Output file is already uptodate.

! Package pdftex.def Error: File `CaseFSFS_eln_FE_Bell_eig_5-eps-converted-to.p
df' not found: using draft setting.

See the pdftex.def package documentation for explanation.
Type  H <return>  for immediate help.
 ...                                              
                                                  
l.1260 ...newidth]{CaseFSFS_eln_FE_Bell_eig_5.eps}
                                                  
Try typing  <return>  to proceed.
If that doesn't work, type  X <return>  to quit.


LaTeX Warning: File `CaseFSFS_eln_FE_Bell_eig_6.eps' not found on input line 12
64.

Package epstopdf Info: Source file: <CaseFSFS_eln_FE_Bell_eig_6.eps>
(epstopdf)             Output file: <CaseFSFS_eln_FE_Bell_eig_6-eps-converted-t
o.pdf>
(epstopdf)             Command: <epstopdf --outfile=CaseFSFS_eln_FE_Bell_eig_6-
eps-converted-to.pdf CaseFSFS_eln_FE_Bell_eig_6.eps>
(epstopdf)             \includegraphics on input line 1264.
Package epstopdf Info: Output file is already uptodate.

! Package pdftex.def Error: File `CaseFSFS_eln_FE_Bell_eig_6-eps-converted-to.p
df' not found: using draft setting.

See the pdftex.def package documentation for explanation.
Type  H <return>  for immediate help.
 ...                                              
                                                  
l.1264 ...newidth]{CaseFSFS_eln_FE_Bell_eig_6.eps}
                                                  
Try typing  <return>  to proceed.
If that doesn't work, type  X <return>  to quit.

Package epstopdf Info: Source file: <./Figures/Simulations/Revision_Kir/Sim1Ham
iltonian_cropped.eps>
(epstopdf)                    date: 2019-02-17 18:28:28
(epstopdf)                    size: 482354 bytes
(epstopdf)             Output file: <./Figures/Simulations/Revision_Kir/Sim1Ham
iltonian_cropped-eps-converted-to.pdf>
(epstopdf)                    date: 2019-02-17 18:34:24
(epstopdf)                    size: 14418 bytes
(epstopdf)             Command: <epstopdf --outfile=./Figures/Simulations/Revis
ion_Kir/Sim1Hamiltonian_cropped-eps-converted-to.pdf ./Figures/Simulations/Revi
sion_Kir/Sim1Hamiltonian_cropped.eps>
(epstopdf)             \includegraphics on input line 1306.
Package epstopdf Info: Output file is already uptodate.
<./Figures/Simulations/Revision_Kir/Sim1Hamiltonian_cropped-eps-converted-to.pd
f, id=479, 416.55624pt x 321.2pt>
File: ./Figures/Simulations/Revision_Kir/Sim1Hamiltonian_cropped-eps-converted-
to.pdf Graphic file (type pdf)
<use ./Figures/Simulations/Revision_Kir/Sim1Hamiltonian_cropped-eps-converted-t
o.pdf>
Package pdftex.def Info: ./Figures/Simulations/Revision_Kir/Sim1Hamiltonian_cro
pped-eps-converted-to.pdf  used on input line 1306.
(pdftex.def)             Requested size: 221.85526pt x 171.06837pt.
Package epstopdf Info: Source file: <./Figures/Simulations/Revision_Kir/Sim2Ham
iltonian_cropped.eps>
(epstopdf)                    date: 2019-02-17 18:28:43
(epstopdf)                    size: 464722 bytes
(epstopdf)             Output file: <./Figures/Simulations/Revision_Kir/Sim2Ham
iltonian_cropped-eps-converted-to.pdf>
(epstopdf)                    date: 2019-02-17 18:34:25
(epstopdf)                    size: 12427 bytes
(epstopdf)             Command: <epstopdf --outfile=./Figures/Simulations/Revis
ion_Kir/Sim2Hamiltonian_cropped-eps-converted-to.pdf ./Figures/Simulations/Revi
sion_Kir/Sim2Hamiltonian_cropped.eps>
(epstopdf)             \includegraphics on input line 1310.
Package epstopdf Info: Output file is already uptodate.
<./Figures/Simulations/Revision_Kir/Sim2Hamiltonian_cropped-eps-converted-to.pd
f, id=480, 401.5pt x 321.2pt>
File: ./Figures/Simulations/Revision_Kir/Sim2Hamiltonian_cropped-eps-converted-
to.pdf Graphic file (type pdf)
<use ./Figures/Simulations/Revision_Kir/Sim2Hamiltonian_cropped-eps-converted-t
o.pdf>
Package pdftex.def Info: ./Figures/Simulations/Revision_Kir/Sim2Hamiltonian_cro
pped-eps-converted-to.pdf  used on input line 1310.
(pdftex.def)             Requested size: 212.41261pt x 169.93622pt.
[20] [21] [22]
Package epstopdf Info: Source file: <./Figures/Simulations/Revision_Kir/Sim1t25
_cropped.eps>
(epstopdf)                    date: 2019-02-17 18:29:06
(epstopdf)                    size: 415621 bytes
(epstopdf)             Output file: <./Figures/Simulations/Revision_Kir/Sim1t25
_cropped-eps-converted-to.pdf>
(epstopdf)                    date: 2019-02-17 18:34:27
(epstopdf)                    size: 18618 bytes
(epstopdf)             Command: <epstopdf --outfile=./Figures/Simulations/Revis
ion_Kir/Sim1t25_cropped-eps-converted-to.pdf ./Figures/Simulations/Revision_Kir
/Sim1t25_cropped.eps>
(epstopdf)             \includegraphics on input line 1350.
Package epstopdf Info: Output file is already uptodate.
<./Figures/Simulations/Revision_Kir/Sim1t25_cropped-eps-converted-to.pdf, id=51
4, 329.23pt x 269.005pt>
File: ./Figures/Simulations/Revision_Kir/Sim1t25_cropped-eps-converted-to.pdf G
raphic file (type pdf)
<use ./Figures/Simulations/Revision_Kir/Sim1t25_cropped-eps-converted-to.pdf>
Package pdftex.def Info: ./Figures/Simulations/Revision_Kir/Sim1t25_cropped-eps
-converted-to.pdf  used on input line 1350.
(pdftex.def)             Requested size: 212.41261pt x 173.5582pt.
Package epstopdf Info: Source file: <./Figures/Simulations/Revision_Kir/Sim1t50
_cropped.eps>
(epstopdf)                    date: 2019-02-17 18:29:29
(epstopdf)                    size: 415477 bytes
(epstopdf)             Output file: <./Figures/Simulations/Revision_Kir/Sim1t50
_cropped-eps-converted-to.pdf>
(epstopdf)                    date: 2019-02-17 18:34:28
(epstopdf)                    size: 18594 bytes
(epstopdf)             Command: <epstopdf --outfile=./Figures/Simulations/Revis
ion_Kir/Sim1t50_cropped-eps-converted-to.pdf ./Figures/Simulations/Revision_Kir
/Sim1t50_cropped.eps>
(epstopdf)             \includegraphics on input line 1354.
Package epstopdf Info: Output file is already uptodate.
<./Figures/Simulations/Revision_Kir/Sim1t50_cropped-eps-converted-to.pdf, id=51
5, 329.23pt x 269.005pt>
File: ./Figures/Simulations/Revision_Kir/Sim1t50_cropped-eps-converted-to.pdf G
raphic file (type pdf)
<use ./Figures/Simulations/Revision_Kir/Sim1t50_cropped-eps-converted-to.pdf>
Package pdftex.def Info: ./Figures/Simulations/Revision_Kir/Sim1t50_cropped-eps
-converted-to.pdf  used on input line 1354.
(pdftex.def)             Requested size: 212.41261pt x 173.5582pt.
Package epstopdf Info: Source file: <./Figures/Simulations/Revision_Kir/Sim1t75
_cropped.eps>
(epstopdf)                    date: 2019-02-17 18:29:58
(epstopdf)                    size: 415691 bytes
(epstopdf)             Output file: <./Figures/Simulations/Revision_Kir/Sim1t75
_cropped-eps-converted-to.pdf>
(epstopdf)                    date: 2019-02-17 18:34:29
(epstopdf)                    size: 18620 bytes
(epstopdf)             Command: <epstopdf --outfile=./Figures/Simulations/Revis
ion_Kir/Sim1t75_cropped-eps-converted-to.pdf ./Figures/Simulations/Revision_Kir
/Sim1t75_cropped.eps>
(epstopdf)             \includegraphics on input line 1357.
Package epstopdf Info: Output file is already uptodate.
<./Figures/Simulations/Revision_Kir/Sim1t75_cropped-eps-converted-to.pdf, id=51
6, 329.23pt x 269.005pt>
File: ./Figures/Simulations/Revision_Kir/Sim1t75_cropped-eps-converted-to.pdf G
raphic file (type pdf)
<use ./Figures/Simulations/Revision_Kir/Sim1t75_cropped-eps-converted-to.pdf>
Package pdftex.def Info: ./Figures/Simulations/Revision_Kir/Sim1t75_cropped-eps
-converted-to.pdf  used on input line 1357.
(pdftex.def)             Requested size: 212.41261pt x 173.5582pt.
Package epstopdf Info: Source file: <./Figures/Simulations/Revision_Kir/Sim1t10
0_cropped.eps>
(epstopdf)                    date: 2019-02-17 18:30:50
(epstopdf)                    size: 416075 bytes
(epstopdf)             Output file: <./Figures/Simulations/Revision_Kir/Sim1t10
0_cropped-eps-converted-to.pdf>
(epstopdf)                    date: 2019-02-17 18:34:29
(epstopdf)                    size: 18703 bytes
(epstopdf)             Command: <epstopdf --outfile=./Figures/Simulations/Revis
ion_Kir/Sim1t100_cropped-eps-converted-to.pdf ./Figures/Simulations/Revision_Ki
r/Sim1t100_cropped.eps>
(epstopdf)             \includegraphics on input line 1361.
Package epstopdf Info: Output file is already uptodate.
<./Figures/Simulations/Revision_Kir/Sim1t100_cropped-eps-converted-to.pdf, id=5
17, 329.23pt x 269.005pt>
File: ./Figures/Simulations/Revision_Kir/Sim1t100_cropped-eps-converted-to.pdf 
Graphic file (type pdf)
<use ./Figures/Simulations/Revision_Kir/Sim1t100_cropped-eps-converted-to.pdf>
Package pdftex.def Info: ./Figures/Simulations/Revision_Kir/Sim1t100_cropped-ep
s-converted-to.pdf  used on input line 1361.
(pdftex.def)             Requested size: 212.41261pt x 173.5582pt.
Package epstopdf Info: Source file: <./Figures/Simulations/Revision_Kir/Sim2t25
_cropped.eps>
(epstopdf)                    date: 2019-02-17 18:29:17
(epstopdf)                    size: 413929 bytes
(epstopdf)             Output file: <./Figures/Simulations/Revision_Kir/Sim2t25
_cropped-eps-converted-to.pdf>
(epstopdf)                    date: 2019-02-17 18:34:30
(epstopdf)                    size: 17694 bytes
(epstopdf)             Command: <epstopdf --outfile=./Figures/Simulations/Revis
ion_Kir/Sim2t25_cropped-eps-converted-to.pdf ./Figures/Simulations/Revision_Kir
/Sim2t25_cropped.eps>
(epstopdf)             \includegraphics on input line 1369.
Package epstopdf Info: Output file is already uptodate.
<./Figures/Simulations/Revision_Kir/Sim2t25_cropped-eps-converted-to.pdf, id=51
8, 329.23pt x 269.005pt>
File: ./Figures/Simulations/Revision_Kir/Sim2t25_cropped-eps-converted-to.pdf G
raphic file (type pdf)
<use ./Figures/Simulations/Revision_Kir/Sim2t25_cropped-eps-converted-to.pdf>
Package pdftex.def Info: ./Figures/Simulations/Revision_Kir/Sim2t25_cropped-eps
-converted-to.pdf  used on input line 1369.
(pdftex.def)             Requested size: 212.41261pt x 173.5582pt.
Package epstopdf Info: Source file: <./Figures/Simulations/Revision_Kir/Sim2t50
_cropped.eps>
(epstopdf)                    date: 2019-02-17 18:30:10
(epstopdf)                    size: 414000 bytes
(epstopdf)             Output file: <./Figures/Simulations/Revision_Kir/Sim2t50
_cropped-eps-converted-to.pdf>
(epstopdf)                    date: 2019-02-17 18:34:31
(epstopdf)                    size: 17873 bytes
(epstopdf)             Command: <epstopdf --outfile=./Figures/Simulations/Revis
ion_Kir/Sim2t50_cropped-eps-converted-to.pdf ./Figures/Simulations/Revision_Kir
/Sim2t50_cropped.eps>
(epstopdf)             \includegraphics on input line 1373.
Package epstopdf Info: Output file is already uptodate.
<./Figures/Simulations/Revision_Kir/Sim2t50_cropped-eps-converted-to.pdf, id=51
9, 329.23pt x 269.005pt>
File: ./Figures/Simulations/Revision_Kir/Sim2t50_cropped-eps-converted-to.pdf G
raphic file (type pdf)
<use ./Figures/Simulations/Revision_Kir/Sim2t50_cropped-eps-converted-to.pdf>
Package pdftex.def Info: ./Figures/Simulations/Revision_Kir/Sim2t50_cropped-eps
-converted-to.pdf  used on input line 1373.
(pdftex.def)             Requested size: 212.41261pt x 173.5582pt.
Package epstopdf Info: Source file: <./Figures/Simulations/Revision_Kir/Sim2t75
_cropped.eps>
(epstopdf)                    date: 2019-02-17 18:30:28
(epstopdf)                    size: 413677 bytes
(epstopdf)             Output file: <./Figures/Simulations/Revision_Kir/Sim2t75
_cropped-eps-converted-to.pdf>
(epstopdf)                    date: 2019-02-17 18:34:32
(epstopdf)                    size: 17773 bytes
(epstopdf)             Command: <epstopdf --outfile=./Figures/Simulations/Revis
ion_Kir/Sim2t75_cropped-eps-converted-to.pdf ./Figures/Simulations/Revision_Kir
/Sim2t75_cropped.eps>
(epstopdf)             \includegraphics on input line 1376.
Package epstopdf Info: Output file is already uptodate.
<./Figures/Simulations/Revision_Kir/Sim2t75_cropped-eps-converted-to.pdf, id=52
0, 329.23pt x 269.005pt>
File: ./Figures/Simulations/Revision_Kir/Sim2t75_cropped-eps-converted-to.pdf G
raphic file (type pdf)
<use ./Figures/Simulations/Revision_Kir/Sim2t75_cropped-eps-converted-to.pdf>
Package pdftex.def Info: ./Figures/Simulations/Revision_Kir/Sim2t75_cropped-eps
-converted-to.pdf  used on input line 1376.
(pdftex.def)             Requested size: 212.41261pt x 173.5582pt.
Package epstopdf Info: Source file: <./Figures/Simulations/Revision_Kir/Sim2t10
0_cropped.eps>
(epstopdf)                    date: 2019-02-17 18:31:04
(epstopdf)                    size: 414111 bytes
(epstopdf)             Output file: <./Figures/Simulations/Revision_Kir/Sim2t10
0_cropped-eps-converted-to.pdf>
(epstopdf)                    date: 2019-02-17 18:34:32
(epstopdf)                    size: 18087 bytes
(epstopdf)             Command: <epstopdf --outfile=./Figures/Simulations/Revis
ion_Kir/Sim2t100_cropped-eps-converted-to.pdf ./Figures/Simulations/Revision_Ki
r/Sim2t100_cropped.eps>
(epstopdf)             \includegraphics on input line 1380.
Package epstopdf Info: Output file is already uptodate.
<./Figures/Simulations/Revision_Kir/Sim2t100_cropped-eps-converted-to.pdf, id=5
21, 329.23pt x 269.005pt>
File: ./Figures/Simulations/Revision_Kir/Sim2t100_cropped-eps-converted-to.pdf 
Graphic file (type pdf)
<use ./Figures/Simulations/Revision_Kir/Sim2t100_cropped-eps-converted-to.pdf>
Package pdftex.def Info: ./Figures/Simulations/Revision_Kir/Sim2t100_cropped-ep
s-converted-to.pdf  used on input line 1380.
(pdftex.def)             Requested size: 212.41261pt x 173.5582pt.


LaTeX Warning: `h' float specifier changed to `ht'.


Underfull \hbox (badness 10000) in paragraph at lines 1395--1399

 []


Underfull \hbox (badness 10000) in paragraph at lines 1395--1399

 []

[23]
Overfull \hbox (2.53339pt too wide) in paragraph at lines 1403--1407
[]\T1/aer/m/n/12 This work is sup-ported by the project ANR-16-CE92-0028, en-ti
-tled \T1/aer/m/it/12 In-ter-con-nected Infinite-
 []

(./Kirchhoff_Part_Revised.bbl [24] [25] [26])
Package atveryend Info: Empty hook `BeforeClearDocument' on input line 1413.
 [27] [28 <./Figures/Simulations/Revision_Kir/Sim1Hamiltonian_cropped-eps-conve
rted-to.pdf> <./Figures/Simulations/Revision_Kir/Sim2Hamiltonian_cropped-eps-co
nverted-to.pdf>] [29 <./Figures/Simulations/Revision_Kir/Sim1t25_cropped-eps-co
nverted-to.pdf> <./Figures/Simulations/Revision_Kir/Sim1t50_cropped-eps-convert
ed-to.pdf> <./Figures/Simulations/Revision_Kir/Sim1t75_cropped-eps-converted-to
.pdf> <./Figures/Simulations/Revision_Kir/Sim1t100_cropped-eps-converted-to.pdf
>] [30 <./Figures/Simulations/Revision_Kir/Sim2t25_cropped-eps-converted-to.pdf
> <./Figures/Simulations/Revision_Kir/Sim2t50_cropped-eps-converted-to.pdf> <./
Figures/Simulations/Revision_Kir/Sim2t75_cropped-eps-converted-to.pdf> <./Figur
es/Simulations/Revision_Kir/Sim2t100_cropped-eps-converted-to.pdf>]
Package atveryend Info: Empty hook `AfterLastShipout' on input line 1413.
 (./Kirchhoff_Part_Revised.aux)
Package atveryend Info: Executing hook `AtVeryEndDocument' on input line 1413.
Package atveryend Info: Executing hook `AtEndAfterFileList' on input line 1413.

Package rerunfilecheck Info: File `Kirchhoff_Part_Revised.out' has not changed.

(rerunfilecheck)             Checksum: 0E80E22B0ABC840C07CF684C7BC60648;1466.


LaTeX Warning: Label(s) may have changed. Rerun to get cross-references right.

Package atveryend Info: Empty hook `AtVeryVeryEnd' on input line 1413.
 ) 
Here is how much of TeX's memory you used:
 19821 strings out of 492701
 336860 string characters out of 6134504
 454172 words of memory out of 5000000
 23128 multiletter control sequences out of 15000+600000
 583676 words of font info for 127 fonts, out of 8000000 for 9000
 1137 hyphenation exceptions out of 8191
 41i,18n,63p,1752b,565s stack positions out of 5000i,500n,10000p,200000b,80000s
</usr/share/texlive/texmf-dist/fonts/type1/public/amsfonts/cm/cmbx12.pfb></us
r/share/texlive/texmf-dist/fonts/type1/public/amsfonts/cm/cmbxti10.pfb></usr/sh
are/texlive/texmf-dist/fonts/type1/public/amsfonts/cm/cmex10.pfb></usr/share/te
xlive/texmf-dist/fonts/type1/public/amsfonts/cmextra/cmex7.pfb></usr/share/texl
ive/texmf-dist/fonts/type1/public/amsfonts/cmextra/cmex8.pfb></usr/share/texliv
e/texmf-dist/fonts/type1/public/amsfonts/cm/cmmi10.pfb></usr/share/texlive/texm
f-dist/fonts/type1/public/amsfonts/cm/cmmi12.pfb></usr/share/texlive/texmf-dist
/fonts/type1/public/amsfonts/cm/cmmi6.pfb></usr/share/texlive/texmf-dist/fonts/
type1/public/amsfonts/cm/cmmi8.pfb></usr/share/texlive/texmf-dist/fonts/type1/p
ublic/amsfonts/cm/cmmib10.pfb></usr/share/texlive/texmf-dist/fonts/type1/public
/amsfonts/cmextra/cmmib8.pfb></usr/share/texlive/texmf-dist/fonts/type1/public/
amsfonts/cm/cmr10.pfb></usr/share/texlive/texmf-dist/fonts/type1/public/amsfont
s/cm/cmr12.pfb></usr/share/texlive/texmf-dist/fonts/type1/public/amsfonts/cm/cm
r17.pfb></usr/share/texlive/texmf-dist/fonts/type1/public/amsfonts/cm/cmr6.pfb>
</usr/share/texlive/texmf-dist/fonts/type1/public/amsfonts/cm/cmr7.pfb></usr/sh
are/texlive/texmf-dist/fonts/type1/public/amsfonts/cm/cmr8.pfb></usr/share/texl
ive/texmf-dist/fonts/type1/public/amsfonts/cm/cmss10.pfb></usr/share/texlive/te
xmf-dist/fonts/type1/public/amsfonts/cm/cmss12.pfb></usr/share/texlive/texmf-di
st/fonts/type1/public/amsfonts/cm/cmsy10.pfb></usr/share/texlive/texmf-dist/fon
ts/type1/public/amsfonts/cm/cmsy7.pfb></usr/share/texlive/texmf-dist/fonts/type
1/public/amsfonts/cm/cmsy8.pfb></usr/share/texlive/texmf-dist/fonts/type1/publi
c/amsfonts/cm/cmti10.pfb></usr/share/texlive/texmf-dist/fonts/type1/public/amsf
onts/cm/cmti12.pfb></usr/share/texlive/texmf-dist/fonts/type1/public/amsfonts/c
m/cmti7.pfb></usr/share/texlive/texmf-dist/fonts/type1/public/amsfonts/cm/cmti8
.pfb></usr/share/texlive/texmf-dist/fonts/type1/public/amsfonts/cm/cmtt10.pfb><
/usr/share/texlive/texmf-dist/fonts/type1/public/amsfonts/cm/cmtt12.pfb></usr/s
hare/texlive/texmf-dist/fonts/type1/public/amsfonts/symbols/msbm10.pfb></usr/sh
are/texlive/texmf-dist/fonts/type1/public/rsfs/rsfs10.pfb>
Output written on Kirchhoff_Part_Revised.pdf (30 pages, 534991 bytes).
PDF statistics:
 903 PDF objects out of 1000 (max. 8388607)
 800 compressed objects within 8 object streams
 221 named destinations out of 1000 (max. 500000)
 202 words of extra memory for PDF output out of 10000 (max. 10000000)

