This is pdfTeX, Version 3.14159265-2.6-1.40.17 (TeX Live 2016) (preloaded format=pdflatex 2018.10.23)  13 FEB 2019 17:55
entering extended mode
 restricted \write18 enabled.
 %&-line parsing enabled.
**mindlinPH_IFAC.tex
(./mindlinPH_IFAC.tex
LaTeX2e <2016/03/31>
Babel <3.9r> and hyphenation patterns for 43 language(s) loaded.
(./ifacconf.cls
Document Class: ifacconf 2007/05/31, 3.2ModD: IFAC conferences

\@frontmatterwidth=\dimen102
\@bls=\dimen103
\eqntopsep=\skip41
\eqnarraycolsep=\dimen104
\labelwidthi=\dimen105
\labelwidthii=\dimen106
\labelwidthiii=\dimen107
\labelwidthiv=\dimen108
\@maxlistdepth=\count79
\eqnbaselineskip=\skip42
\eqnlineskip=\skip43
\mathindent=\dimen109
\rulepreskip=\dimen110
\rulepostskip=\dimen111
\Arrayrulewidth=\dimen112
\crulepostskip=\dimen113
\@Ldec=\dimen114
\@Rdec=\dimen115
\@Lpmdec=\dimen116
\@Rpmdec=\dimen117
\c@section=\count80
\c@subsection=\count81
\c@subsubsection=\count82
\c@paragraph=\count83
\c@subparagraph=\count84
(/usr/share/texlive/texmf-dist/tex/latex/tools/theorem.sty
Package: theorem 2014/10/28 v2.2c Theorem extension package (FMi)
\theorem@style=\toks14
\theorem@bodyfont=\toks15
\theorempreskipamount=\skip44
\theorempostskipamount=\skip45

(/usr/share/texlive/texmf-dist/tex/latex/tools/thp.sty
File: thp.sty 2014/10/28 v2.2c Theorem extension package (FMi)
))
(/usr/share/texlive/texmf-dist/tex/latex/base/newlfont.sty
Package: newlfont 1998/08/17 v2.2m Standard LaTeX package
LaTeX Info: Redefining \em on input line 57.

(/usr/share/texlive/texmf-dist/tex/latex/base/latexsym.sty
Package: latexsym 1998/08/17 v2.2e Standard LaTeX package (lasy symbols)
\symlasy=\mathgroup4
LaTeX Font Info:    Overwriting symbol font `lasy' in version `bold'
(Font)                  U/lasy/m/n --> U/lasy/b/n on input line 52.
))
LaTeX Info: Redefining \rm on input line 595.
LaTeX Info: Redefining \sf on input line 596.
LaTeX Info: Redefining \tt on input line 597.
LaTeX Info: Redefining \bf on input line 598.
LaTeX Info: Redefining \it on input line 599.
LaTeX Info: Redefining \sl on input line 600.
LaTeX Info: Redefining \sc on input line 601.
\c@thm=\count85
\c@alg=\count86
\c@algorithm=\count87
\c@note=\count88
\c@summ=\count89
\c@case=\count90
\@tempcntc=\count91
\c@figure=\count92
\c@table=\count93
\t@glob@notes=\toks16
\t@loc@notes=\toks17
\note@cnt=\count94
\c@author=\count95
\n@author=\count96
\c@collab=\count97
\n@collab=\count98
\c@address=\count99
\sv@mathsurround=\dimen118
\sv@hyphenpenalty=\count100
\prev@elem=\count101
\cur@elem=\count102
\fm@box=\box26
\fm@size=\dimen119
\t@abstract=\box27
\t@keyword=\box28
\rep@mod=\count103
\t@xtheight=\dimen120
\@logoheight=\dimen121
\@pubyear=\count104
\c@firstpage=\count105
\c@lastpage=\count106
\slashbox=\box29
LaTeX Font Info:    External font `cmex10' loaded for size
(Font)              <7> on input line 1506.
LaTeX Font Info:    External font `cmex10' loaded for size
(Font)              <5> on input line 1506.
LaTeX Font Info:    Try loading font information for U+lasy on input line 1506.


(/usr/share/texlive/texmf-dist/tex/latex/base/ulasy.fd
File: ulasy.fd 1998/08/17 v2.2e LaTeX symbol font definitions
)
\Slashbox=\box30
LaTeX Font Info:    External font `cmex10' loaded for size
(Font)              <12> on input line 1507.
LaTeX Font Info:    External font `cmex10' loaded for size
(Font)              <8> on input line 1507.
LaTeX Font Info:    External font `cmex10' loaded for size
(Font)              <6> on input line 1507.
\@frontindent=\dimen122
)
(/usr/share/texlive/texmf-dist/tex/latex/natbib/natbib.sty
Package: natbib 2010/09/13 8.31b (PWD, AO)
\bibhang=\skip46
\bibsep=\skip47
LaTeX Info: Redefining \cite on input line 694.
\c@NAT@ctr=\count107
)
(/usr/share/texlive/texmf-dist/tex/latex/graphics/graphicx.sty
Package: graphicx 2014/10/28 v1.0g Enhanced LaTeX Graphics (DPC,SPQR)

(/usr/share/texlive/texmf-dist/tex/latex/graphics/keyval.sty
Package: keyval 2014/10/28 v1.15 key=value parser (DPC)
\KV@toks@=\toks18
)
(/usr/share/texlive/texmf-dist/tex/latex/graphics/graphics.sty
Package: graphics 2016/05/09 v1.0r Standard LaTeX Graphics (DPC,SPQR)

(/usr/share/texlive/texmf-dist/tex/latex/graphics/trig.sty
Package: trig 2016/01/03 v1.10 sin cos tan (DPC)
)
(/usr/share/texlive/texmf-dist/tex/latex/graphics-cfg/graphics.cfg
File: graphics.cfg 2016/01/02 v1.10 sample graphics configuration
)
Package graphics Info: Driver file: pdftex.def on input line 96.

(/usr/share/texlive/texmf-dist/tex/latex/graphics-def/pdftex.def
File: pdftex.def 2016/07/10 v0.06j Graphics/color for pdfTeX

(/usr/share/texlive/texmf-dist/tex/generic/oberdiek/infwarerr.sty
Package: infwarerr 2016/05/16 v1.4 Providing info/warning/error messages (HO)
)
(/usr/share/texlive/texmf-dist/tex/generic/oberdiek/ltxcmds.sty
Package: ltxcmds 2016/05/16 v1.23 LaTeX kernel commands for general use (HO)
)
\Gread@gobject=\count108
))
\Gin@req@height=\dimen123
\Gin@req@width=\dimen124
)
(/usr/share/texlive/texmf-dist/tex/latex/amsmath/amsmath.sty
Package: amsmath 2016/06/28 v2.15d AMS math features
\@mathmargin=\skip48

For additional information on amsmath, use the `?' option.
(/usr/share/texlive/texmf-dist/tex/latex/amsmath/amstext.sty
Package: amstext 2000/06/29 v2.01 AMS text

(/usr/share/texlive/texmf-dist/tex/latex/amsmath/amsgen.sty
File: amsgen.sty 1999/11/30 v2.0 generic functions
\@emptytoks=\toks19
\ex@=\dimen125
))
(/usr/share/texlive/texmf-dist/tex/latex/amsmath/amsbsy.sty
Package: amsbsy 1999/11/29 v1.2d Bold Symbols
\pmbraise@=\dimen126
)
(/usr/share/texlive/texmf-dist/tex/latex/amsmath/amsopn.sty
Package: amsopn 2016/03/08 v2.02 operator names
LaTeX Info: Redefining \operatorname on input line 43.
)
\inf@bad=\count109
LaTeX Info: Redefining \frac on input line 199.
\uproot@=\count110
\leftroot@=\count111
LaTeX Info: Redefining \overline on input line 297.
\classnum@=\count112
\DOTSCASE@=\count113
LaTeX Info: Redefining \ldots on input line 394.
LaTeX Info: Redefining \dots on input line 397.
LaTeX Info: Redefining \cdots on input line 518.
\Mathstrutbox@=\box31
\strutbox@=\box32
\big@size=\dimen127
LaTeX Font Info:    Redeclaring font encoding OML on input line 634.
LaTeX Font Info:    Redeclaring font encoding OMS on input line 635.
\macc@depth=\count114
\c@MaxMatrixCols=\count115
\dotsspace@=\muskip10
\c@parentequation=\count116
\dspbrk@lvl=\count117
\tag@help=\toks20
\row@=\count118
\column@=\count119
\maxfields@=\count120
\andhelp@=\toks21
\eqnshift@=\dimen128
\alignsep@=\dimen129
\tagshift@=\dimen130
\tagwidth@=\dimen131
\totwidth@=\dimen132
\lineht@=\dimen133
\@envbody=\toks22
\multlinegap=\skip49
\multlinetaggap=\skip50
\mathdisplay@stack=\toks23
LaTeX Info: Redefining \[ on input line 2739.
LaTeX Info: Redefining \] on input line 2740.
)
(/usr/share/texlive/texmf-dist/tex/latex/amsfonts/amssymb.sty
Package: amssymb 2013/01/14 v3.01 AMS font symbols

(/usr/share/texlive/texmf-dist/tex/latex/amsfonts/amsfonts.sty
Package: amsfonts 2013/01/14 v3.01 Basic AMSFonts support
\symAMSa=\mathgroup5
\symAMSb=\mathgroup6
LaTeX Font Info:    Overwriting math alphabet `\mathfrak' in version `bold'
(Font)                  U/euf/m/n --> U/euf/b/n on input line 106.
))
(/usr/share/texlive/texmf-dist/tex/latex/url/url.sty
\Urlmuskip=\muskip11
Package: url 2013/09/16  ver 3.4  Verb mode for urls, etc.
)
(/usr/share/texlive/texmf-local/texmf-compat/tex/latex/diff/diffcoeff.sty
(/usr/share/texlive/texmf-dist/tex/latex/l3kernel/expl3.sty
Package: expl3 2016/05/18 v6512 L3 programming layer (loader) 

(/usr/share/texlive/texmf-dist/tex/latex/l3kernel/expl3-code.tex
Package: expl3 2016/05/18 v6512 L3 programming layer (code)
L3 Module: l3bootstrap 2016/02/12 v6412 L3 Bootstrap code
L3 Module: l3names 2016/03/11 v6433 L3 Namespace for primitives
L3 Module: l3basics 2015/11/22 v6315 L3 Basic definitions
L3 Module: l3expan 2015/09/10 v5983 L3 Argument expansion
L3 Module: l3tl 2016/03/26 v6465 L3 Token lists
L3 Module: l3str 2016/03/24 v6441 L3 Strings
L3 Module: l3seq 2015/08/05 v5777 L3 Sequences and stacks
L3 Module: l3int 2016/03/24 v6441 L3 Integers
\c_max_int=\count121
\l_tmpa_int=\count122
\l_tmpb_int=\count123
\g_tmpa_int=\count124
\g_tmpb_int=\count125
L3 Module: l3quark 2015/08/17 v5855 L3 Quarks
L3 Module: l3prg 2015/11/01 v6216 L3 Control structures
\g__prg_map_int=\count126
L3 Module: l3clist 2015/09/02 v5901 L3 Comma separated lists
L3 Module: l3token 2016/04/03 v6470 L3 Experimental token manipulation
L3 Module: l3prop 2016/01/05 v6366 L3 Property lists
L3 Module: l3msg 2016/03/26 v6464 L3 Messages
L3 Module: l3file 2016/03/25 v6458 L3 File and I/O operations
\l_iow_line_count_int=\count127
\l__iow_target_count_int=\count128
\l__iow_current_line_int=\count129
\l__iow_current_word_int=\count130
\l__iow_current_indentation_int=\count131
L3 Module: l3skip 2016/01/05 v6366 L3 Dimensions and skips
\c_zero_dim=\dimen134
\c_max_dim=\dimen135
\l_tmpa_dim=\dimen136
\l_tmpb_dim=\dimen137
\g_tmpa_dim=\dimen138
\g_tmpb_dim=\dimen139
\c_zero_skip=\skip51
\c_max_skip=\skip52
\l_tmpa_skip=\skip53
\l_tmpb_skip=\skip54
\g_tmpa_skip=\skip55
\g_tmpb_skip=\skip56
\c_zero_muskip=\muskip12
\c_max_muskip=\muskip13
\l_tmpa_muskip=\muskip14
\l_tmpb_muskip=\muskip15
\g_tmpa_muskip=\muskip16
\g_tmpb_muskip=\muskip17
L3 Module: l3keys 2015/11/17 v6284 L3 Key-value interfaces
\g__keyval_level_int=\count132
\l_keys_choice_int=\count133
L3 Module: l3fp 2016/03/26 v6465 L3 Floating points
\c__fp_leading_shift_int=\count134
\c__fp_middle_shift_int=\count135
\c__fp_trailing_shift_int=\count136
\c__fp_big_leading_shift_int=\count137
\c__fp_big_middle_shift_int=\count138
\c__fp_big_trailing_shift_int=\count139
\c__fp_Bigg_leading_shift_int=\count140
\c__fp_Bigg_middle_shift_int=\count141
\c__fp_Bigg_trailing_shift_int=\count142
L3 Module: l3box 2015/08/09 v5822 L3 Experimental boxes
\c_empty_box=\box33
\l_tmpa_box=\box34
\l_tmpb_box=\box35
\g_tmpa_box=\box36
\g_tmpb_box=\box37
L3 Module: l3coffins 2016/05/17 v6508 L3 Coffin code layer
\l__coffin_internal_box=\box38
\l__coffin_internal_dim=\dimen140
\l__coffin_offset_x_dim=\dimen141
\l__coffin_offset_y_dim=\dimen142
\l__coffin_x_dim=\dimen143
\l__coffin_y_dim=\dimen144
\l__coffin_x_prime_dim=\dimen145
\l__coffin_y_prime_dim=\dimen146
\c_empty_coffin=\box39
\l__coffin_aligned_coffin=\box40
\l__coffin_aligned_internal_coffin=\box41
\l_tmpa_coffin=\box42
\l_tmpb_coffin=\box43
\l__coffin_display_coffin=\box44
\l__coffin_display_coord_coffin=\box45
\l__coffin_display_pole_coffin=\box46
\l__coffin_display_offset_dim=\dimen147
\l__coffin_display_x_dim=\dimen148
\l__coffin_display_y_dim=\dimen149
L3 Module: l3color 2014/08/23 v5354 L3 Experimental color support
L3 Module: l3sys 2015/09/25 v6087 L3 Experimental system/runtime functions
L3 Module: l3candidates 2016/05/13 v6484 L3 Experimental additions to l3kernel
\l__box_top_dim=\dimen150
\l__box_bottom_dim=\dimen151
\l__box_left_dim=\dimen152
\l__box_right_dim=\dimen153
\l__box_top_new_dim=\dimen154
\l__box_bottom_new_dim=\dimen155
\l__box_left_new_dim=\dimen156
\l__box_right_new_dim=\dimen157
\l__box_internal_box=\box47
\l__coffin_bounding_shift_dim=\dimen158
\l__coffin_left_corner_dim=\dimen159
\l__coffin_right_corner_dim=\dimen160
\l__coffin_bottom_corner_dim=\dimen161
\l__coffin_top_corner_dim=\dimen162
\l__coffin_scaled_total_height_dim=\dimen163
\l__coffin_scaled_width_dim=\dimen164
L3 Module: l3luatex 2016/03/26 v6465 L3 Experimental LuaTeX-specific functions
)
(/usr/share/texlive/texmf-dist/tex/latex/l3kernel/l3pdfmode.def
File: l3pdfmode.def 2016/03/26 v6465 L3 Experimental driver: PDF mode
\l__driver_color_stack_int=\count143
\l__driver_tmp_box=\box48
))
(/usr/share/texlive/texmf-dist/tex/latex/l3packages/xparse/xparse.sty
Package: xparse 2016/05/18 v6512 L3 Experimental document command parser
\l__xparse_current_arg_int=\count144
\l__xparse_m_args_int=\count145
\l__xparse_mandatory_args_int=\count146
\l__xparse_processor_int=\count147
\l__xparse_v_nesting_int=\count148
)
Package: diffcoeff 2016/06/27 v1.0 Write differential coefficients easily.
\l__diffco_curr_tok_int=\count149
\l__diffco_curr_state_int=\count150
.................................................
. LaTeX info: "xparse/define-command"
. 
. Defining command \diffset with sig. 'o' on line 108.
.................................................
.................................................
. LaTeX info: "xparse/define-command"
. 
. Defining command \diff with sig. 'somt/mg' on line 190.
.................................................
.................................................
. LaTeX info: "xparse/define-command"
. 
. Defining command \Diff with sig. 'ommg' on line 200.
.................................................
.................................................
. LaTeX info: "xparse/define-command"
. 
. Defining command \diffd with sig. 'ommg' on line 210.
.................................................
.................................................
. LaTeX info: "xparse/define-command"
. 
. Defining command \Diffd with sig. 'ommg' on line 220.
.................................................
.................................................
. LaTeX info: "xparse/define-command"
. 
. Defining command \diffp with sig. 'soomt/mg' on line 351.
.................................................
.................................................
. LaTeX info: "xparse/define-command"
. 
. Defining command \jacob with sig. 'mm' on line 356.
.................................................
)
(/usr/share/texlive/texmf-dist/tex/latex/tools/bm.sty
Package: bm 2016/02/27 v1.2a Bold Symbol Support (DPC/FMi)
\symboldoperators=\mathgroup7
\symboldletters=\mathgroup8
\symboldsymbols=\mathgroup9
\symboldlasy=\mathgroup10
LaTeX Font Info:    Redeclaring math alphabet \mathbf on input line 142.
LaTeX Info: Redefining \bm on input line 208.
)
(/usr/share/texlive/texmf-dist/tex/latex/jknapltx/mathrsfs.sty
Package: mathrsfs 1996/01/01 Math RSFS package v1.0 (jk)
\symrsfs=\mathgroup11
)
(/usr/share/texlive/texmf-dist/tex/latex/multirow/multirow.sty
\bigstrutjot=\dimen165
)
(/usr/share/texlive/texmf-dist/tex/latex/caption/caption.sty
Package: caption 2016/02/21 v3.3-144 Customizing captions (AR)

(/usr/share/texlive/texmf-dist/tex/latex/caption/caption3.sty
Package: caption3 2016/05/22 v1.7-166 caption3 kernel (AR)
Package caption3 Info: TeX engine: e-TeX on input line 67.
\captionmargin=\dimen166
\captionmargin@=\dimen167
\captionwidth=\dimen168
\caption@tempdima=\dimen169
\caption@indent=\dimen170
\caption@parindent=\dimen171
\caption@hangindent=\dimen172
\abovecaptionskip=\skip57
\belowcaptionskip=\skip58
Package caption Info: Unknown document class (or package),
(caption)             standard defaults will be used.
)

Package caption Warning: Unsupported document class (or package) detected,
(caption)                usage of the caption package is not recommended.
See the caption package documentation for explanation.

Package caption Info: \@makecaption = macro:->\@makefigurecaption .
\c@ContinuedFloat=\count151
) (/usr/share/texlive/texmf-dist/tex/latex/subfig/subfig.sty
Package: subfig 2005/06/28 ver: 1.3 subfig package


Package subfig Warning: Your document class has a bad definition
 of \endfigure, most likely
 \let\endfigure=\end@float
 which has now been changed to
 \def\endfigure{\end@float}
 because otherwise subsequent changes to \end@float
 (like done by several packages changing float behaviour)
 can't take effect on \endfigure.
 Please complain to your document class author.


Package subfig Warning: Your document class has a bad definition
 of \endtable, most likely
 \let\endtable=\end@float
 which has now been changed to
 \def\endtable{\end@float}
 because otherwise subsequent changes to \end@float
 (like done by several packages changing float behaviour)
 can't take effect on \endtable.
 Please complain to your document class author.

\c@KVtest=\count152
\sf@farskip=\skip59
\sf@captopadj=\dimen173
\sf@capskip=\skip60
\sf@nearskip=\skip61
\c@subfigure=\count153
\c@subfigure@save=\count154
\c@lofdepth=\count155
\c@subtable=\count156
\c@subtable@save=\count157
\c@lotdepth=\count158
\sf@top=\skip62
\sf@bottom=\skip63
) (/usr/share/texlive/texmf-dist/tex/latex/xcolor/xcolor.sty
Package: xcolor 2016/05/11 v2.12 LaTeX color extensions (UK)

(/usr/share/texlive/texmf-dist/tex/latex/graphics-cfg/color.cfg
File: color.cfg 2016/01/02 v1.6 sample color configuration
)
Package xcolor Info: Driver file: pdftex.def on input line 225.
Package xcolor Info: Model `cmy' substituted by `cmy0' on input line 1348.
Package xcolor Info: Model `hsb' substituted by `rgb' on input line 1352.
Package xcolor Info: Model `RGB' extended on input line 1364.
Package xcolor Info: Model `HTML' substituted by `rgb' on input line 1366.
Package xcolor Info: Model `Hsb' substituted by `hsb' on input line 1367.
Package xcolor Info: Model `tHsb' substituted by `hsb' on input line 1368.
Package xcolor Info: Model `HSB' substituted by `hsb' on input line 1369.
Package xcolor Info: Model `Gray' substituted by `gray' on input line 1370.
Package xcolor Info: Model `wave' substituted by `hsb' on input line 1371.
)
(/usr/share/texlive/texmf-dist/tex/latex/colortbl/colortbl.sty
Package: colortbl 2012/02/13 v1.0a Color table columns (DPC)

(/usr/share/texlive/texmf-dist/tex/latex/tools/array.sty
Package: array 2014/10/28 v2.4c Tabular extension package (FMi)
\col@sep=\dimen174
\extrarowheight=\dimen175
\NC@list=\toks24
\extratabsurround=\skip64
\backup@length=\skip65
)
\everycr=\toks25
\minrowclearance=\skip66
)
\c@remark=\count159

(./mindlinPH_IFAC.aux)
\openout1 = `mindlinPH_IFAC.aux'.

LaTeX Font Info:    Checking defaults for OML/cmm/m/it on input line 63.
LaTeX Font Info:    ... okay on input line 63.
LaTeX Font Info:    Checking defaults for T1/cmr/m/n on input line 63.
LaTeX Font Info:    ... okay on input line 63.
LaTeX Font Info:    Checking defaults for OT1/cmr/m/n on input line 63.
LaTeX Font Info:    ... okay on input line 63.
LaTeX Font Info:    Checking defaults for OMS/cmsy/m/n on input line 63.
LaTeX Font Info:    ... okay on input line 63.
LaTeX Font Info:    Checking defaults for OMX/cmex/m/n on input line 63.
LaTeX Font Info:    ... okay on input line 63.
LaTeX Font Info:    Checking defaults for U/cmr/m/n on input line 63.
LaTeX Font Info:    ... okay on input line 63.

(/usr/share/texlive/texmf-dist/tex/context/base/mkii/supp-pdf.mkii
[Loading MPS to PDF converter (version 2006.09.02).]
\scratchcounter=\count160
\scratchdimen=\dimen176
\scratchbox=\box49
\nofMPsegments=\count161
\nofMParguments=\count162
\everyMPshowfont=\toks26
\MPscratchCnt=\count163
\MPscratchDim=\dimen177
\MPnumerator=\count164
\makeMPintoPDFobject=\count165
\everyMPtoPDFconversion=\toks27
) (/usr/share/texlive/texmf-dist/tex/generic/oberdiek/pdftexcmds.sty
Package: pdftexcmds 2016/05/21 v0.22 Utility functions of pdfTeX for LuaTeX (HO
)

(/usr/share/texlive/texmf-dist/tex/generic/oberdiek/ifluatex.sty
Package: ifluatex 2016/05/16 v1.4 Provides the ifluatex switch (HO)
Package ifluatex Info: LuaTeX not detected.
)
(/usr/share/texlive/texmf-dist/tex/generic/oberdiek/ifpdf.sty
Package: ifpdf 2016/05/14 v3.1 Provides the ifpdf switch
)
Package pdftexcmds Info: LuaTeX not detected.
Package pdftexcmds Info: \pdf@primitive is available.
Package pdftexcmds Info: \pdf@ifprimitive is available.
Package pdftexcmds Info: \pdfdraftmode found.
)
(/usr/share/texlive/texmf-dist/tex/latex/oberdiek/epstopdf-base.sty
Package: epstopdf-base 2016/05/15 v2.6 Base part for package epstopdf

(/usr/share/texlive/texmf-dist/tex/latex/oberdiek/grfext.sty
Package: grfext 2016/05/16 v1.2 Manage graphics extensions (HO)

(/usr/share/texlive/texmf-dist/tex/generic/oberdiek/kvdefinekeys.sty
Package: kvdefinekeys 2016/05/16 v1.4 Define keys (HO)
))
(/usr/share/texlive/texmf-dist/tex/latex/oberdiek/kvoptions.sty
Package: kvoptions 2016/05/16 v3.12 Key value format for package options (HO)

(/usr/share/texlive/texmf-dist/tex/generic/oberdiek/kvsetkeys.sty
Package: kvsetkeys 2016/05/16 v1.17 Key value parser (HO)

(/usr/share/texlive/texmf-dist/tex/generic/oberdiek/etexcmds.sty
Package: etexcmds 2016/05/16 v1.6 Avoid name clashes with e-TeX commands (HO)
Package etexcmds Info: Could not find \expanded.
(etexcmds)             That can mean that you are not using pdfTeX 1.50 or
(etexcmds)             that some package has redefined \expanded.
(etexcmds)             In the latter case, load this package earlier.
)))
Package epstopdf-base Info: Redefining graphics rule for `.eps' on input line 4
38.
Package grfext Info: Graphics extension search list:
(grfext)             [.png,.pdf,.jpg,.mps,.jpeg,.jbig2,.jb2,.PNG,.PDF,.JPG,.JPE
G,.JBIG2,.JB2,.eps]
(grfext)             \AppendGraphicsExtensions on input line 456.

(/usr/share/texlive/texmf-dist/tex/latex/latexconfig/epstopdf-sys.cfg
File: epstopdf-sys.cfg 2010/07/13 v1.3 Configuration of (r)epstopdf for TeX Liv
e
))
Package caption Info: Begin \AtBeginDocument code.
Package caption Info: subfig package v1.3 is loaded.
Package caption Info: End \AtBeginDocument code.
LaTeX Font Info:    Calculating math sizes for size <14> on input line 66.
LaTeX Font Info:    Try loading font information for U+msa on input line 66.

(/usr/share/texlive/texmf-dist/tex/latex/amsfonts/umsa.fd
File: umsa.fd 2013/01/14 v3.01 AMS symbols A
)
LaTeX Font Info:    Try loading font information for U+msb on input line 66.

(/usr/share/texlive/texmf-dist/tex/latex/amsfonts/umsb.fd
File: umsb.fd 2013/01/14 v3.01 AMS symbols B
)
LaTeX Font Info:    Font shape `U/lasy/b/n' in size <9.79996> not available
(Font)              Font shape `U/lasy/m/n' tried instead on input line 66.
LaTeX Font Info:    Font shape `U/lasy/b/n' in size <7> not available
(Font)              Font shape `U/lasy/m/n' tried instead on input line 66.
LaTeX Font Info:    Try loading font information for U+rsfs on input line 66.

(/usr/share/texlive/texmf-dist/tex/latex/jknapltx/ursfs.fd
File: ursfs.fd 1998/03/24 rsfs font definition file (jk)
)
LaTeX Font Info:    Font shape `U/lasy/b/n' in size <5> not available
(Font)              Font shape `U/lasy/m/n' tried instead on input line 75.
\c@sv@footnote=\count166
LaTeX Font Info:    Font shape `U/lasy/b/n' in size <8> not available
(Font)              Font shape `U/lasy/m/n' tried instead on input line 93.
LaTeX Font Info:    Font shape `U/lasy/b/n' in size <6> not available
(Font)              Font shape `U/lasy/m/n' tried instead on input line 93.

Underfull \vbox (badness 10000) has occurred while \output is active []

 [1{/usr/share/texlive/texmf-dist/fonts/map/pdftex/updmap/pdftex.map}

] [2]
Overfull \hbox (11.22142pt too wide) detected at line 266
[] []
 []

[3]
LaTeX Font Info:    Try loading font information for OMS+cmr on input line 408.

 (/usr/share/texlive/texmf-dist/tex/latex/base/omscmr.fd
File: omscmr.fd 2014/09/29 v2.5h Standard LaTeX font definitions
)
LaTeX Font Info:    Font shape `OMS/cmr/m/n' in size <10> not available
(Font)              Font shape `OMS/cmsy/m/n' tried instead on input line 408.

Overfull \hbox (16.94547pt too wide) in paragraph at lines 461--463
\OT1/cmr/m/n/10 where $\OML/cmm/b/it/10 v[] \OT1/cmr/m/n/10 = (\OML/cmm/m/it/10
 v[];  v[];  [] v[]\OT1/cmr/m/n/10 )[]$ and $\OML/cmm/b/it/10 e[] \OT1/cmr/m/n/
10 = (\OML/cmm/m/it/10 e[];  e[];  [] e[]\OT1/cmr/m/n/10 )[]$.
 []

[4] [5]

LaTeX Warning: `h' float specifier changed to `ht'.


LaTeX Warning: `!h' float specifier changed to `!ht'.

Package epstopdf Info: Source file: <./Figures/Sim1_t_25_cropped.eps>
(epstopdf)                    date: 2018-12-07 11:01:02
(epstopdf)                    size: 486327 bytes
(epstopdf)             Output file: <./Figures/Sim1_t_25_cropped-eps-converted-
to.pdf>
(epstopdf)                    date: 2018-12-07 11:01:23
(epstopdf)                    size: 27650 bytes
(epstopdf)             Command: <repstopdf --outfile=./Figures/Sim1_t_25_croppe
d-eps-converted-to.pdf ./Figures/Sim1_t_25_cropped.eps>
(epstopdf)             \includegraphics on input line 869.
Package epstopdf Info: Output file is already uptodate.

<./Figures/Sim1_t_25_cropped-eps-converted-to.pdf, id=39, 327.2225pt x 266.9975
pt>
File: ./Figures/Sim1_t_25_cropped-eps-converted-to.pdf Graphic file (type pdf)
 <use ./Figures/Sim1_t_25_cropped-eps-converted-to.pdf>
Package pdftex.def Info: ./Figures/Sim1_t_25_cropped-eps-converted-to.pdf used 
on input line 869.
(pdftex.def)             Requested size: 113.31232pt x 92.45644pt.
Package epstopdf Info: Source file: <./Figures/Sim1_t_50_cropped.eps>
(epstopdf)                    date: 2018-12-07 11:00:54
(epstopdf)                    size: 483883 bytes
(epstopdf)             Output file: <./Figures/Sim1_t_50_cropped-eps-converted-
to.pdf>
(epstopdf)                    date: 2018-12-07 11:01:23
(epstopdf)                    size: 27951 bytes
(epstopdf)             Command: <repstopdf --outfile=./Figures/Sim1_t_50_croppe
d-eps-converted-to.pdf ./Figures/Sim1_t_50_cropped.eps>
(epstopdf)             \includegraphics on input line 873.
Package epstopdf Info: Output file is already uptodate.

<./Figures/Sim1_t_50_cropped-eps-converted-to.pdf, id=40, 327.2225pt x 266.9975
pt>
File: ./Figures/Sim1_t_50_cropped-eps-converted-to.pdf Graphic file (type pdf)
 <use ./Figures/Sim1_t_50_cropped-eps-converted-to.pdf>
Package pdftex.def Info: ./Figures/Sim1_t_50_cropped-eps-converted-to.pdf used 
on input line 873.
(pdftex.def)             Requested size: 113.31232pt x 92.45644pt.
Package epstopdf Info: Source file: <./Figures/Sim1_t_75_cropped.eps>
(epstopdf)                    date: 2018-12-07 11:01:09
(epstopdf)                    size: 484101 bytes
(epstopdf)             Output file: <./Figures/Sim1_t_75_cropped-eps-converted-
to.pdf>
(epstopdf)                    date: 2018-12-07 11:01:24
(epstopdf)                    size: 27908 bytes
(epstopdf)             Command: <repstopdf --outfile=./Figures/Sim1_t_75_croppe
d-eps-converted-to.pdf ./Figures/Sim1_t_75_cropped.eps>
(epstopdf)             \includegraphics on input line 876.
Package epstopdf Info: Output file is already uptodate.

<./Figures/Sim1_t_75_cropped-eps-converted-to.pdf, id=41, 327.2225pt x 266.9975
pt>
File: ./Figures/Sim1_t_75_cropped-eps-converted-to.pdf Graphic file (type pdf)
 <use ./Figures/Sim1_t_75_cropped-eps-converted-to.pdf>
Package pdftex.def Info: ./Figures/Sim1_t_75_cropped-eps-converted-to.pdf used 
on input line 876.
(pdftex.def)             Requested size: 113.31232pt x 92.45644pt.
Package epstopdf Info: Source file: <./Figures/Sim1_t_100_cropped.eps>
(epstopdf)                    date: 2018-12-07 11:01:17
(epstopdf)                    size: 486327 bytes
(epstopdf)             Output file: <./Figures/Sim1_t_100_cropped-eps-converted
-to.pdf>
(epstopdf)                    date: 2018-12-07 11:01:25
(epstopdf)                    size: 27642 bytes
(epstopdf)             Command: <repstopdf --outfile=./Figures/Sim1_t_100_cropp
ed-eps-converted-to.pdf ./Figures/Sim1_t_100_cropped.eps>
(epstopdf)             \includegraphics on input line 880.
Package epstopdf Info: Output file is already uptodate.

<./Figures/Sim1_t_100_cropped-eps-converted-to.pdf, id=42, 327.2225pt x 266.997
5pt>
File: ./Figures/Sim1_t_100_cropped-eps-converted-to.pdf Graphic file (type pdf)

 <use ./Figures/Sim1_t_100_cropped-eps-converted-to.pdf>
Package pdftex.def Info: ./Figures/Sim1_t_100_cropped-eps-converted-to.pdf used
 on input line 880.
(pdftex.def)             Requested size: 113.31232pt x 92.45644pt.
Package epstopdf Info: Source file: <./Figures/Sim2_t_25_cropped.eps>
(epstopdf)                    date: 2018-12-07 10:57:37
(epstopdf)                    size: 482383 bytes
(epstopdf)             Output file: <./Figures/Sim2_t_25_cropped-eps-converted-
to.pdf>
(epstopdf)                    date: 2018-12-07 11:01:25
(epstopdf)                    size: 26951 bytes
(epstopdf)             Command: <repstopdf --outfile=./Figures/Sim2_t_25_croppe
d-eps-converted-to.pdf ./Figures/Sim2_t_25_cropped.eps>
(epstopdf)             \includegraphics on input line 889.
Package epstopdf Info: Output file is already uptodate.

<./Figures/Sim2_t_25_cropped-eps-converted-to.pdf, id=43, 327.2225pt x 266.9975
pt>
File: ./Figures/Sim2_t_25_cropped-eps-converted-to.pdf Graphic file (type pdf)
 <use ./Figures/Sim2_t_25_cropped-eps-converted-to.pdf>
Package pdftex.def Info: ./Figures/Sim2_t_25_cropped-eps-converted-to.pdf used 
on input line 889.
(pdftex.def)             Requested size: 113.31232pt x 92.45644pt.
Package epstopdf Info: Source file: <./Figures/Sim2_t_50_cropped.eps>
(epstopdf)                    date: 2018-12-07 10:57:45
(epstopdf)                    size: 486430 bytes
(epstopdf)             Output file: <./Figures/Sim2_t_50_cropped-eps-converted-
to.pdf>
(epstopdf)                    date: 2018-12-07 11:01:26
(epstopdf)                    size: 27270 bytes
(epstopdf)             Command: <repstopdf --outfile=./Figures/Sim2_t_50_croppe
d-eps-converted-to.pdf ./Figures/Sim2_t_50_cropped.eps>
(epstopdf)             \includegraphics on input line 893.
Package epstopdf Info: Output file is already uptodate.

<./Figures/Sim2_t_50_cropped-eps-converted-to.pdf, id=44, 327.2225pt x 266.9975
pt>
File: ./Figures/Sim2_t_50_cropped-eps-converted-to.pdf Graphic file (type pdf)
 <use ./Figures/Sim2_t_50_cropped-eps-converted-to.pdf>
Package pdftex.def Info: ./Figures/Sim2_t_50_cropped-eps-converted-to.pdf used 
on input line 893.
(pdftex.def)             Requested size: 113.31232pt x 92.45644pt.
Package epstopdf Info: Source file: <./Figures/Sim2_t_75_cropped.eps>
(epstopdf)                    date: 2018-12-07 10:57:28
(epstopdf)                    size: 485196 bytes
(epstopdf)             Output file: <./Figures/Sim2_t_75_cropped-eps-converted-
to.pdf>
(epstopdf)                    date: 2018-12-07 11:01:26
(epstopdf)                    size: 27386 bytes
(epstopdf)             Command: <repstopdf --outfile=./Figures/Sim2_t_75_croppe
d-eps-converted-to.pdf ./Figures/Sim2_t_75_cropped.eps>
(epstopdf)             \includegraphics on input line 896.
Package epstopdf Info: Output file is already uptodate.

<./Figures/Sim2_t_75_cropped-eps-converted-to.pdf, id=45, 327.2225pt x 266.9975
pt>
File: ./Figures/Sim2_t_75_cropped-eps-converted-to.pdf Graphic file (type pdf)
 <use ./Figures/Sim2_t_75_cropped-eps-converted-to.pdf>
Package pdftex.def Info: ./Figures/Sim2_t_75_cropped-eps-converted-to.pdf used 
on input line 896.
(pdftex.def)             Requested size: 113.31232pt x 92.45644pt.
Package epstopdf Info: Source file: <./Figures/Sim2_t_100_cropped.eps>
(epstopdf)                    date: 2018-12-07 10:57:17
(epstopdf)                    size: 485994 bytes
(epstopdf)             Output file: <./Figures/Sim2_t_100_cropped-eps-converted
-to.pdf>
(epstopdf)                    date: 2018-12-07 11:01:27
(epstopdf)                    size: 27558 bytes
(epstopdf)             Command: <repstopdf --outfile=./Figures/Sim2_t_100_cropp
ed-eps-converted-to.pdf ./Figures/Sim2_t_100_cropped.eps>
(epstopdf)             \includegraphics on input line 900.
Package epstopdf Info: Output file is already uptodate.

<./Figures/Sim2_t_100_cropped-eps-converted-to.pdf, id=46, 327.2225pt x 266.997
5pt>
File: ./Figures/Sim2_t_100_cropped-eps-converted-to.pdf Graphic file (type pdf)

 <use ./Figures/Sim2_t_100_cropped-eps-converted-to.pdf>
Package pdftex.def Info: ./Figures/Sim2_t_100_cropped-eps-converted-to.pdf used
 on input line 900.
(pdftex.def)             Requested size: 113.31232pt x 92.45644pt.


LaTeX Warning: `h' float specifier changed to `ht'.

Package epstopdf Info: Source file: <./Figures/Sim3_t_25_cropped.eps>
(epstopdf)                    date: 2018-12-07 10:55:55
(epstopdf)                    size: 485245 bytes
(epstopdf)             Output file: <./Figures/Sim3_t_25_cropped-eps-converted-
to.pdf>
(epstopdf)                    date: 2018-12-07 11:01:28
(epstopdf)                    size: 28793 bytes
(epstopdf)             Command: <repstopdf --outfile=./Figures/Sim3_t_25_croppe
d-eps-converted-to.pdf ./Figures/Sim3_t_25_cropped.eps>
(epstopdf)             \includegraphics on input line 909.
Package epstopdf Info: Output file is already uptodate.

<./Figures/Sim3_t_25_cropped-eps-converted-to.pdf, id=47, 326.21875pt x 266.997
5pt>
File: ./Figures/Sim3_t_25_cropped-eps-converted-to.pdf Graphic file (type pdf)
 <use ./Figures/Sim3_t_25_cropped-eps-converted-to.pdf>
Package pdftex.def Info: ./Figures/Sim3_t_25_cropped-eps-converted-to.pdf used 
on input line 909.
(pdftex.def)             Requested size: 113.31232pt x 92.74162pt.
Package epstopdf Info: Source file: <./Figures/Sim3_t_50_cropped.eps>
(epstopdf)                    date: 2018-12-07 10:55:45
(epstopdf)                    size: 485686 bytes
(epstopdf)             Output file: <./Figures/Sim3_t_50_cropped-eps-converted-
to.pdf>
(epstopdf)                    date: 2018-12-07 11:01:28
(epstopdf)                    size: 28768 bytes
(epstopdf)             Command: <repstopdf --outfile=./Figures/Sim3_t_50_croppe
d-eps-converted-to.pdf ./Figures/Sim3_t_50_cropped.eps>
(epstopdf)             \includegraphics on input line 913.
Package epstopdf Info: Output file is already uptodate.

<./Figures/Sim3_t_50_cropped-eps-converted-to.pdf, id=48, 326.21875pt x 266.997
5pt>
File: ./Figures/Sim3_t_50_cropped-eps-converted-to.pdf Graphic file (type pdf)
 <use ./Figures/Sim3_t_50_cropped-eps-converted-to.pdf>
Package pdftex.def Info: ./Figures/Sim3_t_50_cropped-eps-converted-to.pdf used 
on input line 913.
(pdftex.def)             Requested size: 113.31232pt x 92.74162pt.


LaTeX Warning: `h' float specifier changed to `ht'.

Package epstopdf Info: Source file: <./Figures/Sim1_Hamiltonian_cropped.eps>
(epstopdf)                    date: 2018-12-07 11:00:45
(epstopdf)                    size: 471420 bytes
(epstopdf)             Output file: <./Figures/Sim1_Hamiltonian_cropped-eps-con
verted-to.pdf>
(epstopdf)                    date: 2018-12-07 11:01:29
(epstopdf)                    size: 11824 bytes
(epstopdf)             Command: <repstopdf --outfile=./Figures/Sim1_Hamiltonian
_cropped-eps-converted-to.pdf ./Figures/Sim1_Hamiltonian_cropped.eps>
(epstopdf)             \includegraphics on input line 929.
Package epstopdf Info: Output file is already uptodate.

<./Figures/Sim1_Hamiltonian_cropped-eps-converted-to.pdf, id=49, 410.53375pt x 
321.2pt>
File: ./Figures/Sim1_Hamiltonian_cropped-eps-converted-to.pdf Graphic file (typ
e pdf)
 <use ./Figures/Sim1_Hamiltonian_cropped-eps-converted-to.pdf>
Package pdftex.def Info: ./Figures/Sim1_Hamiltonian_cropped-eps-converted-to.pd
f used on input line 929.
(pdftex.def)             Requested size: 113.31232pt x 88.65129pt.
Package epstopdf Info: Source file: <./Figures/Sim2_Hamiltonian_cropped.eps>
(epstopdf)                    date: 2018-12-07 10:57:56
(epstopdf)                    size: 468759 bytes
(epstopdf)             Output file: <./Figures/Sim2_Hamiltonian_cropped-eps-con
verted-to.pdf>
(epstopdf)                    date: 2018-12-07 11:01:30
(epstopdf)                    size: 12263 bytes
(epstopdf)             Command: <repstopdf --outfile=./Figures/Sim2_Hamiltonian
_cropped-eps-converted-to.pdf ./Figures/Sim2_Hamiltonian_cropped.eps>
(epstopdf)             \includegraphics on input line 933.
Package epstopdf Info: Output file is already uptodate.

<./Figures/Sim2_Hamiltonian_cropped-eps-converted-to.pdf, id=50, 405.515pt x 32
1.2pt>
File: ./Figures/Sim2_Hamiltonian_cropped-eps-converted-to.pdf Graphic file (typ
e pdf)
 <use ./Figures/Sim2_Hamiltonian_cropped-eps-converted-to.pdf>
Package pdftex.def Info: ./Figures/Sim2_Hamiltonian_cropped-eps-converted-to.pd
f used on input line 933.
(pdftex.def)             Requested size: 113.31232pt x 89.74915pt.
Package epstopdf Info: Source file: <./Figures/Sim3_Hamiltonian_cropped.eps>
(epstopdf)                    date: 2018-12-07 12:34:43
(epstopdf)                    size: 484245 bytes
(epstopdf)             Output file: <./Figures/Sim3_Hamiltonian_cropped-eps-con
verted-to.pdf>
(epstopdf)                    date: 2018-12-07 12:35:10
(epstopdf)                    size: 14905 bytes
(epstopdf)             Command: <repstopdf --outfile=./Figures/Sim3_Hamiltonian
_cropped-eps-converted-to.pdf ./Figures/Sim3_Hamiltonian_cropped.eps>
(epstopdf)             \includegraphics on input line 936.
Package epstopdf Info: Output file is already uptodate.

<./Figures/Sim3_Hamiltonian_cropped-eps-converted-to.pdf, id=51, 417.56pt x 321
.2pt>
File: ./Figures/Sim3_Hamiltonian_cropped-eps-converted-to.pdf Graphic file (typ
e pdf)
 <use ./Figures/Sim3_Hamiltonian_cropped-eps-converted-to.pdf>
Package pdftex.def Info: ./Figures/Sim3_Hamiltonian_cropped-eps-converted-to.pd
f used on input line 936.
(pdftex.def)             Requested size: 113.31232pt x 87.16135pt.


LaTeX Warning: `h' float specifier changed to `ht'.

(./mindlinPH_IFAC.bbl [6]
Underfull \vbox (badness 10000) has occurred while \output is active []

 [7]
Missing character: There is no Ã in font cmr10!
Missing character: There is no ¨ in font cmr10!
Missing character: There is no Ã in font cmr10!
Missing character: There is no ­ in font cmr10!
)
[8 <./Figures/Sim1_t_25_cropped-eps-converted-to.pdf> <./Figures/Sim1_t_50_crop
ped-eps-converted-to.pdf> <./Figures/Sim1_t_75_cropped-eps-converted-to.pdf> <.
/Figures/Sim1_t_100_cropped-eps-converted-to.pdf> <./Figures/Sim2_t_25_cropped-
eps-converted-to.pdf> <./Figures/Sim2_t_50_cropped-eps-converted-to.pdf> <./Fig
ures/Sim2_t_75_cropped-eps-converted-to.pdf> <./Figures/Sim2_t_100_cropped-eps-
converted-to.pdf> <./Figures/Sim3_t_25_cropped-eps-converted-to.pdf> <./Figures
/Sim3_t_50_cropped-eps-converted-to.pdf> <./Figures/Sim1_Hamiltonian_cropped-ep
s-converted-to.pdf> <./Figures/Sim2_Hamiltonian_cropped-eps-converted-to.pdf> <
./Figures/Sim3_Hamiltonian_cropped-eps-converted-to.pdf>] (./mindlinPH_IFAC.aux
) ) 
Here is how much of TeX's memory you used:
 12534 strings out of 494150
 222618 string characters out of 6157810
 315068 words of memory out of 5000000
 15749 multiletter control sequences out of 15000+600000
 18960 words of font info for 78 fonts, out of 8000000 for 9000
 430 hyphenation exceptions out of 8191
 38i,15n,49p,10369b,403s stack positions out of 5000i,500n,10000p,200000b,80000s
</usr/share/texlive/texmf-dist/fonts/type1/public/amsfonts/cm/cmbx10.pfb></u
sr/share/texlive/texmf-dist/fonts/type1/public/amsfonts/cm/cmbx12.pfb></usr/sha
re/texlive/texmf-dist/fonts/type1/public/amsfonts/cm/cmex10.pfb></usr/share/tex
live/texmf-dist/fonts/type1/public/amsfonts/cm/cmmi10.pfb></usr/share/texlive/t
exmf-dist/fonts/type1/public/amsfonts/cm/cmmi12.pfb></usr/share/texlive/texmf-d
ist/fonts/type1/public/amsfonts/cm/cmmi5.pfb></usr/share/texlive/texmf-dist/fon
ts/type1/public/amsfonts/cm/cmmi6.pfb></usr/share/texlive/texmf-dist/fonts/type
1/public/amsfonts/cm/cmmi7.pfb></usr/share/texlive/texmf-dist/fonts/type1/publi
c/amsfonts/cm/cmmi8.pfb></usr/share/texlive/texmf-dist/fonts/type1/public/amsfo
nts/cm/cmmib10.pfb></usr/share/texlive/texmf-dist/fonts/type1/public/amsfonts/c
mextra/cmmib7.pfb></usr/share/texlive/texmf-dist/fonts/type1/public/amsfonts/cm
/cmr10.pfb></usr/share/texlive/texmf-dist/fonts/type1/public/amsfonts/cm/cmr12.
pfb></usr/share/texlive/texmf-dist/fonts/type1/public/amsfonts/cm/cmr5.pfb></us
r/share/texlive/texmf-dist/fonts/type1/public/amsfonts/cm/cmr6.pfb></usr/share/
texlive/texmf-dist/fonts/type1/public/amsfonts/cm/cmr7.pfb></usr/share/texlive/
texmf-dist/fonts/type1/public/amsfonts/cm/cmr8.pfb></usr/share/texlive/texmf-di
st/fonts/type1/public/amsfonts/cm/cmss10.pfb></usr/share/texlive/texmf-dist/fon
ts/type1/public/amsfonts/cm/cmss12.pfb></usr/share/texlive/texmf-dist/fonts/typ
e1/public/amsfonts/cm/cmsy10.pfb></usr/share/texlive/texmf-dist/fonts/type1/pub
lic/amsfonts/cm/cmsy6.pfb></usr/share/texlive/texmf-dist/fonts/type1/public/ams
fonts/cm/cmsy7.pfb></usr/share/texlive/texmf-dist/fonts/type1/public/amsfonts/c
m/cmti10.pfb></usr/share/texlive/texmf-dist/fonts/type1/public/amsfonts/cm/cmti
8.pfb></usr/share/texlive/texmf-dist/fonts/type1/public/amsfonts/cm/cmtt8.pfb><
/usr/share/texlive/texmf-dist/fonts/type1/public/amsfonts/symbols/msbm10.pfb></
usr/share/texlive/texmf-dist/fonts/type1/public/rsfs/rsfs10.pfb>
Output written on mindlinPH_IFAC.pdf (8 pages, 522315 bytes).
PDF statistics:
 327 PDF objects out of 1000 (max. 8388607)
 274 compressed objects within 3 object streams
 0 named destinations out of 1000 (max. 500000)
 66 words of extra memory for PDF output out of 10000 (max. 10000000)

