This is pdfTeX, Version 3.14159265-2.6-1.40.19 (MiKTeX 2.9.6630 64-bit) (preloaded format=pdflatex 2018.6.13)  4 DEC 2018 16:28
entering extended mode
**./acronyms.tex
(acronyms.tex
LaTeX2e <2017-04-15>
Babel <3.18> and hyphenation patterns for 75 language(s) loaded.
! Undefined control sequence.
l.1 \chapter
            *{Table des sigles et acronymes}
The control sequence at the end of the top line
of your error message was never \def'ed. If you have
misspelled it (e.g., `\hobx'), type `I' and the correct
spelling (e.g., `I\hbox'). Otherwise just continue,
and I'll forget about whatever was undefined.


! LaTeX Error: Missing \begin{document}.

See the LaTeX manual or LaTeX Companion for explanation.
Type  H <return>  for immediate help.
 ...                                              
                                                  
l.1 \chapter*
             {Table des sigles et acronymes}
You're in trouble here.  Try typing  <return>  to proceed.
If that doesn't work, type  X <return>  to quit.

Missing character: There is no * in font nullfont!
Missing character: There is no T in font nullfont!
Missing character: There is no a in font nullfont!
Missing character: There is no b in font nullfont!
Missing character: There is no l in font nullfont!
Missing character: There is no e in font nullfont!
Missing character: There is no d in font nullfont!
Missing character: There is no e in font nullfont!
Missing character: There is no s in font nullfont!
Missing character: There is no s in font nullfont!
Missing character: There is no i in font nullfont!
Missing character: There is no g in font nullfont!
Missing character: There is no l in font nullfont!
Missing character: There is no e in font nullfont!
Missing character: There is no s in font nullfont!
Missing character: There is no e in font nullfont!
Missing character: There is no t in font nullfont!
Missing character: There is no a in font nullfont!
Missing character: There is no c in font nullfont!
Missing character: There is no r in font nullfont!
Missing character: There is no o in font nullfont!
Missing character: There is no n in font nullfont!
Missing character: There is no y in font nullfont!
Missing character: There is no m in font nullfont!
Missing character: There is no e in font nullfont!
Missing character: There is no s in font nullfont!
! Undefined control sequence.
l.2 \addstarredchapter
                      {Table des sigles et acronymes}
The control sequence at the end of the top line
of your error message was never \def'ed. If you have
misspelled it (e.g., `\hobx'), type `I' and the correct
spelling (e.g., `I\hbox'). Otherwise just continue,
and I'll forget about whatever was undefined.

Missing character: There is no T in font nullfont!
Missing character: There is no a in font nullfont!
Missing character: There is no b in font nullfont!
Missing character: There is no l in font nullfont!
Missing character: There is no e in font nullfont!
Missing character: There is no d in font nullfont!
Missing character: There is no e in font nullfont!
Missing character: There is no s in font nullfont!
Missing character: There is no s in font nullfont!
Missing character: There is no i in font nullfont!
Missing character: There is no g in font nullfont!
Missing character: There is no l in font nullfont!
Missing character: There is no e in font nullfont!
Missing character: There is no s in font nullfont!
Missing character: There is no e in font nullfont!
Missing character: There is no t in font nullfont!
Missing character: There is no a in font nullfont!
Missing character: There is no c in font nullfont!
Missing character: There is no r in font nullfont!
Missing character: There is no o in font nullfont!
Missing character: There is no n in font nullfont!
Missing character: There is no y in font nullfont!
Missing character: There is no m in font nullfont!
Missing character: There is no e in font nullfont!
Missing character: There is no s in font nullfont!

Overfull \hbox (20.0pt too wide) in paragraph at lines 1--4
[]
 []


! LaTeX Error: Environment acronym undefined.

See the LaTeX manual or LaTeX Companion for explanation.
Type  H <return>  for immediate help.
 ...                                              
                                                  
l.6 \begin{acronym}
                   [CP-OFDMX] % Specify the longest acronym in order to set ...

Your command was ignored.
Type  I <command> <return>  to replace it with another command,
or  <return>  to continue without it.


! LaTeX Error: Missing \begin{document}.

See the LaTeX manual or LaTeX Companion for explanation.
Type  H <return>  for immediate help.
 ...                                              
                                                  
l.6 \begin{acronym}[
                    CP-OFDMX] % Specify the longest acronym in order to set ...

You're in trouble here.  Try typing  <return>  to proceed.
If that doesn't work, type  X <return>  to quit.

Missing character: There is no [ in font nullfont!
Missing character: There is no C in font nullfont!
Missing character: There is no P in font nullfont!
Missing character: There is no - in font nullfont!
Missing character: There is no O in font nullfont!
Missing character: There is no F in font nullfont!
Missing character: There is no D in font nullfont!
Missing character: There is no M in font nullfont!
Missing character: There is no X in font nullfont!
Missing character: There is no ] in font nullfont!
! Undefined control sequence.
l.7 \acro
         {HST}{\emph{Hubble Space Telescope}}
The control sequence at the end of the top line
of your error message was never \def'ed. If you have
misspelled it (e.g., `\hobx'), type `I' and the correct
spelling (e.g., `I\hbox'). Otherwise just continue,
and I'll forget about whatever was undefined.

Missing character: There is no H in font nullfont!
Missing character: There is no S in font nullfont!
Missing character: There is no T in font nullfont!
! Undefined control sequence.
l.8 \acro
         {JWST}{\emph{James Webb Space Telescope}}
The control sequence at the end of the top line
of your error message was never \def'ed. If you have
misspelled it (e.g., `\hobx'), type `I' and the correct
spelling (e.g., `I\hbox'). Otherwise just continue,
and I'll forget about whatever was undefined.

Missing character: There is no J in font nullfont!
Missing character: There is no W in font nullfont!
Missing character: There is no S in font nullfont!
Missing character: There is no T in font nullfont!
! Undefined control sequence.
l.9 \acro
         {ESA}{\emph{European Space Agency}}
The control sequence at the end of the top line
of your error message was never \def'ed. If you have
misspelled it (e.g., `\hobx'), type `I' and the correct
spelling (e.g., `I\hbox'). Otherwise just continue,
and I'll forget about whatever was undefined.

Missing character: There is no E in font nullfont!
Missing character: There is no S in font nullfont!
Missing character: There is no A in font nullfont!
! Undefined control sequence.
l.10 \acro
          {RW}{\emph{Reaction Wheel}}
The control sequence at the end of the top line
of your error message was never \def'ed. If you have
misspelled it (e.g., `\hobx'), type `I' and the correct
spelling (e.g., `I\hbox'). Otherwise just continue,
and I'll forget about whatever was undefined.

Missing character: There is no R in font nullfont!
Missing character: There is no W in font nullfont!
! Undefined control sequence.
l.11 \acro
          {CMG}{\emph{Control Momentum Gyro}}
The control sequence at the end of the top line
of your error message was never \def'ed. If you have
misspelled it (e.g., `\hobx'), type `I' and the correct
spelling (e.g., `I\hbox'). Otherwise just continue,
and I'll forget about whatever was undefined.

Missing character: There is no C in font nullfont!
Missing character: There is no M in font nullfont!
Missing character: There is no G in font nullfont!
! Undefined control sequence.
l.12 \acro
          {SADM}{\emph{Solar Array Drive Mechanism}}
The control sequence at the end of the top line
of your error message was never \def'ed. If you have
misspelled it (e.g., `\hobx'), type `I' and the correct
spelling (e.g., `I\hbox'). Otherwise just continue,
and I'll forget about whatever was undefined.

Missing character: There is no S in font nullfont!
Missing character: There is no A in font nullfont!
Missing character: There is no D in font nullfont!
Missing character: There is no M in font nullfont!
! Undefined control sequence.
l.13 \acro
          {APM}{\emph{Antenna Pointing Mechanism}}
The control sequence at the end of the top line
of your error message was never \def'ed. If you have
misspelled it (e.g., `\hobx'), type `I' and the correct
spelling (e.g., `I\hbox'). Otherwise just continue,
and I'll forget about whatever was undefined.

Missing character: There is no A in font nullfont!
Missing character: There is no P in font nullfont!
Missing character: There is no M in font nullfont!
! Undefined control sequence.
l.14 \acro
          {CoG}{\emph{Center of Gravity}}
The control sequence at the end of the top line
of your error message was never \def'ed. If you have
misspelled it (e.g., `\hobx'), type `I' and the correct
spelling (e.g., `I\hbox'). Otherwise just continue,
and I'll forget about whatever was undefined.

Missing character: There is no C in font nullfont!
Missing character: There is no o in font nullfont!
Missing character: There is no G in font nullfont!
! Undefined control sequence.
l.15 \acro
          {ACS}{\emph{Attitude Control System}}
The control sequence at the end of the top line
of your error message was never \def'ed. If you have
misspelled it (e.g., `\hobx'), type `I' and the correct
spelling (e.g., `I\hbox'). Otherwise just continue,
and I'll forget about whatever was undefined.

Missing character: There is no A in font nullfont!
Missing character: There is no C in font nullfont!
Missing character: There is no S in font nullfont!
! Undefined control sequence.
l.16 \acro
          {DOF}{\emph{Degrees of Freedom}}
The control sequence at the end of the top line
of your error message was never \def'ed. If you have
misspelled it (e.g., `\hobx'), type `I' and the correct
spelling (e.g., `I\hbox'). Otherwise just continue,
and I'll forget about whatever was undefined.

Missing character: There is no D in font nullfont!
Missing character: There is no O in font nullfont!
Missing character: There is no F in font nullfont!
! Undefined control sequence.
l.17 \acro
          {FEM}{\emph{Finite Element Method}}
The control sequence at the end of the top line
of your error message was never \def'ed. If you have
misspelled it (e.g., `\hobx'), type `I' and the correct
spelling (e.g., `I\hbox'). Otherwise just continue,
and I'll forget about whatever was undefined.

Missing character: There is no F in font nullfont!
Missing character: There is no E in font nullfont!
Missing character: There is no M in font nullfont!
! Undefined control sequence.
l.18 \acro
          {FE-TM}{\emph{Finite Element-Transfer Matrix}}
The control sequence at the end of the top line
of your error message was never \def'ed. If you have
misspelled it (e.g., `\hobx'), type `I' and the correct
spelling (e.g., `I\hbox'). Otherwise just continue,
and I'll forget about whatever was undefined.

Missing character: There is no F in font nullfont!
Missing character: There is no E in font nullfont!
Missing character: There is no - in font nullfont!
Missing character: There is no T in font nullfont!
Missing character: There is no M in font nullfont!
! Undefined control sequence.
l.19 \acro
          {CMS}{\emph{Component Modes Synthesis}}
The control sequence at the end of the top line
of your error message was never \def'ed. If you have
misspelled it (e.g., `\hobx'), type `I' and the correct
spelling (e.g., `I\hbox'). Otherwise just continue,
and I'll forget about whatever was undefined.

Missing character: There is no C in font nullfont!
Missing character: There is no M in font nullfont!
Missing character: There is no S in font nullfont!
! Undefined control sequence.
l.20 \acro
          {FE-TM}{\emph{Finite Element-Transfer Matrix}}
The control sequence at the end of the top line
of your error message was never \def'ed. If you have
misspelled it (e.g., `\hobx'), type `I' and the correct
spelling (e.g., `I\hbox'). Otherwise just continue,
and I'll forget about whatever was undefined.

Missing character: There is no F in font nullfont!
Missing character: There is no E in font nullfont!
Missing character: There is no - in font nullfont!
Missing character: There is no T in font nullfont!
Missing character: There is no M in font nullfont!
! Undefined control sequence.
l.21 \acro
          {LQR}{\emph{Linear Quadratic Regulator}}
The control sequence at the end of the top line
of your error message was never \def'ed. If you have
misspelled it (e.g., `\hobx'), type `I' and the correct
spelling (e.g., `I\hbox'). Otherwise just continue,
and I'll forget about whatever was undefined.

Missing character: There is no L in font nullfont!
Missing character: There is no Q in font nullfont!
Missing character: There is no R in font nullfont!
! Undefined control sequence.
l.22 \acro
          {CCS}{\emph{Controlled Component Synthesis}}
The control sequence at the end of the top line
of your error message was never \def'ed. If you have
misspelled it (e.g., `\hobx'), type `I' and the correct
spelling (e.g., `I\hbox'). Otherwise just continue,
and I'll forget about whatever was undefined.

Missing character: There is no C in font nullfont!
Missing character: There is no C in font nullfont!
Missing character: There is no S in font nullfont!
! Undefined control sequence.
l.23 \acro
          {TITOP}{\emph{Two-Input Two-Output Port}}
The control sequence at the end of the top line
of your error message was never \def'ed. If you have
misspelled it (e.g., `\hobx'), type `I' and the correct
spelling (e.g., `I\hbox'). Otherwise just continue,
and I'll forget about whatever was undefined.

Missing character: There is no T in font nullfont!
Missing character: There is no I in font nullfont!
Missing character: There is no T in font nullfont!
Missing character: There is no O in font nullfont!
Missing character: There is no P in font nullfont!
! Undefined control sequence.
l.24 \acro
          {ARS}{\emph{Angular Rate Sensor}}
The control sequence at the end of the top line
of your error message was never \def'ed. If you have
misspelled it (e.g., `\hobx'), type `I' and the correct
spelling (e.g., `I\hbox'). Otherwise just continue,
and I'll forget about whatever was undefined.

Missing character: There is no A in font nullfont!
Missing character: There is no R in font nullfont!
Missing character: There is no S in font nullfont!
! Undefined control sequence.
l.25 \acro
          {FSM}{\emph{Fast Steering Mirror}}
The control sequence at the end of the top line
of your error message was never \def'ed. If you have
misspelled it (e.g., `\hobx'), type `I' and the correct
spelling (e.g., `I\hbox'). Otherwise just continue,
and I'll forget about whatever was undefined.

Missing character: There is no F in font nullfont!
Missing character: There is no S in font nullfont!
Missing character: There is no M in font nullfont!
! Undefined control sequence.
l.26 \acro
          {SGS}{\emph{Strain Gauge Sensor}}
The control sequence at the end of the top line
of your error message was never \def'ed. If you have
misspelled it (e.g., `\hobx'), type `I' and the correct
spelling (e.g., `I\hbox'). Otherwise just continue,
and I'll forget about whatever was undefined.

Missing character: There is no S in font nullfont!
Missing character: There is no G in font nullfont!
Missing character: There is no S in font nullfont!
! Undefined control sequence.
l.27 \acro
          {STR}{\emph{Star Tracker}}
The control sequence at the end of the top line
of your error message was never \def'ed. If you have
misspelled it (e.g., `\hobx'), type `I' and the correct
spelling (e.g., `I\hbox'). Otherwise just continue,
and I'll forget about whatever was undefined.

Missing character: There is no S in font nullfont!
Missing character: There is no T in font nullfont!
Missing character: There is no R in font nullfont!
! Undefined control sequence.
l.28 \acro
          {PZT}{\emph{Lead zirconate titanate piezoelectric actuator}}
The control sequence at the end of the top line
of your error message was never \def'ed. If you have
misspelled it (e.g., `\hobx'), type `I' and the correct
spelling (e.g., `I\hbox'). Otherwise just continue,
and I'll forget about whatever was undefined.

Missing character: There is no P in font nullfont!
Missing character: There is no Z in font nullfont!
Missing character: There is no T in font nullfont!
! Undefined control sequence.
l.29 \acro
          {IMU}{\emph{Inertial Measurement Unit}}
The control sequence at the end of the top line
of your error message was never \def'ed. If you have
misspelled it (e.g., `\hobx'), type `I' and the correct
spelling (e.g., `I\hbox'). Otherwise just continue,
and I'll forget about whatever was undefined.

Missing character: There is no I in font nullfont!
Missing character: There is no M in font nullfont!
Missing character: There is no U in font nullfont!
! Undefined control sequence.
l.30 \acro
          {MHD}{\emph{Magneto-hydrodynamic}}
The control sequence at the end of the top line
of your error message was never \def'ed. If you have
misspelled it (e.g., `\hobx'), type `I' and the correct
spelling (e.g., `I\hbox'). Otherwise just continue,
and I'll forget about whatever was undefined.

Missing character: There is no M in font nullfont!
Missing character: There is no H in font nullfont!
Missing character: There is no D in font nullfont!
! Undefined control sequence.
l.31 \acro
          {RWA}{\emph{Reaction Wheel Assembly}}
The control sequence at the end of the top line
of your error message was never \def'ed. If you have
misspelled it (e.g., `\hobx'), type `I' and the correct
spelling (e.g., `I\hbox'). Otherwise just continue,
and I'll forget about whatever was undefined.

Missing character: There is no R in font nullfont!
Missing character: There is no W in font nullfont!
Missing character: There is no A in font nullfont!
! Undefined control sequence.
l.32 \acro
          {LFT}{\emph{Linear Fractional Transformation}}
The control sequence at the end of the top line
of your error message was never \def'ed. If you have
misspelled it (e.g., `\hobx'), type `I' and the correct
spelling (e.g., `I\hbox'). Otherwise just continue,
and I'll forget about whatever was undefined.

Missing character: There is no L in font nullfont!
Missing character: There is no F in font nullfont!
Missing character: There is no T in font nullfont!

Overfull \hbox (20.0pt too wide) in paragraph at lines 6--33
[]
 []


Overfull \hbox (20.97763pt too wide) in paragraph at lines 6--33
\OT1/cmr/m/it/10 Hub-
 []


Overfull \hbox (11.75546pt too wide) in paragraph at lines 6--33
\OT1/cmr/m/it/10 ble
 []


Overfull \hbox (24.02203pt too wide) in paragraph at lines 6--33
\OT1/cmr/m/it/10 Space
 []


Overfull \hbox (21.72205pt too wide) in paragraph at lines 6--33
\OT1/cmr/m/it/10 Tele-
 []


Overfull \hbox (22.48871pt too wide) in paragraph at lines 6--33
\OT1/cmr/m/it/10 scope
 []


Overfull \hbox (27.2276pt too wide) in paragraph at lines 6--33
\OT1/cmr/m/it/10 James
 []


Overfull \hbox (23.78871pt too wide) in paragraph at lines 6--33
\OT1/cmr/m/it/10 Webb
 []


Overfull \hbox (24.02203pt too wide) in paragraph at lines 6--33
\OT1/cmr/m/it/10 Space
 []


Overfull \hbox (21.72205pt too wide) in paragraph at lines 6--33
\OT1/cmr/m/it/10 Tele-
 []


Overfull \hbox (22.48871pt too wide) in paragraph at lines 6--33
\OT1/cmr/m/it/10 scope
 []


Overfull \hbox (15.72768pt too wide) in paragraph at lines 6--33
\OT1/cmr/m/it/10 Eu-
 []


Overfull \hbox (12.39433pt too wide) in paragraph at lines 6--33
\OT1/cmr/m/it/10 ro-
 []


Overfull \hbox (19.42207pt too wide) in paragraph at lines 6--33
\OT1/cmr/m/it/10 pean
 []


Overfull \hbox (24.02203pt too wide) in paragraph at lines 6--33
\OT1/cmr/m/it/10 Space
 []


Overfull \hbox (31.19975pt too wide) in paragraph at lines 6--33
\OT1/cmr/m/it/10 Agency
 []


Overfull \hbox (14.96098pt too wide) in paragraph at lines 6--33
\OT1/cmr/m/it/10 Re-
 []


Overfull \hbox (13.28879pt too wide) in paragraph at lines 6--33
\OT1/cmr/m/it/10 ac-
 []


Overfull \hbox (17.12212pt too wide) in paragraph at lines 6--33
\OT1/cmr/m/it/10 tion
 []


Overfull \hbox (26.34425pt too wide) in paragraph at lines 6--33
\OT1/cmr/m/it/10 Wheel
 []


Overfull \hbox (21.46652pt too wide) in paragraph at lines 6--33
\OT1/cmr/m/it/10 Con-
 []


Overfull \hbox (14.69432pt too wide) in paragraph at lines 6--33
\OT1/cmr/m/it/10 trol
 []


Overfull \hbox (17.65544pt too wide) in paragraph at lines 6--33
\OT1/cmr/m/it/10 Mo-
 []


Overfull \hbox (21.97763pt too wide) in paragraph at lines 6--33
\OT1/cmr/m/it/10 men-
 []


Overfull \hbox (16.86656pt too wide) in paragraph at lines 6--33
\OT1/cmr/m/it/10 tum
 []


Overfull \hbox (21.40817pt too wide) in paragraph at lines 6--33
\OT1/cmr/m/it/10 Gyro
 []


Overfull \hbox (14.31102pt too wide) in paragraph at lines 6--33
\OT1/cmr/m/it/10 So-
 []


Overfull \hbox (11.88326pt too wide) in paragraph at lines 6--33
\OT1/cmr/m/it/10 lar
 []


Overfull \hbox (14.97209pt too wide) in paragraph at lines 6--33
\OT1/cmr/m/it/10 Ar-
 []


Overfull \hbox (13.6721pt too wide) in paragraph at lines 6--33
\OT1/cmr/m/it/10 ray
 []


Overfull \hbox (24.03314pt too wide) in paragraph at lines 6--33
\OT1/cmr/m/it/10 Drive
 []


Overfull \hbox (26.34424pt too wide) in paragraph at lines 6--33
\OT1/cmr/m/it/10 Mech-
 []


Overfull \hbox (8.68883pt too wide) in paragraph at lines 6--33
\OT1/cmr/m/it/10 a-
 []


Overfull \hbox (20.95544pt too wide) in paragraph at lines 6--33
\OT1/cmr/m/it/10 nism
 []


Overfull \hbox (16.37766pt too wide) in paragraph at lines 6--33
\OT1/cmr/m/it/10 An-
 []


Overfull \hbox (24.27762pt too wide) in paragraph at lines 6--33
\OT1/cmr/m/it/10 tenna
 []


Overfull \hbox (27.48315pt too wide) in paragraph at lines 6--33
\OT1/cmr/m/it/10 Point-
 []


Overfull \hbox (13.2888pt too wide) in paragraph at lines 6--33
\OT1/cmr/m/it/10 ing
 []


Overfull \hbox (26.34424pt too wide) in paragraph at lines 6--33
\OT1/cmr/m/it/10 Mech-
 []


Overfull \hbox (8.68883pt too wide) in paragraph at lines 6--33
\OT1/cmr/m/it/10 a-
 []


Overfull \hbox (20.95544pt too wide) in paragraph at lines 6--33
\OT1/cmr/m/it/10 nism
 []


Overfull \hbox (20.9554pt too wide) in paragraph at lines 6--33
\OT1/cmr/m/it/10 Cen-
 []


Overfull \hbox (12.13878pt too wide) in paragraph at lines 6--33
\OT1/cmr/m/it/10 ter
 []


Overfull \hbox (8.17773pt too wide) in paragraph at lines 6--33
\OT1/cmr/m/it/10 of
 []


Overfull \hbox (24.73036pt too wide) in paragraph at lines 6--33
\OT1/cmr/m/it/10 Grav-
 []


Overfull \hbox (11.24435pt too wide) in paragraph at lines 6--33
\OT1/cmr/m/it/10 ity
 []


Overfull \hbox (14.07765pt too wide) in paragraph at lines 6--33
\OT1/cmr/m/it/10 At-
 []


Overfull \hbox (9.96658pt too wide) in paragraph at lines 6--33
\OT1/cmr/m/it/10 ti-
 []


Overfull \hbox (18.39987pt too wide) in paragraph at lines 6--33
\OT1/cmr/m/it/10 tude
 []


Overfull \hbox (21.46652pt too wide) in paragraph at lines 6--33
\OT1/cmr/m/it/10 Con-
 []


Overfull \hbox (14.69432pt too wide) in paragraph at lines 6--33
\OT1/cmr/m/it/10 trol
 []


Overfull \hbox (18.14432pt too wide) in paragraph at lines 6--33
\OT1/cmr/m/it/10 Sys-
 []


Overfull \hbox (16.09988pt too wide) in paragraph at lines 6--33
\OT1/cmr/m/it/10 tem
 []


Overfull \hbox (15.72765pt too wide) in paragraph at lines 6--33
\OT1/cmr/m/it/10 De-
 []


Overfull \hbox (21.08313pt too wide) in paragraph at lines 6--33
\OT1/cmr/m/it/10 grees
 []


Overfull \hbox (8.17773pt too wide) in paragraph at lines 6--33
\OT1/cmr/m/it/10 of
 []


Overfull \hbox (21.73311pt too wide) in paragraph at lines 6--33
\OT1/cmr/m/it/10 Free-
 []


Overfull \hbox (18.3999pt too wide) in paragraph at lines 6--33
\OT1/cmr/m/it/10 dom
 []


Overfull \hbox (13.17212pt too wide) in paragraph at lines 6--33
\OT1/cmr/m/it/10 Fi-
 []


Overfull \hbox (16.611pt too wide) in paragraph at lines 6--33
\OT1/cmr/m/it/10 nite
 []


Overfull \hbox (12.91658pt too wide) in paragraph at lines 6--33
\OT1/cmr/m/it/10 El-
 []


Overfull \hbox (8.1777pt too wide) in paragraph at lines 6--33
\OT1/cmr/m/it/10 e-
 []


Overfull \hbox (21.72208pt too wide) in paragraph at lines 6--33
\OT1/cmr/m/it/10 ment
 []


Overfull \hbox (31.71089pt too wide) in paragraph at lines 6--33
\OT1/cmr/m/it/10 Method
 []


Overfull \hbox (13.17212pt too wide) in paragraph at lines 6--33
\OT1/cmr/m/it/10 Fi-
 []


Overfull \hbox (16.611pt too wide) in paragraph at lines 6--33
\OT1/cmr/m/it/10 nite
 []


Overfull \hbox (39.23862pt too wide) in paragraph at lines 6--33
\OT1/cmr/m/it/10 Element-
 []


Overfull \hbox (36.79973pt too wide) in paragraph at lines 6--33
\OT1/cmr/m/it/10 Transfer
 []


Overfull \hbox (17.65544pt too wide) in paragraph at lines 6--33
\OT1/cmr/m/it/10 Ma-
 []


Overfull \hbox (15.24434pt too wide) in paragraph at lines 6--33
\OT1/cmr/m/it/10 trix
 []


Overfull \hbox (24.02206pt too wide) in paragraph at lines 6--33
\OT1/cmr/m/it/10 Com-
 []


Overfull \hbox (13.28879pt too wide) in paragraph at lines 6--33
\OT1/cmr/m/it/10 po-
 []


Overfull \hbox (19.16653pt too wide) in paragraph at lines 6--33
\OT1/cmr/m/it/10 nent
 []


Overfull \hbox (27.36649pt too wide) in paragraph at lines 6--33
\OT1/cmr/m/it/10 Modes
 []


Overfull \hbox (19.67764pt too wide) in paragraph at lines 6--33
\OT1/cmr/m/it/10 Syn-
 []


Overfull \hbox (16.61098pt too wide) in paragraph at lines 6--33
\OT1/cmr/m/it/10 the-
 []


Overfull \hbox (11.24438pt too wide) in paragraph at lines 6--33
\OT1/cmr/m/it/10 sis
 []


Overfull \hbox (13.17212pt too wide) in paragraph at lines 6--33
\OT1/cmr/m/it/10 Fi-
 []


Overfull \hbox (16.611pt too wide) in paragraph at lines 6--33
\OT1/cmr/m/it/10 nite
 []


Overfull \hbox (39.23862pt too wide) in paragraph at lines 6--33
\OT1/cmr/m/it/10 Element-
 []


Overfull \hbox (36.79973pt too wide) in paragraph at lines 6--33
\OT1/cmr/m/it/10 Transfer
 []


Overfull \hbox (17.65544pt too wide) in paragraph at lines 6--33
\OT1/cmr/m/it/10 Ma-
 []


Overfull \hbox (15.24434pt too wide) in paragraph at lines 6--33
\OT1/cmr/m/it/10 trix
 []


Overfull \hbox (18.53876pt too wide) in paragraph at lines 6--33
\OT1/cmr/m/it/10 Lin-
 []


Overfull \hbox (13.41655pt too wide) in paragraph at lines 6--33
\OT1/cmr/m/it/10 ear
 []


Overfull \hbox (43.06082pt too wide) in paragraph at lines 6--33
\OT1/cmr/m/it/10 Quadratic
 []


Overfull \hbox (19.04982pt too wide) in paragraph at lines 6--33
\OT1/cmr/m/it/10 Reg-
 []


Overfull \hbox (8.94438pt too wide) in paragraph at lines 6--33
\OT1/cmr/m/it/10 u-
 []


Overfull \hbox (11.24437pt too wide) in paragraph at lines 6--33
\OT1/cmr/m/it/10 la-
 []


Overfull \hbox (12.6499pt too wide) in paragraph at lines 6--33
\OT1/cmr/m/it/10 tor
 []


Overfull \hbox (21.46652pt too wide) in paragraph at lines 6--33
\OT1/cmr/m/it/10 Con-
 []


Overfull \hbox (26.96089pt too wide) in paragraph at lines 6--33
\OT1/cmr/m/it/10 trolled
 []


Overfull \hbox (24.02206pt too wide) in paragraph at lines 6--33
\OT1/cmr/m/it/10 Com-
 []


Overfull \hbox (13.28879pt too wide) in paragraph at lines 6--33
\OT1/cmr/m/it/10 po-
 []


Overfull \hbox (19.16653pt too wide) in paragraph at lines 6--33
\OT1/cmr/m/it/10 nent
 []


Overfull \hbox (19.67764pt too wide) in paragraph at lines 6--33
\OT1/cmr/m/it/10 Syn-
 []


Overfull \hbox (16.61098pt too wide) in paragraph at lines 6--33
\OT1/cmr/m/it/10 the-
 []


Overfull \hbox (11.24438pt too wide) in paragraph at lines 6--33
\OT1/cmr/m/it/10 sis
 []


Overfull \hbox (22.48874pt too wide) in paragraph at lines 6--33
\OT1/cmr/m/it/10 Two-
 []


Overfull \hbox (23.27763pt too wide) in paragraph at lines 6--33
\OT1/cmr/m/it/10 Input
 []


Overfull \hbox (22.48874pt too wide) in paragraph at lines 6--33
\OT1/cmr/m/it/10 Two-
 []


Overfull \hbox (30.15536pt too wide) in paragraph at lines 6--33
\OT1/cmr/m/it/10 Output
 []


Overfull \hbox (19.4332pt too wide) in paragraph at lines 6--33
\OT1/cmr/m/it/10 Port
 []


Overfull \hbox (16.37766pt too wide) in paragraph at lines 6--33
\OT1/cmr/m/it/10 An-
 []


Overfull \hbox (13.54434pt too wide) in paragraph at lines 6--33
\OT1/cmr/m/it/10 gu-
 []


Overfull \hbox (11.88326pt too wide) in paragraph at lines 6--33
\OT1/cmr/m/it/10 lar
 []


Overfull \hbox (19.81651pt too wide) in paragraph at lines 6--33
\OT1/cmr/m/it/10 Rate
 []


Overfull \hbox (19.42209pt too wide) in paragraph at lines 6--33
\OT1/cmr/m/it/10 Sen-
 []


Overfull \hbox (13.41658pt too wide) in paragraph at lines 6--33
\OT1/cmr/m/it/10 sor
 []


Overfull \hbox (18.2832pt too wide) in paragraph at lines 6--33
\OT1/cmr/m/it/10 Fast
 []


Overfull \hbox (25.42755pt too wide) in paragraph at lines 6--33
\OT1/cmr/m/it/10 Steer-
 []


Overfull \hbox (13.2888pt too wide) in paragraph at lines 6--33
\OT1/cmr/m/it/10 ing
 []


Overfull \hbox (19.82764pt too wide) in paragraph at lines 6--33
\OT1/cmr/m/it/10 Mir-
 []


Overfull \hbox (13.03322pt too wide) in paragraph at lines 6--33
\OT1/cmr/m/it/10 ror
 []


Overfull \hbox (26.44981pt too wide) in paragraph at lines 6--33
\OT1/cmr/m/it/10 Strain
 []


Overfull \hbox (27.41371pt too wide) in paragraph at lines 6--33
\OT1/cmr/m/it/10 Gauge
 []


Overfull \hbox (19.42209pt too wide) in paragraph at lines 6--33
\OT1/cmr/m/it/10 Sen-
 []


Overfull \hbox (13.41658pt too wide) in paragraph at lines 6--33
\OT1/cmr/m/it/10 sor
 []


Overfull \hbox (18.2721pt too wide) in paragraph at lines 6--33
\OT1/cmr/m/it/10 Star
 []


Overfull \hbox (33.22194pt too wide) in paragraph at lines 6--33
\OT1/cmr/m/it/10 Tracker
 []


Overfull \hbox (20.07205pt too wide) in paragraph at lines 6--33
\OT1/cmr/m/it/10 Lead
 []


Overfull \hbox (14.94989pt too wide) in paragraph at lines 6--33
\OT1/cmr/m/it/10 zir-
 []


Overfull \hbox (27.85535pt too wide) in paragraph at lines 6--33
\OT1/cmr/m/it/10 conate
 []


Overfull \hbox (9.96658pt too wide) in paragraph at lines 6--33
\OT1/cmr/m/it/10 ti-
 []


Overfull \hbox (27.0887pt too wide) in paragraph at lines 6--33
\OT1/cmr/m/it/10 tanate
 []


Overfull \hbox (25.55539pt too wide) in paragraph at lines 6--33
\OT1/cmr/m/it/10 piezo-
 []


Overfull \hbox (19.42204pt too wide) in paragraph at lines 6--33
\OT1/cmr/m/it/10 elec-
 []


Overfull \hbox (15.20543pt too wide) in paragraph at lines 6--33
\OT1/cmr/m/it/10 tric
 []


Overfull \hbox (13.28879pt too wide) in paragraph at lines 6--33
\OT1/cmr/m/it/10 ac-
 []


Overfull \hbox (12.26657pt too wide) in paragraph at lines 6--33
\OT1/cmr/m/it/10 tu-
 []


Overfull \hbox (8.68883pt too wide) in paragraph at lines 6--33
\OT1/cmr/m/it/10 a-
 []


Overfull \hbox (12.6499pt too wide) in paragraph at lines 6--33
\OT1/cmr/m/it/10 tor
 []


Overfull \hbox (13.05547pt too wide) in paragraph at lines 6--33
\OT1/cmr/m/it/10 In-
 []


Overfull \hbox (12.39433pt too wide) in paragraph at lines 6--33
\OT1/cmr/m/it/10 er-
 []


Overfull \hbox (14.05547pt too wide) in paragraph at lines 6--33
\OT1/cmr/m/it/10 tial
 []


Overfull \hbox (21.74428pt too wide) in paragraph at lines 6--33
\OT1/cmr/m/it/10 Mea-
 []


Overfull \hbox (21.33871pt too wide) in paragraph at lines 6--33
\OT1/cmr/m/it/10 sure-
 []


Overfull \hbox (21.72208pt too wide) in paragraph at lines 6--33
\OT1/cmr/m/it/10 ment
 []


Overfull \hbox (19.44432pt too wide) in paragraph at lines 6--33
\OT1/cmr/m/it/10 Unit
 []


Overfull \hbox (40.91083pt too wide) in paragraph at lines 6--33
\OT1/cmr/m/it/10 Magneto-
 []


Overfull \hbox (59.92737pt too wide) in paragraph at lines 6--33
\OT1/cmr/m/it/10 hydrodynamic
 []


Overfull \hbox (14.96098pt too wide) in paragraph at lines 6--33
\OT1/cmr/m/it/10 Re-
 []


Overfull \hbox (13.28879pt too wide) in paragraph at lines 6--33
\OT1/cmr/m/it/10 ac-
 []


Overfull \hbox (17.12212pt too wide) in paragraph at lines 6--33
\OT1/cmr/m/it/10 tion
 []


Overfull \hbox (26.34425pt too wide) in paragraph at lines 6--33
\OT1/cmr/m/it/10 Wheel
 []


Overfull \hbox (15.0999pt too wide) in paragraph at lines 6--33
\OT1/cmr/m/it/10 As-
 []


Overfull \hbox (20.4443pt too wide) in paragraph at lines 6--33
\OT1/cmr/m/it/10 sem-
 []


Overfull \hbox (12.01102pt too wide) in paragraph at lines 6--33
\OT1/cmr/m/it/10 bly
 []


Overfull \hbox (18.53876pt too wide) in paragraph at lines 6--33
\OT1/cmr/m/it/10 Lin-
 []


Overfull \hbox (13.41655pt too wide) in paragraph at lines 6--33
\OT1/cmr/m/it/10 ear
 []


Overfull \hbox (22.75536pt too wide) in paragraph at lines 6--33
\OT1/cmr/m/it/10 Frac-
 []


Overfull \hbox (24.78874pt too wide) in paragraph at lines 6--33
\OT1/cmr/m/it/10 tional
 []


Overfull \hbox (28.49423pt too wide) in paragraph at lines 6--33
\OT1/cmr/m/it/10 Trans-
 []


Overfull \hbox (15.9721pt too wide) in paragraph at lines 6--33
\OT1/cmr/m/it/10 for-
 []


Overfull \hbox (16.86656pt too wide) in paragraph at lines 6--33
\OT1/cmr/m/it/10 ma-
 []


Overfull \hbox (17.88925pt too wide) in paragraph at lines 6--33
\OT1/cmr/m/it/10 tion 
 []


Underfull \vbox (badness 10000) has occurred while \output is active []



! LaTeX Error: The font size command \normalsize is not defined:
               there is probably something wrong with the class file.

See the LaTeX manual or LaTeX Companion for explanation.
Type  H <return>  for immediate help.
 ...                                              
                                                  
l.33 
     
Your command was ignored.
Type  I <command> <return>  to replace it with another command,
or  <return>  to continue without it.

[1{C:/Users/f.sanfedino/AppData/Local/MiKTeX/2.9/pdftex/config/pdftex.map}]

! LaTeX Error: \begin{document} ended by \end{acronym}.

See the LaTeX manual or LaTeX Companion for explanation.
Type  H <return>  for immediate help.
 ...                                              
                                                  
l.37 \end{acronym}
                  
Your command was ignored.
Type  I <command> <return>  to replace it with another command,
or  <return>  to continue without it.

)
! Emergency stop.
<*> ./acronyms.tex
                  
*** (job aborted, no legal \end found)

 
Here is how much of TeX's memory you used:
 14 strings out of 493305
 230 string characters out of 3127192
 57825 words of memory out of 3000000
 3662 multiletter control sequences out of 15000+200000
 3986 words of font info for 15 fonts, out of 3000000 for 9000
 1141 hyphenation exceptions out of 8191
 18i,4n,14p,119b,117s stack positions out of 5000i,500n,10000p,200000b,50000s
!  ==> Fatal error occurred, no output PDF file produced!
