This is pdfTeX, Version 3.14159265-2.6-1.40.19 (MiKTeX 2.9.6630 64-bit) (preloaded format=pdflatex 2018.6.13)  2 APR 2019 13:46
entering extended mode
**./dedication.tex
(dedication.tex
LaTeX2e <2017-04-15>
Babel <3.18> and hyphenation patterns for 75 language(s) loaded.

! LaTeX Error: Missing \begin{document}.

See the LaTeX manual or LaTeX Companion for explanation.
Type  H <return>  for immediate help.
 ...                                              
                                                  
l.3 \begin{flushright}
                      
You're in trouble here.  Try typing  <return>  to proceed.
If that doesn't work, type  X <return>  to quit.


Overfull \hbox (20.0pt too wide) in paragraph at lines 3--3
[] 
 []


Overfull \hbox (10.24437pt too wide) in paragraph at lines 8--8
 \OT1/cmr/m/it/10 Ai
 []


Overfull \hbox (18.911pt too wide) in paragraph at lines 8--8
 \OT1/cmr/m/it/10 miei
 []


Overfull \hbox (18.39986pt too wide) in paragraph at lines 8--8
 \OT1/cmr/m/it/10 gen-
 []


Overfull \hbox (6.6444pt too wide) in paragraph at lines 8--8
 \OT1/cmr/m/it/10 i-
 []


Overfull \hbox (15.71655pt too wide) in paragraph at lines 8--8
 \OT1/cmr/m/it/10 tori
 []


Overfull \hbox (4.59996pt too wide) in paragraph at lines 8--8
 \OT1/cmr/m/it/10 e
 []


Overfull \hbox (16.35547pt too wide) in paragraph at lines 8--8
 \OT1/cmr/m/it/10 mio
 []


Overfull \hbox (33.60532pt too wide) in paragraph at lines 8--8
 \OT1/cmr/m/it/10 fratello,
 []


Overfull \hbox (14.311pt too wide) in paragraph at lines 8--8
 []\OT1/cmr/m/it/10 che
 []


Overfull \hbox (11.24438pt too wide) in paragraph at lines 8--8
 \OT1/cmr/m/it/10 mi
 []


Overfull \hbox (26.57764pt too wide) in paragraph at lines 8--8
 \OT1/cmr/m/it/10 hanno
 []


Overfull \hbox (12.26659pt too wide) in paragraph at lines 8--8
 \OT1/cmr/m/it/10 in-
 []


Overfull \hbox (16.35541pt too wide) in paragraph at lines 8--8
 \OT1/cmr/m/it/10 seg-
 []


Overfull \hbox (19.16655pt too wide) in paragraph at lines 8--8
 \OT1/cmr/m/it/10 nato
 []


Overfull \hbox (12.7777pt too wide) in paragraph at lines 8--8
 []\OT1/cmr/m/it/10 cio
 []


Overfull \hbox (14.311pt too wide) in paragraph at lines 8--8
 \OT1/cmr/m/it/10 che
 []


Overfull \hbox (4.59996pt too wide) in paragraph at lines 8--8
 \OT1/cmr/m/it/10 e
 []


Overfull \hbox (14.82213pt too wide) in paragraph at lines 8--8
 \OT1/cmr/m/it/10 im-
 []


Overfull \hbox (17.50542pt too wide) in paragraph at lines 8--8
 \OT1/cmr/m/it/10 por-
 []


Overfull \hbox (21.97762pt too wide) in paragraph at lines 8--8
 \OT1/cmr/m/it/10 tante
 []


! LaTeX Error: The font size command \normalsize is not defined:
               there is probably something wrong with the class file.

See the LaTeX manual or LaTeX Companion for explanation.
Type  H <return>  for immediate help.
 ...                                              
                                                  
l.11 \newpage
             
Your command was ignored.
Type  I <command> <return>  to replace it with another command,
or  <return>  to continue without it.

[1{C:/Users/f.sanfedino/AppData/Local/MiKTeX/2.9/pdftex/config/pdftex.map}])
! Emergency stop.
<*> ./dedication.tex
                    
*** (job aborted, no legal \end found)

 
Here is how much of TeX's memory you used:
 14 strings out of 493305
 241 string characters out of 3127192
 54825 words of memory out of 3000000
 3662 multiletter control sequences out of 15000+200000
 3986 words of font info for 15 fonts, out of 3000000 for 9000
 1141 hyphenation exceptions out of 8191
 19i,4n,14p,63b,113s stack positions out of 5000i,500n,10000p,200000b,50000s
!  ==> Fatal error occurred, no output PDF file produced!
