This is pdfTeX, Version 3.14159265-2.6-1.40.19 (TeX Live 2018) (preloaded format=pdflatex 2019.2.19)  20 FEB 2020 10:46
entering extended mode
 \write18 enabled.
 %&-line parsing enabled.
**index_summary.tex
(./index_summary.tex
LaTeX2e <2018-04-01> patch level 5
(/usr/share/texlive/texmf-dist/tex/latex/base/book.cls
Document Class: book 2014/09/29 v1.4h Standard LaTeX document class
(/usr/share/texlive/texmf-dist/tex/latex/base/bk11.clo
File: bk11.clo 2014/09/29 v1.4h Standard LaTeX file (size option)
)
\c@part=\count80
\c@chapter=\count81
\c@section=\count82
\c@subsection=\count83
\c@subsubsection=\count84
\c@paragraph=\count85
\c@subparagraph=\count86
\c@figure=\count87
\c@table=\count88
\abovecaptionskip=\skip41
\belowcaptionskip=\skip42
\bibindent=\dimen102
)
(/usr/share/texlive/texmf-dist/tex/latex/tocloft/tocloft.sty
Package: tocloft 2017/08/31 v2.3i parameterised ToC, etc., typesetting
Package tocloft Info: The document has chapter divisions on input line 51.
\cftparskip=\skip43
\cftbeforetoctitleskip=\skip44
\cftaftertoctitleskip=\skip45
\cftbeforepartskip=\skip46
\cftpartnumwidth=\skip47
\cftpartindent=\skip48
\cftbeforechapskip=\skip49
\cftchapindent=\skip50
\cftchapnumwidth=\skip51
\cftbeforesecskip=\skip52
\cftsecindent=\skip53
\cftsecnumwidth=\skip54
\cftbeforesubsecskip=\skip55
\cftsubsecindent=\skip56
\cftsubsecnumwidth=\skip57
\cftbeforesubsubsecskip=\skip58
\cftsubsubsecindent=\skip59
\cftsubsubsecnumwidth=\skip60
\cftbeforeparaskip=\skip61
\cftparaindent=\skip62
\cftparanumwidth=\skip63
\cftbeforesubparaskip=\skip64
\cftsubparaindent=\skip65
\cftsubparanumwidth=\skip66
\cftbeforeloftitleskip=\skip67
\cftafterloftitleskip=\skip68
\cftbeforefigskip=\skip69
\cftfigindent=\skip70
\cftfignumwidth=\skip71
\c@lofdepth=\count89
\c@lotdepth=\count90
\cftbeforelottitleskip=\skip72
\cftafterlottitleskip=\skip73
\cftbeforetabskip=\skip74
\cfttabindent=\skip75
\cfttabnumwidth=\skip76
)
(./index_summary.aux)
\openout1 = `index_summary.aux'.

LaTeX Font Info:    Checking defaults for OML/cmm/m/it on input line 9.
LaTeX Font Info:    ... okay on input line 9.
LaTeX Font Info:    Checking defaults for T1/cmr/m/n on input line 9.
LaTeX Font Info:    ... okay on input line 9.
LaTeX Font Info:    Checking defaults for OT1/cmr/m/n on input line 9.
LaTeX Font Info:    ... okay on input line 9.
LaTeX Font Info:    Checking defaults for OMS/cmsy/m/n on input line 9.
LaTeX Font Info:    ... okay on input line 9.
LaTeX Font Info:    Checking defaults for OMX/cmex/m/n on input line 9.
LaTeX Font Info:    ... okay on input line 9.
LaTeX Font Info:    Checking defaults for U/cmr/m/n on input line 9.
LaTeX Font Info:    ... okay on input line 9.
LaTeX Font Info:    External font `cmex10' loaded for size
(Font)              <12> on input line 11.
LaTeX Font Info:    External font `cmex10' loaded for size
(Font)              <8> on input line 11.
LaTeX Font Info:    External font `cmex10' loaded for size
(Font)              <6> on input line 11.
 [1


{/usr/share/texlive/texmf-dist/fonts/map/pdftex/updmap/pdftex.map}] [2

] (./index_summary.toc
LaTeX Font Info:    External font `cmex10' loaded for size
(Font)              <10.95> on input line 2.
 [3] [4])
\tf@toc=\write3
\openout3 = `index_summary.toc'.

 [5] [6

] [7] [8]
Chapter 1.
[9

] [10

]
Chapter 2.
[11] [12

] [13] [14]
Chapter 3.
[15

] [16

]
Chapter 4.
[17]
Overfull \hbox (8.08911pt too wide) has occurred while \output is active
\OT1/cmr/m/n/10.95 18 \OT1/cmr/m/sl/10.95 CHAPTER 4.  PORT-HAMILTONIAN PLATE (A
ND SHELL?) THEORY
 []

[18

]
Chapter 5.
[19]
Overfull \hbox (11.58704pt too wide) has occurred while \output is active
\OT1/cmr/m/n/10.95 20 \OT1/cmr/m/sl/10.95 CHAPTER 5.  THERMOELASTICITY IN PORT-
HAMILTONIAN FORM
 []

[20

] [21] [22]
Chapter 6.
[23

] [24

]
Chapter 7.
[25] [26

]
Chapter 8.
[27] [28

] [29] [30]
Chapter 9.
[31

]
Overfull \hbox (70.44098pt too wide) has occurred while \output is active
\OT1/cmr/m/n/10.95 32 \OT1/cmr/m/sl/10.95 CHAPTER 9.  MODULAR MULTIBODY SYSTEM 
IN PORT-HAMILTONIAN FORM
 []

[32

]
Chapter 10.
[33] [34

] [35] [36] [37

] [38

]
Appendix A.
[39] [40

]
Appendix B.
[41] [42

]
Appendix C.
[43] (./index_summary.aux) ) 
Here is how much of TeX's memory you used:
 539 strings out of 492701
 7015 string characters out of 6134504
 71541 words of memory out of 5000000
 4480 multiletter control sequences out of 15000+600000
 10376 words of font info for 36 fonts, out of 8000000 for 9000
 1137 hyphenation exceptions out of 8191
 25i,6n,19p,157b,179s stack positions out of 5000i,500n,10000p,200000b,80000s
</usr/share/texlive/texmf-dist/fonts/type1/public/a
msfonts/cm/cmbx10.pfb></usr/share/texlive/texmf-dist/fonts/type1/public/amsfont
s/cm/cmbx12.pfb></usr/share/texlive/texmf-dist/fonts/type1/public/amsfonts/cm/c
mr10.pfb></usr/share/texlive/texmf-dist/fonts/type1/public/amsfonts/cm/cmr12.pf
b></usr/share/texlive/texmf-dist/fonts/type1/public/amsfonts/cm/cmr17.pfb></usr
/share/texlive/texmf-dist/fonts/type1/public/amsfonts/cm/cmsl10.pfb>
Output written on index_summary.pdf (43 pages, 113984 bytes).
PDF statistics:
 169 PDF objects out of 1000 (max. 8388607)
 116 compressed objects within 2 object streams
 0 named destinations out of 1000 (max. 500000)
 1 words of extra memory for PDF output out of 10000 (max. 10000000)

