\BOOKMARK [0][]{chapter*.1}{Abstract}{}% 1
\BOOKMARK [0][]{chapter*.2}{R\351sum\351}{}% 2
\BOOKMARK [0][]{chapter*.3}{Aknowledgements}{}% 3
\BOOKMARK [0][]{chapter*.4}{Remerciements}{}% 4
\BOOKMARK [0][]{chapter*.5}{Ringraziamenti}{}% 5
\BOOKMARK [0][]{chapter*.9}{List of Acronyms}{}% 6
\BOOKMARK [-1][]{part.1}{I Introduction and state of the art}{}% 7
\BOOKMARK [0][]{chapter.1}{Introduction}{part.1}% 8
\BOOKMARK [1][]{section.1.1}{Motivation and context}{chapter.1}% 9
\BOOKMARK [1][]{section.1.2}{Overview of chapters}{chapter.1}% 10
\BOOKMARK [1][]{section.1.3}{Contributions}{chapter.1}% 11
\BOOKMARK [0][]{chapter.2}{Literature review}{part.1}% 12
\BOOKMARK [1][]{section.2.1}{Port-Hamiltonian distributed systems}{chapter.2}% 13
\BOOKMARK [1][]{section.2.2}{Structure-preserving discretization}{chapter.2}% 14
\BOOKMARK [1][]{section.2.3}{Mixed finite element for elasticity}{chapter.2}% 15
\BOOKMARK [1][]{section.2.4}{Multibody dynamics}{chapter.2}% 16
\BOOKMARK [-1][]{part.2}{II Port-Hamiltonian elasticity and thermoelasticity}{}% 17
\BOOKMARK [0][]{chapter.3}{Elasticity in port-Hamiltonian form}{part.2}% 18
\BOOKMARK [1][]{section.3.1}{Deformation, strain and stress}{chapter.3}% 19
\BOOKMARK [1][]{section.3.2}{The linear elastodynamics problem}{chapter.3}% 20
\BOOKMARK [1][]{section.3.3}{Port-Hamiltonian formulation}{chapter.3}% 21
\BOOKMARK [2][]{subsection.3.3.1}{Reminder of distributed port-Hamiltonian systems}{section.3.3}% 22
\BOOKMARK [0][]{chapter.4}{Port-Hamiltonian plate \(and shell?\) theory}{part.2}% 23
\BOOKMARK [1][]{section.4.1}{Mindlin-Reissner model}{chapter.4}% 24
\BOOKMARK [2][]{subsection.4.1.1}{Lagrangian formulation}{section.4.1}% 25
\BOOKMARK [2][]{subsection.4.1.2}{Port-Hamiltonian formulation}{section.4.1}% 26
\BOOKMARK [1][]{section.4.2}{Kirchhoff-Love model}{chapter.4}% 27
\BOOKMARK [2][]{subsection.4.2.1}{Lagrangian formulation}{section.4.2}% 28
\BOOKMARK [2][]{subsection.4.2.2}{Port-Hamiltonian formulation}{section.4.2}% 29
\BOOKMARK [1][]{section.4.3}{Laminated anisotropic plates}{chapter.4}% 30
\BOOKMARK [2][]{subsection.4.3.1}{Thin plate assumption}{section.4.3}% 31
\BOOKMARK [2][]{subsection.4.3.2}{Thick plate assumption}{section.4.3}% 32
\BOOKMARK [1][]{section.4.4}{The membrane shell problem ?}{chapter.4}% 33
\BOOKMARK [0][]{chapter.5}{Thermoelasticity in port-Hamiltonian form}{part.2}% 34
\BOOKMARK [1][]{section.5.1}{Linear coupled thermoelasticity}{chapter.5}% 35
\BOOKMARK [1][]{section.5.2}{Thermoelastic Euler-Bernoulli beam}{chapter.5}% 36
\BOOKMARK [1][]{section.5.3}{Thermoelastic Kirchhoff plate}{chapter.5}% 37
\BOOKMARK [-1][]{part.3}{III Finite element structure preserving discretization}{}% 38
\BOOKMARK [0][]{chapter.6}{Partitioned finite element method}{part.3}% 39
\BOOKMARK [1][]{section.6.1}{General procedure}{chapter.6}% 40
\BOOKMARK [2][]{subsection.6.1.1}{Non-linear case}{section.6.1}% 41
\BOOKMARK [2][]{subsection.6.1.2}{Linear case}{section.6.1}% 42
\BOOKMARK [2][]{subsection.6.1.3}{Examples}{section.6.1}% 43
\BOOKMARK [1][]{section.6.2}{Connection with mixed finite elements}{chapter.6}% 44
\BOOKMARK [1][]{section.6.3}{Inhomogeneous boundary conditions}{chapter.6}% 45
\BOOKMARK [2][]{subsection.6.3.1}{Solution using Lagrange multipliers}{section.6.3}% 46
\BOOKMARK [2][]{subsection.6.3.2}{Virtual domain decomposition}{section.6.3}% 47
\BOOKMARK [0][]{chapter.7}{Convergence numerical study}{part.3}% 48
\BOOKMARK [1][]{section.7.1}{Plate problems using known mixed finite elements}{chapter.7}% 49
\BOOKMARK [1][]{section.7.2}{Non-standard discretization of flexible structures}{chapter.7}% 50
\BOOKMARK [0][]{chapter.8}{Numerical applications}{part.3}% 51
\BOOKMARK [1][]{section.8.1}{Boundary stabilization}{chapter.8}% 52
\BOOKMARK [1][]{section.8.2}{Thermoelastic wave propagation}{chapter.8}% 53
\BOOKMARK [1][]{section.8.3}{Mixed boundary conditions}{chapter.8}% 54
\BOOKMARK [2][]{subsection.8.3.1}{Trajectory tracking of a thin beam}{section.8.3}% 55
\BOOKMARK [2][]{subsection.8.3.2}{Vibroacoustic under mixed boundary conditions}{section.8.3}% 56
\BOOKMARK [1][]{section.8.4}{Modal analysis of plates}{chapter.8}% 57
\BOOKMARK [-1][]{part.4}{IV Port-Hamiltonian flexible multibody dynamics}{}% 58
\BOOKMARK [0][]{chapter.9}{Modular multibody systems in port-Hamiltonian form}{part.4}% 59
\BOOKMARK [1][]{section.9.1}{Reminder of the rigid case}{chapter.9}% 60
\BOOKMARK [1][]{section.9.2}{Flexible floating body}{chapter.9}% 61
\BOOKMARK [1][]{section.9.3}{Modular construction of multibody systems}{chapter.9}% 62
\BOOKMARK [0][]{chapter.10}{Validation}{part.4}% 63
\BOOKMARK [1][]{section.10.1}{Beam systems}{chapter.10}% 64
\BOOKMARK [2][]{subsection.10.1.1}{Modal analysis of a flexible mechanism}{section.10.1}% 65
\BOOKMARK [2][]{subsection.10.1.2}{Non-linear crank slider}{section.10.1}% 66
\BOOKMARK [2][]{subsection.10.1.3}{Hinged beam}{section.10.1}% 67
\BOOKMARK [1][]{section.10.2}{Plate systems}{chapter.10}% 68
\BOOKMARK [2][]{subsection.10.2.1}{Boundary interconnection with a rigid element}{section.10.2}% 69
\BOOKMARK [2][]{subsection.10.2.2}{Actuated plate}{section.10.2}% 70
\BOOKMARK [0][]{chapter*.11}{Conclusions and future directions}{part.4}% 71
\BOOKMARK [0][]{appendix.A}{Mathematical tools}{part.4}% 72
\BOOKMARK [1][]{section.A.1}{Differential operators}{appendix.A}% 73
\BOOKMARK [0][]{appendix.B}{Finite elements gallery}{part.4}% 74
\BOOKMARK [0][]{appendix.C}{Implementation using FEniCS and Firedrake}{part.4}% 75
\BOOKMARK [0][]{appendix*.12}{Bibliography}{part.4}% 76
