This is pdfTeX, Version 3.14159265-2.6-1.40.19 (TeX Live 2018) (preloaded format=pdflatex 2019.2.19)  7 NOV 2019 16:42
entering extended mode
 restricted \write18 enabled.
 %&-line parsing enabled.
**FMBSD_rev.tex
(./FMBSD_rev.tex
LaTeX2e <2018-04-01> patch level 5
(/usr/share/texlive/texmf-dist/tex/latex/base/fix-cm.sty
Package: fix-cm 2015/01/14 v1.1t fixes to LaTeX

(/usr/share/texlive/texmf-dist/tex/latex/base/ts1enc.def
File: ts1enc.def 2001/06/05 v3.0e (jk/car/fm) Standard LaTeX file
Now handling font encoding TS1 ...
... processing UTF-8 mapping file for font encoding TS1

(/usr/share/texlive/texmf-dist/tex/latex/base/ts1enc.dfu
File: ts1enc.dfu 2018/04/05 v1.2c UTF-8 support for inputenc
   defining Unicode char U+00A2 (decimal 162)
   defining Unicode char U+00A3 (decimal 163)
   defining Unicode char U+00A4 (decimal 164)
   defining Unicode char U+00A5 (decimal 165)
   defining Unicode char U+00A6 (decimal 166)
   defining Unicode char U+00A7 (decimal 167)
   defining Unicode char U+00A8 (decimal 168)
   defining Unicode char U+00A9 (decimal 169)
   defining Unicode char U+00AA (decimal 170)
   defining Unicode char U+00AC (decimal 172)
   defining Unicode char U+00AE (decimal 174)
   defining Unicode char U+00AF (decimal 175)
   defining Unicode char U+00B0 (decimal 176)
   defining Unicode char U+00B1 (decimal 177)
   defining Unicode char U+00B2 (decimal 178)
   defining Unicode char U+00B3 (decimal 179)
   defining Unicode char U+00B4 (decimal 180)
   defining Unicode char U+00B5 (decimal 181)
   defining Unicode char U+00B6 (decimal 182)
   defining Unicode char U+00B7 (decimal 183)
   defining Unicode char U+00B9 (decimal 185)
   defining Unicode char U+00BA (decimal 186)
   defining Unicode char U+00BC (decimal 188)
   defining Unicode char U+00BD (decimal 189)
   defining Unicode char U+00BE (decimal 190)
   defining Unicode char U+00D7 (decimal 215)
   defining Unicode char U+00F7 (decimal 247)
   defining Unicode char U+0192 (decimal 402)
   defining Unicode char U+02C7 (decimal 711)
   defining Unicode char U+02D8 (decimal 728)
   defining Unicode char U+02DD (decimal 733)
   defining Unicode char U+0E3F (decimal 3647)
   defining Unicode char U+2016 (decimal 8214)
   defining Unicode char U+2020 (decimal 8224)
   defining Unicode char U+2021 (decimal 8225)
   defining Unicode char U+2022 (decimal 8226)
   defining Unicode char U+2030 (decimal 8240)
   defining Unicode char U+2031 (decimal 8241)
   defining Unicode char U+203B (decimal 8251)
   defining Unicode char U+203D (decimal 8253)
   defining Unicode char U+2044 (decimal 8260)
   defining Unicode char U+204E (decimal 8270)
   defining Unicode char U+2052 (decimal 8274)
   defining Unicode char U+20A1 (decimal 8353)
   defining Unicode char U+20A4 (decimal 8356)
   defining Unicode char U+20A6 (decimal 8358)
   defining Unicode char U+20A9 (decimal 8361)
   defining Unicode char U+20AB (decimal 8363)
   defining Unicode char U+20AC (decimal 8364)
   defining Unicode char U+20B1 (decimal 8369)
   defining Unicode char U+2103 (decimal 8451)
   defining Unicode char U+2116 (decimal 8470)
   defining Unicode char U+2117 (decimal 8471)
   defining Unicode char U+211E (decimal 8478)
   defining Unicode char U+2120 (decimal 8480)
   defining Unicode char U+2122 (decimal 8482)
   defining Unicode char U+2126 (decimal 8486)
   defining Unicode char U+2127 (decimal 8487)
   defining Unicode char U+212E (decimal 8494)
   defining Unicode char U+2190 (decimal 8592)
   defining Unicode char U+2191 (decimal 8593)
   defining Unicode char U+2192 (decimal 8594)
   defining Unicode char U+2193 (decimal 8595)
   defining Unicode char U+2329 (decimal 9001)
   defining Unicode char U+232A (decimal 9002)
   defining Unicode char U+2422 (decimal 9250)
   defining Unicode char U+25E6 (decimal 9702)
   defining Unicode char U+25EF (decimal 9711)
   defining Unicode char U+266A (decimal 9834)
   defining Unicode char U+FEFF (decimal 65279)
))) (./svjour3.cls
Document Class: svjour3 2007/05/08 v3.2 
LaTeX document class for Springer journals
Class Springer-SVJour3 Info: extra/valid Springer sub-package (-> *.clo) 
(Springer-SVJour3)           not found in option list of \documentclass
(Springer-SVJour3)           - autoactivating "global" style.
(./svglov3.clo
File: svglov3.clo 2009/12/18 v3.2 style option for standardised journals

SVJour Class option: svglov3.clo for standardised journals
)
LaTeX Font Info:    Redeclaring math symbol \Gamma on input line 147.
LaTeX Font Info:    Redeclaring math symbol \Delta on input line 148.
LaTeX Font Info:    Redeclaring math symbol \Theta on input line 149.
LaTeX Font Info:    Redeclaring math symbol \Lambda on input line 150.
LaTeX Font Info:    Redeclaring math symbol \Xi on input line 151.
LaTeX Font Info:    Redeclaring math symbol \Pi on input line 152.
LaTeX Font Info:    Redeclaring math symbol \Sigma on input line 153.
LaTeX Font Info:    Redeclaring math symbol \Upsilon on input line 154.
LaTeX Font Info:    Redeclaring math symbol \Phi on input line 155.
LaTeX Font Info:    Redeclaring math symbol \Psi on input line 156.
LaTeX Font Info:    Redeclaring math symbol \Omega on input line 157.
\logodepth=\dimen102
\headerboxheight=\dimen103
\betweenumberspace=\dimen104
\aftertext=\dimen105
\headlineindent=\dimen106
\c@inst=\count80
\c@auth=\count81
\instindent=\dimen107
\authrun=\box26
\authorrunning=\toks14
\titrun=\box27
\titlerunning=\toks15
\combirun=\box28
\c@lastpage=\count82
\rubricwidth=\dimen108
\c@section=\count83
\c@subsection=\count84
\c@subsubsection=\count85
\c@paragraph=\count86
\c@subparagraph=\count87
\spthmsep=\dimen109
\c@theorem=\count88
\c@case=\count89
\c@conjecture=\count90
\c@corollary=\count91
\c@definition=\count92
\c@example=\count93
\c@exercise=\count94
\c@lemma=\count95
\c@note=\count96
\c@problem=\count97
\c@property=\count98
\c@proposition=\count99
\c@question=\count100
\c@solution=\count101
\c@remark=\count102
\c@figure=\count103
\c@table=\count104
\abovecaptionskip=\skip41
\belowcaptionskip=\skip42
\figcapgap=\dimen110
\tabcapgap=\dimen111
\figgap=\dimen112
\bibindent=\dimen113
\@tempcntc=\count105
) (/usr/share/texlive/texmf-dist/tex/latex/graphics/graphicx.sty
Package: graphicx 2017/06/01 v1.1a Enhanced LaTeX Graphics (DPC,SPQR)

(/usr/share/texlive/texmf-dist/tex/latex/graphics/keyval.sty
Package: keyval 2014/10/28 v1.15 key=value parser (DPC)
\KV@toks@=\toks16
)
(/usr/share/texlive/texmf-dist/tex/latex/graphics/graphics.sty
Package: graphics 2017/06/25 v1.2c Standard LaTeX Graphics (DPC,SPQR)

(/usr/share/texlive/texmf-dist/tex/latex/graphics/trig.sty
Package: trig 2016/01/03 v1.10 sin cos tan (DPC)
)
(/usr/share/texlive/texmf-dist/tex/latex/graphics-cfg/graphics.cfg
File: graphics.cfg 2016/06/04 v1.11 sample graphics configuration
)
Package graphics Info: Driver file: pdftex.def on input line 99.

(/usr/share/texlive/texmf-dist/tex/latex/graphics-def/pdftex.def
File: pdftex.def 2018/01/08 v1.0l Graphics/color driver for pdftex
))
\Gin@req@height=\dimen114
\Gin@req@width=\dimen115
)
(/usr/share/texlive/texmf-dist/tex/latex/base/inputenc.sty
Package: inputenc 2018/04/06 v1.3b Input encoding file
\inpenc@prehook=\toks17
\inpenc@posthook=\toks18
)
(/usr/share/texlive/texmf-dist/tex/latex/placeins/placeins.sty
Package: placeins 2005/04/18  v 2.2
)
(./FMBSD_rev.aux)
\openout1 = `FMBSD_rev.aux'.

LaTeX Font Info:    Checking defaults for OML/cmm/m/it on input line 46.
LaTeX Font Info:    ... okay on input line 46.
LaTeX Font Info:    Checking defaults for T1/cmr/m/n on input line 46.
LaTeX Font Info:    ... okay on input line 46.
LaTeX Font Info:    Checking defaults for OT1/cmr/m/n on input line 46.
LaTeX Font Info:    ... okay on input line 46.
LaTeX Font Info:    Checking defaults for OMS/cmsy/m/n on input line 46.
LaTeX Font Info:    ... okay on input line 46.
LaTeX Font Info:    Checking defaults for OMX/cmex/m/n on input line 46.
LaTeX Font Info:    ... okay on input line 46.
LaTeX Font Info:    Checking defaults for U/cmr/m/n on input line 46.
LaTeX Font Info:    ... okay on input line 46.
LaTeX Font Info:    Checking defaults for TS1/cmr/m/n on input line 46.
LaTeX Font Info:    ... okay on input line 46.

Unknown journal: specify \journalname{<name of your journal>} in preambel

(/usr/share/texlive/texmf-dist/tex/context/base/mkii/supp-pdf.mkii
[Loading MPS to PDF converter (version 2006.09.02).]
\scratchcounter=\count106
\scratchdimen=\dimen116
\scratchbox=\box29
\nofMPsegments=\count107
\nofMParguments=\count108
\everyMPshowfont=\toks19
\MPscratchCnt=\count109
\MPscratchDim=\dimen117
\MPnumerator=\count110
\makeMPintoPDFobject=\count111
\everyMPtoPDFconversion=\toks20
) (/usr/share/texlive/texmf-dist/tex/latex/oberdiek/epstopdf-base.sty
Package: epstopdf-base 2016/05/15 v2.6 Base part for package epstopdf

(/usr/share/texlive/texmf-dist/tex/generic/oberdiek/infwarerr.sty
Package: infwarerr 2016/05/16 v1.4 Providing info/warning/error messages (HO)
)
(/usr/share/texlive/texmf-dist/tex/latex/oberdiek/grfext.sty
Package: grfext 2016/05/16 v1.2 Manage graphics extensions (HO)

(/usr/share/texlive/texmf-dist/tex/generic/oberdiek/kvdefinekeys.sty
Package: kvdefinekeys 2016/05/16 v1.4 Define keys (HO)

(/usr/share/texlive/texmf-dist/tex/generic/oberdiek/ltxcmds.sty
Package: ltxcmds 2016/05/16 v1.23 LaTeX kernel commands for general use (HO)
)))
(/usr/share/texlive/texmf-dist/tex/latex/oberdiek/kvoptions.sty
Package: kvoptions 2016/05/16 v3.12 Key value format for package options (HO)

(/usr/share/texlive/texmf-dist/tex/generic/oberdiek/kvsetkeys.sty
Package: kvsetkeys 2016/05/16 v1.17 Key value parser (HO)

(/usr/share/texlive/texmf-dist/tex/generic/oberdiek/etexcmds.sty
Package: etexcmds 2016/05/16 v1.6 Avoid name clashes with e-TeX commands (HO)

(/usr/share/texlive/texmf-dist/tex/generic/oberdiek/ifluatex.sty
Package: ifluatex 2016/05/16 v1.4 Provides the ifluatex switch (HO)
Package ifluatex Info: LuaTeX not detected.
)
Package etexcmds Info: Could not find \expanded.
(etexcmds)             That can mean that you are not using pdfTeX 1.50 or
(etexcmds)             that some package has redefined \expanded.
(etexcmds)             In the latter case, load this package earlier.
)))
(/usr/share/texlive/texmf-dist/tex/generic/oberdiek/pdftexcmds.sty
Package: pdftexcmds 2018/01/30 v0.27 Utility functions of pdfTeX for LuaTeX (HO
)

(/usr/share/texlive/texmf-dist/tex/generic/oberdiek/ifpdf.sty
Package: ifpdf 2017/03/15 v3.2 Provides the ifpdf switch
)
Package pdftexcmds Info: LuaTeX not detected.
Package pdftexcmds Info: \pdf@primitive is available.
Package pdftexcmds Info: \pdf@ifprimitive is available.
Package pdftexcmds Info: \pdfdraftmode found.
)
Package epstopdf-base Info: Redefining graphics rule for `.eps' on input line 4
38.
Package grfext Info: Graphics extension search list:
(grfext)             [.pdf,.png,.jpg,.mps,.jpeg,.jbig2,.jb2,.PDF,.PNG,.JPG,.JPE
G,.JBIG2,.JB2,.eps]
(grfext)             \AppendGraphicsExtensions on input line 456.

(/usr/share/texlive/texmf-dist/tex/latex/latexconfig/epstopdf-sys.cfg
File: epstopdf-sys.cfg 2010/07/13 v1.3 Configuration of (r)epstopdf for TeX Liv
e
))
SVJour3 warning: Missing \journalname
LaTeX Font Info:    Calculating math sizes for size <9.5> on input line 82.
LaTeX Font Info:    External font `cmex10' loaded for size
(Font)              <9.5> on input line 82.
LaTeX Font Info:    External font `cmex10' loaded for size
(Font)              <6.64996> on input line 82.
LaTeX Font Info:    External font `cmex10' loaded for size
(Font)              <4.75> on input line 82.
LaTeX Font Info:    External font `cmex10' loaded for size
(Font)              <8> on input line 82.
LaTeX Font Info:    External font `cmex10' loaded for size
(Font)              <6> on input line 82.
LaTeX Font Info:    External font `cmex10' loaded for size
(Font)              <5> on input line 82.
[1{/usr/share/texlive/texmf-dist/fonts/map/pdftex/updmap/pdftex.map}] [2]
<SerieTreeClosed.pdf, id=20, 503.3163pt x 192.97093pt>
File: SerieTreeClosed.pdf Graphic file (type pdf)
<use SerieTreeClosed.pdf>
Package pdftex.def Info: SerieTreeClosed.pdf  used on input line 107.
(pdftex.def)             Requested size: 347.0pt x 133.0382pt.

[3]
<linki.pdf, id=27, 273.41246pt x 225.3489pt>
File: linki.pdf Graphic file (type pdf)
<use linki.pdf>
Package pdftex.def Info: linki.pdf  used on input line 132.
(pdftex.def)             Requested size: 242.89894pt x 200.20227pt.
<blki.pdf, id=28, 116.52434pt x 52.31044pt>
File: blki.pdf Graphic file (type pdf)
<use blki.pdf>
Package pdftex.def Info: blki.pdf  used on input line 138.
(pdftex.def)             Requested size: 104.10106pt x 46.73332pt.
 [4 <./SerieTreeClosed.pdf>]
Overfull \hbox (4.337pt too wide) detected at line 148
[][] [] \OT1/cmr/m/n/8 + [] [] + [] [] = [] []  \OML/cmm/m/it/8 :
 []

[5 <./linki.pdf> <./blki.pdf>]
LaTeX Font Info:    External font `cmex10' loaded for size
(Font)              <7> on input line 175.

Overfull \hbox (18.09288pt too wide) detected at line 187
[][] \OT1/cmr/m/n/7 = [] []
 []

[6]
<3bodies_bis.pdf, id=110, 507.95291pt x 233.71515pt>
File: 3bodies_bis.pdf Graphic file (type pdf)
<use 3bodies_bis.pdf>
Package pdftex.def Info: 3bodies_bis.pdf  used on input line 215.
(pdftex.def)             Requested size: 347.0pt x 159.66238pt.
 [7 <./3bodies_bis.pdf>]
Overfull \hbox (18.73766pt too wide) detected at line 231
[][] [] \OT1/cmr/m/n/8 + [] [] + [] [] = []  \OML/cmm/m/it/8 :
 []

<2bodies.pdf, id=145, 465.28128pt x 134.00262pt>
File: 2bodies.pdf Graphic file (type pdf)
<use 2bodies.pdf>
Package pdftex.def Info: 2bodies.pdf  used on input line 235.
(pdftex.def)             Requested size: 347.0pt x 99.9435pt.
[8]
<flexion_4b.pdf, id=149, 347.1931pt x 90.5513pt>
File: flexion_4b.pdf Graphic file (type pdf)
<use flexion_4b.pdf>
Package pdftex.def Info: flexion_4b.pdf  used on input line 250.
(pdftex.def)             Requested size: 277.60106pt x 72.40105pt.
 [9 <./2bodies.pdf> <./flexion_4b.pdf>]
<flexion_5b.pdf, id=192, 344.75198pt x 137.39229pt>
File: flexion_5b.pdf Graphic file (type pdf)
<use flexion_5b.pdf>
Package pdftex.def Info: flexion_5b.pdf  used on input line 273.
(pdftex.def)             Requested size: 277.60106pt x 110.63094pt.

Overfull \hbox (3.26663pt too wide) detected at line 285
\OMS/cmsy/m/n/9.5 T \OT1/cmr/m/n/9.5 = []\OML/cmm/m/it/9.5 ^^Z S [][]\OT1/cmr/m
/n/9.5 ([] + \OML/cmm/m/it/9.5 x[] \OT1/cmr/m/n/9.5 + \OML/cmm/m/it/9.5 ^^F[]^^
^[]\OT1/cmr/m/n/9.5 (\OML/cmm/m/it/9.5 x\OT1/cmr/m/n/9.5 )[])[]\OML/cmm/m/it/9.
5 dx \OT1/cmr/m/n/9.5 = [] [][] [] []
 []

[10 <./flexion_5b.pdf>]
<TyRzb.pdf, id=215, 116.71103pt x 55.2163pt>
File: TyRzb.pdf Graphic file (type pdf)
<use TyRzb.pdf>
Package pdftex.def Info: TyRzb.pdf  used on input line 317.
(pdftex.def)             Requested size: 104.10106pt x 49.25356pt.
 [11 <./TyRzb.pdf>] [12] [13]
Overfull \hbox (6.71754pt too wide) in paragraph at lines 411--412
[]\OT1/cmr/m/n/9.5 In con-clu-sion, the poly-no-mial ap-prox-i-ma-tion done in 
the TITOP model $\OT1/cmr/bx/n/9.5 G[]\OT1/cmr/m/n/9.5 (\OML/cmm/m/it/9.5 s\OT1
/cmr/m/n/9.5 )$
 []

[14]
<fc_mode1.png, id=240, 867.24pt x 278.641pt>
File: fc_mode1.png Graphic file (type png)
<use fc_mode1.png>
Package pdftex.def Info: fc_mode1.png  used on input line 456.
(pdftex.def)             Requested size: 347.0pt x 111.48843pt.
<fc_mode2.png, id=241, 929.071pt x 288.277pt>
File: fc_mode2.png Graphic file (type png)
<use fc_mode2.png>
Package pdftex.def Info: fc_mode2.png  used on input line 457.
(pdftex.def)             Requested size: 347.0pt x 107.66812pt.
 [15] [16 <./fc_mode1.png (PNG copy)> <./fc_mode2.png (PNG copy)>]
<Gb.pdf, id=248, 211.00531pt x 88.16539pt>
File: Gb.pdf Graphic file (type pdf)
<use Gb.pdf>
Package pdftex.def Info: Gb.pdf  used on input line 517.
(pdftex.def)             Requested size: 173.5pt x 72.49518pt.
 [17 <./Gb.pdf>]
<fourbars.pdf, id=263, 293.17128pt x 142.64491pt>
File: fourbars.pdf Graphic file (type pdf)
<use fourbars.pdf>
Package pdftex.def Info: fourbars.pdf  used on input line 529.
(pdftex.def)             Requested size: 242.89894pt x 118.18845pt.

Underfull \hbox (badness 10000) in paragraph at lines 539--550
[][]
 []

[18 <./fourbars.pdf>]
<fbschemab.pdf, id=282, 530.8549pt x 326.02803pt>
File: fbschemab.pdf Graphic file (type pdf)
<use fbschemab.pdf>
Package pdftex.def Info: fbschemab.pdf  used on input line 580.
(pdftex.def)             Requested size: 347.0pt x 213.11462pt.
<modes123.png, id=283, 798.182pt x 383.031pt>
File: modes123.png Graphic file (type png)
<use modes123.png>
Package pdftex.def Info: modes123.png  used on input line 587.
(pdftex.def)             Requested size: 347.0pt x 166.51778pt.
<shapes0.png, id=284, 1278.376pt x 355.729pt>
File: shapes0.png Graphic file (type png)
<use shapes0.png>
Package pdftex.def Info: shapes0.png  used on input line 592.
(pdftex.def)             Requested size: 347.0pt x 96.55833pt.
<shapes180.png, id=285, 1277.573pt x 346.093pt>
File: shapes180.png Graphic file (type png)
<use shapes180.png>
Package pdftex.def Info: shapes180.png  used on input line 597.
(pdftex.def)             Requested size: 347.0pt x 94.00085pt.
 [19] [20 <./fbschemab.pdf>] [21 <./modes123.png (PNG copy)> <./shapes0.png (PN
G copy)> <./shapes180.png (PNG copy)>]
Overfull \hbox (11.55186pt too wide) detected at line 629
[]\OT1/cmr/m/n/9.5 (\OML/cmm/m/it/9.5 s\OT1/cmr/m/n/9.5 ) \OMS/cmsy/m/n/9.5 ^^Q
 []  \OML/cmm/m/it/9.5 :
 []

<inv1c.pdf, id=318, 149.38109pt x 69.57794pt>
File: inv1c.pdf Graphic file (type pdf)
<use inv1c.pdf>
Package pdftex.def Info: inv1c.pdf  used on input line 636.
(pdftex.def)             Requested size: 138.79788pt x 64.65053pt.
[22 <./inv1c.pdf>]

LaTeX Font Warning: Font shape `OT1/cmr/bx/sc' undefined
(Font)              using `OT1/cmr/bx/n' instead on input line 647.

<Tffb.pdf, id=340, 331.96991pt x 90.96684pt>
File: Tffb.pdf Graphic file (type pdf)
<use Tffb.pdf>
Package pdftex.def Info: Tffb.pdf  used on input line 651.
(pdftex.def)             Requested size: 277.60106pt x 76.06738pt.
<Tccb.pdf, id=341, 278.41313pt x 67.72603pt>
File: Tccb.pdf Graphic file (type pdf)
<use Tccb.pdf>
Package pdftex.def Info: Tccb.pdf  used on input line 677.
(pdftex.def)             Requested size: 242.89894pt x 59.08754pt.
[23 <./Tffb.pdf>]
<Tpfb.pdf, id=364, 328.24432pt x 90.77916pt>
File: Tpfb.pdf Graphic file (type pdf)
<use Tpfb.pdf>
Package pdftex.def Info: Tpfb.pdf  used on input line 699.
(pdftex.def)             Requested size: 277.60106pt x 76.77895pt.
<Tpcb.pdf, id=365, 342.67923pt x 79.90553pt>
File: Tpcb.pdf Graphic file (type pdf)
<use Tpcb.pdf>
Package pdftex.def Info: Tpcb.pdf  used on input line 726.
(pdftex.def)             Requested size: 277.60106pt x 64.73409pt.
 [24 <./Tccb.pdf> <./Tpfb.pdf>]
<Tppb.pdf, id=405, 334.11525pt x 88.44142pt>
File: Tppb.pdf Graphic file (type pdf)
<use Tppb.pdf>
Package pdftex.def Info: Tppb.pdf  used on input line 748.
(pdftex.def)             Requested size: 277.60106pt x 73.48596pt.
<Tsfb.pdf, id=406, 355.75194pt x 90.34251pt>
File: Tsfb.pdf Graphic file (type pdf)
<use Tsfb.pdf>
Package pdftex.def Info: Tsfb.pdf  used on input line 770.
(pdftex.def)             Requested size: 277.60106pt x 70.49582pt.
 [25 <./Tpcb.pdf> <./Tppb.pdf>]
<Tscb.pdf, id=448, 347.36922pt x 88.44142pt>
File: Tscb.pdf Graphic file (type pdf)
<use Tscb.pdf>
Package pdftex.def Info: Tscb.pdf  used on input line 796.
(pdftex.def)             Requested size: 277.60106pt x 70.68304pt.
<Tspb.pdf, id=449, 350.62206pt x 88.44142pt>
File: Tspb.pdf Graphic file (type pdf)
<use Tspb.pdf>
Package pdftex.def Info: Tspb.pdf  used on input line 818.
(pdftex.def)             Requested size: 277.60106pt x 70.02718pt.
[26 <./Tsfb.pdf> <./Tscb.pdf>]
<Tssb.pdf, id=487, 346.4091pt x 74.98615pt>
File: Tssb.pdf Graphic file (type pdf)
<use Tssb.pdf>
Package pdftex.def Info: Tssb.pdf  used on input line 840.
(pdftex.def)             Requested size: 277.60106pt x 60.0908pt.
 (./FMBSD_rev.bbl
Underfull \hbox (badness 10000) in paragraph at lines 10--13
[]\OT1/cmr/m/n/8 Euler{bernoulli beam the-ory.  https://en.wikipedia.org/wiki/E
uler-
 []


Underfull \vbox (badness 2486) has occurred while \output is active []

 [27 <./Tspb.pdf> <./Tssb.pdf>]
Underfull \hbox (badness 1565) in paragraph at lines 28--33
[]\OT1/cmr/m/n/8 Craig, R.R., Chang, C.J., Aero-nau-tics, U.S.N., Ad-min-is-tra
-tion, S., Cen-ter, L.R.,
 []


Underfull \hbox (badness 1360) in paragraph at lines 60--67
\OT1/cmr/m/n/8 a-nisms by a trans-fer ma-trix method.  Fi-nite El-e-ments in An
al-y-sis and De-sign
 []


Underfull \hbox (badness 10000) in paragraph at lines 128--134
[]\OT1/cmr/m/n/8 PEREZ, J.A., PIT-TET, C., ALAZARD, D., LO-QUEN, T., CUMER,
 []


Underfull \hbox (badness 10000) in paragraph at lines 128--134
\OT1/cmr/m/n/8 C.: A flex-i-ble ap-pendage model for use in in-te-grated con-
 []


Underfull \hbox (badness 10000) in paragraph at lines 128--134
\OT1/cmr/m/n/8 trol/structure space-craft de-sign.  IFAC-PapersOnLine \OT1/cmr/
bx/n/8 48\OT1/cmr/m/n/8 (9), 275 --
 []


Underfull \hbox (badness 10000) in paragraph at lines 128--134
\OT1/cmr/m/n/8 280 (2015).  DOI http://dx.doi.org/10.1016/j.ifacol.2015.08.096.
  URL
 []

[28]
Underfull \hbox (badness 10000) in paragraph at lines 162--165
[]\OT1/cmr/m/n/8 Shigley, J., Uicker, J.: The-ory of ma-chines and mech-a-nisms
.  McGraw-
 []


Underfull \hbox (badness 10000) in paragraph at lines 162--165
\OT1/cmr/m/n/8 Hill se-ries in me-chan-i-cal en-gi-neer-ing. McGraw-Hill (1980)
.  URL
 []


Underfull \hbox (badness 4144) in paragraph at lines 167--174
[]\OT1/cmr/m/n/8 Simeon, B.: On la-grange mul-ti-pli-ers in flex-i-ble multi-bo
dy dy-nam-ics.  Com-
 []


Underfull \hbox (badness 10000) in paragraph at lines 167--174
\OT1/cmr/m/n/8 puter Meth-ods in Ap-plied Me-chan-ics and En-gi-neer-ing \OT1/c
mr/bx/n/8 195\OT1/cmr/m/n/8 (50{51), 6993
 []


Underfull \hbox (badness 10000) in paragraph at lines 167--174
\OT1/cmr/m/n/8 -- 7005 (2006).  DOI http://dx.doi.org/10.1016/j.cma.2005.04.015
.  URL
 []


Underfull \hbox (badness 10000) in paragraph at lines 167--174
\OT1/cmr/m/n/8 http://www.sciencedirect.com/science/article/pii/S00457825050037
01.  Multi-body
 []


Underfull \hbox (badness 1546) in paragraph at lines 189--195
[]\OT1/cmr/m/n/8 Tan, T., Yousuff, A., Ba-har, L., Kon-stan-tini-dis, M.: A mod
-i-fied fi-nite element-
 []


Underfull \hbox (badness 1107) in paragraph at lines 189--195
\OT1/cmr/m/n/8 transfer ma-trix for con-trol de-sign of space struc-tures.  Com
-put-ers & Struc-tures
 []

) [29] (./FMBSD_rev.aux)

LaTeX Font Warning: Some font shapes were not available, defaults substituted.

 ) 
Here is how much of TeX's memory you used:
 2494 strings out of 492701
 37083 string characters out of 6134504
 105883 words of memory out of 5000000
 6319 multiletter control sequences out of 15000+600000
 16941 words of font info for 58 fonts, out of 8000000 for 9000
 1137 hyphenation exceptions out of 8191
 41i,18n,25p,2318b,290s stack positions out of 5000i,500n,10000p,200000b,80000s
</usr/share/texlive/texmf-dist/fonts/type1/public/amsfonts/cm/cmbsy10.pfb></u
sr/share/texlive/texmf-dist/fonts/type1/public/amsfonts/cm/cmbx10.pfb></usr/sha
re/texlive/texmf-dist/fonts/type1/public/amsfonts/cm/cmbx12.pfb></usr/share/tex
live/texmf-dist/fonts/type1/public/amsfonts/cm/cmbx5.pfb></usr/share/texlive/te
xmf-dist/fonts/type1/public/amsfonts/cm/cmbx6.pfb></usr/share/texlive/texmf-dis
t/fonts/type1/public/amsfonts/cm/cmbx7.pfb></usr/share/texlive/texmf-dist/fonts
/type1/public/amsfonts/cm/cmbx8.pfb></usr/share/texlive/texmf-dist/fonts/type1/
public/amsfonts/cm/cmbx9.pfb></usr/share/texlive/texmf-dist/fonts/type1/public/
amsfonts/cm/cmcsc10.pfb></usr/share/texlive/texmf-dist/fonts/type1/public/amsfo
nts/cm/cmex10.pfb></usr/share/texlive/texmf-dist/fonts/type1/public/amsfonts/cm
/cmmi10.pfb></usr/share/texlive/texmf-dist/fonts/type1/public/amsfonts/cm/cmmi5
.pfb></usr/share/texlive/texmf-dist/fonts/type1/public/amsfonts/cm/cmmi6.pfb></
usr/share/texlive/texmf-dist/fonts/type1/public/amsfonts/cm/cmmi7.pfb></usr/sha
re/texlive/texmf-dist/fonts/type1/public/amsfonts/cm/cmmi8.pfb></usr/share/texl
ive/texmf-dist/fonts/type1/public/amsfonts/cm/cmmi9.pfb></usr/share/texlive/tex
mf-dist/fonts/type1/public/amsfonts/cm/cmmib10.pfb></usr/share/texlive/texmf-di
st/fonts/type1/public/amsfonts/cmextra/cmmib7.pfb></usr/share/texlive/texmf-dis
t/fonts/type1/public/amsfonts/cm/cmr10.pfb></usr/share/texlive/texmf-dist/fonts
/type1/public/amsfonts/cm/cmr5.pfb></usr/share/texlive/texmf-dist/fonts/type1/p
ublic/amsfonts/cm/cmr6.pfb></usr/share/texlive/texmf-dist/fonts/type1/public/am
sfonts/cm/cmr7.pfb></usr/share/texlive/texmf-dist/fonts/type1/public/amsfonts/c
m/cmr8.pfb></usr/share/texlive/texmf-dist/fonts/type1/public/amsfonts/cm/cmr9.p
fb></usr/share/texlive/texmf-dist/fonts/type1/public/amsfonts/cm/cmsy10.pfb></u
sr/share/texlive/texmf-dist/fonts/type1/public/amsfonts/cm/cmsy5.pfb></usr/shar
e/texlive/texmf-dist/fonts/type1/public/amsfonts/cm/cmsy6.pfb></usr/share/texli
ve/texmf-dist/fonts/type1/public/amsfonts/cm/cmsy7.pfb></usr/share/texlive/texm
f-dist/fonts/type1/public/amsfonts/cm/cmsy8.pfb></usr/share/texlive/texmf-dist/
fonts/type1/public/amsfonts/cm/cmsy9.pfb></usr/share/texlive/texmf-dist/fonts/t
ype1/public/amsfonts/cm/cmti9.pfb></usr/share/texlive/texmf-dist/fonts/type1/pu
blic/amsfonts/cm/cmtt9.pfb>
Output written on FMBSD_rev.pdf (29 pages, 596085 bytes).
PDF statistics:
 620 PDF objects out of 1000 (max. 8388607)
 484 compressed objects within 5 object streams
 0 named destinations out of 1000 (max. 500000)
 131 words of extra memory for PDF output out of 10000 (max. 10000000)

