This is pdfTeX, Version 3.14159265-2.6-1.40.17 (TeX Live 2016) (preloaded format=pdflatex 2018.10.23)  17 FEB 2019 23:05
entering extended mode
 restricted \write18 enabled.
 %&-line parsing enabled.
**KirchhoffPH_CDC.tex
(./KirchhoffPH_CDC.tex
LaTeX2e <2016/03/31>
Babel <3.9r> and hyphenation patterns for 43 language(s) loaded.
(./ieeeconf.cls
Document Class: ieeeconf 2016/4/23 revision V1.6b by Pradeep Misra
\@IEEEtrantmpdimenA=\dimen102
\@IEEEtrantmpdimenB=\dimen103
\@IEEEtrantmpcountA=\count79
\@IEEEtrantmpcountB=\count80
\@IEEEtrantmptoksA=\toks14
LaTeX Font Info:    Try loading font information for OT1+ptm on input line 794.

(/usr/share/texlive/texmf-dist/tex/latex/psnfss/ot1ptm.fd
File: ot1ptm.fd 2001/06/04 font definitions for OT1/ptm.
)
\@IEEEnormalsizefontbaselineskip=\skip41

-- This is a 10 point document.
\normalsizebaselineskip=\skip42
\normaljot=\skip43
LaTeX Font Info:    Font shape `OT1/ptm/bx/n' in size <5> not available
(Font)              Font shape `OT1/ptm/b/n' tried instead on input line 1113.
LaTeX Font Info:    Font shape `OT1/ptm/bx/it' in size <5> not available
(Font)              Font shape `OT1/ptm/b/it' tried instead on input line 1113.

LaTeX Font Info:    Font shape `OT1/ptm/bx/n' in size <7> not available
(Font)              Font shape `OT1/ptm/b/n' tried instead on input line 1113.
LaTeX Font Info:    Font shape `OT1/ptm/bx/it' in size <7> not available
(Font)              Font shape `OT1/ptm/b/it' tried instead on input line 1113.

LaTeX Font Info:    Font shape `OT1/ptm/bx/n' in size <8> not available
(Font)              Font shape `OT1/ptm/b/n' tried instead on input line 1113.
LaTeX Font Info:    Font shape `OT1/ptm/bx/it' in size <8> not available
(Font)              Font shape `OT1/ptm/b/it' tried instead on input line 1113.

LaTeX Font Info:    Font shape `OT1/ptm/bx/n' in size <9> not available
(Font)              Font shape `OT1/ptm/b/n' tried instead on input line 1113.
LaTeX Font Info:    Font shape `OT1/ptm/bx/it' in size <9> not available
(Font)              Font shape `OT1/ptm/b/it' tried instead on input line 1113.

LaTeX Font Info:    Font shape `OT1/ptm/bx/n' in size <10> not available
(Font)              Font shape `OT1/ptm/b/n' tried instead on input line 1113.
LaTeX Font Info:    Font shape `OT1/ptm/bx/it' in size <10> not available
(Font)              Font shape `OT1/ptm/b/it' tried instead on input line 1113.

LaTeX Font Info:    Font shape `OT1/ptm/bx/n' in size <11> not available
(Font)              Font shape `OT1/ptm/b/n' tried instead on input line 1113.
LaTeX Font Info:    Font shape `OT1/ptm/bx/it' in size <11> not available
(Font)              Font shape `OT1/ptm/b/it' tried instead on input line 1113.

LaTeX Font Info:    Font shape `OT1/ptm/bx/n' in size <12> not available
(Font)              Font shape `OT1/ptm/b/n' tried instead on input line 1113.
LaTeX Font Info:    Font shape `OT1/ptm/bx/it' in size <12> not available
(Font)              Font shape `OT1/ptm/b/it' tried instead on input line 1113.

LaTeX Font Info:    Font shape `OT1/ptm/bx/n' in size <16> not available
(Font)              Font shape `OT1/ptm/b/n' tried instead on input line 1113.
LaTeX Font Info:    Font shape `OT1/ptm/bx/it' in size <16> not available
(Font)              Font shape `OT1/ptm/b/it' tried instead on input line 1113.

LaTeX Font Info:    Font shape `OT1/ptm/bx/n' in size <20> not available
(Font)              Font shape `OT1/ptm/b/n' tried instead on input line 1113.
LaTeX Font Info:    Font shape `OT1/ptm/bx/it' in size <20> not available
(Font)              Font shape `OT1/ptm/b/it' tried instead on input line 1113.

LaTeX Font Info:    Font shape `OT1/ptm/bx/n' in size <24> not available
(Font)              Font shape `OT1/ptm/b/n' tried instead on input line 1113.
LaTeX Font Info:    Font shape `OT1/ptm/bx/it' in size <24> not available
(Font)              Font shape `OT1/ptm/b/it' tried instead on input line 1113.

\IEEEilabelindentA=\dimen104
\IEEEilabelindentB=\dimen105
\IEEEilabelindent=\dimen106
\IEEEelabelindent=\dimen107
\IEEEdlabelindent=\dimen108
\labelindent=\dimen109
\IEEEiednormlabelsep=\dimen110
\IEEEiedmathlabelsep=\dimen111
\IEEEiedtopsep=\skip44
\c@section=\count81
\c@subsection=\count82
\c@subsubsection=\count83
\c@paragraph=\count84
\c@IEEEsubequation=\count85
\abovecaptionskip=\skip45
\belowcaptionskip=\skip46
\c@figure=\count86
\c@table=\count87
\@IEEEeqnnumcols=\count88
\@IEEEeqncolcnt=\count89
\@IEEEtmpitemindent=\dimen112
\c@biography=\count90
\@IEEEtranrubishbin=\box26
)
** ATTENTION: Overriding command lockouts (line 3).
** ATTENTION: Overriding IEEE standard margins (line 4).
(/usr/share/texlive/texmf-dist/tex/latex/graphics/graphicx.sty
Package: graphicx 2014/10/28 v1.0g Enhanced LaTeX Graphics (DPC,SPQR)

(/usr/share/texlive/texmf-dist/tex/latex/graphics/keyval.sty
Package: keyval 2014/10/28 v1.15 key=value parser (DPC)
\KV@toks@=\toks15
)
(/usr/share/texlive/texmf-dist/tex/latex/graphics/graphics.sty
Package: graphics 2016/05/09 v1.0r Standard LaTeX Graphics (DPC,SPQR)

(/usr/share/texlive/texmf-dist/tex/latex/graphics/trig.sty
Package: trig 2016/01/03 v1.10 sin cos tan (DPC)
)
(/usr/share/texlive/texmf-dist/tex/latex/graphics-cfg/graphics.cfg
File: graphics.cfg 2016/01/02 v1.10 sample graphics configuration
)
Package graphics Info: Driver file: pdftex.def on input line 96.

(/usr/share/texlive/texmf-dist/tex/latex/graphics-def/pdftex.def
File: pdftex.def 2016/07/10 v0.06j Graphics/color for pdfTeX

(/usr/share/texlive/texmf-dist/tex/generic/oberdiek/infwarerr.sty
Package: infwarerr 2016/05/16 v1.4 Providing info/warning/error messages (HO)
)
(/usr/share/texlive/texmf-dist/tex/generic/oberdiek/ltxcmds.sty
Package: ltxcmds 2016/05/16 v1.23 LaTeX kernel commands for general use (HO)
)
\Gread@gobject=\count91
))
\Gin@req@height=\dimen113
\Gin@req@width=\dimen114
)
(/usr/share/texlive/texmf-dist/tex/latex/amsmath/amsmath.sty
Package: amsmath 2016/06/28 v2.15d AMS math features
\@mathmargin=\skip47

For additional information on amsmath, use the `?' option.
(/usr/share/texlive/texmf-dist/tex/latex/amsmath/amstext.sty
Package: amstext 2000/06/29 v2.01 AMS text

(/usr/share/texlive/texmf-dist/tex/latex/amsmath/amsgen.sty
File: amsgen.sty 1999/11/30 v2.0 generic functions
\@emptytoks=\toks16
\ex@=\dimen115
))
(/usr/share/texlive/texmf-dist/tex/latex/amsmath/amsbsy.sty
Package: amsbsy 1999/11/29 v1.2d Bold Symbols
\pmbraise@=\dimen116
)
(/usr/share/texlive/texmf-dist/tex/latex/amsmath/amsopn.sty
Package: amsopn 2016/03/08 v2.02 operator names
)
\inf@bad=\count92
LaTeX Info: Redefining \frac on input line 199.
\uproot@=\count93
\leftroot@=\count94
LaTeX Info: Redefining \overline on input line 297.
\classnum@=\count95
\DOTSCASE@=\count96
LaTeX Info: Redefining \ldots on input line 394.
LaTeX Info: Redefining \dots on input line 397.
LaTeX Info: Redefining \cdots on input line 518.
\Mathstrutbox@=\box27
\strutbox@=\box28
\big@size=\dimen117
LaTeX Font Info:    Redeclaring font encoding OML on input line 634.
LaTeX Font Info:    Redeclaring font encoding OMS on input line 635.
\macc@depth=\count97
\c@MaxMatrixCols=\count98
\dotsspace@=\muskip10
\c@parentequation=\count99
\dspbrk@lvl=\count100
\tag@help=\toks17
\row@=\count101
\column@=\count102
\maxfields@=\count103
\andhelp@=\toks18
\eqnshift@=\dimen118
\alignsep@=\dimen119
\tagshift@=\dimen120
\tagwidth@=\dimen121
\totwidth@=\dimen122
\lineht@=\dimen123
\@envbody=\toks19
\multlinegap=\skip48
\multlinetaggap=\skip49
\mathdisplay@stack=\toks20
LaTeX Info: Redefining \[ on input line 2739.
LaTeX Info: Redefining \] on input line 2740.
)
(/usr/share/texlive/texmf-dist/tex/latex/amsfonts/amssymb.sty
Package: amssymb 2013/01/14 v3.01 AMS font symbols

(/usr/share/texlive/texmf-dist/tex/latex/amsfonts/amsfonts.sty
Package: amsfonts 2013/01/14 v3.01 Basic AMSFonts support
\symAMSa=\mathgroup4
\symAMSb=\mathgroup5
LaTeX Font Info:    Overwriting math alphabet `\mathfrak' in version `bold'
(Font)                  U/euf/m/n --> U/euf/b/n on input line 106.
))
(/usr/share/texlive/texmf-dist/tex/latex/url/url.sty
\Urlmuskip=\muskip11
Package: url 2013/09/16  ver 3.4  Verb mode for urls, etc.
)
(/usr/share/texlive/texmf-local/texmf-compat/tex/latex/diff/diffcoeff.sty
(/usr/share/texlive/texmf-dist/tex/latex/l3kernel/expl3.sty
Package: expl3 2016/05/18 v6512 L3 programming layer (loader) 

(/usr/share/texlive/texmf-dist/tex/latex/l3kernel/expl3-code.tex
Package: expl3 2016/05/18 v6512 L3 programming layer (code)
L3 Module: l3bootstrap 2016/02/12 v6412 L3 Bootstrap code
L3 Module: l3names 2016/03/11 v6433 L3 Namespace for primitives
L3 Module: l3basics 2015/11/22 v6315 L3 Basic definitions
L3 Module: l3expan 2015/09/10 v5983 L3 Argument expansion
L3 Module: l3tl 2016/03/26 v6465 L3 Token lists
L3 Module: l3str 2016/03/24 v6441 L3 Strings
L3 Module: l3seq 2015/08/05 v5777 L3 Sequences and stacks
L3 Module: l3int 2016/03/24 v6441 L3 Integers
\c_max_int=\count104
\l_tmpa_int=\count105
\l_tmpb_int=\count106
\g_tmpa_int=\count107
\g_tmpb_int=\count108
L3 Module: l3quark 2015/08/17 v5855 L3 Quarks
L3 Module: l3prg 2015/11/01 v6216 L3 Control structures
\g__prg_map_int=\count109
L3 Module: l3clist 2015/09/02 v5901 L3 Comma separated lists
L3 Module: l3token 2016/04/03 v6470 L3 Experimental token manipulation
L3 Module: l3prop 2016/01/05 v6366 L3 Property lists
L3 Module: l3msg 2016/03/26 v6464 L3 Messages
L3 Module: l3file 2016/03/25 v6458 L3 File and I/O operations
\l_iow_line_count_int=\count110
\l__iow_target_count_int=\count111
\l__iow_current_line_int=\count112
\l__iow_current_word_int=\count113
\l__iow_current_indentation_int=\count114
L3 Module: l3skip 2016/01/05 v6366 L3 Dimensions and skips
\c_zero_dim=\dimen124
\c_max_dim=\dimen125
\l_tmpa_dim=\dimen126
\l_tmpb_dim=\dimen127
\g_tmpa_dim=\dimen128
\g_tmpb_dim=\dimen129
\c_zero_skip=\skip50
\c_max_skip=\skip51
\l_tmpa_skip=\skip52
\l_tmpb_skip=\skip53
\g_tmpa_skip=\skip54
\g_tmpb_skip=\skip55
\c_zero_muskip=\muskip12
\c_max_muskip=\muskip13
\l_tmpa_muskip=\muskip14
\l_tmpb_muskip=\muskip15
\g_tmpa_muskip=\muskip16
\g_tmpb_muskip=\muskip17
L3 Module: l3keys 2015/11/17 v6284 L3 Key-value interfaces
\g__keyval_level_int=\count115
\l_keys_choice_int=\count116
L3 Module: l3fp 2016/03/26 v6465 L3 Floating points
\c__fp_leading_shift_int=\count117
\c__fp_middle_shift_int=\count118
\c__fp_trailing_shift_int=\count119
\c__fp_big_leading_shift_int=\count120
\c__fp_big_middle_shift_int=\count121
\c__fp_big_trailing_shift_int=\count122
\c__fp_Bigg_leading_shift_int=\count123
\c__fp_Bigg_middle_shift_int=\count124
\c__fp_Bigg_trailing_shift_int=\count125
L3 Module: l3box 2015/08/09 v5822 L3 Experimental boxes
\c_empty_box=\box29
\l_tmpa_box=\box30
\l_tmpb_box=\box31
\g_tmpa_box=\box32
\g_tmpb_box=\box33
L3 Module: l3coffins 2016/05/17 v6508 L3 Coffin code layer
\l__coffin_internal_box=\box34
\l__coffin_internal_dim=\dimen130
\l__coffin_offset_x_dim=\dimen131
\l__coffin_offset_y_dim=\dimen132
\l__coffin_x_dim=\dimen133
\l__coffin_y_dim=\dimen134
\l__coffin_x_prime_dim=\dimen135
\l__coffin_y_prime_dim=\dimen136
\c_empty_coffin=\box35
\l__coffin_aligned_coffin=\box36
\l__coffin_aligned_internal_coffin=\box37
\l_tmpa_coffin=\box38
\l_tmpb_coffin=\box39
\l__coffin_display_coffin=\box40
\l__coffin_display_coord_coffin=\box41
\l__coffin_display_pole_coffin=\box42
\l__coffin_display_offset_dim=\dimen137
\l__coffin_display_x_dim=\dimen138
\l__coffin_display_y_dim=\dimen139
L3 Module: l3color 2014/08/23 v5354 L3 Experimental color support
L3 Module: l3sys 2015/09/25 v6087 L3 Experimental system/runtime functions
L3 Module: l3candidates 2016/05/13 v6484 L3 Experimental additions to l3kernel
\l__box_top_dim=\dimen140
\l__box_bottom_dim=\dimen141
\l__box_left_dim=\dimen142
\l__box_right_dim=\dimen143
\l__box_top_new_dim=\dimen144
\l__box_bottom_new_dim=\dimen145
\l__box_left_new_dim=\dimen146
\l__box_right_new_dim=\dimen147
\l__box_internal_box=\box43
\l__coffin_bounding_shift_dim=\dimen148
\l__coffin_left_corner_dim=\dimen149
\l__coffin_right_corner_dim=\dimen150
\l__coffin_bottom_corner_dim=\dimen151
\l__coffin_top_corner_dim=\dimen152
\l__coffin_scaled_total_height_dim=\dimen153
\l__coffin_scaled_width_dim=\dimen154
L3 Module: l3luatex 2016/03/26 v6465 L3 Experimental LuaTeX-specific functions
)
(/usr/share/texlive/texmf-dist/tex/latex/l3kernel/l3pdfmode.def
File: l3pdfmode.def 2016/03/26 v6465 L3 Experimental driver: PDF mode
\l__driver_color_stack_int=\count126
\l__driver_tmp_box=\box44
))
(/usr/share/texlive/texmf-dist/tex/latex/l3packages/xparse/xparse.sty
Package: xparse 2016/05/18 v6512 L3 Experimental document command parser
\l__xparse_current_arg_int=\count127
\l__xparse_m_args_int=\count128
\l__xparse_mandatory_args_int=\count129
\l__xparse_processor_int=\count130
\l__xparse_v_nesting_int=\count131
)
Package: diffcoeff 2016/06/27 v1.0 Write differential coefficients easily.
\l__diffco_curr_tok_int=\count132
\l__diffco_curr_state_int=\count133
.................................................
. LaTeX info: "xparse/define-command"
. 
. Defining command \diffset with sig. 'o' on line 108.
.................................................
.................................................
. LaTeX info: "xparse/define-command"
. 
. Defining command \diff with sig. 'somt/mg' on line 190.
.................................................
.................................................
. LaTeX info: "xparse/define-command"
. 
. Defining command \Diff with sig. 'ommg' on line 200.
.................................................
.................................................
. LaTeX info: "xparse/define-command"
. 
. Defining command \diffd with sig. 'ommg' on line 210.
.................................................
.................................................
. LaTeX info: "xparse/define-command"
. 
. Defining command \Diffd with sig. 'ommg' on line 220.
.................................................
.................................................
. LaTeX info: "xparse/define-command"
. 
. Defining command \diffp with sig. 'soomt/mg' on line 351.
.................................................
.................................................
. LaTeX info: "xparse/define-command"
. 
. Defining command \jacob with sig. 'mm' on line 356.
.................................................
)
(/usr/share/texlive/texmf-dist/tex/latex/tools/bm.sty
Package: bm 2016/02/27 v1.2a Bold Symbol Support (DPC/FMi)
\symboldoperators=\mathgroup6
\symboldletters=\mathgroup7
\symboldsymbols=\mathgroup8
LaTeX Font Info:    Redeclaring math alphabet \mathbf on input line 142.
LaTeX Info: Redefining \bm on input line 208.
)
(/usr/share/texlive/texmf-dist/tex/latex/cite/cite.sty
LaTeX Info: Redefining \cite on input line 302.
LaTeX Info: Redefining \nocite on input line 332.
Package: cite 2015/02/27  v 5.5
)
(/usr/share/texlive/texmf-dist/tex/latex/subfig/subfig.sty
Package: subfig 2005/06/28 ver: 1.3 subfig package


Package subfig Warning: Your document class has a bad definition
 of \endfigure, most likely
 \let\endfigure=\end@float
 which has now been changed to
 \def\endfigure{\end@float}
 because otherwise subsequent changes to \end@float
 (like done by several packages changing float behaviour)
 can't take effect on \endfigure.
 Please complain to your document class author.


Package subfig Warning: Your document class has a bad definition
 of \endtable, most likely
 \let\endtable=\end@float
 which has now been changed to
 \def\endtable{\end@float}
 because otherwise subsequent changes to \end@float
 (like done by several packages changing float behaviour)
 can't take effect on \endtable.
 Please complain to your document class author.

(/usr/share/texlive/texmf-dist/tex/latex/caption/caption.sty
Package: caption 2016/02/21 v3.3-144 Customizing captions (AR)

(/usr/share/texlive/texmf-dist/tex/latex/caption/caption3.sty
Package: caption3 2016/05/22 v1.7-166 caption3 kernel (AR)
Package caption3 Info: TeX engine: e-TeX on input line 67.
\captionmargin=\dimen155
\captionmargin@=\dimen156
\captionwidth=\dimen157
\caption@tempdima=\dimen158
\caption@indent=\dimen159
\caption@parindent=\dimen160
\caption@hangindent=\dimen161
Package caption Info: Unknown document class (or package),
(caption)             standard defaults will be used.
)

Package caption Warning: Unsupported document class (or package) detected,
(caption)                usage of the caption package is not recommended.
See the caption package documentation for explanation.

Package caption Info: \@makecaption = \long macro:#1#2->\ifx \@captype \@IEEEta
blestring \begin {center}{\footnotesize #1}\\{\footnotesize \scshape #2}\end {c
enter}\@IEEEtablecaptionsepspace \else \@IEEEfigurecaptionsepspace \setbox \@te
mpboxa \hbox {\footnotesize #1.~~ #2}\ifdim \wd \@tempboxa >\hsize \setbox \@te
mpboxa \hbox {\footnotesize #1.~~ }\parbox [t]{\hsize }{\footnotesize \noindent
 \unhbox \@tempboxa #2}\else \ifcenterfigcaptions \hbox to\hsize {\footnotesize
 \hfil \box \@tempboxa \hfil }\else \hbox to\hsize {\footnotesize \box \@tempbo
xa \hfil }\fi \fi \fi .
\c@ContinuedFloat=\count134
)
\c@KVtest=\count135
\sf@farskip=\skip56
\sf@captopadj=\dimen162
\sf@capskip=\skip57
\sf@nearskip=\skip58
\c@subfigure=\count136
\c@subfigure@save=\count137
\c@lofdepth=\count138
\c@subtable=\count139
\c@subtable@save=\count140
\c@lotdepth=\count141
\sf@top=\skip59
\sf@bottom=\skip60
) (/usr/share/texlive/texmf-dist/tex/latex/jknapltx/mathrsfs.sty
Package: mathrsfs 1996/01/01 Math RSFS package v1.0 (jk)
\symrsfs=\mathgroup9
)
(/usr/share/texlive/texmf-dist/tex/latex/pgf/frontendlayer/tikz.sty
(/usr/share/texlive/texmf-dist/tex/latex/pgf/basiclayer/pgf.sty
(/usr/share/texlive/texmf-dist/tex/latex/pgf/utilities/pgfrcs.sty
(/usr/share/texlive/texmf-dist/tex/generic/pgf/utilities/pgfutil-common.tex
\pgfutil@everybye=\toks21
\pgfutil@tempdima=\dimen163
\pgfutil@tempdimb=\dimen164

(/usr/share/texlive/texmf-dist/tex/generic/pgf/utilities/pgfutil-common-lists.t
ex)) (/usr/share/texlive/texmf-dist/tex/generic/pgf/utilities/pgfutil-latex.def
\pgfutil@abb=\box45
(/usr/share/texlive/texmf-dist/tex/latex/ms/everyshi.sty
Package: everyshi 2001/05/15 v3.00 EveryShipout Package (MS)
))
(/usr/share/texlive/texmf-dist/tex/generic/pgf/utilities/pgfrcs.code.tex
Package: pgfrcs 2015/08/07 v3.0.1a (rcs-revision 1.31)
))
Package: pgf 2015/08/07 v3.0.1a (rcs-revision 1.15)

(/usr/share/texlive/texmf-dist/tex/latex/pgf/basiclayer/pgfcore.sty
(/usr/share/texlive/texmf-dist/tex/latex/pgf/systemlayer/pgfsys.sty
(/usr/share/texlive/texmf-dist/tex/generic/pgf/systemlayer/pgfsys.code.tex
Package: pgfsys 2014/07/09 v3.0.1a (rcs-revision 1.48)

(/usr/share/texlive/texmf-dist/tex/generic/pgf/utilities/pgfkeys.code.tex
\pgfkeys@pathtoks=\toks22
\pgfkeys@temptoks=\toks23

(/usr/share/texlive/texmf-dist/tex/generic/pgf/utilities/pgfkeysfiltered.code.t
ex
\pgfkeys@tmptoks=\toks24
))
\pgf@x=\dimen165
\pgf@y=\dimen166
\pgf@xa=\dimen167
\pgf@ya=\dimen168
\pgf@xb=\dimen169
\pgf@yb=\dimen170
\pgf@xc=\dimen171
\pgf@yc=\dimen172
\w@pgf@writea=\write3
\r@pgf@reada=\read1
\c@pgf@counta=\count142
\c@pgf@countb=\count143
\c@pgf@countc=\count144
\c@pgf@countd=\count145
\t@pgf@toka=\toks25
\t@pgf@tokb=\toks26
\t@pgf@tokc=\toks27
 (/usr/share/texlive/texmf-dist/tex/generic/pgf/systemlayer/pgf.cfg
File: pgf.cfg 2008/05/14  (rcs-revision 1.7)
)
Driver file for pgf: pgfsys-pdftex.def

(/usr/share/texlive/texmf-dist/tex/generic/pgf/systemlayer/pgfsys-pdftex.def
File: pgfsys-pdftex.def 2014/10/11  (rcs-revision 1.35)

(/usr/share/texlive/texmf-dist/tex/generic/pgf/systemlayer/pgfsys-common-pdf.de
f
File: pgfsys-common-pdf.def 2013/10/10  (rcs-revision 1.13)
)))
(/usr/share/texlive/texmf-dist/tex/generic/pgf/systemlayer/pgfsyssoftpath.code.
tex
File: pgfsyssoftpath.code.tex 2013/09/09  (rcs-revision 1.9)
\pgfsyssoftpath@smallbuffer@items=\count146
\pgfsyssoftpath@bigbuffer@items=\count147
)
(/usr/share/texlive/texmf-dist/tex/generic/pgf/systemlayer/pgfsysprotocol.code.
tex
File: pgfsysprotocol.code.tex 2006/10/16  (rcs-revision 1.4)
)) (/usr/share/texlive/texmf-dist/tex/latex/xcolor/xcolor.sty
Package: xcolor 2016/05/11 v2.12 LaTeX color extensions (UK)

(/usr/share/texlive/texmf-dist/tex/latex/graphics-cfg/color.cfg
File: color.cfg 2016/01/02 v1.6 sample color configuration
)
Package xcolor Info: Driver file: pdftex.def on input line 225.
Package xcolor Info: Model `cmy' substituted by `cmy0' on input line 1348.
Package xcolor Info: Model `hsb' substituted by `rgb' on input line 1352.
Package xcolor Info: Model `RGB' extended on input line 1364.
Package xcolor Info: Model `HTML' substituted by `rgb' on input line 1366.
Package xcolor Info: Model `Hsb' substituted by `hsb' on input line 1367.
Package xcolor Info: Model `tHsb' substituted by `hsb' on input line 1368.
Package xcolor Info: Model `HSB' substituted by `hsb' on input line 1369.
Package xcolor Info: Model `Gray' substituted by `gray' on input line 1370.
Package xcolor Info: Model `wave' substituted by `hsb' on input line 1371.
)
(/usr/share/texlive/texmf-dist/tex/generic/pgf/basiclayer/pgfcore.code.tex
Package: pgfcore 2010/04/11 v3.0.1a (rcs-revision 1.7)

(/usr/share/texlive/texmf-dist/tex/generic/pgf/math/pgfmath.code.tex
(/usr/share/texlive/texmf-dist/tex/generic/pgf/math/pgfmathcalc.code.tex
(/usr/share/texlive/texmf-dist/tex/generic/pgf/math/pgfmathutil.code.tex)
(/usr/share/texlive/texmf-dist/tex/generic/pgf/math/pgfmathparser.code.tex
\pgfmath@dimen=\dimen173
\pgfmath@count=\count148
\pgfmath@box=\box46
\pgfmath@toks=\toks28
\pgfmath@stack@operand=\toks29
\pgfmath@stack@operation=\toks30
)
(/usr/share/texlive/texmf-dist/tex/generic/pgf/math/pgfmathfunctions.code.tex
(/usr/share/texlive/texmf-dist/tex/generic/pgf/math/pgfmathfunctions.basic.code
.tex)
(/usr/share/texlive/texmf-dist/tex/generic/pgf/math/pgfmathfunctions.trigonomet
ric.code.tex)
(/usr/share/texlive/texmf-dist/tex/generic/pgf/math/pgfmathfunctions.random.cod
e.tex)
(/usr/share/texlive/texmf-dist/tex/generic/pgf/math/pgfmathfunctions.comparison
.code.tex)
(/usr/share/texlive/texmf-dist/tex/generic/pgf/math/pgfmathfunctions.base.code.
tex)
(/usr/share/texlive/texmf-dist/tex/generic/pgf/math/pgfmathfunctions.round.code
.tex)
(/usr/share/texlive/texmf-dist/tex/generic/pgf/math/pgfmathfunctions.misc.code.
tex)
(/usr/share/texlive/texmf-dist/tex/generic/pgf/math/pgfmathfunctions.integerari
thmetics.code.tex)))
(/usr/share/texlive/texmf-dist/tex/generic/pgf/math/pgfmathfloat.code.tex
\c@pgfmathroundto@lastzeros=\count149
))
(/usr/share/texlive/texmf-dist/tex/generic/pgf/basiclayer/pgfcorepoints.code.te
x
File: pgfcorepoints.code.tex 2013/10/07  (rcs-revision 1.27)
\pgf@picminx=\dimen174
\pgf@picmaxx=\dimen175
\pgf@picminy=\dimen176
\pgf@picmaxy=\dimen177
\pgf@pathminx=\dimen178
\pgf@pathmaxx=\dimen179
\pgf@pathminy=\dimen180
\pgf@pathmaxy=\dimen181
\pgf@xx=\dimen182
\pgf@xy=\dimen183
\pgf@yx=\dimen184
\pgf@yy=\dimen185
\pgf@zx=\dimen186
\pgf@zy=\dimen187
)
(/usr/share/texlive/texmf-dist/tex/generic/pgf/basiclayer/pgfcorepathconstruct.
code.tex
File: pgfcorepathconstruct.code.tex 2013/10/07  (rcs-revision 1.29)
\pgf@path@lastx=\dimen188
\pgf@path@lasty=\dimen189
)
(/usr/share/texlive/texmf-dist/tex/generic/pgf/basiclayer/pgfcorepathusage.code
.tex
File: pgfcorepathusage.code.tex 2014/11/02  (rcs-revision 1.24)
\pgf@shorten@end@additional=\dimen190
\pgf@shorten@start@additional=\dimen191
)
(/usr/share/texlive/texmf-dist/tex/generic/pgf/basiclayer/pgfcorescopes.code.te
x
File: pgfcorescopes.code.tex 2015/05/08  (rcs-revision 1.46)
\pgfpic=\box47
\pgf@hbox=\box48
\pgf@layerbox@main=\box49
\pgf@picture@serial@count=\count150
)
(/usr/share/texlive/texmf-dist/tex/generic/pgf/basiclayer/pgfcoregraphicstate.c
ode.tex
File: pgfcoregraphicstate.code.tex 2014/11/02  (rcs-revision 1.12)
\pgflinewidth=\dimen192
)
(/usr/share/texlive/texmf-dist/tex/generic/pgf/basiclayer/pgfcoretransformation
s.code.tex
File: pgfcoretransformations.code.tex 2015/08/07  (rcs-revision 1.20)
\pgf@pt@x=\dimen193
\pgf@pt@y=\dimen194
\pgf@pt@temp=\dimen195
)
(/usr/share/texlive/texmf-dist/tex/generic/pgf/basiclayer/pgfcorequick.code.tex
File: pgfcorequick.code.tex 2008/10/09  (rcs-revision 1.3)
)
(/usr/share/texlive/texmf-dist/tex/generic/pgf/basiclayer/pgfcoreobjects.code.t
ex
File: pgfcoreobjects.code.tex 2006/10/11  (rcs-revision 1.2)
)
(/usr/share/texlive/texmf-dist/tex/generic/pgf/basiclayer/pgfcorepathprocessing
.code.tex
File: pgfcorepathprocessing.code.tex 2013/09/09  (rcs-revision 1.9)
)
(/usr/share/texlive/texmf-dist/tex/generic/pgf/basiclayer/pgfcorearrows.code.te
x
File: pgfcorearrows.code.tex 2015/05/14  (rcs-revision 1.43)
\pgfarrowsep=\dimen196
)
(/usr/share/texlive/texmf-dist/tex/generic/pgf/basiclayer/pgfcoreshade.code.tex
File: pgfcoreshade.code.tex 2013/07/15  (rcs-revision 1.15)
\pgf@max=\dimen197
\pgf@sys@shading@range@num=\count151
)
(/usr/share/texlive/texmf-dist/tex/generic/pgf/basiclayer/pgfcoreimage.code.tex
File: pgfcoreimage.code.tex 2013/07/15  (rcs-revision 1.18)

(/usr/share/texlive/texmf-dist/tex/generic/pgf/basiclayer/pgfcoreexternal.code.
tex
File: pgfcoreexternal.code.tex 2014/07/09  (rcs-revision 1.21)
\pgfexternal@startupbox=\box50
))
(/usr/share/texlive/texmf-dist/tex/generic/pgf/basiclayer/pgfcorelayers.code.te
x
File: pgfcorelayers.code.tex 2013/07/18  (rcs-revision 1.7)
)
(/usr/share/texlive/texmf-dist/tex/generic/pgf/basiclayer/pgfcoretransparency.c
ode.tex
File: pgfcoretransparency.code.tex 2013/09/30  (rcs-revision 1.5)
)
(/usr/share/texlive/texmf-dist/tex/generic/pgf/basiclayer/pgfcorepatterns.code.
tex
File: pgfcorepatterns.code.tex 2013/11/07  (rcs-revision 1.5)
)))
(/usr/share/texlive/texmf-dist/tex/generic/pgf/modules/pgfmoduleshapes.code.tex
File: pgfmoduleshapes.code.tex 2014/03/21  (rcs-revision 1.35)
\pgfnodeparttextbox=\box51
) (/usr/share/texlive/texmf-dist/tex/generic/pgf/modules/pgfmoduleplot.code.tex
File: pgfmoduleplot.code.tex 2015/08/03  (rcs-revision 1.13)
)
(/usr/share/texlive/texmf-dist/tex/latex/pgf/compatibility/pgfcomp-version-0-65
.sty
Package: pgfcomp-version-0-65 2007/07/03 v3.0.1a (rcs-revision 1.7)
\pgf@nodesepstart=\dimen198
\pgf@nodesepend=\dimen199
)
(/usr/share/texlive/texmf-dist/tex/latex/pgf/compatibility/pgfcomp-version-1-18
.sty
Package: pgfcomp-version-1-18 2007/07/23 v3.0.1a (rcs-revision 1.1)
)) (/usr/share/texlive/texmf-dist/tex/latex/pgf/utilities/pgffor.sty
(/usr/share/texlive/texmf-dist/tex/latex/pgf/utilities/pgfkeys.sty
(/usr/share/texlive/texmf-dist/tex/generic/pgf/utilities/pgfkeys.code.tex))
(/usr/share/texlive/texmf-dist/tex/latex/pgf/math/pgfmath.sty
(/usr/share/texlive/texmf-dist/tex/generic/pgf/math/pgfmath.code.tex))
(/usr/share/texlive/texmf-dist/tex/generic/pgf/utilities/pgffor.code.tex
Package: pgffor 2013/12/13 v3.0.1a (rcs-revision 1.25)

(/usr/share/texlive/texmf-dist/tex/generic/pgf/math/pgfmath.code.tex)
\pgffor@iter=\dimen256
\pgffor@skip=\dimen257
\pgffor@stack=\toks31
\pgffor@toks=\toks32
))
(/usr/share/texlive/texmf-dist/tex/generic/pgf/frontendlayer/tikz/tikz.code.tex
Package: tikz 2015/08/07 v3.0.1a (rcs-revision 1.151)

(/usr/share/texlive/texmf-dist/tex/generic/pgf/libraries/pgflibraryplothandlers
.code.tex
File: pgflibraryplothandlers.code.tex 2013/08/31 v3.0.1a (rcs-revision 1.20)
\pgf@plot@mark@count=\count152
\pgfplotmarksize=\dimen258
)
\tikz@lastx=\dimen259
\tikz@lasty=\dimen260
\tikz@lastxsaved=\dimen261
\tikz@lastysaved=\dimen262
\tikzleveldistance=\dimen263
\tikzsiblingdistance=\dimen264
\tikz@figbox=\box52
\tikz@figbox@bg=\box53
\tikz@tempbox=\box54
\tikz@tempbox@bg=\box55
\tikztreelevel=\count153
\tikznumberofchildren=\count154
\tikznumberofcurrentchild=\count155
\tikz@fig@count=\count156

(/usr/share/texlive/texmf-dist/tex/generic/pgf/modules/pgfmodulematrix.code.tex
File: pgfmodulematrix.code.tex 2013/09/17  (rcs-revision 1.8)
\pgfmatrixcurrentrow=\count157
\pgfmatrixcurrentcolumn=\count158
\pgf@matrix@numberofcolumns=\count159
)
\tikz@expandcount=\count160

(/usr/share/texlive/texmf-dist/tex/generic/pgf/frontendlayer/tikz/libraries/tik
zlibrarytopaths.code.tex
File: tikzlibrarytopaths.code.tex 2008/06/17 v3.0.1a (rcs-revision 1.2)
)))
(/usr/share/texlive/texmf-dist/tex/generic/pgf/frontendlayer/tikz/libraries/tik
zlibraryshapes.code.tex
File: tikzlibraryshapes.code.tex 2008/01/09 v3.0.1a (rcs-revision 1.1)

(/usr/share/texlive/texmf-dist/tex/generic/pgf/frontendlayer/tikz/libraries/tik
zlibraryshapes.geometric.code.tex
File: tikzlibraryshapes.geometric.code.tex 2008/01/09 v3.0.1a (rcs-revision 1.1
)

(/usr/share/texlive/texmf-dist/tex/generic/pgf/libraries/shapes/pgflibraryshape
s.geometric.code.tex
File: pgflibraryshapes.geometric.code.tex 2008/06/26 v3.0.1a (rcs-revision 1.1)

))
(/usr/share/texlive/texmf-dist/tex/generic/pgf/frontendlayer/tikz/libraries/tik
zlibraryshapes.misc.code.tex
File: tikzlibraryshapes.misc.code.tex 2008/01/09 v3.0.1a (rcs-revision 1.1)

(/usr/share/texlive/texmf-dist/tex/generic/pgf/libraries/shapes/pgflibraryshape
s.misc.code.tex
File: pgflibraryshapes.misc.code.tex 2013/07/18 v3.0.1a (rcs-revision 1.5)
))
(/usr/share/texlive/texmf-dist/tex/generic/pgf/frontendlayer/tikz/libraries/tik
zlibraryshapes.symbols.code.tex
File: tikzlibraryshapes.symbols.code.tex 2008/01/09 v3.0.1a (rcs-revision 1.1)

(/usr/share/texlive/texmf-dist/tex/generic/pgf/libraries/shapes/pgflibraryshape
s.symbols.code.tex
File: pgflibraryshapes.symbols.code.tex 2013/09/11 v3.0.1a (rcs-revision 1.6)
))
(/usr/share/texlive/texmf-dist/tex/generic/pgf/frontendlayer/tikz/libraries/tik
zlibraryshapes.arrows.code.tex
File: tikzlibraryshapes.arrows.code.tex 2008/01/09 v3.0.1a (rcs-revision 1.1)

(/usr/share/texlive/texmf-dist/tex/generic/pgf/libraries/shapes/pgflibraryshape
s.arrows.code.tex
File: pgflibraryshapes.arrows.code.tex 2008/06/26 v3.0.1a (rcs-revision 1.1)
))
(/usr/share/texlive/texmf-dist/tex/generic/pgf/frontendlayer/tikz/libraries/tik
zlibraryshapes.callouts.code.tex
(/usr/share/texlive/texmf-dist/tex/generic/pgf/libraries/shapes/pgflibraryshape
s.callouts.code.tex))
(/usr/share/texlive/texmf-dist/tex/generic/pgf/frontendlayer/tikz/libraries/tik
zlibraryshapes.multipart.code.tex
File: tikzlibraryshapes.multipart.code.tex 2008/01/09 v3.0.1a (rcs-revision 1.1
)

(/usr/share/texlive/texmf-dist/tex/generic/pgf/libraries/shapes/pgflibraryshape
s.multipart.code.tex
File: pgflibraryshapes.multipart.code.tex 2010/01/07 v3.0.1a (rcs-revision 1.2)

\pgfnodepartlowerbox=\box56
\pgfnodeparttwobox=\box57
\pgfnodepartthreebox=\box58
\pgfnodepartfourbox=\box59
\pgfnodeparttwentybox=\box60
\pgfnodepartnineteenbox=\box61
\pgfnodeparteighteenbox=\box62
\pgfnodepartseventeenbox=\box63
\pgfnodepartsixteenbox=\box64
\pgfnodepartfifteenbox=\box65
\pgfnodepartfourteenbox=\box66
\pgfnodepartthirteenbox=\box67
\pgfnodeparttwelvebox=\box68
\pgfnodepartelevenbox=\box69
\pgfnodeparttenbox=\box70
\pgfnodepartninebox=\box71
\pgfnodeparteightbox=\box72
\pgfnodepartsevenbox=\box73
\pgfnodepartsixbox=\box74
\pgfnodepartfivebox=\box75
)))
(/usr/share/texlive/texmf-dist/tex/generic/pgf/frontendlayer/tikz/libraries/tik
zlibraryarrows.code.tex
File: tikzlibraryarrows.code.tex 2008/01/09 v3.0.1a (rcs-revision 1.1)

(/usr/share/texlive/texmf-dist/tex/generic/pgf/libraries/pgflibraryarrows.code.
tex
File: pgflibraryarrows.code.tex 2013/09/23 v3.0.1a (rcs-revision 1.16)
\arrowsize=\dimen265
))
(/usr/share/texlive/texmf-dist/tex/generic/pgf/frontendlayer/tikz/libraries/tik
zlibrarypositioning.code.tex
File: tikzlibrarypositioning.code.tex 2008/10/06 v3.0.1a (rcs-revision 1.7)
)
(/usr/share/texlive/texmf-dist/tex/generic/pgf/frontendlayer/tikz/libraries/tik
zlibrarycalc.code.tex
File: tikzlibrarycalc.code.tex 2013/07/15 v3.0.1a (rcs-revision 1.9)
)
(/usr/share/texlive/texmf-dist/tex/latex/hyperref/hyperref.sty
Package: hyperref 2016/05/21 v6.83p Hypertext links for LaTeX

(/usr/share/texlive/texmf-dist/tex/generic/oberdiek/hobsub-hyperref.sty
Package: hobsub-hyperref 2016/05/16 v1.14 Bundle oberdiek, subset hyperref (HO)


(/usr/share/texlive/texmf-dist/tex/generic/oberdiek/hobsub-generic.sty
Package: hobsub-generic 2016/05/16 v1.14 Bundle oberdiek, subset generic (HO)
Package: hobsub 2016/05/16 v1.14 Construct package bundles (HO)
Package hobsub Info: Skipping package `infwarerr' (already loaded).
Package hobsub Info: Skipping package `ltxcmds' (already loaded).
Package: ifluatex 2016/05/16 v1.4 Provides the ifluatex switch (HO)
Package ifluatex Info: LuaTeX not detected.
Package: ifvtex 2016/05/16 v1.6 Detect VTeX and its facilities (HO)
Package ifvtex Info: VTeX not detected.
Package: intcalc 2016/05/16 v1.2 Expandable calculations with integers (HO)
Package: ifpdf 2016/05/14 v3.1 Provides the ifpdf switch
Package: etexcmds 2016/05/16 v1.6 Avoid name clashes with e-TeX commands (HO)
Package etexcmds Info: Could not find \expanded.
(etexcmds)             That can mean that you are not using pdfTeX 1.50 or
(etexcmds)             that some package has redefined \expanded.
(etexcmds)             In the latter case, load this package earlier.
Package: kvsetkeys 2016/05/16 v1.17 Key value parser (HO)
Package: kvdefinekeys 2016/05/16 v1.4 Define keys (HO)
Package: pdftexcmds 2016/05/21 v0.22 Utility functions of pdfTeX for LuaTeX (HO
)
Package pdftexcmds Info: LuaTeX not detected.
Package pdftexcmds Info: \pdf@primitive is available.
Package pdftexcmds Info: \pdf@ifprimitive is available.
Package pdftexcmds Info: \pdfdraftmode found.
Package: pdfescape 2016/05/16 v1.14 Implements pdfTeX's escape features (HO)
Package: bigintcalc 2016/05/16 v1.4 Expandable calculations on big integers (HO
)
Package: bitset 2016/05/16 v1.2 Handle bit-vector datatype (HO)
Package: uniquecounter 2016/05/16 v1.3 Provide unlimited unique counter (HO)
)
Package hobsub Info: Skipping package `hobsub' (already loaded).
Package: letltxmacro 2016/05/16 v1.5 Let assignment for LaTeX macros (HO)
Package: hopatch 2016/05/16 v1.3 Wrapper for package hooks (HO)
Package: xcolor-patch 2016/05/16 xcolor patch
Package: atveryend 2016/05/16 v1.9 Hooks at the very end of document (HO)
Package atveryend Info: \enddocument detected (standard20110627).
Package: atbegshi 2016/06/09 v1.18 At begin shipout hook (HO)
Package: refcount 2016/05/16 v3.5 Data extraction from label references (HO)
Package: hycolor 2016/05/16 v1.8 Color options for hyperref/bookmark (HO)
)
(/usr/share/texlive/texmf-dist/tex/generic/ifxetex/ifxetex.sty
Package: ifxetex 2010/09/12 v0.6 Provides ifxetex conditional
)
(/usr/share/texlive/texmf-dist/tex/latex/oberdiek/auxhook.sty
Package: auxhook 2016/05/16 v1.4 Hooks for auxiliary files (HO)
)
(/usr/share/texlive/texmf-dist/tex/latex/oberdiek/kvoptions.sty
Package: kvoptions 2016/05/16 v3.12 Key value format for package options (HO)
)
\@linkdim=\dimen266
\Hy@linkcounter=\count161
\Hy@pagecounter=\count162

(/usr/share/texlive/texmf-dist/tex/latex/hyperref/pd1enc.def
File: pd1enc.def 2016/05/21 v6.83p Hyperref: PDFDocEncoding definition (HO)
)
\Hy@SavedSpaceFactor=\count163

(/usr/share/texlive/texmf-dist/tex/latex/latexconfig/hyperref.cfg
File: hyperref.cfg 2002/06/06 v1.2 hyperref configuration of TeXLive
)
Package hyperref Info: Option `bookmarks' set `false' on input line 4362.
Package hyperref Info: Hyper figures OFF on input line 4486.
Package hyperref Info: Link nesting OFF on input line 4491.
Package hyperref Info: Hyper index ON on input line 4494.
Package hyperref Info: Plain pages OFF on input line 4501.
Package hyperref Info: Backreferencing OFF on input line 4506.
Package hyperref Info: Implicit mode ON; LaTeX internals redefined.
Package hyperref Info: Bookmarks OFF on input line 4741.
\c@Hy@tempcnt=\count164
LaTeX Info: Redefining \url on input line 5088.
\XeTeXLinkMargin=\dimen267
\Fld@menulength=\count165
\Field@Width=\dimen268
\Fld@charsize=\dimen269
Package hyperref Info: Hyper figures OFF on input line 6342.
Package hyperref Info: Link nesting OFF on input line 6347.
Package hyperref Info: Hyper index ON on input line 6350.
Package hyperref Info: backreferencing OFF on input line 6357.
Package hyperref Info: Link coloring OFF on input line 6362.
Package hyperref Info: Link coloring with OCG OFF on input line 6367.
Package hyperref Info: PDF/A mode OFF on input line 6372.
LaTeX Info: Redefining \ref on input line 6412.
LaTeX Info: Redefining \pageref on input line 6416.
\Hy@abspage=\count166
\c@Item=\count167
\c@Hfootnote=\count168
)

Package hyperref Message: Driver (autodetected): hpdftex.

(/usr/share/texlive/texmf-dist/tex/latex/hyperref/hpdftex.def
File: hpdftex.def 2016/05/21 v6.83p Hyperref driver for pdfTeX
\Fld@listcount=\count169
\c@bookmark@seq@number=\count170

(/usr/share/texlive/texmf-dist/tex/latex/oberdiek/rerunfilecheck.sty
Package: rerunfilecheck 2016/05/16 v1.8 Rerun checks for auxiliary files (HO)
Package uniquecounter Info: New unique counter `rerunfilecheck' on input line 2
82.
)
\Hy@SectionHShift=\skip61
)
(/usr/share/texlive/texmf-dist/tex/latex/multirow/multirow.sty
\bigstrutjot=\dimen270
)
\c@theorem=\count171
\c@remark=\count172
\c@proposition=\count173

(./KirchhoffPH_CDC.aux)
\openout1 = `KirchhoffPH_CDC.aux'.

LaTeX Font Info:    Checking defaults for OML/cmm/m/it on input line 57.
LaTeX Font Info:    ... okay on input line 57.
LaTeX Font Info:    Checking defaults for T1/cmr/m/n on input line 57.
LaTeX Font Info:    ... okay on input line 57.
LaTeX Font Info:    Checking defaults for OT1/cmr/m/n on input line 57.
LaTeX Font Info:    ... okay on input line 57.
LaTeX Font Info:    Checking defaults for OMS/cmsy/m/n on input line 57.
LaTeX Font Info:    ... okay on input line 57.
LaTeX Font Info:    Checking defaults for OMX/cmex/m/n on input line 57.
LaTeX Font Info:    ... okay on input line 57.
LaTeX Font Info:    Checking defaults for U/cmr/m/n on input line 57.
LaTeX Font Info:    ... okay on input line 57.
LaTeX Font Info:    Checking defaults for PD1/pdf/m/n on input line 57.
LaTeX Font Info:    ... okay on input line 57.

(/usr/share/texlive/texmf-dist/tex/context/base/mkii/supp-pdf.mkii
[Loading MPS to PDF converter (version 2006.09.02).]
\scratchcounter=\count174
\scratchdimen=\dimen271
\scratchbox=\box76
\nofMPsegments=\count175
\nofMParguments=\count176
\everyMPshowfont=\toks33
\MPscratchCnt=\count177
\MPscratchDim=\dimen272
\MPnumerator=\count178
\makeMPintoPDFobject=\count179
\everyMPtoPDFconversion=\toks34
) (/usr/share/texlive/texmf-dist/tex/latex/oberdiek/epstopdf-base.sty
Package: epstopdf-base 2016/05/15 v2.6 Base part for package epstopdf

(/usr/share/texlive/texmf-dist/tex/latex/oberdiek/grfext.sty
Package: grfext 2016/05/16 v1.2 Manage graphics extensions (HO)
)
Package epstopdf-base Info: Redefining graphics rule for `.eps' on input line 4
38.
Package grfext Info: Graphics extension search list:
(grfext)             [.png,.pdf,.jpg,.mps,.jpeg,.jbig2,.jb2,.PNG,.PDF,.JPG,.JPE
G,.JBIG2,.JB2,.eps]
(grfext)             \AppendGraphicsExtensions on input line 456.

(/usr/share/texlive/texmf-dist/tex/latex/latexconfig/epstopdf-sys.cfg
File: epstopdf-sys.cfg 2010/07/13 v1.3 Configuration of (r)epstopdf for TeX Liv
e
))
Package caption Info: Begin \AtBeginDocument code.
Package caption Info: subfig package v1.3 is loaded.
Package caption Info: hyperref package is loaded.
Package caption Info: End \AtBeginDocument code.

ABD: EveryShipout initializing macros
\AtBeginShipoutBox=\box77
Package hyperref Info: Link coloring OFF on input line 57.

(/usr/share/texlive/texmf-dist/tex/latex/hyperref/nameref.sty
Package: nameref 2016/05/21 v2.44 Cross-referencing by name of section

(/usr/share/texlive/texmf-dist/tex/generic/oberdiek/gettitlestring.sty
Package: gettitlestring 2016/05/16 v1.5 Cleanup title references (HO)
)
\c@section@level=\count180
)
LaTeX Info: Redefining \ref on input line 57.
LaTeX Info: Redefining \pageref on input line 57.
LaTeX Info: Redefining \nameref on input line 57.
LaTeX Font Info:    Calculating math sizes for size <11> on input line 61.
LaTeX Font Info:    Try loading font information for U+msa on input line 61.

(/usr/share/texlive/texmf-dist/tex/latex/amsfonts/umsa.fd
File: umsa.fd 2013/01/14 v3.01 AMS symbols A
)
LaTeX Font Info:    Try loading font information for U+msb on input line 61.

(/usr/share/texlive/texmf-dist/tex/latex/amsfonts/umsb.fd
File: umsb.fd 2013/01/14 v3.01 AMS symbols B
)
LaTeX Font Info:    Try loading font information for U+rsfs on input line 61.

(/usr/share/texlive/texmf-dist/tex/latex/jknapltx/ursfs.fd
File: ursfs.fd 1998/03/24 rsfs font definition file (jk)
)
LaTeX Font Info:    Try loading font information for OT1+pcr on input line 61.

(/usr/share/texlive/texmf-dist/tex/latex/psnfss/ot1pcr.fd
File: ot1pcr.fd 2001/06/04 font definitions for OT1/pcr.
)
LaTeX Font Info:    Try loading font information for OMS+pcr on input line 61.

(/usr/share/texlive/texmf-dist/tex/latex/psnfss/omspcr.fd
File: omspcr.fd 
)
LaTeX Font Info:    Font shape `OMS/pcr/m/n' in size <9> not available
(Font)              Font shape `OMS/cmsy/m/n' tried instead on input line 61.

Underfull \hbox (badness 10000) in paragraph at lines 61--61
[][][]$[]$\OT1/ptm/m/n/8 Andrea Brug-noli, Daniel Alazard, Val[]erie Pommier-Bu
dinger
 []


Underfull \hbox (badness 10000) in paragraph at lines 61--61
\OT1/ptm/m/n/8 and De-nis Matignon are with ISAE-SUPAERO, Uni-ver-sit[]e de
 []


Underfull \hbox (badness 10000) in paragraph at lines 61--61
\OT1/ptm/m/n/8 Toulouse, France, 10 Av-enue Edouard Be-lin, BP-54032, 31055
 []


Underfull \hbox (badness 10000) in paragraph at lines 92--93

 []


Underfull \hbox (badness 5756) in paragraph at lines 94--95
\OT1/ptm/m/n/10 pro-ce-dure that pre-serves the port-Hamiltonian na-ture
 []


Underfull \hbox (badness 2012) in paragraph at lines 94--95
\OT1/ptm/m/n/10 a structure-preserving dis-cretiza-tion dates back to [5],
 []


Underfull \hbox (badness 1442) in paragraph at lines 94--95
\OT1/ptm/m/n/10 by a weak for-mu-la-tion in [7], lead-ing to a Galerkin
 []


Underfull \hbox (badness 10000) in paragraph at lines 94--95

 []


Underfull \hbox (badness 10000) in paragraph at lines 96--97

 []

[1{/usr/share/texlive/texmf-dist/fonts/map/pdftex/updmap/pdftex.map}


] [2]
[3]
Underfull \hbox (badness 2846) in paragraph at lines 356--358
\OT1/ptm/m/n/10 and sim-ply sup-ported bound-ary con-di-tions ap-ply and
 []


Overfull \hbox (0.52293pt too wide) detected at line 398
[][] []
 []


Underfull \hbox (badness 4647) in paragraph at lines 413--414
[]\OT1/ptm/m/n/10 It has to be ap-pointed that the space
 []


Overfull \hbox (8.9714pt too wide) detected at line 435
[][] []
 []

[4]
Overfull \hbox (10.01753pt too wide) detected at line 558
[]\OML/cmm/b/it/10 E[] \OT1/cmr/m/n/10 = [] \OML/cmm/m/it/10 ;  \OML/cmm/b/it/1
0 J[] \OT1/cmr/m/n/10 = [] \OML/cmm/m/it/10 ;
 []

Package epstopdf Info: Source file: <./Figures/InterconnectionRod/HamiltonianNo
Rod_cropped.eps>
(epstopdf)                    date: 2019-02-16 20:52:28
(epstopdf)                    size: 462901 bytes
(epstopdf)             Output file: <./Figures/InterconnectionRod/HamiltonianNo
Rod_cropped-eps-converted-to.pdf>
(epstopdf)                    date: 2019-02-16 20:53:01
(epstopdf)                    size: 10184 bytes
(epstopdf)             Command: <repstopdf --outfile=./Figures/InterconnectionR
od/HamiltonianNoRod_cropped-eps-converted-to.pdf ./Figures/InterconnectionRod/H
amiltonianNoRod_cropped.eps>
(epstopdf)             \includegraphics on input line 579.
Package epstopdf Info: Output file is already uptodate.

<./Figures/InterconnectionRod/HamiltonianNoRod_cropped-eps-converted-to.pdf, id
=120, 405.515pt x 321.2pt>
File: ./Figures/InterconnectionRod/HamiltonianNoRod_cropped-eps-converted-to.pd
f Graphic file (type pdf)

<use ./Figures/InterconnectionRod/HamiltonianNoRod_cropped-eps-converted-to.pdf
>
Package pdftex.def Info: ./Figures/InterconnectionRod/HamiltonianNoRod_cropped-
eps-converted-to.pdf used on input line 579.
(pdftex.def)             Requested size: 126.54466pt x 100.23262pt.
Package epstopdf Info: Source file: <./Figures/InterconnectionRod/HamiltonianRo
d_cropped.eps>
(epstopdf)                    date: 2019-02-16 16:38:30
(epstopdf)                    size: 456730 bytes
(epstopdf)             Output file: <./Figures/InterconnectionRod/HamiltonianRo
d_cropped-eps-converted-to.pdf>
(epstopdf)                    date: 2019-02-16 20:49:58
(epstopdf)                    size: 13905 bytes
(epstopdf)             Command: <repstopdf --outfile=./Figures/InterconnectionR
od/HamiltonianRod_cropped-eps-converted-to.pdf ./Figures/InterconnectionRod/Ham
iltonianRod_cropped.eps>
(epstopdf)             \includegraphics on input line 582.
Package epstopdf Info: Output file is already uptodate.

<./Figures/InterconnectionRod/HamiltonianRod_cropped-eps-converted-to.pdf, id=1
21, 381.425pt x 321.2pt>
File: ./Figures/InterconnectionRod/HamiltonianRod_cropped-eps-converted-to.pdf 
Graphic file (type pdf)

<use ./Figures/InterconnectionRod/HamiltonianRod_cropped-eps-converted-to.pdf>
Package pdftex.def Info: ./Figures/InterconnectionRod/HamiltonianRod_cropped-ep
s-converted-to.pdf used on input line 582.
(pdftex.def)             Requested size: 119.17343pt x 100.35515pt.

Underfull \hbox (badness 10000) in paragraph at lines 615--615
[][][][][]\OT1/ptm/m/n/8 Complete videos are ac-ces-si-ble at []$\OT1/pcr/m/n/8
 https : / / github . com /
 []

Package epstopdf Info: Source file: <./Figures/InterconnectionRod/SnapNoRod_t25
_cropped.eps>
(epstopdf)                    date: 2019-02-16 17:18:16
(epstopdf)                    size: 409799 bytes
(epstopdf)             Output file: <./Figures/InterconnectionRod/SnapNoRod_t25
_cropped-eps-converted-to.pdf>
(epstopdf)                    date: 2019-02-16 17:36:49
(epstopdf)                    size: 17939 bytes
(epstopdf)             Command: <repstopdf --outfile=./Figures/InterconnectionR
od/SnapNoRod_t25_cropped-eps-converted-to.pdf ./Figures/InterconnectionRod/Snap
NoRod_t25_cropped.eps>
(epstopdf)             \includegraphics on input line 620.
Package epstopdf Info: Output file is already uptodate.

<./Figures/InterconnectionRod/SnapNoRod_t25_cropped-eps-converted-to.pdf, id=12
6, 331.2375pt x 269.005pt>
File: ./Figures/InterconnectionRod/SnapNoRod_t25_cropped-eps-converted-to.pdf G
raphic file (type pdf)

<use ./Figures/InterconnectionRod/SnapNoRod_t25_cropped-eps-converted-to.pdf>
Package pdftex.def Info: ./Figures/InterconnectionRod/SnapNoRod_t25_cropped-eps
-converted-to.pdf used on input line 620.
(pdftex.def)             Requested size: 126.47249pt x 102.71141pt.
Package epstopdf Info: Source file: <./Figures/InterconnectionRod/SnapNoRod_t50
_cropped.eps>
(epstopdf)                    date: 2019-02-16 17:18:27
(epstopdf)                    size: 409654 bytes
(epstopdf)             Output file: <./Figures/InterconnectionRod/SnapNoRod_t50
_cropped-eps-converted-to.pdf>
(epstopdf)                    date: 2019-02-16 17:36:50
(epstopdf)                    size: 17961 bytes
(epstopdf)             Command: <repstopdf --outfile=./Figures/InterconnectionR
od/SnapNoRod_t50_cropped-eps-converted-to.pdf ./Figures/InterconnectionRod/Snap
NoRod_t50_cropped.eps>
(epstopdf)             \includegraphics on input line 623.
Package epstopdf Info: Output file is already uptodate.

<./Figures/InterconnectionRod/SnapNoRod_t50_cropped-eps-converted-to.pdf, id=12
7, 331.2375pt x 269.005pt>
File: ./Figures/InterconnectionRod/SnapNoRod_t50_cropped-eps-converted-to.pdf G
raphic file (type pdf)

<use ./Figures/InterconnectionRod/SnapNoRod_t50_cropped-eps-converted-to.pdf>
Package pdftex.def Info: ./Figures/InterconnectionRod/SnapNoRod_t50_cropped-eps
-converted-to.pdf used on input line 623.
(pdftex.def)             Requested size: 126.47249pt x 102.71141pt.
Package epstopdf Info: Source file: <./Figures/InterconnectionRod/SnapNoRod_t75
_cropped.eps>
(epstopdf)                    date: 2019-02-16 17:18:05
(epstopdf)                    size: 409353 bytes
(epstopdf)             Output file: <./Figures/InterconnectionRod/SnapNoRod_t75
_cropped-eps-converted-to.pdf>
(epstopdf)                    date: 2019-02-16 17:39:45
(epstopdf)                    size: 17874 bytes
(epstopdf)             Command: <repstopdf --outfile=./Figures/InterconnectionR
od/SnapNoRod_t75_cropped-eps-converted-to.pdf ./Figures/InterconnectionRod/Snap
NoRod_t75_cropped.eps>
(epstopdf)             \includegraphics on input line 625.
Package epstopdf Info: Output file is already uptodate.

<./Figures/InterconnectionRod/SnapNoRod_t75_cropped-eps-converted-to.pdf, id=12
8, 331.2375pt x 269.005pt>
File: ./Figures/InterconnectionRod/SnapNoRod_t75_cropped-eps-converted-to.pdf G
raphic file (type pdf)

<use ./Figures/InterconnectionRod/SnapNoRod_t75_cropped-eps-converted-to.pdf>
Package pdftex.def Info: ./Figures/InterconnectionRod/SnapNoRod_t75_cropped-eps
-converted-to.pdf used on input line 625.
(pdftex.def)             Requested size: 126.47249pt x 102.71141pt.
Package epstopdf Info: Source file: <./Figures/InterconnectionRod/SnapNoRod_t10
0_cropped.eps>
(epstopdf)                    date: 2019-02-16 17:18:37
(epstopdf)                    size: 409339 bytes
(epstopdf)             Output file: <./Figures/InterconnectionRod/SnapNoRod_t10
0_cropped-eps-converted-to.pdf>
(epstopdf)                    date: 2019-02-16 17:39:46
(epstopdf)                    size: 17786 bytes
(epstopdf)             Command: <repstopdf --outfile=./Figures/InterconnectionR
od/SnapNoRod_t100_cropped-eps-converted-to.pdf ./Figures/InterconnectionRod/Sna
pNoRod_t100_cropped.eps>
(epstopdf)             \includegraphics on input line 628.
Package epstopdf Info: Output file is already uptodate.

<./Figures/InterconnectionRod/SnapNoRod_t100_cropped-eps-converted-to.pdf, id=1
29, 331.2375pt x 269.005pt>
File: ./Figures/InterconnectionRod/SnapNoRod_t100_cropped-eps-converted-to.pdf 
Graphic file (type pdf)

<use ./Figures/InterconnectionRod/SnapNoRod_t100_cropped-eps-converted-to.pdf>
Package pdftex.def Info: ./Figures/InterconnectionRod/SnapNoRod_t100_cropped-ep
s-converted-to.pdf used on input line 628.
(pdftex.def)             Requested size: 126.47249pt x 102.71141pt.
Package epstopdf Info: Source file: <./Figures/InterconnectionRod/SnapRod_t25_c
ropped.eps>
(epstopdf)                    date: 2019-02-16 17:17:09
(epstopdf)                    size: 413356 bytes
(epstopdf)             Output file: <./Figures/InterconnectionRod/SnapRod_t25_c
ropped-eps-converted-to.pdf>
(epstopdf)                    date: 2019-02-16 17:41:33
(epstopdf)                    size: 19479 bytes
(epstopdf)             Command: <repstopdf --outfile=./Figures/InterconnectionR
od/SnapRod_t25_cropped-eps-converted-to.pdf ./Figures/InterconnectionRod/SnapRo
d_t25_cropped.eps>
(epstopdf)             \includegraphics on input line 636.
Package epstopdf Info: Output file is already uptodate.

<./Figures/InterconnectionRod/SnapRod_t25_cropped-eps-converted-to.pdf, id=130,
 331.2375pt x 269.005pt>
File: ./Figures/InterconnectionRod/SnapRod_t25_cropped-eps-converted-to.pdf Gra
phic file (type pdf)

<use ./Figures/InterconnectionRod/SnapRod_t25_cropped-eps-converted-to.pdf>
Package pdftex.def Info: ./Figures/InterconnectionRod/SnapRod_t25_cropped-eps-c
onverted-to.pdf used on input line 636.
(pdftex.def)             Requested size: 126.47249pt x 102.71141pt.
Package epstopdf Info: Source file: <./Figures/InterconnectionRod/SnapRod_t50_c
ropped.eps>
(epstopdf)                    date: 2019-02-16 17:16:39
(epstopdf)                    size: 412891 bytes
(epstopdf)             Output file: <./Figures/InterconnectionRod/SnapRod_t50_c
ropped-eps-converted-to.pdf>
(epstopdf)                    date: 2019-02-16 17:41:34
(epstopdf)                    size: 19388 bytes
(epstopdf)             Command: <repstopdf --outfile=./Figures/InterconnectionR
od/SnapRod_t50_cropped-eps-converted-to.pdf ./Figures/InterconnectionRod/SnapRo
d_t50_cropped.eps>
(epstopdf)             \includegraphics on input line 639.
Package epstopdf Info: Output file is already uptodate.

<./Figures/InterconnectionRod/SnapRod_t50_cropped-eps-converted-to.pdf, id=131,
 331.2375pt x 269.005pt>
File: ./Figures/InterconnectionRod/SnapRod_t50_cropped-eps-converted-to.pdf Gra
phic file (type pdf)

<use ./Figures/InterconnectionRod/SnapRod_t50_cropped-eps-converted-to.pdf>
Package pdftex.def Info: ./Figures/InterconnectionRod/SnapRod_t50_cropped-eps-c
onverted-to.pdf used on input line 639.
(pdftex.def)             Requested size: 126.47249pt x 102.71141pt.
Package epstopdf Info: Source file: <./Figures/InterconnectionRod/SnapRod_t75_c
ropped.eps>
(epstopdf)                    date: 2019-02-16 17:17:44
(epstopdf)                    size: 413178 bytes
(epstopdf)             Output file: <./Figures/InterconnectionRod/SnapRod_t75_c
ropped-eps-converted-to.pdf>
(epstopdf)                    date: 2019-02-16 17:41:35
(epstopdf)                    size: 19252 bytes
(epstopdf)             Command: <repstopdf --outfile=./Figures/InterconnectionR
od/SnapRod_t75_cropped-eps-converted-to.pdf ./Figures/InterconnectionRod/SnapRo
d_t75_cropped.eps>
(epstopdf)             \includegraphics on input line 641.
Package epstopdf Info: Output file is already uptodate.

<./Figures/InterconnectionRod/SnapRod_t75_cropped-eps-converted-to.pdf, id=132,
 331.2375pt x 269.005pt>
File: ./Figures/InterconnectionRod/SnapRod_t75_cropped-eps-converted-to.pdf Gra
phic file (type pdf)

<use ./Figures/InterconnectionRod/SnapRod_t75_cropped-eps-converted-to.pdf>
Package pdftex.def Info: ./Figures/InterconnectionRod/SnapRod_t75_cropped-eps-c
onverted-to.pdf used on input line 641.
(pdftex.def)             Requested size: 126.47249pt x 102.71141pt.
Package epstopdf Info: Source file: <./Figures/InterconnectionRod/SnapRod_t100_
cropped.eps>
(epstopdf)                    date: 2019-02-16 17:17:57
(epstopdf)                    size: 412764 bytes
(epstopdf)             Output file: <./Figures/InterconnectionRod/SnapRod_t100_
cropped-eps-converted-to.pdf>
(epstopdf)                    date: 2019-02-16 17:41:36
(epstopdf)                    size: 19319 bytes
(epstopdf)             Command: <repstopdf --outfile=./Figures/InterconnectionR
od/SnapRod_t100_cropped-eps-converted-to.pdf ./Figures/InterconnectionRod/SnapR
od_t100_cropped.eps>
(epstopdf)             \includegraphics on input line 644.
Package epstopdf Info: Output file is already uptodate.

<./Figures/InterconnectionRod/SnapRod_t100_cropped-eps-converted-to.pdf, id=133
, 331.2375pt x 269.005pt>
File: ./Figures/InterconnectionRod/SnapRod_t100_cropped-eps-converted-to.pdf Gr
aphic file (type pdf)

<use ./Figures/InterconnectionRod/SnapRod_t100_cropped-eps-converted-to.pdf>
Package pdftex.def Info: ./Figures/InterconnectionRod/SnapRod_t100_cropped-eps-
converted-to.pdf used on input line 644.
(pdftex.def)             Requested size: 126.47249pt x 102.71141pt.

[5 <./Figures/InterconnectionRod/HamiltonianNoRod_cropped-eps-converted-to.pdf>
 <./Figures/InterconnectionRod/HamiltonianRod_cropped-eps-converted-to.pdf>]
Package epstopdf Info: Source file: <./Figures/DampingInjection/Snapshot_t_60_c
ropped.eps>
(epstopdf)                    date: 2019-02-17 18:45:00
(epstopdf)                    size: 422396 bytes
(epstopdf)             Output file: <./Figures/DampingInjection/Snapshot_t_60_c
ropped-eps-converted-to.pdf>
(epstopdf)                    date: 2019-02-17 19:47:13
(epstopdf)                    size: 21049 bytes
(epstopdf)             Command: <repstopdf --outfile=./Figures/DampingInjection
/Snapshot_t_60_cropped-eps-converted-to.pdf ./Figures/DampingInjection/Snapshot
_t_60_cropped.eps>
(epstopdf)             \includegraphics on input line 685.
Package epstopdf Info: Output file is already uptodate.

<./Figures/DampingInjection/Snapshot_t_60_cropped-eps-converted-to.pdf, id=195,
 316.18124pt x 277.035pt>
File: ./Figures/DampingInjection/Snapshot_t_60_cropped-eps-converted-to.pdf Gra
phic file (type pdf)

<use ./Figures/DampingInjection/Snapshot_t_60_cropped-eps-converted-to.pdf>
Package pdftex.def Info: ./Figures/DampingInjection/Snapshot_t_60_cropped-eps-c
onverted-to.pdf used on input line 685.
(pdftex.def)             Requested size: 122.85905pt x 107.64584pt.
Package epstopdf Info: Source file: <./Figures/DampingInjection/Snapshot_t_160_
cropped.eps>
(epstopdf)                    date: 2019-02-17 18:45:11
(epstopdf)                    size: 422545 bytes
(epstopdf)             Output file: <./Figures/DampingInjection/Snapshot_t_160_
cropped-eps-converted-to.pdf>
(epstopdf)                    date: 2019-02-17 19:47:13
(epstopdf)                    size: 21080 bytes
(epstopdf)             Command: <repstopdf --outfile=./Figures/DampingInjection
/Snapshot_t_160_cropped-eps-converted-to.pdf ./Figures/DampingInjection/Snapsho
t_t_160_cropped.eps>
(epstopdf)             \includegraphics on input line 687.
Package epstopdf Info: Output file is already uptodate.

<./Figures/DampingInjection/Snapshot_t_160_cropped-eps-converted-to.pdf, id=196
, 316.18124pt x 277.035pt>
File: ./Figures/DampingInjection/Snapshot_t_160_cropped-eps-converted-to.pdf Gr
aphic file (type pdf)

<use ./Figures/DampingInjection/Snapshot_t_160_cropped-eps-converted-to.pdf>
Package pdftex.def Info: ./Figures/DampingInjection/Snapshot_t_160_cropped-eps-
converted-to.pdf used on input line 687.
(pdftex.def)             Requested size: 122.85905pt x 107.64584pt.
Package epstopdf Info: Source file: <./Figures/DampingInjection/Snapshot_t_260_
cropped.eps>
(epstopdf)                    date: 2019-02-17 18:45:25
(epstopdf)                    size: 424113 bytes
(epstopdf)             Output file: <./Figures/DampingInjection/Snapshot_t_260_
cropped-eps-converted-to.pdf>
(epstopdf)                    date: 2019-02-17 19:47:32
(epstopdf)                    size: 20704 bytes
(epstopdf)             Command: <repstopdf --outfile=./Figures/DampingInjection
/Snapshot_t_260_cropped-eps-converted-to.pdf ./Figures/DampingInjection/Snapsho
t_t_260_cropped.eps>
(epstopdf)             \includegraphics on input line 690.
Package epstopdf Info: Output file is already uptodate.

<./Figures/DampingInjection/Snapshot_t_260_cropped-eps-converted-to.pdf, id=197
, 319.1925pt x 277.035pt>
File: ./Figures/DampingInjection/Snapshot_t_260_cropped-eps-converted-to.pdf Gr
aphic file (type pdf)

<use ./Figures/DampingInjection/Snapshot_t_260_cropped-eps-converted-to.pdf>
Package pdftex.def Info: ./Figures/DampingInjection/Snapshot_t_260_cropped-eps-
converted-to.pdf used on input line 690.
(pdftex.def)             Requested size: 122.85905pt x 106.63132pt.
Package epstopdf Info: Source file: <./Figures/DampingInjection/Snapshot_t_480_
cropped.eps>
(epstopdf)                    date: 2019-02-17 18:45:49
(epstopdf)                    size: 424302 bytes
(epstopdf)             Output file: <./Figures/DampingInjection/Snapshot_t_480_
cropped-eps-converted-to.pdf>
(epstopdf)                    date: 2019-02-17 19:47:14
(epstopdf)                    size: 20755 bytes
(epstopdf)             Command: <repstopdf --outfile=./Figures/DampingInjection
/Snapshot_t_480_cropped-eps-converted-to.pdf ./Figures/DampingInjection/Snapsho
t_t_480_cropped.eps>
(epstopdf)             \includegraphics on input line 692.
Package epstopdf Info: Output file is already uptodate.

<./Figures/DampingInjection/Snapshot_t_480_cropped-eps-converted-to.pdf, id=198
, 319.1925pt x 277.035pt>
File: ./Figures/DampingInjection/Snapshot_t_480_cropped-eps-converted-to.pdf Gr
aphic file (type pdf)

<use ./Figures/DampingInjection/Snapshot_t_480_cropped-eps-converted-to.pdf>
Package pdftex.def Info: ./Figures/DampingInjection/Snapshot_t_480_cropped-eps-
converted-to.pdf used on input line 692.
(pdftex.def)             Requested size: 122.85905pt x 106.63132pt.
Package epstopdf Info: Source file: <./Figures/DampingInjection/HamiltonianDamp
ed_cropped.eps>
(epstopdf)                    date: 2019-02-17 19:46:03
(epstopdf)                    size: 462168 bytes
(epstopdf)             Output file: <./Figures/DampingInjection/HamiltonianDamp
ed_cropped-eps-converted-to.pdf>
(epstopdf)                    date: 2019-02-17 20:20:02
(epstopdf)                    size: 12748 bytes
(epstopdf)             Command: <repstopdf --outfile=./Figures/DampingInjection
/HamiltonianDamped_cropped-eps-converted-to.pdf ./Figures/DampingInjection/Hami
ltonianDamped_cropped.eps>
(epstopdf)             \includegraphics on input line 700.
Package epstopdf Info: Output file is already uptodate.

<./Figures/DampingInjection/HamiltonianDamped_cropped-eps-converted-to.pdf, id=
199, 417.56pt x 304.13625pt>
File: ./Figures/DampingInjection/HamiltonianDamped_cropped-eps-converted-to.pdf
 Graphic file (type pdf)

<use ./Figures/DampingInjection/HamiltonianDamped_cropped-eps-converted-to.pdf>
Package pdftex.def Info: ./Figures/DampingInjection/HamiltonianDamped_cropped-e
ps-converted-to.pdf used on input line 700.
(pdftex.def)             Requested size: 147.43236pt x 107.3867pt.
(./KirchhoffPH_CDC.bbl
Missing character: There is no  in font ptmr7t!
Missing character: There is no  in font ptmr7t!
 [6 <./Figures/InterconnectionRod/SnapNoRod_t25_cropped-eps-converted-to.pdf> <
./Figures/InterconnectionRod/SnapNoRod_t50_cropped-eps-converted-to.pdf> <./Fig
ures/InterconnectionRod/SnapNoRod_t75_cropped-eps-converted-to.pdf> <./Figures/
InterconnectionRod/SnapNoRod_t100_cropped-eps-converted-to.pdf> <./Figures/Inte
rconnectionRod/SnapRod_t25_cropped-eps-converted-to.pdf> <./Figures/Interconnec
tionRod/SnapRod_t50_cropped-eps-converted-to.pdf> <./Figures/InterconnectionRod
/SnapRod_t75_cropped-eps-converted-to.pdf> <./Figures/InterconnectionRod/SnapRo
d_t100_cropped-eps-converted-to.pdf>]
Underfull \hbox (badness 2573) in paragraph at lines 90--94
\OT1/ptm/m/n/8 Hamiltonian for-mu-la-tion and sym-plec-tic dis-cretiza-tion of 
plate
 []

)

** Conference Paper **
Before submitting the final camera ready copy, remember to:

 1. Manually equalize the lengths of two columns on the last page
 of your paper;

 2. Ensure that any PostScript and/or PDF output post-processing
 uses only Type 1 fonts and that every step in the generation
 process uses the US letter (8.5in X 11in) paper size.

Package atveryend Info: Empty hook `BeforeClearDocument' on input line 831.
[7

 <./Figures/DampingInjection/Snapshot_t_60_cropped-eps-converted-to.pdf> <./Fig
ures/DampingInjection/Snapshot_t_160_cropped-eps-converted-to.pdf> <./Figures/D
ampingInjection/Snapshot_t_260_cropped-eps-converted-to.pdf> <./Figures/Damping
Injection/Snapshot_t_480_cropped-eps-converted-to.pdf> <./Figures/DampingInject
ion/HamiltonianDamped_cropped-eps-converted-to.pdf>]
Package atveryend Info: Empty hook `AfterLastShipout' on input line 831.
 (./KirchhoffPH_CDC.aux)
Package atveryend Info: Executing hook `AtVeryEndDocument' on input line 831.
Package atveryend Info: Empty hook `AtEndAfterFileList' on input line 831.
Package atveryend Info: Empty hook `AtVeryVeryEnd' on input line 831.
 ) 
Here is how much of TeX's memory you used:
 27637 strings out of 494150
 555217 string characters out of 6157810
 615953 words of memory out of 5000000
 30459 multiletter control sequences out of 15000+600000
 53348 words of font info for 128 fonts, out of 8000000 for 9000
 430 hyphenation exceptions out of 8191
 55i,16n,67p,10370b,461s stack positions out of 5000i,500n,10000p,200000b,80000s
{/usr/share/texlive/texmf-dist/fonts/enc/dvips/base/8r.enc}</usr/share/texliv
e/texmf-dist/fonts/type1/public/amsfonts/cm/cmbx10.pfb></usr/share/texlive/texm
f-dist/fonts/type1/public/amsfonts/cm/cmex10.pfb></usr/share/texlive/texmf-dist
/fonts/type1/public/amsfonts/cmextra/cmex7.pfb></usr/share/texlive/texmf-dist/f
onts/type1/public/amsfonts/cm/cmmi10.pfb></usr/share/texlive/texmf-dist/fonts/t
ype1/public/amsfonts/cm/cmmi12.pfb></usr/share/texlive/texmf-dist/fonts/type1/p
ublic/amsfonts/cm/cmmi5.pfb></usr/share/texlive/texmf-dist/fonts/type1/public/a
msfonts/cm/cmmi6.pfb></usr/share/texlive/texmf-dist/fonts/type1/public/amsfonts
/cm/cmmi7.pfb></usr/share/texlive/texmf-dist/fonts/type1/public/amsfonts/cm/cmm
i8.pfb></usr/share/texlive/texmf-dist/fonts/type1/public/amsfonts/cm/cmmib10.pf
b></usr/share/texlive/texmf-dist/fonts/type1/public/amsfonts/cmextra/cmmib8.pfb
></usr/share/texlive/texmf-dist/fonts/type1/public/amsfonts/cm/cmr10.pfb></usr/
share/texlive/texmf-dist/fonts/type1/public/amsfonts/cm/cmr12.pfb></usr/share/t
exlive/texmf-dist/fonts/type1/public/amsfonts/cm/cmr5.pfb></usr/share/texlive/t
exmf-dist/fonts/type1/public/amsfonts/cm/cmr6.pfb></usr/share/texlive/texmf-dis
t/fonts/type1/public/amsfonts/cm/cmr7.pfb></usr/share/texlive/texmf-dist/fonts/
type1/public/amsfonts/cm/cmr8.pfb></usr/share/texlive/texmf-dist/fonts/type1/pu
blic/amsfonts/cm/cmss10.pfb></usr/share/texlive/texmf-dist/fonts/type1/public/a
msfonts/cm/cmss12.pfb></usr/share/texlive/texmf-dist/fonts/type1/public/amsfont
s/cm/cmsy10.pfb></usr/share/texlive/texmf-dist/fonts/type1/public/amsfonts/cm/c
msy6.pfb></usr/share/texlive/texmf-dist/fonts/type1/public/amsfonts/cm/cmsy7.pf
b></usr/share/texlive/texmf-dist/fonts/type1/public/amsfonts/cm/cmsy8.pfb></usr
/share/texlive/texmf-dist/fonts/type1/public/amsfonts/cm/cmsy9.pfb></usr/share/
texlive/texmf-dist/fonts/type1/public/amsfonts/symbols/msam10.pfb></usr/share/t
exlive/texmf-dist/fonts/type1/public/amsfonts/symbols/msbm10.pfb></usr/share/te
xlive/texmf-dist/fonts/type1/public/amsfonts/symbols/msbm7.pfb></usr/share/texl
ive/texmf-dist/fonts/type1/public/rsfs/rsfs10.pfb></usr/share/texlive/texmf-dis
t/fonts/type1/public/rsfs/rsfs7.pfb></usr/share/texlive/texmf-dist/fonts/type1/
urw/courier/ucrr8a.pfb></usr/share/texlive/texmf-dist/fonts/type1/urw/times/utm
b8a.pfb></usr/share/texlive/texmf-dist/fonts/type1/urw/times/utmbi8a.pfb></usr/
share/texlive/texmf-dist/fonts/type1/urw/times/utmr8a.pfb></usr/share/texlive/t
exmf-dist/fonts/type1/urw/times/utmri8a.pfb>
Output written on KirchhoffPH_CDC.pdf (7 pages, 449749 bytes).
PDF statistics:
 559 PDF objects out of 1000 (max. 8388607)
 492 compressed objects within 5 object streams
 110 named destinations out of 1000 (max. 500000)
 88 words of extra memory for PDF output out of 10000 (max. 10000000)

