This is pdfTeX, Version 3.14159265-2.6-1.40.19 (TeX Live 2018) (preloaded format=latex 2019.2.20)  26 FEB 2019 10:50
entering extended mode
 restricted \write18 enabled.
 Source specials enabled.
 %&-line parsing enabled.
**Mindlin_Part_Arxiv.tex
(./Mindlin_Part_Arxiv.tex
LaTeX2e <2018-04-01> patch level 5
(/usr/share/texlive/texmf-dist/tex/latex/base/article.cls
Document Class: article 2014/09/29 v1.4h Standard LaTeX document class
(/usr/share/texlive/texmf-dist/tex/latex/base/size11.clo
File: size11.clo 2014/09/29 v1.4h Standard LaTeX file (size option)
)
\c@part=\count80
\c@section=\count81
\c@subsection=\count82
\c@subsubsection=\count83
\c@paragraph=\count84
\c@subparagraph=\count85
\c@figure=\count86
\c@table=\count87
\abovecaptionskip=\skip41
\belowcaptionskip=\skip42
\bibindent=\dimen102
)
(/usr/share/texlive/texmf-dist/tex/latex/base/fontenc.sty
Package: fontenc 2017/04/05 v2.0i Standard LaTeX package

(/usr/share/texlive/texmf-dist/tex/latex/base/t1enc.def
File: t1enc.def 2017/04/05 v2.0i Standard LaTeX file
LaTeX Font Info:    Redeclaring font encoding T1 on input line 48.
))
(/usr/share/texlive/texmf-dist/tex/latex/base/inputenc.sty
Package: inputenc 2018/04/06 v1.3b Input encoding file
\inpenc@prehook=\toks14
\inpenc@posthook=\toks15
)
(/usr/share/texlive/texmf-dist/tex/generic/babel/babel.sty
Package: babel 2018/06/05 3.22 The Babel package

(/usr/share/texlive/texmf-dist/tex/generic/babel/switch.def
File: switch.def 2018/06/05 3.22 Babel switching mechanism
)
(/usr/share/texlive/texmf-dist/tex/generic/babel-english/english.ldf
Language: english 2017/06/06 v3.3r English support from the babel system

(/usr/share/texlive/texmf-dist/tex/generic/babel/babel.def
File: babel.def 2018/06/05 3.22 Babel common definitions
\babel@savecnt=\count88
\U@D=\dimen103

(/usr/share/texlive/texmf-dist/tex/generic/babel/txtbabel.def)
\bbl@dirlevel=\count89
)
\l@canadian = a dialect from \language\l@american 
\l@australian = a dialect from \language\l@british 
\l@newzealand = a dialect from \language\l@british 
))
(/usr/share/texlive/texmf-dist/tex/latex/amsmath/amsmath.sty
Package: amsmath 2017/09/02 v2.17a AMS math features
\@mathmargin=\skip43

For additional information on amsmath, use the `?' option.
(/usr/share/texlive/texmf-dist/tex/latex/amsmath/amstext.sty
Package: amstext 2000/06/29 v2.01 AMS text

(/usr/share/texlive/texmf-dist/tex/latex/amsmath/amsgen.sty
File: amsgen.sty 1999/11/30 v2.0 generic functions
\@emptytoks=\toks16
\ex@=\dimen104
))
(/usr/share/texlive/texmf-dist/tex/latex/amsmath/amsbsy.sty
Package: amsbsy 1999/11/29 v1.2d Bold Symbols
\pmbraise@=\dimen105
)
(/usr/share/texlive/texmf-dist/tex/latex/amsmath/amsopn.sty
Package: amsopn 2016/03/08 v2.02 operator names
)
\inf@bad=\count90
LaTeX Info: Redefining \frac on input line 213.
\uproot@=\count91
\leftroot@=\count92
LaTeX Info: Redefining \overline on input line 375.
\classnum@=\count93
\DOTSCASE@=\count94
LaTeX Info: Redefining \ldots on input line 472.
LaTeX Info: Redefining \dots on input line 475.
LaTeX Info: Redefining \cdots on input line 596.
\Mathstrutbox@=\box26
\strutbox@=\box27
\big@size=\dimen106
LaTeX Font Info:    Redeclaring font encoding OML on input line 712.
LaTeX Font Info:    Redeclaring font encoding OMS on input line 713.
\macc@depth=\count95
\c@MaxMatrixCols=\count96
\dotsspace@=\muskip10
\c@parentequation=\count97
\dspbrk@lvl=\count98
\tag@help=\toks17
\row@=\count99
\column@=\count100
\maxfields@=\count101
\andhelp@=\toks18
\eqnshift@=\dimen107
\alignsep@=\dimen108
\tagshift@=\dimen109
\tagwidth@=\dimen110
\totwidth@=\dimen111
\lineht@=\dimen112
\@envbody=\toks19
\multlinegap=\skip44
\multlinetaggap=\skip45
\mathdisplay@stack=\toks20
LaTeX Info: Redefining \[ on input line 2817.
LaTeX Info: Redefining \] on input line 2818.
)
(/usr/share/texlive/texmf-dist/tex/latex/amsfonts/amssymb.sty
Package: amssymb 2013/01/14 v3.01 AMS font symbols

(/usr/share/texlive/texmf-dist/tex/latex/amsfonts/amsfonts.sty
Package: amsfonts 2013/01/14 v3.01 Basic AMSFonts support
\symAMSa=\mathgroup4
\symAMSb=\mathgroup5
LaTeX Font Info:    Overwriting math alphabet `\mathfrak' in version `bold'
(Font)                  U/euf/m/n --> U/euf/b/n on input line 106.
))
(/usr/share/texlive/texmf-dist/tex/latex/amscls/amsthm.sty
Package: amsthm 2017/10/31 v2.20.4
\thm@style=\toks21
\thm@bodyfont=\toks22
\thm@headfont=\toks23
\thm@notefont=\toks24
\thm@headpunct=\toks25
\thm@preskip=\skip46
\thm@postskip=\skip47
\thm@headsep=\skip48
\dth@everypar=\toks26
)
(/usr/share/texlive/texmf-dist/tex/latex/jknapltx/mathrsfs.sty
Package: mathrsfs 1996/01/01 Math RSFS package v1.0 (jk)
\symrsfs=\mathgroup6
)
(/usr/share/texlive/texmf-dist/tex/latex/tools/bm.sty
Package: bm 2017/01/16 v1.2c Bold Symbol Support (DPC/FMi)
\symboldoperators=\mathgroup7
\symboldletters=\mathgroup8
\symboldsymbols=\mathgroup9
LaTeX Font Info:    Redeclaring math alphabet \mathbf on input line 141.
LaTeX Info: Redefining \bm on input line 207.
)
(/usr/share/texlive/texmf-dist/tex/latex/graphics/graphicx.sty
Package: graphicx 2017/06/01 v1.1a Enhanced LaTeX Graphics (DPC,SPQR)

(/usr/share/texlive/texmf-dist/tex/latex/graphics/keyval.sty
Package: keyval 2014/10/28 v1.15 key=value parser (DPC)
\KV@toks@=\toks27
)
(/usr/share/texlive/texmf-dist/tex/latex/graphics/graphics.sty
Package: graphics 2017/06/25 v1.2c Standard LaTeX Graphics (DPC,SPQR)

(/usr/share/texlive/texmf-dist/tex/latex/graphics/trig.sty
Package: trig 2016/01/03 v1.10 sin cos tan (DPC)
)
(/usr/share/texlive/texmf-dist/tex/latex/graphics-cfg/graphics.cfg
File: graphics.cfg 2016/06/04 v1.11 sample graphics configuration
)
Package graphics Info: Driver file: dvips.def on input line 99.

(/usr/share/texlive/texmf-dist/tex/latex/graphics-def/dvips.def
File: dvips.def 2017/06/20 v3.1d Graphics/color driver for dvips
))
\Gin@req@height=\dimen113
\Gin@req@width=\dimen114
)
(/usr/share/texlive/texmf-dist/tex/latex/preprint/authblk.sty
Package: authblk 2001/02/27 1.3 (PWD)
\affilsep=\skip49
\@affilsep=\skip50
\c@Maxaffil=\count102
\c@authors=\count103
\c@affil=\count104
)
(/usr/share/texlive/texmf-dist/tex/latex/diffcoeff/diffcoeff.sty
(/usr/share/texlive/texmf-dist/tex/latex/l3kernel/expl3.sty
Package: expl3 2018-06-14 L3 programming layer (loader) 

(/usr/share/texlive/texmf-dist/tex/latex/l3kernel/expl3-code.tex
Package: expl3 2018-06-14 L3 programming layer (code)
\c_max_int=\count105
\l_tmpa_int=\count106
\l_tmpb_int=\count107
\g_tmpa_int=\count108
\g_tmpb_int=\count109
\g__kernel_prg_map_int=\count110
\c_log_iow=\count111
\l_iow_line_count_int=\count112
\l__iow_line_target_int=\count113
\l__iow_one_indent_int=\count114
\l__iow_indent_int=\count115
\c_zero_dim=\dimen115
\c_max_dim=\dimen116
\l_tmpa_dim=\dimen117
\l_tmpb_dim=\dimen118
\g_tmpa_dim=\dimen119
\g_tmpb_dim=\dimen120
\c_zero_skip=\skip51
\c_max_skip=\skip52
\l_tmpa_skip=\skip53
\l_tmpb_skip=\skip54
\g_tmpa_skip=\skip55
\g_tmpb_skip=\skip56
\c_zero_muskip=\muskip11
\c_max_muskip=\muskip12
\l_tmpa_muskip=\muskip13
\l_tmpb_muskip=\muskip14
\g_tmpa_muskip=\muskip15
\g_tmpb_muskip=\muskip16
\l_keys_choice_int=\count116
\l__intarray_loop_int=\count117
\c__intarray_sp_dim=\dimen121
\g__intarray_font_int=\count118
\c__fp_leading_shift_int=\count119
\c__fp_middle_shift_int=\count120
\c__fp_trailing_shift_int=\count121
\c__fp_big_leading_shift_int=\count122
\c__fp_big_middle_shift_int=\count123
\c__fp_big_trailing_shift_int=\count124
\c__fp_Bigg_leading_shift_int=\count125
\c__fp_Bigg_middle_shift_int=\count126
\c__fp_Bigg_trailing_shift_int=\count127
\c__kernel_randint_max_int=\count128
\g__fp_array_int=\count129
\l__fp_array_loop_int=\count130
\l__sort_length_int=\count131
\l__sort_min_int=\count132
\l__sort_top_int=\count133
\l__sort_max_int=\count134
\l__sort_true_max_int=\count135
\l__sort_block_int=\count136
\l__sort_begin_int=\count137
\l__sort_end_int=\count138
\l__sort_A_int=\count139
\l__sort_B_int=\count140
\l__sort_C_int=\count141
\l__tl_analysis_normal_int=\count142
\l__tl_analysis_index_int=\count143
\l__tl_analysis_nesting_int=\count144
\l__tl_analysis_type_int=\count145
\l__regex_internal_a_int=\count146
\l__regex_internal_b_int=\count147
\l__regex_internal_c_int=\count148
\l__regex_balance_int=\count149
\l__regex_group_level_int=\count150
\l__regex_mode_int=\count151
\c__regex_cs_in_class_mode_int=\count152
\c__regex_cs_mode_int=\count153
\l__regex_catcodes_int=\count154
\l__regex_default_catcodes_int=\count155
\c__regex_catcode_D_int=\count156
\c__regex_catcode_S_int=\count157
\c__regex_catcode_L_int=\count158
\c__regex_catcode_O_int=\count159
\c__regex_catcode_A_int=\count160
\c__regex_all_catcodes_int=\count161
\l__regex_show_lines_int=\count162
\l__regex_min_state_int=\count163
\l__regex_max_state_int=\count164
\l__regex_left_state_int=\count165
\l__regex_right_state_int=\count166
\l__regex_capturing_group_int=\count167
\l__regex_min_pos_int=\count168
\l__regex_max_pos_int=\count169
\l__regex_curr_pos_int=\count170
\l__regex_start_pos_int=\count171
\l__regex_success_pos_int=\count172
\l__regex_curr_char_int=\count173
\l__regex_curr_catcode_int=\count174
\l__regex_last_char_int=\count175
\l__regex_case_changed_char_int=\count176
\l__regex_curr_state_int=\count177
\l__regex_step_int=\count178
\l__regex_min_active_int=\count179
\l__regex_max_active_int=\count180
\l__regex_replacement_csnames_int=\count181
\l__regex_match_count_int=\count182
\l__regex_min_submatch_int=\count183
\l__regex_submatch_int=\count184
\l__regex_zeroth_submatch_int=\count185
\g__regex_trace_regex_int=\count186
\c_empty_box=\box28
\l_tmpa_box=\box29
\l_tmpb_box=\box30
\g_tmpa_box=\box31
\g_tmpb_box=\box32
\l__box_top_dim=\dimen122
\l__box_bottom_dim=\dimen123
\l__box_left_dim=\dimen124
\l__box_right_dim=\dimen125
\l__box_top_new_dim=\dimen126
\l__box_bottom_new_dim=\dimen127
\l__box_left_new_dim=\dimen128
\l__box_right_new_dim=\dimen129
\l__box_internal_box=\box33
\l__coffin_internal_box=\box34
\l__coffin_internal_dim=\dimen130
\l__coffin_offset_x_dim=\dimen131
\l__coffin_offset_y_dim=\dimen132
\l__coffin_x_dim=\dimen133
\l__coffin_y_dim=\dimen134
\l__coffin_x_prime_dim=\dimen135
\l__coffin_y_prime_dim=\dimen136
\c_empty_coffin=\box35
\l__coffin_aligned_coffin=\box36
\l__coffin_aligned_internal_coffin=\box37
\l_tmpa_coffin=\box38
\l_tmpb_coffin=\box39
\l__coffin_display_coffin=\box40
\l__coffin_display_coord_coffin=\box41
\l__coffin_display_pole_coffin=\box42
\l__coffin_display_offset_dim=\dimen137
\l__coffin_display_x_dim=\dimen138
\l__coffin_display_y_dim=\dimen139
\g__file_internal_ior=\read1
\l__coffin_bounding_shift_dim=\dimen140
\l__coffin_left_corner_dim=\dimen141
\l__coffin_right_corner_dim=\dimen142
\l__coffin_bottom_corner_dim=\dimen143
\l__coffin_top_corner_dim=\dimen144
\l__coffin_scaled_total_height_dim=\dimen145
\l__coffin_scaled_width_dim=\dimen146
\l__seq_internal_a_int=\count187
\l__seq_internal_b_int=\count188
)
(/usr/share/texlive/texmf-dist/tex/latex/l3kernel/l3dvips.def
File: l3dvips.def 2018-06-14 v L3 Experimental driver: dvips
))
(/usr/share/texlive/texmf-dist/tex/latex/l3packages/xparse/xparse.sty
Package: xparse 2018-05-12 L3 Experimental document command parser
\l__xparse_current_arg_int=\count189
\g__xparse_grabber_int=\count190
\l__xparse_m_args_int=\count191
\l__xparse_mandatory_args_int=\count192
\l__xparse_v_nesting_int=\count193
)
Package: diffcoeff 2016/06/27 v1.0 Write differential coefficients easily.
\l__diffco_curr_tok_int=\count194
\l__diffco_curr_state_int=\count195
.................................................
. LaTeX info: "xparse/define-command"
. 
. Defining command \diffset with sig. 'o' on line 108.
.................................................
.................................................
. LaTeX info: "xparse/define-command"
. 
. Defining command \diff with sig. 'somt/mg' on line 190.
.................................................
.................................................
. LaTeX info: "xparse/define-command"
. 
. Defining command \Diff with sig. 'ommg' on line 200.
.................................................
.................................................
. LaTeX info: "xparse/define-command"
. 
. Defining command \diffd with sig. 'ommg' on line 210.
.................................................
.................................................
. LaTeX info: "xparse/define-command"
. 
. Defining command \Diffd with sig. 'ommg' on line 220.
.................................................
.................................................
. LaTeX info: "xparse/define-command"
. 
. Defining command \diffp with sig. 'soomt/mg' on line 351.
.................................................
.................................................
. LaTeX info: "xparse/define-command"
. 
. Defining command \jacob with sig. 'mm' on line 356.
.................................................
)
(/usr/share/texlive/texmf-dist/tex/latex/comment/comment.sty
\CommentStream=\write3

Excluding comment 'comment')
(/usr/share/texlive/texmf-dist/tex/latex/geometry/geometry.sty
Package: geometry 2018/04/16 v5.8 Page Geometry

(/usr/share/texlive/texmf-dist/tex/generic/oberdiek/ifpdf.sty
Package: ifpdf 2017/03/15 v3.2 Provides the ifpdf switch
)
(/usr/share/texlive/texmf-dist/tex/generic/oberdiek/ifvtex.sty
Package: ifvtex 2016/05/16 v1.6 Detect VTeX and its facilities (HO)
Package ifvtex Info: VTeX not detected.
)
(/usr/share/texlive/texmf-dist/tex/generic/ifxetex/ifxetex.sty
Package: ifxetex 2010/09/12 v0.6 Provides ifxetex conditional
)
\Gm@cnth=\count196
\Gm@cntv=\count197
\c@Gm@tempcnt=\count198
\Gm@bindingoffset=\dimen147
\Gm@wd@mp=\dimen148
\Gm@odd@mp=\dimen149
\Gm@even@mp=\dimen150
\Gm@layoutwidth=\dimen151
\Gm@layoutheight=\dimen152
\Gm@layouthoffset=\dimen153
\Gm@layoutvoffset=\dimen154
\Gm@dimlist=\toks28
)
(/usr/share/texlive/texmf-dist/tex/latex/multirow/multirow.sty
Package: multirow 2018/08/03 v2.3 Span multiple rows of a table
\multirow@colwidth=\skip57
\multirow@cntb=\count199
\multirow@dima=\skip58
\bigstrutjot=\dimen155
)
(/usr/share/texlive/texmf-dist/tex/latex/caption/caption.sty
Package: caption 2018/05/01 v3.3-147 Customizing captions (AR)

(/usr/share/texlive/texmf-dist/tex/latex/caption/caption3.sty
Package: caption3 2018/05/27 v1.8a caption3 kernel (AR)
Package caption3 Info: TeX engine: e-TeX on input line 64.
\captionmargin=\dimen156
\captionmargin@=\dimen157
\captionwidth=\dimen158
\caption@tempdima=\dimen159
\caption@indent=\dimen160
\caption@parindent=\dimen161
\caption@hangindent=\dimen162
)
\c@ContinuedFloat=\count266
)
(/usr/share/texlive/texmf-dist/tex/latex/subfig/subfig.sty
Package: subfig 2005/06/28 ver: 1.3 subfig package
\c@KVtest=\count267
\sf@farskip=\skip59
\sf@captopadj=\dimen163
\sf@capskip=\skip60
\sf@nearskip=\skip61
\c@subfigure=\count268
\c@subfigure@save=\count269
\c@lofdepth=\count270
\c@subtable=\count271
\c@subtable@save=\count272
\c@lotdepth=\count273
\sf@top=\skip62
\sf@bottom=\skip63
)
(/usr/share/texlive/texmf-dist/tex/latex/xcolor/xcolor.sty
Package: xcolor 2016/05/11 v2.12 LaTeX color extensions (UK)

(/usr/share/texlive/texmf-dist/tex/latex/graphics-cfg/color.cfg
File: color.cfg 2016/01/02 v1.6 sample color configuration
)
Package xcolor Info: Driver file: dvips.def on input line 225.
Package xcolor Info: Model `cmy' substituted by `cmy0' on input line 1348.
Package xcolor Info: Model `RGB' extended on input line 1364.
Package xcolor Info: Model `HTML' substituted by `rgb' on input line 1366.
Package xcolor Info: Model `Hsb' substituted by `hsb' on input line 1367.
Package xcolor Info: Model `tHsb' substituted by `hsb' on input line 1368.
Package xcolor Info: Model `HSB' substituted by `hsb' on input line 1369.
Package xcolor Info: Model `Gray' substituted by `gray' on input line 1370.
Package xcolor Info: Model `wave' substituted by `hsb' on input line 1371.
)
(/usr/share/texlive/texmf-dist/tex/latex/colortbl/colortbl.sty
Package: colortbl 2018/05/02 v1.0c Color table columns (DPC)

(/usr/share/texlive/texmf-dist/tex/latex/tools/array.sty
Package: array 2018/04/30 v2.4h Tabular extension package (FMi)
\col@sep=\dimen164
\ar@mcellbox=\box43
\extrarowheight=\dimen165
\NC@list=\toks29
\extratabsurround=\skip64
\backup@length=\skip65
\ar@cellbox=\box44
)
\everycr=\toks30
\minrowclearance=\skip66
)
(/usr/share/texlive/texmf-dist/tex/latex/hyperref/hyperref.sty
Package: hyperref 2018/02/06 v6.86b Hypertext links for LaTeX

(/usr/share/texlive/texmf-dist/tex/generic/oberdiek/hobsub-hyperref.sty
Package: hobsub-hyperref 2016/05/16 v1.14 Bundle oberdiek, subset hyperref (HO)


(/usr/share/texlive/texmf-dist/tex/generic/oberdiek/hobsub-generic.sty
Package: hobsub-generic 2016/05/16 v1.14 Bundle oberdiek, subset generic (HO)
Package: hobsub 2016/05/16 v1.14 Construct package bundles (HO)
Package: infwarerr 2016/05/16 v1.4 Providing info/warning/error messages (HO)
Package: ltxcmds 2016/05/16 v1.23 LaTeX kernel commands for general use (HO)
Package: ifluatex 2016/05/16 v1.4 Provides the ifluatex switch (HO)
Package ifluatex Info: LuaTeX not detected.
Package hobsub Info: Skipping package `ifvtex' (already loaded).
Package: intcalc 2016/05/16 v1.2 Expandable calculations with integers (HO)
Package hobsub Info: Skipping package `ifpdf' (already loaded).
Package: etexcmds 2016/05/16 v1.6 Avoid name clashes with e-TeX commands (HO)
Package etexcmds Info: Could not find \expanded.
(etexcmds)             That can mean that you are not using pdfTeX 1.50 or
(etexcmds)             that some package has redefined \expanded.
(etexcmds)             In the latter case, load this package earlier.
Package: kvsetkeys 2016/05/16 v1.17 Key value parser (HO)
Package: kvdefinekeys 2016/05/16 v1.4 Define keys (HO)
Package: pdftexcmds 2018/01/30 v0.27 Utility functions of pdfTeX for LuaTeX (HO
)
Package pdftexcmds Info: LuaTeX not detected.
Package pdftexcmds Info: \pdf@primitive is available.
Package pdftexcmds Info: \pdf@ifprimitive is available.
Package pdftexcmds Info: \pdfdraftmode is ignored in DVI mode.
Package: pdfescape 2016/05/16 v1.14 Implements pdfTeX's escape features (HO)
Package: bigintcalc 2016/05/16 v1.4 Expandable calculations on big integers (HO
)
Package: bitset 2016/05/16 v1.2 Handle bit-vector datatype (HO)
Package: uniquecounter 2016/05/16 v1.3 Provide unlimited unique counter (HO)
)
Package hobsub Info: Skipping package `hobsub' (already loaded).
Package: letltxmacro 2016/05/16 v1.5 Let assignment for LaTeX macros (HO)
Package: hopatch 2016/05/16 v1.3 Wrapper for package hooks (HO)
Package: xcolor-patch 2016/05/16 xcolor patch
Package: atveryend 2016/05/16 v1.9 Hooks at the very end of document (HO)
Package atveryend Info: \enddocument detected (standard20110627).
Package: atbegshi 2016/06/09 v1.18 At begin shipout hook (HO)
Package: refcount 2016/05/16 v3.5 Data extraction from label references (HO)
Package: hycolor 2016/05/16 v1.8 Color options for hyperref/bookmark (HO)
)
(/usr/share/texlive/texmf-dist/tex/latex/oberdiek/auxhook.sty
Package: auxhook 2016/05/16 v1.4 Hooks for auxiliary files (HO)
)
(/usr/share/texlive/texmf-dist/tex/latex/oberdiek/kvoptions.sty
Package: kvoptions 2016/05/16 v3.12 Key value format for package options (HO)
)
\@linkdim=\dimen166
\Hy@linkcounter=\count274
\Hy@pagecounter=\count275

(/usr/share/texlive/texmf-dist/tex/latex/hyperref/pd1enc.def
File: pd1enc.def 2018/02/06 v6.86b Hyperref: PDFDocEncoding definition (HO)
Now handling font encoding PD1 ...
... no UTF-8 mapping file for font encoding PD1
)
\Hy@SavedSpaceFactor=\count276

(/usr/share/texlive/texmf-dist/tex/latex/latexconfig/hyperref.cfg
File: hyperref.cfg 2002/06/06 v1.2 hyperref configuration of TeXLive
)
Package hyperref Info: Option `colorlinks' set `true' on input line 4383.
Package hyperref Info: Hyper figures OFF on input line 4509.
Package hyperref Info: Link nesting OFF on input line 4514.
Package hyperref Info: Hyper index ON on input line 4517.
Package hyperref Info: Plain pages OFF on input line 4524.
Package hyperref Info: Backreferencing OFF on input line 4529.
Package hyperref Info: Implicit mode ON; LaTeX internals redefined.
Package hyperref Info: Bookmarks ON on input line 4762.
\c@Hy@tempcnt=\count277

(/usr/share/texlive/texmf-dist/tex/latex/url/url.sty
\Urlmuskip=\muskip17
Package: url 2013/09/16  ver 3.4  Verb mode for urls, etc.
)
LaTeX Info: Redefining \url on input line 5115.
\XeTeXLinkMargin=\dimen167
\Fld@menulength=\count278
\Field@Width=\dimen168
\Fld@charsize=\dimen169
Package hyperref Info: Hyper figures OFF on input line 6369.
Package hyperref Info: Link nesting OFF on input line 6374.
Package hyperref Info: Hyper index ON on input line 6377.
Package hyperref Info: backreferencing OFF on input line 6384.
Package hyperref Info: Link coloring ON on input line 6387.
Package hyperref Info: Link coloring with OCG OFF on input line 6394.
Package hyperref Info: PDF/A mode OFF on input line 6399.
LaTeX Info: Redefining \ref on input line 6439.
LaTeX Info: Redefining \pageref on input line 6443.
\Hy@abspage=\count279
\c@Item=\count280
\c@Hfootnote=\count281
)
Package hyperref Info: Driver (default): hdvips.

(/usr/share/texlive/texmf-dist/tex/latex/hyperref/hdvips.def
File: hdvips.def 2018/02/06 v6.86b Hyperref driver for dvips

(/usr/share/texlive/texmf-dist/tex/latex/hyperref/pdfmark.def
File: pdfmark.def 2018/02/06 v6.86b Hyperref definitions for pdfmark specials
\pdf@docset=\toks31
\pdf@box=\box45
\pdf@toks=\toks32
\pdf@defaulttoks=\toks33
\HyField@AnnotCount=\count282
\Fld@listcount=\count283
\c@bookmark@seq@number=\count284

(/usr/share/texlive/texmf-dist/tex/latex/oberdiek/rerunfilecheck.sty
Package: rerunfilecheck 2016/05/16 v1.8 Rerun checks for auxiliary files (HO)
Package uniquecounter Info: New unique counter `rerunfilecheck' on input line 2
82.
)
\Hy@SectionHShift=\skip67
))
\c@theorem=\count285
\c@remark=\count286
\c@definition=\count287
\c@proposition=\count288
\c@corollary=\count289

(./Mindlin_Part_Arxiv.aux)
\openout1 = `Mindlin_Part_Arxiv.aux'.

LaTeX Font Info:    Checking defaults for OML/cmm/m/it on input line 81.
LaTeX Font Info:    ... okay on input line 81.
LaTeX Font Info:    Checking defaults for T1/cmr/m/n on input line 81.
LaTeX Font Info:    ... okay on input line 81.
LaTeX Font Info:    Checking defaults for OT1/cmr/m/n on input line 81.
LaTeX Font Info:    ... okay on input line 81.
LaTeX Font Info:    Checking defaults for OMS/cmsy/m/n on input line 81.
LaTeX Font Info:    ... okay on input line 81.
LaTeX Font Info:    Checking defaults for OMX/cmex/m/n on input line 81.
LaTeX Font Info:    ... okay on input line 81.
LaTeX Font Info:    Checking defaults for U/cmr/m/n on input line 81.
LaTeX Font Info:    ... okay on input line 81.
LaTeX Font Info:    Checking defaults for PD1/pdf/m/n on input line 81.
LaTeX Font Info:    ... okay on input line 81.

*geometry* driver: auto-detecting
*geometry* detected driver: dvips
*geometry* verbose mode - [ preamble ] result:
* driver: dvips
* paper: <default>
* layout: <same size as paper>
* layoutoffset:(h,v)=(0.0pt,0.0pt)
* modes: 
* h-part:(L,W,R)=(71.13188pt, 472.03123pt, 71.13188pt)
* v-part:(T,H,B)=(56.9055pt, 666.9326pt, 71.13188pt)
* \paperwidth=614.295pt
* \paperheight=794.96999pt
* \textwidth=472.03123pt
* \textheight=666.9326pt
* \oddsidemargin=-1.1381pt
* \evensidemargin=-1.1381pt
* \topmargin=-52.36449pt
* \headheight=12.0pt
* \headsep=25.0pt
* \topskip=11.0pt
* \footskip=30.0pt
* \marginparwidth=59.0pt
* \marginparsep=10.0pt
* \columnsep=10.0pt
* \skip\footins=10.0pt plus 4.0pt minus 2.0pt
* \hoffset=0.0pt
* \voffset=0.0pt
* \mag=1000
* \@twocolumnfalse
* \@twosidefalse
* \@mparswitchfalse
* \@reversemarginfalse
* (1in=72.27pt=25.4mm, 1cm=28.453pt)

Package caption Info: Begin \AtBeginDocument code.
Package caption Info: subfig package v1.3 is loaded.
Package caption Info: hyperref package is loaded.
Package caption Info: End \AtBeginDocument code.
\AtBeginShipoutBox=\box46
Package hyperref Info: Link coloring ON on input line 81.
(/usr/share/texlive/texmf-dist/tex/latex/hyperref/nameref.sty
Package: nameref 2016/05/21 v2.44 Cross-referencing by name of section

(/usr/share/texlive/texmf-dist/tex/generic/oberdiek/gettitlestring.sty
Package: gettitlestring 2016/05/16 v1.5 Cleanup title references (HO)
)
\c@section@level=\count290
)
LaTeX Info: Redefining \ref on input line 81.
LaTeX Info: Redefining \pageref on input line 81.
LaTeX Info: Redefining \nameref on input line 81.

(./Mindlin_Part_Arxiv.out) (./Mindlin_Part_Arxiv.out)
\@outlinefile=\write4
\openout4 = `Mindlin_Part_Arxiv.out'.

LaTeX Font Info:    Try loading font information for U+msa on input line 83.

(/usr/share/texlive/texmf-dist/tex/latex/amsfonts/umsa.fd
File: umsa.fd 2013/01/14 v3.01 AMS symbols A
)
LaTeX Font Info:    Try loading font information for U+msb on input line 83.

(/usr/share/texlive/texmf-dist/tex/latex/amsfonts/umsb.fd
File: umsb.fd 2013/01/14 v3.01 AMS symbols B
)
LaTeX Font Info:    Try loading font information for U+rsfs on input line 83.

(/usr/share/texlive/texmf-dist/tex/latex/jknapltx/ursfs.fd
File: ursfs.fd 1998/03/24 rsfs font definition file (jk)
)
LaTeX Font Info:    Try loading font information for OMS+cmr on input line 83.

(/usr/share/texlive/texmf-dist/tex/latex/base/omscmr.fd
File: omscmr.fd 2014/09/29 v2.5h Standard LaTeX font definitions
)
LaTeX Font Info:    Font shape `OMS/cmr/m/n' in size <8> not available
(Font)              Font shape `OMS/cmsy/m/n' tried instead on input line 83.
LaTeX Font Info:    Font shape `OMS/cmr/m/n' in size <6> not available
(Font)              Font shape `OMS/cmsy/m/n' tried instead on input line 83.

Underfull \hbox (badness 10000) in paragraph at lines 89--90

 []

[1

]
Underfull \hbox (badness 10000) in paragraph at lines 92--93

 []

LaTeX Font Info:    Font shape `OMS/cmr/m/n' in size <10.95> not available
(Font)              Font shape `OMS/cmsy/m/n' tried instead on input line 96.

Underfull \hbox (badness 10000) in paragraph at lines 100--101

 []


Underfull \hbox (badness 10000) in paragraph at lines 102--103

 []

[2] [3] [4] [5] [6] [7] [8] [9] [10]
File: ./Figures/Cauchy_law.eps Graphic file (type eps)
 <./Figures/Cauchy_law.eps>
File: ./Figures/Plate_ref.eps Graphic file (type eps)

<./Figures/Plate_ref.eps> [11] [12] [13] [14] [15] [16]
Underfull \hbox (badness 10000) in paragraph at lines 850--852

 []

File: ./Figures/Plate_Bcs.eps Graphic file (type eps)
<./Figures/Plate_Bcs.eps> [17] [18]
File: ./Figures/Eig_Mindlin/CaseCCCC_el10_deg2_thick_n_eig_1.eps Graphic file (
type eps)

<./Figures/Eig_Mindlin/CaseCCCC_el10_deg2_thick_n_eig_1.eps>
File: ./Figures/Eig_Mindlin/CaseCCCC_el10_deg2_thick_n_eig_2.eps Graphic file (
type eps)

<./Figures/Eig_Mindlin/CaseCCCC_el10_deg2_thick_n_eig_2.eps>
File: ./Figures/Eig_Mindlin/CaseCCCC_el10_deg2_thick_n_eig_3.eps Graphic file (
type eps)

<./Figures/Eig_Mindlin/CaseCCCC_el10_deg2_thick_n_eig_3.eps>
File: ./Figures/Eig_Mindlin/CaseCCCC_el10_deg2_thick_n_eig_4.eps Graphic file (
type eps)

<./Figures/Eig_Mindlin/CaseCCCC_el10_deg2_thick_n_eig_4.eps>
File: ./Figures/Eig_Mindlin/CaseSSSS_el10_deg2_thick_n_eig_1.eps Graphic file (
type eps)

<./Figures/Eig_Mindlin/CaseSSSS_el10_deg2_thick_n_eig_1.eps>
File: ./Figures/Eig_Mindlin/CaseSSSS_el10_deg2_thick_n_eig_2.eps Graphic file (
type eps)

<./Figures/Eig_Mindlin/CaseSSSS_el10_deg2_thick_n_eig_2.eps>
File: ./Figures/Eig_Mindlin/CaseSSSS_el10_deg2_thick_n_eig_3.eps Graphic file (
type eps)

<./Figures/Eig_Mindlin/CaseSSSS_el10_deg2_thick_n_eig_3.eps>
File: ./Figures/Eig_Mindlin/CaseSSSS_el10_deg2_thick_n_eig_4.eps Graphic file (
type eps)

<./Figures/Eig_Mindlin/CaseSSSS_el10_deg2_thick_n_eig_4.eps>
File: ./Figures/Eig_Mindlin/CaseSCSC_el10_deg2_thick_n_eig_1.eps Graphic file (
type eps)

<./Figures/Eig_Mindlin/CaseSCSC_el10_deg2_thick_n_eig_1.eps>
File: ./Figures/Eig_Mindlin/CaseSCSC_el10_deg2_thick_n_eig_2.eps Graphic file (
type eps)

<./Figures/Eig_Mindlin/CaseSCSC_el10_deg2_thick_n_eig_2.eps>
File: ./Figures/Eig_Mindlin/CaseSCSC_el10_deg2_thick_n_eig_3.eps Graphic file (
type eps)

<./Figures/Eig_Mindlin/CaseSCSC_el10_deg2_thick_n_eig_3.eps>
File: ./Figures/Eig_Mindlin/CaseSCSC_el10_deg2_thick_n_eig_4.eps Graphic file (
type eps)

<./Figures/Eig_Mindlin/CaseSCSC_el10_deg2_thick_n_eig_4.eps>
File: ./Figures/Eig_Mindlin/CaseCCCF_el10_deg2_thick_n_eig_1.eps Graphic file (
type eps)

<./Figures/Eig_Mindlin/CaseCCCF_el10_deg2_thick_n_eig_1.eps>
File: ./Figures/Eig_Mindlin/CaseCCCF_el10_deg2_thick_n_eig_2.eps Graphic file (
type eps)

<./Figures/Eig_Mindlin/CaseCCCF_el10_deg2_thick_n_eig_2.eps>
File: ./Figures/Eig_Mindlin/CaseCCCF_el10_deg2_thick_n_eig_3.eps Graphic file (
type eps)

<./Figures/Eig_Mindlin/CaseCCCF_el10_deg2_thick_n_eig_3.eps>
File: ./Figures/Eig_Mindlin/CaseCCCF_el10_deg2_thick_n_eig_4.eps Graphic file (
type eps)

<./Figures/Eig_Mindlin/CaseCCCF_el10_deg2_thick_n_eig_4.eps>

LaTeX Warning: `!h' float specifier changed to `!ht'.

File: ./Figures/Simulations/Sim1Hamiltonian.eps Graphic file (type eps)
<./Figures/Simulations/Sim1Hamiltonian.eps>
File: ./Figures/Simulations/Sim2Hamiltonian.eps Graphic file (type eps)

<./Figures/Simulations/Sim2Hamiltonian.eps> [19] [20] [21] [22]
File: ./Figures/Simulations/Sim1t25.eps Graphic file (type eps)

<./Figures/Simulations/Sim1t25.eps>
File: ./Figures/Simulations/Sim1t50.eps Graphic file (type eps)
 <./Figures/Simulations/Sim1t50.eps>
File: ./Figures/Simulations/Sim1t75.eps Graphic file (type eps)

<./Figures/Simulations/Sim1t75.eps>
File: ./Figures/Simulations/Sim1t100.eps Graphic file (type eps)
 <./Figures/Simulations/Sim1t100.eps>
File: ./Figures/Simulations/Sim2t25.eps Graphic file (type eps)

<./Figures/Simulations/Sim2t25.eps>
File: ./Figures/Simulations/Sim2t50.eps Graphic file (type eps)
 <./Figures/Simulations/Sim2t50.eps>
File: ./Figures/Simulations/Sim2t75.eps Graphic file (type eps)

<./Figures/Simulations/Sim2t75.eps>
File: ./Figures/Simulations/Sim2t100.eps Graphic file (type eps)
 <./Figures/Simulations/Sim2t100.eps>

LaTeX Warning: `h' float specifier changed to `ht'.

[23]
Underfull \hbox (badness 10000) in paragraph at lines 1258--1260

 []

[24]
LaTeX Font Info:    Try loading font information for T1+cmtt on input line 1266
.
 (/usr/share/texlive/texmf-dist/tex/latex/base/t1cmtt.fd
File: t1cmtt.fd 2014/09/29 v2.5h Standard LaTeX font definitions
)
Overfull \hbox (10.9319pt too wide) in paragraph at lines 1262--1268
[]\T1/cmr/m/n/10.95 This work is sup-ported by the project ANR-16-CE92-0028, en
-ti-tled \T1/cmr/m/it/10.95 In-ter-con-nected Infinite-Dimensional
 []

(./Mindlin_Part_Arxiv.bbl
Underfull \hbox (badness 1975) in paragraph at lines 9--14
\T1/cmr/m/n/10.95 sys-tems and com-po-si-tion of dirac struc-tures.  \T1/cmr/m/
it/10.95 Au-to-mat-ica\T1/cmr/m/n/10.95 , 43(2):212--225, feb 2007.
 []

[25]
Underfull \hbox (badness 2302) in paragraph at lines 65--69
[][]\T1/cmr/m/n/10.95 G. Golo, V. Ta-lasila, A. J. van der Schaft, and B. Masch
ke.  Hamil-to-nian dis-
 []


Underfull \hbox (badness 5077) in paragraph at lines 65--69
\T1/cmr/m/n/10.95 cretiza-tion of bound-ary con-trol sys-tems.  \T1/cmr/m/it/10
.95 Au-to-mat-ica\T1/cmr/m/n/10.95 , 40(5):757--771, May 2004.
 []


Underfull \hbox (badness 10000) in paragraph at lines 78--83
[][]\T1/cmr/m/n/10.95 F. L. Cardoso-Ribeiro, D. Matignon, and V. Pommier-Buding
er.  A port-
 []


Underfull \hbox (badness 4621) in paragraph at lines 78--83
\T1/cmr/m/n/10.95 Hamiltonian model of liq-uid slosh-ing in mov-ing con-tain-er
s and ap-pli-ca-tion to a
 []


Underfull \hbox (badness 1210) in paragraph at lines 78--83
\T1/cmr/m/n/10.95 fluid-structure sys-tem.  \T1/cmr/m/it/10.95 Jour-nal of Flu-
ids and Struc-tures\T1/cmr/m/n/10.95 , 69:402--427, Febru-ary 2017.
 []


Underfull \hbox (badness 4072) in paragraph at lines 85--90
[][]\T1/cmr/m/n/10.95 M. Ses-lija, A. J. van der Schaft, and J. M. Scher-pen.  
Dis-crete ex-te-rior ge-
 []


Underfull \hbox (badness 3601) in paragraph at lines 85--90
\T1/cmr/m/n/10.95 om-e-try ap-proach to structure-preserving dis-cretiza-tion o
f distributed-parameter port-
 []


Underfull \hbox (badness 2142) in paragraph at lines 85--90
\T1/cmr/m/n/10.95 Hamiltonian sys-tems.  \T1/cmr/m/it/10.95 Jour-nal of Ge-om-e
-try and Physics\T1/cmr/m/n/10.95 , 62(6):1509 -- 1531, 2012.
 []


Underfull \hbox (badness 1558) in paragraph at lines 120--126
[][]\T1/cmr/m/n/10.95 F. L. Cardoso-Ribeiro, D. Matignon, and L. Lefèvre.  A st
ructure-preserving par-ti-
 []


Underfull \hbox (badness 3098) in paragraph at lines 136--140
[][]\T1/cmr/m/n/10.95 C. Beat-tie, V. Mehrmann, H. Xu, and H. Zwart.  Lin-ear p
ort-Hamiltonian de-
 []


Underfull \hbox (badness 3623) in paragraph at lines 136--140
\T1/cmr/m/n/10.95 scrip-tor sys-tems.  \T1/cmr/m/it/10.95 Math-e-mat-ics of Con
-trol, Sig-nals, and Sys-tems\T1/cmr/m/n/10.95 , 30(4):17, 2018.
 []


Underfull \hbox (badness 1874) in paragraph at lines 149--153
[][]\T1/cmr/m/n/10.95 D. Tong, W. Zhou, Y. Gao, C. Ji, and H. Su.  H$[]$ model 
re-duc-tion for port-
 []

[26]
Underfull \hbox (badness 1303) in paragraph at lines 168--174
[][]\T1/cmr/m/n/10.95 A. Mac-chelli, A. J. van der Schaft, and C. Mel-chiorri. 
 Port Hamil-to-nian for-mu-la-
 []


Underfull \hbox (badness 1348) in paragraph at lines 168--174
\T1/cmr/m/n/10.95 tion of in-fi-nite di-men-sional sys-tems I. Mod-el-ing.  In 
\T1/cmr/m/it/10.95 Pro-ceed-ings of the IEEE Con-
 []


Underfull \hbox (badness 3148) in paragraph at lines 168--174
\T1/cmr/m/it/10.95 fer-ence on De-ci-sion and Con-trol\T1/cmr/m/n/10.95 , vol-u
me 4, pages 3762 -- 3767. IEEE, 01 2005.
 []


Underfull \hbox (badness 10000) in paragraph at lines 201--206
[][]\T1/cmr/m/n/10.95 D.J. Dawe and O.L. Ro-ufaeil.  Rayleigh-Ritz vi-bra-tion 
anal-y-sis of
 []


Underfull \hbox (badness 10000) in paragraph at lines 201--206
\T1/cmr/m/n/10.95 Mindlin plates.  \T1/cmr/m/it/10.95 Jour-nal of Sound and Vi-
bra-tion\T1/cmr/m/n/10.95 , 69(3):345--359, 1980.
 []


Underfull \hbox (badness 5578) in paragraph at lines 208--213
[][]\T1/cmr/m/n/10.95 H.C. Huang and E. Hin-ton.  A nine node La-grangian Mindl
in plate el-e-ment
 []


Underfull \hbox (badness 3333) in paragraph at lines 208--213
\T1/cmr/m/n/10.95 with en-hanced shear in-ter-po-la-tion.  \T1/cmr/m/it/10.95 E
n-gi-neer-ing Com-pu-ta-tions\T1/cmr/m/n/10.95 , 1(4):369--379, 1984.
 []


Underfull \hbox (badness 8113) in paragraph at lines 215--221
[][]\T1/cmr/m/n/10.95 R. Durán, L. Hervella-Nieto, E. Liber-man, and J. Solomin
.  Ap-prox-i-ma-tion
 []


Underfull \hbox (badness 6125) in paragraph at lines 215--221
\T1/cmr/m/n/10.95 of the vi-bra-tion modes of a plate by Reissner-Mindlin equa-
tions.  \T1/cmr/m/it/10.95 Math-e-mat-
 []


Underfull \hbox (badness 2582) in paragraph at lines 215--221
\T1/cmr/m/it/10.95 ics of Com-pu-ta-tion of the Amer-i-can Math-e-mat-i-cal So-
ci-ety\T1/cmr/m/n/10.95 , 68(228):1447--1463, 1999.
 []


Underfull \hbox (badness 10000) in paragraph at lines 223--228
[][]\T1/cmr/m/n/10.95 M. Ku-rula and H. Zwart.  Lin-ear wave sys-tems on n-d sp
a-tial do-
 []


Underfull \hbox (badness 10000) in paragraph at lines 223--228
\T1/cmr/m/n/10.95 mains.  \T1/cmr/m/it/10.95 In-ter-na-tional Jour-nal of Con-t
rol\T1/cmr/m/n/10.95 , 88(5):1063--1077, 2015.
 []


Underfull \hbox (badness 4193) in paragraph at lines 237--244
[][]\T1/cmr/m/n/10.95 R. Or-tega, A. J. Van Der Schaft, F. Cas-tanos, and A. As
-tolfi.  Con-trol by
 []


Underfull \hbox (badness 10000) in paragraph at lines 237--244
\T1/cmr/m/n/10.95 in-ter-con-nec-tion and stan-dard passivity-based con-trol of
 port-Hamiltonian sys-
 []


Underfull \hbox (badness 10000) in paragraph at lines 237--244
\T1/cmr/m/n/10.95 tems.  \T1/cmr/m/it/10.95 IEEE Trans-ac-tions on Au-to-matic 
Con-trol\T1/cmr/m/n/10.95 , 53:2527 -- 2542, 01 2009.
 []


Overfull \hbox (23.05472pt too wide) in paragraph at lines 237--244
[][][][][][]\T1/cmr/m/n/10.95 . 
 []

[27])
Package atveryend Info: Empty hook `BeforeClearDocument' on input line 1272.
 [28]
Package atveryend Info: Empty hook `AfterLastShipout' on input line 1272.
 (./Mindlin_Part_Arxiv.aux)
Package atveryend Info: Empty hook `AtVeryEndDocument' on input line 1272.
Package atveryend Info: Executing hook `AtEndAfterFileList' on input line 1272.

Package rerunfilecheck Info: File `Mindlin_Part_Arxiv.out' has not changed.
(rerunfilecheck)             Checksum: 90CC93274B1981654C07364D28E07521;1407.
Package atveryend Info: Empty hook `AtVeryVeryEnd' on input line 1272.
 ) 
Here is how much of TeX's memory you used:
 18210 strings out of 492702
 314782 string characters out of 6134530
 449850 words of memory out of 5000000
 21841 multiletter control sequences out of 15000+600000
 563609 words of font info for 112 fonts, out of 8000000 for 9000
 1137 hyphenation exceptions out of 8191
 41i,15n,63p,1700b,473s stack positions out of 5000i,500n,10000p,200000b,80000s

Output written on Mindlin_Part_Arxiv.dvi (28 pages, 238536 bytes).
