This is pdfTeX, Version 3.14159265-2.6-1.40.19 (TeX Live 2018) (preloaded format=pdflatex 2019.2.19)  29 MAY 2020 14:09
entering extended mode
 \write18 enabled.
 %&-line parsing enabled.
**pfem4mixed_revision.tex
(./pfem4mixed_revision.tex
LaTeX2e <2018-04-01> patch level 5
(./ifacconf.cls
Document Class: ifacconf 2007/05/31, 3.2ModD: IFAC conferences

\@frontmatterwidth=\dimen102
\@bls=\dimen103
\eqntopsep=\skip41
\eqnarraycolsep=\dimen104
\labelwidthi=\dimen105
\labelwidthii=\dimen106
\labelwidthiii=\dimen107
\labelwidthiv=\dimen108
\@maxlistdepth=\count80
\eqnbaselineskip=\skip42
\eqnlineskip=\skip43
\mathindent=\dimen109
\rulepreskip=\dimen110
\rulepostskip=\dimen111
\Arrayrulewidth=\dimen112
\crulepostskip=\dimen113
\@Ldec=\dimen114
\@Rdec=\dimen115
\@Lpmdec=\dimen116
\@Rpmdec=\dimen117
\c@section=\count81
\c@subsection=\count82
\c@subsubsection=\count83
\c@paragraph=\count84
\c@subparagraph=\count85
(/usr/share/texlive/texmf-dist/tex/latex/tools/theorem.sty
Package: theorem 2014/10/28 v2.2c Theorem extension package (FMi)
\theorem@style=\toks14
\theorem@bodyfont=\toks15
\theorempreskipamount=\skip44
\theorempostskipamount=\skip45

(/usr/share/texlive/texmf-dist/tex/latex/tools/thp.sty
File: thp.sty 2014/10/28 v2.2c Theorem extension package (FMi)
))
(/usr/share/texlive/texmf-dist/tex/latex/base/newlfont.sty
Package: newlfont 1998/08/17 v2.2m Standard LaTeX package
LaTeX Info: Redefining \em on input line 57.

(/usr/share/texlive/texmf-dist/tex/latex/base/latexsym.sty
Package: latexsym 1998/08/17 v2.2e Standard LaTeX package (lasy symbols)
\symlasy=\mathgroup4
LaTeX Font Info:    Overwriting symbol font `lasy' in version `bold'
(Font)                  U/lasy/m/n --> U/lasy/b/n on input line 52.
))
LaTeX Info: Redefining \rm on input line 595.
LaTeX Info: Redefining \sf on input line 596.
LaTeX Info: Redefining \tt on input line 597.
LaTeX Info: Redefining \bf on input line 598.
LaTeX Info: Redefining \it on input line 599.
LaTeX Info: Redefining \sl on input line 600.
LaTeX Info: Redefining \sc on input line 601.
\c@thm=\count86
\c@alg=\count87
\c@algorithm=\count88
\c@note=\count89
\c@summ=\count90
\c@case=\count91
\@tempcntc=\count92
\c@figure=\count93
\c@table=\count94
\t@glob@notes=\toks16
\t@loc@notes=\toks17
\note@cnt=\count95
\c@author=\count96
\n@author=\count97
\c@collab=\count98
\n@collab=\count99
\c@address=\count100
\sv@mathsurround=\dimen118
\sv@hyphenpenalty=\count101
\prev@elem=\count102
\cur@elem=\count103
\fm@box=\box26
\fm@size=\dimen119
\t@abstract=\box27
\t@keyword=\box28
\rep@mod=\count104
\t@xtheight=\dimen120
\@logoheight=\dimen121
\@pubyear=\count105
\c@firstpage=\count106
\c@lastpage=\count107
\slashbox=\box29
LaTeX Font Info:    External font `cmex10' loaded for size
(Font)              <7> on input line 1506.
LaTeX Font Info:    External font `cmex10' loaded for size
(Font)              <5> on input line 1506.
LaTeX Font Info:    Try loading font information for U+lasy on input line 1506.


(/usr/share/texlive/texmf-dist/tex/latex/base/ulasy.fd
File: ulasy.fd 1998/08/17 v2.2e LaTeX symbol font definitions
)
\Slashbox=\box30
LaTeX Font Info:    External font `cmex10' loaded for size
(Font)              <12> on input line 1507.
LaTeX Font Info:    External font `cmex10' loaded for size
(Font)              <8> on input line 1507.
LaTeX Font Info:    External font `cmex10' loaded for size
(Font)              <6> on input line 1507.
\@frontindent=\dimen122
)
(/usr/share/texlive/texmf-dist/tex/latex/graphics/graphicx.sty
Package: graphicx 2017/06/01 v1.1a Enhanced LaTeX Graphics (DPC,SPQR)

(/usr/share/texlive/texmf-dist/tex/latex/graphics/keyval.sty
Package: keyval 2014/10/28 v1.15 key=value parser (DPC)
\KV@toks@=\toks18
)
(/usr/share/texlive/texmf-dist/tex/latex/graphics/graphics.sty
Package: graphics 2017/06/25 v1.2c Standard LaTeX Graphics (DPC,SPQR)

(/usr/share/texlive/texmf-dist/tex/latex/graphics/trig.sty
Package: trig 2016/01/03 v1.10 sin cos tan (DPC)
)
(/usr/share/texlive/texmf-dist/tex/latex/graphics-cfg/graphics.cfg
File: graphics.cfg 2016/06/04 v1.11 sample graphics configuration
)
Package graphics Info: Driver file: pdftex.def on input line 99.

(/usr/share/texlive/texmf-dist/tex/latex/graphics-def/pdftex.def
File: pdftex.def 2018/01/08 v1.0l Graphics/color driver for pdftex
))
\Gin@req@height=\dimen123
\Gin@req@width=\dimen124
)
(/usr/share/texlive/texmf-dist/tex/latex/natbib/natbib.sty
Package: natbib 2010/09/13 8.31b (PWD, AO)
\bibhang=\skip46
\bibsep=\skip47
LaTeX Info: Redefining \cite on input line 694.
\c@NAT@ctr=\count108
)
(/usr/share/texlive/texmf-dist/tex/latex/diffcoeff/diffcoeff.sty
(/usr/share/texlive/texmf-dist/tex/latex/l3kernel/expl3.sty
Package: expl3 2018-06-14 L3 programming layer (loader) 

(/usr/share/texlive/texmf-dist/tex/latex/l3kernel/expl3-code.tex
Package: expl3 2018-06-14 L3 programming layer (code)
\c_max_int=\count109
\l_tmpa_int=\count110
\l_tmpb_int=\count111
\g_tmpa_int=\count112
\g_tmpb_int=\count113
\g__kernel_prg_map_int=\count114
\c_log_iow=\count115
\l_iow_line_count_int=\count116
\l__iow_line_target_int=\count117
\l__iow_one_indent_int=\count118
\l__iow_indent_int=\count119
\c_zero_dim=\dimen125
\c_max_dim=\dimen126
\l_tmpa_dim=\dimen127
\l_tmpb_dim=\dimen128
\g_tmpa_dim=\dimen129
\g_tmpb_dim=\dimen130
\c_zero_skip=\skip48
\c_max_skip=\skip49
\l_tmpa_skip=\skip50
\l_tmpb_skip=\skip51
\g_tmpa_skip=\skip52
\g_tmpb_skip=\skip53
\c_zero_muskip=\muskip10
\c_max_muskip=\muskip11
\l_tmpa_muskip=\muskip12
\l_tmpb_muskip=\muskip13
\g_tmpa_muskip=\muskip14
\g_tmpb_muskip=\muskip15
\l_keys_choice_int=\count120
\l__intarray_loop_int=\count121
\c__intarray_sp_dim=\dimen131
\g__intarray_font_int=\count122
\c__fp_leading_shift_int=\count123
\c__fp_middle_shift_int=\count124
\c__fp_trailing_shift_int=\count125
\c__fp_big_leading_shift_int=\count126
\c__fp_big_middle_shift_int=\count127
\c__fp_big_trailing_shift_int=\count128
\c__fp_Bigg_leading_shift_int=\count129
\c__fp_Bigg_middle_shift_int=\count130
\c__fp_Bigg_trailing_shift_int=\count131
\c__kernel_randint_max_int=\count132
\g__fp_array_int=\count133
\l__fp_array_loop_int=\count134
\l__sort_length_int=\count135
\l__sort_min_int=\count136
\l__sort_top_int=\count137
\l__sort_max_int=\count138
\l__sort_true_max_int=\count139
\l__sort_block_int=\count140
\l__sort_begin_int=\count141
\l__sort_end_int=\count142
\l__sort_A_int=\count143
\l__sort_B_int=\count144
\l__sort_C_int=\count145
\l__tl_analysis_normal_int=\count146
\l__tl_analysis_index_int=\count147
\l__tl_analysis_nesting_int=\count148
\l__tl_analysis_type_int=\count149
\l__regex_internal_a_int=\count150
\l__regex_internal_b_int=\count151
\l__regex_internal_c_int=\count152
\l__regex_balance_int=\count153
\l__regex_group_level_int=\count154
\l__regex_mode_int=\count155
\c__regex_cs_in_class_mode_int=\count156
\c__regex_cs_mode_int=\count157
\l__regex_catcodes_int=\count158
\l__regex_default_catcodes_int=\count159
\c__regex_catcode_D_int=\count160
\c__regex_catcode_S_int=\count161
\c__regex_catcode_L_int=\count162
\c__regex_catcode_O_int=\count163
\c__regex_catcode_A_int=\count164
\c__regex_all_catcodes_int=\count165
\l__regex_show_lines_int=\count166
\l__regex_min_state_int=\count167
\l__regex_max_state_int=\count168
\l__regex_left_state_int=\count169
\l__regex_right_state_int=\count170
\l__regex_capturing_group_int=\count171
\l__regex_min_pos_int=\count172
\l__regex_max_pos_int=\count173
\l__regex_curr_pos_int=\count174
\l__regex_start_pos_int=\count175
\l__regex_success_pos_int=\count176
\l__regex_curr_char_int=\count177
\l__regex_curr_catcode_int=\count178
\l__regex_last_char_int=\count179
\l__regex_case_changed_char_int=\count180
\l__regex_curr_state_int=\count181
\l__regex_step_int=\count182
\l__regex_min_active_int=\count183
\l__regex_max_active_int=\count184
\l__regex_replacement_csnames_int=\count185
\l__regex_match_count_int=\count186
\l__regex_min_submatch_int=\count187
\l__regex_submatch_int=\count188
\l__regex_zeroth_submatch_int=\count189
\g__regex_trace_regex_int=\count190
\c_empty_box=\box31
\l_tmpa_box=\box32
\l_tmpb_box=\box33
\g_tmpa_box=\box34
\g_tmpb_box=\box35
\l__box_top_dim=\dimen132
\l__box_bottom_dim=\dimen133
\l__box_left_dim=\dimen134
\l__box_right_dim=\dimen135
\l__box_top_new_dim=\dimen136
\l__box_bottom_new_dim=\dimen137
\l__box_left_new_dim=\dimen138
\l__box_right_new_dim=\dimen139
\l__box_internal_box=\box36
\l__coffin_internal_box=\box37
\l__coffin_internal_dim=\dimen140
\l__coffin_offset_x_dim=\dimen141
\l__coffin_offset_y_dim=\dimen142
\l__coffin_x_dim=\dimen143
\l__coffin_y_dim=\dimen144
\l__coffin_x_prime_dim=\dimen145
\l__coffin_y_prime_dim=\dimen146
\c_empty_coffin=\box38
\l__coffin_aligned_coffin=\box39
\l__coffin_aligned_internal_coffin=\box40
\l_tmpa_coffin=\box41
\l_tmpb_coffin=\box42
\l__coffin_display_coffin=\box43
\l__coffin_display_coord_coffin=\box44
\l__coffin_display_pole_coffin=\box45
\l__coffin_display_offset_dim=\dimen147
\l__coffin_display_x_dim=\dimen148
\l__coffin_display_y_dim=\dimen149
\g__file_internal_ior=\read1
\l__coffin_bounding_shift_dim=\dimen150
\l__coffin_left_corner_dim=\dimen151
\l__coffin_right_corner_dim=\dimen152
\l__coffin_bottom_corner_dim=\dimen153
\l__coffin_top_corner_dim=\dimen154
\l__coffin_scaled_total_height_dim=\dimen155
\l__coffin_scaled_width_dim=\dimen156
\l__seq_internal_a_int=\count191
\l__seq_internal_b_int=\count192
)
(/usr/share/texlive/texmf-dist/tex/latex/l3kernel/l3pdfmode.def
File: l3pdfmode.def 2018-06-14 v L3 Experimental driver: PDF mode
\l__driver_color_stack_int=\count193
))
(/usr/share/texlive/texmf-dist/tex/latex/l3packages/xparse/xparse.sty
Package: xparse 2018-05-12 L3 Experimental document command parser
\l__xparse_current_arg_int=\count194
\g__xparse_grabber_int=\count195
\l__xparse_m_args_int=\count196
\l__xparse_mandatory_args_int=\count197
\l__xparse_v_nesting_int=\count198
)
Package: diffcoeff 2016/06/27 v1.0 Write differential coefficients easily.
\l__diffco_curr_tok_int=\count199
\l__diffco_curr_state_int=\count266
.................................................
. LaTeX info: "xparse/define-command"
. 
. Defining command \diffset with sig. 'o' on line 108.
.................................................
.................................................
. LaTeX info: "xparse/define-command"
. 
. Defining command \diff with sig. 'somt/mg' on line 190.
.................................................
.................................................
. LaTeX info: "xparse/define-command"
. 
. Defining command \Diff with sig. 'ommg' on line 200.
.................................................
.................................................
. LaTeX info: "xparse/define-command"
. 
. Defining command \diffd with sig. 'ommg' on line 210.
.................................................
.................................................
. LaTeX info: "xparse/define-command"
. 
. Defining command \Diffd with sig. 'ommg' on line 220.
.................................................
.................................................
. LaTeX info: "xparse/define-command"
. 
. Defining command \diffp with sig. 'soomt/mg' on line 351.
.................................................
.................................................
. LaTeX info: "xparse/define-command"
. 
. Defining command \jacob with sig. 'mm' on line 356.
.................................................
)
(/usr/share/texlive/texmf-dist/tex/latex/amsmath/amsmath.sty
Package: amsmath 2017/09/02 v2.17a AMS math features
\@mathmargin=\skip54

For additional information on amsmath, use the `?' option.
(/usr/share/texlive/texmf-dist/tex/latex/amsmath/amstext.sty
Package: amstext 2000/06/29 v2.01 AMS text

(/usr/share/texlive/texmf-dist/tex/latex/amsmath/amsgen.sty
File: amsgen.sty 1999/11/30 v2.0 generic functions
\@emptytoks=\toks19
\ex@=\dimen157
))
(/usr/share/texlive/texmf-dist/tex/latex/amsmath/amsbsy.sty
Package: amsbsy 1999/11/29 v1.2d Bold Symbols
\pmbraise@=\dimen158
)
(/usr/share/texlive/texmf-dist/tex/latex/amsmath/amsopn.sty
Package: amsopn 2016/03/08 v2.02 operator names
LaTeX Info: Redefining \operatorname on input line 43.
)
\inf@bad=\count267
LaTeX Info: Redefining \frac on input line 213.
\uproot@=\count268
\leftroot@=\count269
LaTeX Info: Redefining \overline on input line 375.
\classnum@=\count270
\DOTSCASE@=\count271
LaTeX Info: Redefining \ldots on input line 472.
LaTeX Info: Redefining \dots on input line 475.
LaTeX Info: Redefining \cdots on input line 596.
\Mathstrutbox@=\box46
\strutbox@=\box47
\big@size=\dimen159
LaTeX Font Info:    Redeclaring font encoding OML on input line 712.
LaTeX Font Info:    Redeclaring font encoding OMS on input line 713.
\macc@depth=\count272
\c@MaxMatrixCols=\count273
\dotsspace@=\muskip16
\c@parentequation=\count274
\dspbrk@lvl=\count275
\tag@help=\toks20
\row@=\count276
\column@=\count277
\maxfields@=\count278
\andhelp@=\toks21
\eqnshift@=\dimen160
\alignsep@=\dimen161
\tagshift@=\dimen162
\tagwidth@=\dimen163
\totwidth@=\dimen164
\lineht@=\dimen165
\@envbody=\toks22
\multlinegap=\skip55
\multlinetaggap=\skip56
\mathdisplay@stack=\toks23
LaTeX Info: Redefining \[ on input line 2817.
LaTeX Info: Redefining \] on input line 2818.
)
(/usr/share/texlive/texmf-dist/tex/latex/amsfonts/amssymb.sty
Package: amssymb 2013/01/14 v3.01 AMS font symbols

(/usr/share/texlive/texmf-dist/tex/latex/amsfonts/amsfonts.sty
Package: amsfonts 2013/01/14 v3.01 Basic AMSFonts support
\symAMSa=\mathgroup5
\symAMSb=\mathgroup6
LaTeX Font Info:    Overwriting math alphabet `\mathfrak' in version `bold'
(Font)                  U/euf/m/n --> U/euf/b/n on input line 106.
))
(/usr/share/texlive/texmf-dist/tex/latex/tools/bm.sty
Package: bm 2017/01/16 v1.2c Bold Symbol Support (DPC/FMi)
\symboldoperators=\mathgroup7
\symboldletters=\mathgroup8
\symboldsymbols=\mathgroup9
\symboldlasy=\mathgroup10
LaTeX Font Info:    Redeclaring math alphabet \mathbf on input line 141.
LaTeX Info: Redefining \bm on input line 207.
)
(/usr/share/texlive/texmf-dist/tex/latex/doublestroke/dsfont.sty
Package: dsfont 1995/08/01 v0.1 Double stroke roman fonts
)
(/usr/share/texlive/texmf-dist/tex/latex/url/url.sty
\Urlmuskip=\muskip17
Package: url 2013/09/16  ver 3.4  Verb mode for urls, etc.
)
(/usr/share/texlive/texmf-dist/tex/latex/comment/comment.sty
\CommentStream=\write3

Excluding comment 'comment')
(/usr/share/texlive/texmf-dist/tex/latex/subfig/subfig.sty
Package: subfig 2005/06/28 ver: 1.3 subfig package

(/usr/share/texlive/texmf-dist/tex/latex/caption/caption3.sty
Package: caption3 2018/05/27 v1.8a caption3 kernel (AR)
Package caption3 Info: TeX engine: e-TeX on input line 64.
\captionmargin=\dimen166
\captionmargin@=\dimen167
\captionwidth=\dimen168
\caption@tempdima=\dimen169
\caption@indent=\dimen170
\caption@parindent=\dimen171
\caption@hangindent=\dimen172
\abovecaptionskip=\skip57
\belowcaptionskip=\skip58
Package caption Info: Unknown document class (or package),
(caption)             standard defaults will be used.
)
\c@KVtest=\count279
\sf@farskip=\skip59
\sf@captopadj=\dimen173
\sf@capskip=\skip60
\sf@nearskip=\skip61
\c@subfigure=\count280
\c@subfigure@save=\count281
\c@lofdepth=\count282
\c@subtable=\count283
\c@subtable@save=\count284
\c@lotdepth=\count285
\sf@top=\skip62
\sf@bottom=\skip63
)
(/usr/share/texlive/texmf-dist/tex/latex/etoolbox/etoolbox.sty
Package: etoolbox 2018/02/11 v2.5e e-TeX tools for LaTeX (JAW)
\etb@tempcnta=\count286
)
\c@remark=\count287

(./pfem4mixed_revision.aux)
\openout1 = `pfem4mixed_revision.aux'.

LaTeX Font Info:    Checking defaults for OML/cmm/m/it on input line 34.
LaTeX Font Info:    ... okay on input line 34.
LaTeX Font Info:    Checking defaults for T1/cmr/m/n on input line 34.
LaTeX Font Info:    ... okay on input line 34.
LaTeX Font Info:    Checking defaults for OT1/cmr/m/n on input line 34.
LaTeX Font Info:    ... okay on input line 34.
LaTeX Font Info:    Checking defaults for OMS/cmsy/m/n on input line 34.
LaTeX Font Info:    ... okay on input line 34.
LaTeX Font Info:    Checking defaults for OMX/cmex/m/n on input line 34.
LaTeX Font Info:    ... okay on input line 34.
LaTeX Font Info:    Checking defaults for U/cmr/m/n on input line 34.
LaTeX Font Info:    ... okay on input line 34.

(/usr/share/texlive/texmf-dist/tex/context/base/mkii/supp-pdf.mkii
[Loading MPS to PDF converter (version 2006.09.02).]
\scratchcounter=\count288
\scratchdimen=\dimen174
\scratchbox=\box48
\nofMPsegments=\count289
\nofMParguments=\count290
\everyMPshowfont=\toks24
\MPscratchCnt=\count291
\MPscratchDim=\dimen175
\MPnumerator=\count292
\makeMPintoPDFobject=\count293
\everyMPtoPDFconversion=\toks25
) (/usr/share/texlive/texmf-dist/tex/latex/oberdiek/epstopdf-base.sty
Package: epstopdf-base 2016/05/15 v2.6 Base part for package epstopdf

(/usr/share/texlive/texmf-dist/tex/generic/oberdiek/infwarerr.sty
Package: infwarerr 2016/05/16 v1.4 Providing info/warning/error messages (HO)
)
(/usr/share/texlive/texmf-dist/tex/latex/oberdiek/grfext.sty
Package: grfext 2016/05/16 v1.2 Manage graphics extensions (HO)

(/usr/share/texlive/texmf-dist/tex/generic/oberdiek/kvdefinekeys.sty
Package: kvdefinekeys 2016/05/16 v1.4 Define keys (HO)

(/usr/share/texlive/texmf-dist/tex/generic/oberdiek/ltxcmds.sty
Package: ltxcmds 2016/05/16 v1.23 LaTeX kernel commands for general use (HO)
)))
(/usr/share/texlive/texmf-dist/tex/latex/oberdiek/kvoptions.sty
Package: kvoptions 2016/05/16 v3.12 Key value format for package options (HO)

(/usr/share/texlive/texmf-dist/tex/generic/oberdiek/kvsetkeys.sty
Package: kvsetkeys 2016/05/16 v1.17 Key value parser (HO)

(/usr/share/texlive/texmf-dist/tex/generic/oberdiek/etexcmds.sty
Package: etexcmds 2016/05/16 v1.6 Avoid name clashes with e-TeX commands (HO)

(/usr/share/texlive/texmf-dist/tex/generic/oberdiek/ifluatex.sty
Package: ifluatex 2016/05/16 v1.4 Provides the ifluatex switch (HO)
Package ifluatex Info: LuaTeX not detected.
)
Package etexcmds Info: Could not find \expanded.
(etexcmds)             That can mean that you are not using pdfTeX 1.50 or
(etexcmds)             that some package has redefined \expanded.
(etexcmds)             In the latter case, load this package earlier.
)))
(/usr/share/texlive/texmf-dist/tex/generic/oberdiek/pdftexcmds.sty
Package: pdftexcmds 2018/01/30 v0.27 Utility functions of pdfTeX for LuaTeX (HO
)

(/usr/share/texlive/texmf-dist/tex/generic/oberdiek/ifpdf.sty
Package: ifpdf 2017/03/15 v3.2 Provides the ifpdf switch
)
Package pdftexcmds Info: LuaTeX not detected.
Package pdftexcmds Info: \pdf@primitive is available.
Package pdftexcmds Info: \pdf@ifprimitive is available.
Package pdftexcmds Info: \pdfdraftmode found.
)
Package epstopdf-base Info: Redefining graphics rule for `.eps' on input line 4
38.
Package grfext Info: Graphics extension search list:
(grfext)             [.pdf,.png,.jpg,.mps,.jpeg,.jbig2,.jb2,.PDF,.PNG,.JPG,.JPE
G,.JBIG2,.JB2,.eps]
(grfext)             \AppendGraphicsExtensions on input line 456.

(/usr/share/texlive/texmf-dist/tex/latex/latexconfig/epstopdf-sys.cfg
File: epstopdf-sys.cfg 2010/07/13 v1.3 Configuration of (r)epstopdf for TeX Liv
e
))
Package caption Info: Begin \AtBeginDocument code.
Package caption Info: subfig package v1.3 is loaded.
Package caption Info: End \AtBeginDocument code.
LaTeX Font Info:    Calculating math sizes for size <14> on input line 37.
LaTeX Font Info:    Try loading font information for U+msa on input line 37.

(/usr/share/texlive/texmf-dist/tex/latex/amsfonts/umsa.fd
File: umsa.fd 2013/01/14 v3.01 AMS symbols A
)
LaTeX Font Info:    Try loading font information for U+msb on input line 37.

(/usr/share/texlive/texmf-dist/tex/latex/amsfonts/umsb.fd
File: umsb.fd 2013/01/14 v3.01 AMS symbols B
)
LaTeX Font Info:    Font shape `U/lasy/b/n' in size <9.79996> not available
(Font)              Font shape `U/lasy/m/n' tried instead on input line 37.
LaTeX Font Info:    Font shape `U/lasy/b/n' in size <7> not available
(Font)              Font shape `U/lasy/m/n' tried instead on input line 37.
LaTeX Font Info:    Font shape `U/lasy/b/n' in size <5> not available
(Font)              Font shape `U/lasy/m/n' tried instead on input line 45.
LaTeX Font Info:    Try loading font information for OMS+cmr on input line 52.

(/usr/share/texlive/texmf-dist/tex/latex/base/omscmr.fd
File: omscmr.fd 2014/09/29 v2.5h Standard LaTeX font definitions
)
LaTeX Font Info:    Font shape `OMS/cmr/m/it' in size <10> not available
(Font)              Font shape `OMS/cmsy/m/n' tried instead on input line 52.
\c@sv@footnote=\count294
LaTeX Font Info:    Font shape `U/lasy/b/n' in size <8> not available
(Font)              Font shape `U/lasy/m/n' tried instead on input line 64.
LaTeX Font Info:    Font shape `U/lasy/b/n' in size <6> not available
(Font)              Font shape `U/lasy/m/n' tried instead on input line 64.

Underfull \hbox (badness 10000) in paragraph at lines 69--70

 []


Underfull \hbox (badness 10000) in paragraph at lines 71--72

 []


Underfull \hbox (badness 10000) in paragraph at lines 73--74

 []


Underfull \vbox (badness 10000) has occurred while \output is active []

 [1{/usr/share/texlive/texmf-dist/fonts/map/pdftex/updmap/pdftex.map}

]
LaTeX Font Info:    Try loading font information for U+dsrom on input line 119.


(/usr/share/texlive/texmf-dist/tex/latex/doublestroke/Udsrom.fd
File: Udsrom.fd 1995/08/01 v0.1 Double stroke roman font definitions
) [2]
Package epstopdf Info: Source file: <./Figures/boundary_part.eps>
(epstopdf)                    date: 2019-10-10 08:41:38
(epstopdf)                    size: 12379 bytes
(epstopdf)             Output file: <./Figures/boundary_part-eps-converted-to.p
df>
(epstopdf)                    date: 2019-10-10 13:45:09
(epstopdf)                    size: 5564 bytes
(epstopdf)             Command: <epstopdf --outfile=./Figures/boundary_part-eps
-converted-to.pdf ./Figures/boundary_part.eps>
(epstopdf)             \includegraphics on input line 247.
Package epstopdf Info: Output file is already uptodate.


pdfTeX warning: /usr/bin/pdflatex (file ./Figures/boundary_part-eps-converted-t
o.pdf): PDF inclusion: found PDF version <1.7>, but at most version <1.5> allow
ed
<./Figures/boundary_part-eps-converted-to.pdf, id=28, 375.4025pt x 222.8325pt>
File: ./Figures/boundary_part-eps-converted-to.pdf Graphic file (type pdf)
<use ./Figures/boundary_part-eps-converted-to.pdf>
Package pdftex.def Info: ./Figures/boundary_part-eps-converted-to.pdf  used on 
input line 247.
(pdftex.def)             Requested size: 163.67293pt x 97.15576pt.

Overfull \hbox (3.5587pt too wide) detected at line 324
[][]
 []

[3 <./Figures/boundary_part-eps-converted-to.pdf>]
LaTeX Font Info:    Font shape `OMS/cmr/m/n' in size <10> not available
(Font)              Font shape `OMS/cmsy/m/n' tried instead on input line 379.
Package epstopdf Info: Source file: <./Figures/domain_split.eps>
(epstopdf)                    date: 2019-09-13 10:51:30
(epstopdf)                    size: 16195 bytes
(epstopdf)             Output file: <./Figures/domain_split-eps-converted-to.pd
f>
(epstopdf)                    date: 2019-10-10 13:45:10
(epstopdf)                    size: 6896 bytes
(epstopdf)             Command: <epstopdf --outfile=./Figures/domain_split-eps-
converted-to.pdf ./Figures/domain_split.eps>
(epstopdf)             \includegraphics on input line 418.
Package epstopdf Info: Output file is already uptodate.


pdfTeX warning: /usr/bin/pdflatex (file ./Figures/domain_split-eps-converted-to
.pdf): PDF inclusion: found PDF version <1.7>, but at most version <1.5> allowe
d
<./Figures/domain_split-eps-converted-to.pdf, id=36, 329.23pt x 176.66pt>
File: ./Figures/domain_split-eps-converted-to.pdf Graphic file (type pdf)
<use ./Figures/domain_split-eps-converted-to.pdf>
Package pdftex.def Info: ./Figures/domain_split-eps-converted-to.pdf  used on i
nput line 418.
(pdftex.def)             Requested size: 163.67293pt x 87.8257pt.

Overfull \hbox (2.57114pt too wide) detected at line 498
[][] [][]
 []

[4 <./Figures/domain_split-eps-converted-to.pdf>] Excluding 'comment' comment.
Overfull \hbox (10.77538pt too wide) detected at line 622
\OML/cmm/m/it/10 H[] \OT1/cmr/m/n/10 = []\OML/cmm/m/it/10 ^^_[]p[] \OMS/cmsy/m/
n/10 ^^Y []\OT1/cmr/bx/n/10 p[]M[]p\OML/cmm/m/it/10 ;  H[] \OT1/cmr/m/n/10 = []
 [] \OML/cmm/m/it/10 ^^V[] \OMS/cmsy/m/n/10 jj\OT1/cmr/bx/n/10 v\OMS/cmsy/m/n/1
0 jj[] ^^Y []\OT1/cmr/bx/n/10 v[]M[]v\OML/cmm/m/it/10 ;
 []

Package epstopdf Info: Source file: <./Figures/Href.eps>
(epstopdf)                    date: 2019-10-10 08:41:38
(epstopdf)                    size: 210512 bytes
(epstopdf)             Output file: <./Figures/Href-eps-converted-to.pdf>
(epstopdf)                    date: 2019-10-10 13:45:12
(epstopdf)                    size: 14994 bytes
(epstopdf)             Command: <epstopdf --outfile=./Figures/Href-eps-converte
d-to.pdf ./Figures/Href.eps>
(epstopdf)             \includegraphics on input line 634.
Package epstopdf Info: Output file is already uptodate.


pdfTeX warning: /usr/bin/pdflatex (file ./Figures/Href-eps-converted-to.pdf): P
DF inclusion: found PDF version <1.7>, but at most version <1.5> allowed
<./Figures/Href-eps-converted-to.pdf, id=42, 462.72874pt x 347.2975pt>
File: ./Figures/Href-eps-converted-to.pdf Graphic file (type pdf)
<use ./Figures/Href-eps-converted-to.pdf>
Package pdftex.def Info: ./Figures/Href-eps-converted-to.pdf  used on input lin
e 634.
(pdftex.def)             Requested size: 120.86623pt x 90.71385pt.

Underfull \hbox (badness 10000) in paragraph at lines 634--634
[]
 []


Overfull \hbox (20.14554pt too wide) in paragraph at lines 634--634
[] 
 []

Package epstopdf Info: Source file: <./Figures/Hall_diff.eps>
(epstopdf)                    date: 2019-10-10 08:41:38
(epstopdf)                    size: 211011 bytes
(epstopdf)             Output file: <./Figures/Hall_diff-eps-converted-to.pdf>
(epstopdf)                    date: 2019-10-10 13:45:13
(epstopdf)                    size: 14241 bytes
(epstopdf)             Command: <epstopdf --outfile=./Figures/Hall_diff-eps-con
verted-to.pdf ./Figures/Hall_diff.eps>
(epstopdf)             \includegraphics on input line 638.
Package epstopdf Info: Output file is already uptodate.


pdfTeX warning: /usr/bin/pdflatex (file ./Figures/Hall_diff-eps-converted-to.pd
f): PDF inclusion: found PDF version <1.7>, but at most version <1.5> allowed
<./Figures/Hall_diff-eps-converted-to.pdf, id=43, 462.72874pt x 347.2975pt>
File: ./Figures/Hall_diff-eps-converted-to.pdf Graphic file (type pdf)
<use ./Figures/Hall_diff-eps-converted-to.pdf>
Package pdftex.def Info: ./Figures/Hall_diff-eps-converted-to.pdf  used on inpu
t line 638.
(pdftex.def)             Requested size: 120.86623pt x 90.71385pt.

Underfull \hbox (badness 10000) in paragraph at lines 638--638
[]
 []


Overfull \hbox (20.14554pt too wide) in paragraph at lines 638--638
[] 
 []

Package epstopdf Info: Source file: <./Figures/Hdae_all.eps>
(epstopdf)                    date: 2019-10-10 08:41:38
(epstopdf)                    size: 244167 bytes
(epstopdf)             Output file: <./Figures/Hdae_all-eps-converted-to.pdf>
(epstopdf)                    date: 2019-10-10 13:45:12
(epstopdf)                    size: 26062 bytes
(epstopdf)             Command: <epstopdf --outfile=./Figures/Hdae_all-eps-conv
erted-to.pdf ./Figures/Hdae_all.eps>
(epstopdf)             \includegraphics on input line 648.
Package epstopdf Info: Output file is already uptodate.


pdfTeX warning: /usr/bin/pdflatex (file ./Figures/Hdae_all-eps-converted-to.pdf
): PDF inclusion: found PDF version <1.7>, but at most version <1.5> allowed
<./Figures/Hdae_all-eps-converted-to.pdf, id=44, 462.72874pt x 347.2975pt>
File: ./Figures/Hdae_all-eps-converted-to.pdf Graphic file (type pdf)
<use ./Figures/Hdae_all-eps-converted-to.pdf>
Package pdftex.def Info: ./Figures/Hdae_all-eps-converted-to.pdf  used on input
 line 648.
(pdftex.def)             Requested size: 120.86623pt x 90.71385pt.

Underfull \hbox (badness 10000) in paragraph at lines 648--648
[]
 []


Overfull \hbox (20.14554pt too wide) in paragraph at lines 648--648
[] 
 []

Package epstopdf Info: Source file: <./Figures/Hode_all.eps>
(epstopdf)                    date: 2019-10-10 08:41:38
(epstopdf)                    size: 245290 bytes
(epstopdf)             Output file: <./Figures/Hode_all-eps-converted-to.pdf>
(epstopdf)                    date: 2019-10-10 13:45:13
(epstopdf)                    size: 26458 bytes
(epstopdf)             Command: <epstopdf --outfile=./Figures/Hode_all-eps-conv
erted-to.pdf ./Figures/Hode_all.eps>
(epstopdf)             \includegraphics on input line 652.
Package epstopdf Info: Output file is already uptodate.


pdfTeX warning: /usr/bin/pdflatex (file ./Figures/Hode_all-eps-converted-to.pdf
): PDF inclusion: found PDF version <1.7>, but at most version <1.5> allowed
<./Figures/Hode_all-eps-converted-to.pdf, id=45, 462.72874pt x 347.2975pt>
File: ./Figures/Hode_all-eps-converted-to.pdf Graphic file (type pdf)
<use ./Figures/Hode_all-eps-converted-to.pdf>
Package pdftex.def Info: ./Figures/Hode_all-eps-converted-to.pdf  used on input
 line 652.
(pdftex.def)             Requested size: 120.86623pt x 90.71385pt.

Underfull \hbox (badness 10000) in paragraph at lines 652--652
[]
 []


Overfull \hbox (20.14554pt too wide) in paragraph at lines 652--652
[] 
 []

Excluding 'comment' comment.
Package epstopdf Info: Source file: <./Figures/err_ep.eps>
(epstopdf)                    date: 2019-10-10 08:41:38
(epstopdf)                    size: 208928 bytes
(epstopdf)             Output file: <./Figures/err_ep-eps-converted-to.pdf>
(epstopdf)                    date: 2019-10-10 13:45:13
(epstopdf)                    size: 13537 bytes
(epstopdf)             Command: <epstopdf --outfile=./Figures/err_ep-eps-conver
ted-to.pdf ./Figures/err_ep.eps>
(epstopdf)             \includegraphics on input line 677.
Package epstopdf Info: Output file is already uptodate.


pdfTeX warning: /usr/bin/pdflatex (file ./Figures/err_ep-eps-converted-to.pdf):
 PDF inclusion: found PDF version <1.7>, but at most version <1.5> allowed
<./Figures/err_ep-eps-converted-to.pdf, id=46, 462.72874pt x 347.2975pt>
File: ./Figures/err_ep-eps-converted-to.pdf Graphic file (type pdf)
<use ./Figures/err_ep-eps-converted-to.pdf>
Package pdftex.def Info: ./Figures/err_ep-eps-converted-to.pdf  used on input l
ine 677.
(pdftex.def)             Requested size: 120.86623pt x 90.71385pt.

Underfull \hbox (badness 10000) in paragraph at lines 677--677
[]
 []


Overfull \hbox (20.14554pt too wide) in paragraph at lines 677--677
[] 
 []

Package epstopdf Info: Source file: <./Figures/err_eq.eps>
(epstopdf)                    date: 2019-10-10 08:41:38
(epstopdf)                    size: 208150 bytes
(epstopdf)             Output file: <./Figures/err_eq-eps-converted-to.pdf>
(epstopdf)                    date: 2019-10-10 13:45:14
(epstopdf)                    size: 13153 bytes
(epstopdf)             Command: <epstopdf --outfile=./Figures/err_eq-eps-conver
ted-to.pdf ./Figures/err_eq.eps>
(epstopdf)             \includegraphics on input line 681.
Package epstopdf Info: Output file is already uptodate.


pdfTeX warning: /usr/bin/pdflatex (file ./Figures/err_eq-eps-converted-to.pdf):
 PDF inclusion: found PDF version <1.7>, but at most version <1.5> allowed
<./Figures/err_eq-eps-converted-to.pdf, id=47, 462.72874pt x 347.2975pt>
File: ./Figures/err_eq-eps-converted-to.pdf Graphic file (type pdf)
<use ./Figures/err_eq-eps-converted-to.pdf>
Package pdftex.def Info: ./Figures/err_eq-eps-converted-to.pdf  used on input l
ine 681.
(pdftex.def)             Requested size: 120.86623pt x 90.71385pt.

Underfull \hbox (badness 10000) in paragraph at lines 681--681
[]
 []


Overfull \hbox (20.14554pt too wide) in paragraph at lines 681--681
[] 
 []

Excluding 'comment' comment. [5 <./Figures/Href-eps-converted-to.pdf> <./Figure
s/Hall_diff-eps-converted-to.pdf> <./Figures/Hdae_all-eps-converted-to.pdf> <./
Figures/Hode_all-eps-converted-to.pdf> <./Figures/err_ep-eps-converted-to.pdf> 
<./Figures/err_eq-eps-converted-to.pdf>]
Overfull \hbox (4.33247pt too wide) in paragraph at lines 731--732
\OT1/cmr/m/n/10 bound-ary in-puts has been ad-dressed. Two dif-fer-ent method-
 []

(./pfem4mixed_revision.bbl) [6] (./pfem4mixed_revision.aux) ) 
Here is how much of TeX's memory you used:
 13835 strings out of 492701
 245917 string characters out of 6134504
 305191 words of memory out of 5000000
 17578 multiletter control sequences out of 15000+600000
 547149 words of font info for 87 fonts, out of 8000000 for 9000
 1137 hyphenation exceptions out of 8191
 41i,16n,63p,1279b,392s stack positions out of 5000i,500n,10000p,200000b,80000s
</usr/share/texliv
e/texmf-dist/fonts/type1/public/amsfonts/cm/cmbx10.pfb></usr/share/texlive/texm
f-dist/fonts/type1/public/amsfonts/cm/cmbx12.pfb></usr/share/texlive/texmf-dist
/fonts/type1/public/amsfonts/cm/cmex10.pfb></usr/share/texlive/texmf-dist/fonts
/type1/public/amsfonts/cm/cmmi10.pfb></usr/share/texlive/texmf-dist/fonts/type1
/public/amsfonts/cm/cmmi12.pfb></usr/share/texlive/texmf-dist/fonts/type1/publi
c/amsfonts/cm/cmmi5.pfb></usr/share/texlive/texmf-dist/fonts/type1/public/amsfo
nts/cm/cmmi6.pfb></usr/share/texlive/texmf-dist/fonts/type1/public/amsfonts/cm/
cmmi7.pfb></usr/share/texlive/texmf-dist/fonts/type1/public/amsfonts/cm/cmmi8.p
fb></usr/share/texlive/texmf-dist/fonts/type1/public/amsfonts/cm/cmmib10.pfb></
usr/share/texlive/texmf-dist/fonts/type1/public/amsfonts/cm/cmr10.pfb></usr/sha
re/texlive/texmf-dist/fonts/type1/public/amsfonts/cm/cmr5.pfb></usr/share/texli
ve/texmf-dist/fonts/type1/public/amsfonts/cm/cmr6.pfb></usr/share/texlive/texmf
-dist/fonts/type1/public/amsfonts/cm/cmr7.pfb></usr/share/texlive/texmf-dist/fo
nts/type1/public/amsfonts/cm/cmr8.pfb></usr/share/texlive/texmf-dist/fonts/type
1/public/amsfonts/cm/cmss10.pfb></usr/share/texlive/texmf-dist/fonts/type1/publ
ic/amsfonts/cm/cmss12.pfb></usr/share/texlive/texmf-dist/fonts/type1/public/ams
fonts/cm/cmsy10.pfb></usr/share/texlive/texmf-dist/fonts/type1/public/amsfonts/
cm/cmsy5.pfb></usr/share/texlive/texmf-dist/fonts/type1/public/amsfonts/cm/cmsy
6.pfb></usr/share/texlive/texmf-dist/fonts/type1/public/amsfonts/cm/cmsy7.pfb><
/usr/share/texlive/texmf-dist/fonts/type1/public/amsfonts/cm/cmti10.pfb></usr/s
hare/texlive/texmf-dist/fonts/type1/public/amsfonts/cm/cmti8.pfb></usr/share/te
xlive/texmf-dist/fonts/type1/public/amsfonts/cm/cmtt8.pfb></usr/share/texlive/t
exmf-dist/fonts/type1/public/doublestroke/dsrom10.pfb></usr/share/texlive/texmf
-dist/fonts/type1/public/amsfonts/symbols/msbm10.pfb>
Output written on pfem4mixed_revision.pdf (6 pages, 363341 bytes).
PDF statistics:
 230 PDF objects out of 1000 (max. 8388607)
 186 compressed objects within 2 object streams
 0 named destinations out of 1000 (max. 500000)
 41 words of extra memory for PDF output out of 10000 (max. 10000000)

