This is pdfTeX, Version 3.14159265-2.6-1.40.19 (TeX Live 2018) (preloaded format=latex 2019.4.17)  22 JUN 2020 10:05
entering extended mode
 restricted \write18 enabled.
 %&-line parsing enabled.
**article.aux
(./article.aux
LaTeX2e <2018-04-01> patch level 5
)
*
(Please type a command or say `\end')
*
(Please type a command or say `\end')
*
(Please type a command or say `\end')
*
! Interruption.
<*> 
    
? 
(Please type a command or say `\end')
*
(Please type a command or say `\end')
*
(Please type a command or say `\end')
*a

! LaTeX Error: Missing \begin{document}.

See the LaTeX manual or LaTeX Companion for explanation.
Type  H <return>  for immediate help.
 ...                                              
                                                  
<*> a
     
? a
Type <return> to proceed, S to scroll future error messages,
R to run without stopping, Q to run quietly,
I to insert something, 
1 or ... or 9 to ignore the next 1 to 9 tokens of input,
H for help, X to quit.
? quit()
OK, entering \batchmode...
Missing character: There is no a in font nullfont!
! Emergency stop.
<*> a
     
*** (job aborted, no legal \end found)

 
Here is how much of TeX's memory you used:
 8 strings out of 492702
 184 string characters out of 6134530
 56483 words of memory out of 5000000
 3983 multiletter control sequences out of 15000+600000
 3640 words of font info for 14 fonts, out of 8000000 for 9000
 1137 hyphenation exceptions out of 8191
 5i,0n,6p,66b,14s stack positions out of 5000i,500n,10000p,200000b,80000s
No pages of output.
