1
 
 
 
 
                      Warning: This computer program is protected by copyright law and international treaties.       
                  Unauthorized use, reproduction or distribution of this computer program, or any portion of it, may 
                                          result in severe civil and criminal penalties.                             
                         Copyright (C) 2011 MSC.Software Corporation and its licensors. All rights reserved.         
 
 
                                              * * * * * * * * * * * * * * * * * * * *
                                              * * * * * * * * * * * * * * * * * * * *
                                              * *                                 * *
                                              * *           MSC.SOFTWARE          * *
                                              * *               CORP              * *
                                              * *                                 * *
                                              * *    M D   N a s t r a n   2011   * *
                                              * *                                 * *
                                              * *                                 * *
                                              * *                                 * *
                                              * *     Version 2011.1.0-CL104953   * *
                                              * *                                 * *
                                              * *                                 * *
                                              * *                                 * *
                                              * *          APR 27, 2011           * *
                                              * *                                 * *
                                              * *              Intel              * *
                                              * *MODEL P5-4/6867 (DMIA-PROF1VIT00 * *
                                              * * Windows 7 Enterprise 6.1 (Build * *
                                              * *        Compiled for 8664        * *
                                              * *                                 * *
                                              * * * * * * * * * * * * * * * * * * * *
                                              * * * * * * * * * * * * * * * * * * * *
1News file -  (April 5, 2011):
  
              Welcome to MD and Nastran 2011
  
  Details of the release can be found in the Release Guide available
  electronically in the installation documentation sub-directory.
  Additional information can be found at the Nastran Product Support page:
  
     http://simcompanion.mscsoftware.com
  
  The support page provides links to this valuable information:
     * A searchable Knowledge Base containing examples and answers to thousands o
       frequently asked questions written by MSC.Software subject-matter experts.
     * Peer-to-peer Discussion Forums enabling you to post questions for your
       MSC.Software products and receive answers from other users worldwide.
     * A list of known issues with the product and any workarounds.
     * Instructions on how to contact technical support
     * A mechanism for sending us product feedback or enhancement requests.
     * Hardware and software requirements.
     * Examples and Tutorials
     * and much more.
  
  For information on training, please visit our Training web site
  
     http://www.mscsoftware.com/Contents/Services/Training/
  
  MD Nastran brings powerful new features and enhancements for engineering
  solutions. For a detailed description of features added to MD/MSC Nastran 2011
  Release Guide.
  The highlights for this release include:
     * Improved Performance when using ACMS when K4 damping is applied
     * Improved Performance when using SPCD enforced motion with Frequency Depend
     * Improved Solver Performance on Windows and Linux Platforms
     * Ability to integrate exterior Optimization Kernels into Nastran
     * Ability to use advanced Splining techniques in Aeroelastic calculations
  
 The MD Nastran 2011 release also includes.
  
     * Expand Rotor Dynamics Capability by providing an interface to ROMAC
     * Inertia Relief is available with SOL 400
  
  
  
  
  
  
1                                                                              JULY   8, 2014  MD NASTRAN   4/27/11   PAGE     1
                                                                                                                                    
0        N A S T R A N    F I L E    A N D    S Y S T E M    P A R A M E T E R    E C H O                                           
0                                                                                                                                   
                                                                                                                                    
                                                                                                                                    
     NASTRAN BUFFSIZE=8193 $(C:/MSC.SOFTWARE/MD_NASTRAN/20111/CONF/NAST20111.RCF[2]) 
     NASTRAN REAL=2124939264 $(PROGRAM DEFAULT)                                      
     $ NASTRAN INPUT FILE CREATED BY THE PATRAN 2011 INPUT FILE TRANSLATOR ON        
     $  JULY      08, 2014 AT 18:04:29.                                              
     $ DIRECT TEXT INPUT FOR NASTRAN SYSTEM CELL SECTION                             
     $ DIRECT TEXT INPUT FOR FILE MANAGEMENT SECTION                                 
     $ DIRECT TEXT INPUT FOR EXECUTIVE CONTROL                                       
     $ NORMAL MODES ANALYSIS, DATABASE                                               
1                                                                              JULY   8, 2014  MD NASTRAN   4/27/11   PAGE     2
                                                                                                                                    
0        N A S T R A N    E X E C U T I V E    C O N T R O L    E C H O                                                             
0                                                                                                                                   
                                                                                                                                    
                                                                                                                                    
     SOL 103                                                                                 
     CEND                                                                                    
1    MSC.NASTRAN JOB CREATED ON 08-JUL-14 AT 18:03:02                          JULY   8, 2014  MD NASTRAN   4/27/11   PAGE     3
                                                                                                                                    
0                                                                                                                                   
0                                        C A S E    C O N T R O L    E C H O                                                        
                 COMMAND                                                                                                            
                 COUNT                                                                                                              
                  1      $ DIRECT TEXT INPUT FOR GLOBAL CASE CONTROL DATA                                        
                  2      MEFFMASS(GRID=1,ALL)=YES                                                                
                  3      TITLE = MSC.NASTRAN JOB CREATED ON 08-JUL-14 AT 18:03:02                                
                  4      ECHO = NONE                                                                             
                  5      RESVEC = NO                                                                             
                  6      SUBCASE 1                                                                               
                  7         SUBTITLE=DEFAULT                                                                     
                  8         METHOD = 1                                                                           
                  9         SPC = 2                                                                              
                 10         VECTOR(SORT1,REAL)=ALL                                                               
                 11      $ DIRECT TEXT INPUT FOR THIS SUBCASE                                                    
                 12      BEGIN BULK                                                                              
1    MSC.NASTRAN JOB CREATED ON 08-JUL-14 AT 18:03:02                          JULY   8, 2014  MD NASTRAN   4/27/11   PAGE     4
                                                                                                                                    
0                                                                                                                                   
                                        M O D E L   S U M M A R Y          BULK = 0
                                   ENTRY NAME        NUMBER OF ENTRIES
                                   ----------        -----------------
                                         CBAR                        2
                                        EIGRL                        1
                                         GRID                        3
                                         MAT1                        1
                                        PARAM                        3
                                        PBARL                        1
                                         SPC1                        1
                                       SPCADD                        1

 ^^^     
 ^^^ >>> IFP OPERATIONS COMPLETE <<< 
 ^^^     
1    MSC.NASTRAN JOB CREATED ON 08-JUL-14 AT 18:03:02                          JULY   8, 2014  MD NASTRAN   4/27/11   PAGE     5
                                                                                                                                    
0                                                                                                                                   
                           O U T P U T   F R O M   G R I D   P O I N T   W E I G H T   G E N E R A T O R
0                                                     REFERENCE POINT =        0
                                                                M O
                      *  2.120575E+01  0.000000E+00  0.000000E+00  0.000000E+00  0.000000E+00  0.000000E+00 *
                      *  0.000000E+00  2.120575E+01  0.000000E+00  0.000000E+00  0.000000E+00  1.060287E+01 *
                      *  0.000000E+00  0.000000E+00  2.120575E+01  0.000000E+00 -1.060287E+01  0.000000E+00 *
                      *  0.000000E+00  0.000000E+00  0.000000E+00  0.000000E+00  0.000000E+00  0.000000E+00 *
                      *  0.000000E+00  0.000000E+00 -1.060287E+01  0.000000E+00  7.952155E+00  0.000000E+00 *
                      *  0.000000E+00  1.060287E+01  0.000000E+00  0.000000E+00  0.000000E+00  7.952155E+00 *
                                                                 S
                                           *  1.000000E+00  0.000000E+00  0.000000E+00 *
                                           *  0.000000E+00  1.000000E+00  0.000000E+00 *
                                           *  0.000000E+00  0.000000E+00  1.000000E+00 *
                               DIRECTION
                          MASS AXIS SYSTEM (S)     MASS              X-C.G.        Y-C.G.        Z-C.G.
                                  X            2.120575E+01      0.000000E+00  0.000000E+00  0.000000E+00
                                  Y            2.120575E+01      5.000000E-01  0.000000E+00  0.000000E+00
                                  Z            2.120575E+01      5.000000E-01  0.000000E+00  0.000000E+00
                                                                I(S)
                                           *  0.000000E+00  0.000000E+00  0.000000E+00 *
                                           *  0.000000E+00  2.650718E+00  0.000000E+00 *
                                           *  0.000000E+00  0.000000E+00  2.650718E+00 *
                                                                I(Q)
                                           *  0.000000E+00                             *
                                           *                2.650718E+00               *
                                           *                              2.650718E+00 *
                                                                 Q
                                           *  1.000000E+00  0.000000E+00  0.000000E+00 *
                                           *  0.000000E+00  1.000000E+00  0.000000E+00 *
                                           *  0.000000E+00  0.000000E+00  1.000000E+00 *

1    MSC.NASTRAN JOB CREATED ON 08-JUL-14 AT 18:03:02                          JULY   8, 2014  MD NASTRAN   4/27/11   PAGE     6
                                                                                                                                    
0                                                                                                                                   
1    MSC.NASTRAN JOB CREATED ON 08-JUL-14 AT 18:03:02                          JULY   8, 2014  MD NASTRAN   4/27/11   PAGE     7
                                                                                                                                    
0                                                                                                            SUBCASE 1              
0                                                                                                                                   
                                                                                                                                    
                                                                                                                                    
 *** USER INFORMATION MESSAGE 4415 (PRTPRN)
     THE FOLLOWING A-SET DEGREES OF FREEDOM HAVE EITHER NULL MASSES OR NULL MASSES AND STIFFNESS.
1    MSC.NASTRAN JOB CREATED ON 08-JUL-14 AT 18:03:02                          JULY   8, 2014  MD NASTRAN   4/27/11   PAGE     8
                                                                                                                                    
0                                                                                                            SUBCASE 1              
0                VAXW                                                                                                               
     POINT           VALUE     POINT           VALUE     POINT           VALUE     POINT           VALUE     POINT           VALUE  
                                                                                                                                    

 COLUMN           1
          2 R1  1.00000E+00         2 R2  1.00000E+00         2 R3  1.00000E+00         3 R1  1.00000E+00         3 R2  1.00000E+00
          3 R3  1.00000E+00
 *** USER INFORMATION MESSAGE 5458 (REIG)
     QL HOUSEHOLDER METHOD IS AUTOMATICALLY SELECTED .
1    MSC.NASTRAN JOB CREATED ON 08-JUL-14 AT 18:03:02                          JULY   8, 2014  MD NASTRAN   4/27/11   PAGE     9
                                                                                                                                    
0                                                                                                            SUBCASE 1              
 
                                              R E A L   E I G E N V A L U E S
   MODE    EXTRACTION      EIGENVALUE            RADIANS             CYCLES            GENERALIZED         GENERALIZED
    NO.       ORDER                                                                       MASS              STIFFNESS
        1         1        1.602077E+05        4.002596E+02        6.370329E+01        1.000000E+00        1.602077E+05
        2         2        1.602078E+05        4.002596E+02        6.370329E+01        1.000000E+00        1.602078E+05
        3         3        4.041291E+06        2.010296E+03        3.199485E+02        1.000000E+00        4.041291E+06
        4         4        4.041292E+06        2.010297E+03        3.199486E+02        1.000000E+00        4.041292E+06
        5         5        6.074822E+07        7.794115E+03        1.240472E+03        1.000000E+00        6.074822E+07
1    MSC.NASTRAN JOB CREATED ON 08-JUL-14 AT 18:03:02                          JULY   8, 2014  MD NASTRAN   4/27/11   PAGE    10
                                                                                                                                    
0                                                                                                            SUBCASE 1              

                                       M O D A L   E F F E C T I V E   M A S S   S U M M A R Y



                                                    TOTAL EFFECTIVE MASS FRACTION
                                      AT REFERENCE POINT          1   IN BASIC COORDINATE SYSTEM


                                 T1                T2                T3                R2                R3
                            9.714045E-01      1.000000E+00      1.000000E+00      1.000000E+00      1.000000E+00




                                                        EFFECTIVE MASS MATRIX   
                       ***                                                                                  ***
                       *   1.544952E+01 -1.219896E-17 -2.718652E-33  0.000000E+00  6.978427E-34 -4.212379E-18 *
                       *  -1.219896E-17  1.590431E+01  2.067952E-25  0.000000E+00 -1.033976E-25  1.060287E+01 *
                       *  -2.718652E-33  2.067952E-25  1.590431E+01  0.000000E+00 -1.060287E+01  1.550964E-25 *
                       *   0.000000E+00  0.000000E+00  0.000000E+00  0.000000E+00  0.000000E+00  0.000000E+00 *
                       *   6.978427E-34 -1.033976E-25 -1.060287E+01  0.000000E+00  7.952155E+00 -1.292470E-26 *
                       *  -4.212379E-18  1.060287E+01  1.550964E-25  0.000000E+00 -1.292470E-26  7.952155E+00 *
                       ***                                                                                  ***

                                                     A-SET RIGID BODY MASS MATRIX
                       ***                                                                                  ***
                       *   1.590431E+01  0.000000E+00  0.000000E+00  0.000000E+00  0.000000E+00  0.000000E+00 *
                       *   0.000000E+00  1.590431E+01  0.000000E+00  0.000000E+00  0.000000E+00  1.060287E+01 *
                       *   0.000000E+00  0.000000E+00  1.590431E+01  0.000000E+00 -1.060287E+01  0.000000E+00 *
                       *   0.000000E+00  0.000000E+00  0.000000E+00  0.000000E+00  0.000000E+00  0.000000E+00 *
                       *   0.000000E+00  0.000000E+00 -1.060287E+01  0.000000E+00  7.952155E+00  0.000000E+00 *
                       *   0.000000E+00  1.060287E+01  0.000000E+00  0.000000E+00  0.000000E+00  7.952155E+00 *
                       ***                                                                                  ***

1    MSC.NASTRAN JOB CREATED ON 08-JUL-14 AT 18:03:02                          JULY   8, 2014  MD NASTRAN   4/27/11   PAGE    11
                                                                                                                                    
0                                                                                                            SUBCASE 1              

                                                    MODAL EFFECTIVE MASS FRACTION
                                                (FOR TRANSLATIONAL DEGREES OF FREEDOM)

    MODE    FREQUENCY                      T1                                  T2                                  T3
     NO.                        FRACTION            SUM             FRACTION            SUM             FRACTION            SUM

       1    6.370329E+01      2.353634E-35      2.353634E-35      7.536103E-01      7.536103E-01      1.886191E-21      1.886191E-21
       2    6.370329E+01      0.000000E+00      2.353634E-35      1.886187E-21      7.536103E-01      7.536103E-01      7.536103E-01
       3    3.199485E+02      2.679684E-33      2.703221E-33      2.463897E-01      1.000000E+00      2.443260E-20      7.536103E-01
       4    3.199486E+02      0.000000E+00      2.703221E-33      2.443258E-20      1.000000E+00      2.463897E-01      1.000000E+00
       5    1.240472E+03      9.714045E-01      9.714045E-01      9.685818E-34      1.000000E+00      0.000000E+00      1.000000E+00

1    MSC.NASTRAN JOB CREATED ON 08-JUL-14 AT 18:03:02                          JULY   8, 2014  MD NASTRAN   4/27/11   PAGE    12
                                                                                                                                    
0                                                                                                            SUBCASE 1              

                                                    MODAL EFFECTIVE MASS FRACTION
                                                 (FOR ROTATIONAL DEGREES OF FREEDOM)

                      MODE    FREQUENCY                      R2                                  R3
                       NO.                        FRACTION            SUM             FRACTION            SUM

                         1    6.370329E+01      2.423016E-21      2.423016E-21      9.680952E-01      9.680952E-01
                         2    6.370329E+01      9.680952E-01      9.680952E-01      2.423014E-21      9.680952E-01
                         3    3.199485E+02      3.163759E-21      9.680952E-01      3.190482E-02      1.000000E+00
                         4    3.199486E+02      3.190482E-02      1.000000E+00      3.163750E-21      1.000000E+00
                         5    1.240472E+03      0.000000E+00      1.000000E+00      2.132956E-34      1.000000E+00

1    MSC.NASTRAN JOB CREATED ON 08-JUL-14 AT 18:03:02                          JULY   8, 2014  MD NASTRAN   4/27/11   PAGE    13
                                                                                                                                    
0                                                                                                            SUBCASE 1              

                                                     MODAL PARTICIPATION FACTORS

    MODE     FREQUENCY               T1                T2                T3                R1                R2                R3
     NO.

       1    6.370329E+01     -1.934759E-17     -3.462030E+00      1.732009E-10      0.000000E+00     -1.388099E-10     -2.774607E+00
       2    6.370329E+01      9.679344E-28      1.732008E-10      3.462030E+00      0.000000E+00     -2.774607E+00      1.388099E-10
       3    3.199485E+02     -2.064426E-16     -1.979560E+00     -6.233647E-10      0.000000E+00      1.586149E-10     -5.036983E-01
       4    3.199486E+02     -6.500885E-26     -6.233645E-10      1.979560E+00      0.000000E+00     -5.036984E-01     -1.586147E-10
       5    1.240472E+03      3.930588E+00     -1.241154E-16     -2.152577E-32      0.000000E+00      5.525385E-33     -4.118446E-17

                  TOTAL       3.930588E+00     -5.441590E+00      5.441590E+00      0.000000E+00     -3.278305E+00     -3.278305E+00


1    MSC.NASTRAN JOB CREATED ON 08-JUL-14 AT 18:03:02                          JULY   8, 2014  MD NASTRAN   4/27/11   PAGE    14
                                                                                                                                    
0                                                                                                            SUBCASE 1              

                                                         MODAL EFFECTIVE MASS   

    MODE     FREQUENCY               T1                T2                T3                R1                R2                R3
     NO.

       1    6.370329E+01      3.743293E-34      1.198565E+01      2.999856E-20      0.000000E+00      1.926820E-20      7.698443E+00
       2    6.370329E+01      0.000000E+00      2.999851E-20      1.198565E+01      0.000000E+00      7.698443E+00      1.926819E-20
       3    3.199485E+02      4.261853E-32      3.918658E+00      3.885836E-19      0.000000E+00      2.515870E-20      2.537121E-01
       4    3.199486E+02      0.000000E+00      3.885832E-19      3.918658E+00      0.000000E+00      2.537121E-01      2.515863E-20
       5    1.240472E+03      1.544952E+01      1.540463E-32      0.000000E+00      0.000000E+00      0.000000E+00      1.696160E-33

                  TOTAL       1.544952E+01      1.590431E+01      1.590431E+01      0.000000E+00      7.952155E+00      7.952155E+00


1    MSC.NASTRAN JOB CREATED ON 08-JUL-14 AT 18:03:02                          JULY   8, 2014  MD NASTRAN   4/27/11   PAGE    15
                                                                                                                                    
0                                                                                                            SUBCASE 1              

                                                        MODAL EFFECTIVE WEIGHT  

    MODE     FREQUENCY               T1                T2                T3                R1                R2                R3
     NO.

       1    6.370329E+01      3.743293E-34      1.198565E+01      2.999856E-20      0.000000E+00      1.926820E-20      7.698443E+00
       2    6.370329E+01      0.000000E+00      2.999851E-20      1.198565E+01      0.000000E+00      7.698443E+00      1.926819E-20
       3    3.199485E+02      4.261853E-32      3.918658E+00      3.885836E-19      0.000000E+00      2.515870E-20      2.537121E-01
       4    3.199486E+02      0.000000E+00      3.885832E-19      3.918658E+00      0.000000E+00      2.537121E-01      2.515863E-20
       5    1.240472E+03      1.544952E+01      1.540463E-32      0.000000E+00      0.000000E+00      0.000000E+00      1.696160E-33

                  TOTAL       1.544952E+01      1.590431E+01      1.590431E+01      0.000000E+00      7.952155E+00      7.952155E+00


1    MSC.NASTRAN JOB CREATED ON 08-JUL-14 AT 18:03:02                          JULY   8, 2014  MD NASTRAN   4/27/11   PAGE    16
                                                                                                                                    
0                                                                                                            SUBCASE 1              
0                                                  MAXIMUM  DISPLACEMENTS   
  SUBCASE/
  DAREA ID        T1             T2             T3             R1             R2             R3
0        1   1.8239359E-18  3.9370149E-01  1.9696349E-11  0.0000000E+00  2.8351156E-11  5.6670022E-01
0        2   9.1249104E-29  1.9696363E-11  3.9370149E-01  0.0000000E+00  5.6670022E-01  2.8351261E-11
0        3   1.8871523E-17  2.7838901E-01  8.7664875E-11  0.0000000E+00  4.3375498E-10  1.3774344E+00
0        4   5.9426510E-27  8.7664868E-11  2.7838901E-01  0.0000000E+00  1.3774344E+00  4.3375500E-10
0        5   3.0710593E-01  1.5643102E-17  3.0181216E-33  0.0000000E+00  1.4902563E-32  7.1272687E-17
1    MSC.NASTRAN JOB CREATED ON 08-JUL-14 AT 18:03:02                          JULY   8, 2014  MD NASTRAN   4/27/11   PAGE    17
     DEFAULT                                                                                                                        
0                                                                                                            SUBCASE 1              
      EIGENVALUE =  1.602077E+05
          CYCLES =  6.370329E+01         R E A L   E I G E N V E C T O R   N O .          1
 
      POINT ID.   TYPE          T1             T2             T3             R1             R2             R3
             1      G      0.0            0.0            0.0            0.0            0.0            0.0
             2      G     -9.127819E-19  -1.296674E-01   6.487106E-12   0.0           -2.226562E-11  -4.450570E-01
             3      G     -1.823936E-18  -3.937015E-01   1.969635E-11   0.0           -2.835116E-11  -5.667002E-01
1    MSC.NASTRAN JOB CREATED ON 08-JUL-14 AT 18:03:02                          JULY   8, 2014  MD NASTRAN   4/27/11   PAGE    18
     DEFAULT                                                                                                                        
0                                                                                                            SUBCASE 1              
      EIGENVALUE =  1.602078E+05
          CYCLES =  6.370329E+01         R E A L   E I G E N V E C T O R   N O .          2
 
      POINT ID.   TYPE          T1             T2             T3             R1             R2             R3
             1      G      0.0            0.0            0.0            0.0            0.0            0.0
             2      G      4.566527E-29   6.487086E-12   1.296674E-01   0.0           -4.450571E-01   2.226561E-11
             3      G      9.124910E-29   1.969636E-11   3.937015E-01   0.0           -5.667002E-01   2.835126E-11
1    MSC.NASTRAN JOB CREATED ON 08-JUL-14 AT 18:03:02                          JULY   8, 2014  MD NASTRAN   4/27/11   PAGE    19
     DEFAULT                                                                                                                        
0                                                                                                            SUBCASE 1              
      EIGENVALUE =  4.041291E+06
          CYCLES =  3.199485E+02         R E A L   E I G E N V E C T O R   N O .          3
 
      POINT ID.   TYPE          T1             T2             T3             R1             R2             R3
             1      G      0.0            0.0            0.0            0.0            0.0            0.0
             2      G     -1.003467E-17  -2.783890E-01  -8.766488E-11   0.0            1.631147E-11  -5.179875E-02
             3      G     -1.887152E-17   1.833773E-01   5.774564E-11   0.0           -4.337550E-10   1.377434E+00
1    MSC.NASTRAN JOB CREATED ON 08-JUL-14 AT 18:03:02                          JULY   8, 2014  MD NASTRAN   4/27/11   PAGE    20
     DEFAULT                                                                                                                        
0                                                                                                            SUBCASE 1              
      EIGENVALUE =  4.041292E+06
          CYCLES =  3.199486E+02         R E A L   E I G E N V E C T O R   N O .          4
 
      POINT ID.   TYPE          T1             T2             T3             R1             R2             R3
             1      G      0.0            0.0            0.0            0.0            0.0            0.0
             2      G     -3.159923E-27  -8.766487E-11   2.783890E-01   0.0           -5.179879E-02  -1.631142E-11
             3      G     -5.942651E-27   5.774567E-11  -1.833773E-01   0.0            1.377434E+00   4.337550E-10
1    MSC.NASTRAN JOB CREATED ON 08-JUL-14 AT 18:03:02                          JULY   8, 2014  MD NASTRAN   4/27/11   PAGE    21
     DEFAULT                                                                                                                        
0                                                                                                            SUBCASE 1              
      EIGENVALUE =  6.074822E+07
          CYCLES =  1.240472E+03         R E A L   E I G E N V E C T O R   N O .          5
 
      POINT ID.   TYPE          T1             T2             T3             R1             R2             R3
             1      G      0.0            0.0            0.0            0.0            0.0            0.0
             2      G      2.171567E-01  -1.564310E-17  -3.018122E-33   0.0            5.722758E-34  -5.045281E-18
             3      G      3.071059E-01   7.874555E-18   1.975879E-33   0.0           -1.490256E-32   7.127269E-17
1    MSC.NASTRAN JOB CREATED ON 08-JUL-14 AT 18:03:02                          JULY   8, 2014  MD NASTRAN   4/27/11   PAGE    22
                                                                                                                                    
0                                                                                                            SUBCASE 1              
 * * * *  D B D I C T   P R I N T  * * * *      SUBDMAP = PRTSUM  ,  DMAP STATEMENT NO.     40



0                                   * * * *  A N A L Y S I S  S U M M A R Y  T A B L E  * * * *
0 SEID  PEID PROJ VERS APRCH      SEMG SEMR SEKR SELG SELR MODES DYNRED SOLLIN PVALID SOLNL LOOPID DESIGN CYCLE SENSITIVITY
 --------------------------------------------------------------------------------------------------------------------------
     0     0    1    1 '        '    T    T    T    F    F     T      F      T      0     F     -1            0           F
0SEID = SUPERELEMENT ID.
 PEID = PRIMARY SUPERELEMENT ID OF IMAGE SUPERELEMENT.
 PROJ = PROJECT ID NUMBER.
 VERS = VERSION ID.
 APRCH = BLANK FOR STRUCTURAL ANALYSIS.  HEAT FOR HEAT TRANSFER ANALYSIS.
 SEMG = STIFFNESS AND MASS MATRIX GENERATION STEP.
 SEMR = MASS MATRIX REDUCTION STEP (INCLUDES EIGENVALUE SOLUTION FOR MODES).
 SEKR = STIFFNESS MATRIX REDUCTION STEP.
 SELG = LOAD MATRIX GENERATION STEP.
 SELR = LOAD MATRIX REDUCTION STEP. 
 MODES = T (TRUE) IF NORMAL MODES OR BUCKLING MODES CALCULATED.
 DYNRED = T (TRUE) MEANS GENERALIZED DYNAMIC AND/OR COMPONENT MODE REDUCTION PERFORMED.
 SOLLIN = T (TRUE) IF LINEAR SOLUTION EXISTS IN DATABASE.
 PVALID = P-DISTRIBUTION ID OF P-VALUE FOR P-ELEMENTS
 LOOPID = THE LAST LOOPID VALUE USED IN THE NONLINEAR ANALYSIS.  USEFUL FOR RESTARTS.
 SOLNL = T (TRUE) IF NONLINEAR SOLUTION EXISTS IN DATABASE.
 DESIGN CYCLE = THE LAST DESIGN CYCLE (ONLY VALID IN OPTIMIZATION).
 SENSITIVITY = SENSITIVITY MATRIX GENERATION FLAG.
 
 No PARAM values were set in the Control File.
 
1                                        * * * END OF JOB * * *
 
 
 No Symbolic Replacement variables or values were specified.

