This is pdfTeX, Version 3.14159265-2.6-1.40.21 (TeX Live 2020) (preloaded format=pdflatex 2021.2.5)  13 APR 2021 15:42
entering extended mode
 restricted \write18 enabled.
 %&-line parsing enabled.
**ph_multibody_rev1_highlighted.tex
(./ph_multibody_rev1_highlighted.tex
LaTeX2e <2020-10-01> patch level 4
L3 programming layer <2021-02-02>
(/usr/local/texlive/2020/texmf-dist/tex/latex/base/fix-cm.sty
Package: fix-cm 2015/01/14 v1.1t fixes to LaTeX

(/usr/local/texlive/2020/texmf-dist/tex/latex/base/ts1enc.def
File: ts1enc.def 2001/06/05 v3.0e (jk/car/fm) Standard LaTeX file
LaTeX Font Info:    Redeclaring font encoding TS1 on input line 47.
)) (./svjour3.cls
Document Class: svjour3 2007/05/08 v3.2 
LaTeX document class for Springer journals
Class Springer-SVJour3 Info: extra/valid Springer sub-package (-> *.clo) 
(Springer-SVJour3)           not found in option list of \documentclass
(Springer-SVJour3)           - autoactivating "global" style.
(./svglov3.clo
File: svglov3.clo 2009/12/18 v3.2 style option for standardised journals

SVJour Class option: svglov3.clo for standardised journals
)
LaTeX Font Info:    Redeclaring math symbol \Gamma on input line 147.
LaTeX Font Info:    Redeclaring math symbol \Delta on input line 148.
LaTeX Font Info:    Redeclaring math symbol \Theta on input line 149.
LaTeX Font Info:    Redeclaring math symbol \Lambda on input line 150.
LaTeX Font Info:    Redeclaring math symbol \Xi on input line 151.
LaTeX Font Info:    Redeclaring math symbol \Pi on input line 152.
LaTeX Font Info:    Redeclaring math symbol \Sigma on input line 153.
LaTeX Font Info:    Redeclaring math symbol \Upsilon on input line 154.
LaTeX Font Info:    Redeclaring math symbol \Phi on input line 155.
LaTeX Font Info:    Redeclaring math symbol \Psi on input line 156.
LaTeX Font Info:    Redeclaring math symbol \Omega on input line 157.
\logodepth=\dimen138
\headerboxheight=\dimen139
\betweenumberspace=\dimen140
\aftertext=\dimen141
\headlineindent=\dimen142
\c@inst=\count177
\c@auth=\count178
\instindent=\dimen143
\authrun=\box47
\authorrunning=\toks15
\titrun=\box48
\titlerunning=\toks16
\combirun=\box49
\c@lastpage=\count179
\rubricwidth=\dimen144
\c@section=\count180
\c@subsection=\count181
\c@subsubsection=\count182
\c@paragraph=\count183
\c@subparagraph=\count184
\spthmsep=\dimen145
\c@theorem=\count185
\c@case=\count186
\c@conjecture=\count187
\c@corollary=\count188
\c@definition=\count189
\c@example=\count190
\c@exercise=\count191
\c@lemma=\count192
\c@note=\count193
\c@problem=\count194
\c@property=\count195
\c@proposition=\count196
\c@question=\count197
\c@solution=\count198
\c@remark=\count199
\c@figure=\count266
\c@table=\count267
\abovecaptionskip=\skip47
\belowcaptionskip=\skip48
\figcapgap=\dimen146
\tabcapgap=\dimen147
\figgap=\dimen148
\bibindent=\dimen149
\@tempcntc=\count268
) (/usr/local/texlive/2020/texmf-dist/tex/latex/graphics/graphicx.sty
Package: graphicx 2020/09/09 v1.2b Enhanced LaTeX Graphics (DPC,SPQR)

(/usr/local/texlive/2020/texmf-dist/tex/latex/graphics/keyval.sty
Package: keyval 2014/10/28 v1.15 key=value parser (DPC)
\KV@toks@=\toks17
)
(/usr/local/texlive/2020/texmf-dist/tex/latex/graphics/graphics.sty
Package: graphics 2020/08/30 v1.4c Standard LaTeX Graphics (DPC,SPQR)

(/usr/local/texlive/2020/texmf-dist/tex/latex/graphics/trig.sty
Package: trig 2016/01/03 v1.10 sin cos tan (DPC)
)
(/usr/local/texlive/2020/texmf-dist/tex/latex/graphics-cfg/graphics.cfg
File: graphics.cfg 2016/06/04 v1.11 sample graphics configuration
)
Package graphics Info: Driver file: pdftex.def on input line 105.

(/usr/local/texlive/2020/texmf-dist/tex/latex/graphics-def/pdftex.def
File: pdftex.def 2020/10/05 v1.2a Graphics/color driver for pdftex
))
\Gin@req@height=\dimen150
\Gin@req@width=\dimen151
)
(/usr/local/texlive/2020/texmf-dist/tex/latex/amsmath/amsmath.sty
Package: amsmath 2020/09/23 v2.17i AMS math features
\@mathmargin=\skip49

For additional information on amsmath, use the `?' option.
(/usr/local/texlive/2020/texmf-dist/tex/latex/amsmath/amstext.sty
Package: amstext 2000/06/29 v2.01 AMS text

(/usr/local/texlive/2020/texmf-dist/tex/latex/amsmath/amsgen.sty
File: amsgen.sty 1999/11/30 v2.0 generic functions
\@emptytoks=\toks18
\ex@=\dimen152
))
(/usr/local/texlive/2020/texmf-dist/tex/latex/amsmath/amsbsy.sty
Package: amsbsy 1999/11/29 v1.2d Bold Symbols
\pmbraise@=\dimen153
)
(/usr/local/texlive/2020/texmf-dist/tex/latex/amsmath/amsopn.sty
Package: amsopn 2016/03/08 v2.02 operator names
)
\inf@bad=\count269
LaTeX Info: Redefining \frac on input line 234.
\uproot@=\count270
\leftroot@=\count271
LaTeX Info: Redefining \overline on input line 399.
\classnum@=\count272
\DOTSCASE@=\count273
LaTeX Info: Redefining \ldots on input line 496.
LaTeX Info: Redefining \dots on input line 499.
LaTeX Info: Redefining \cdots on input line 620.
\Mathstrutbox@=\box50
\strutbox@=\box51
\big@size=\dimen154
LaTeX Font Info:    Redeclaring font encoding OML on input line 743.
LaTeX Font Info:    Redeclaring font encoding OMS on input line 744.
\macc@depth=\count274
\c@MaxMatrixCols=\count275
\dotsspace@=\muskip16
\c@parentequation=\count276
\dspbrk@lvl=\count277
\tag@help=\toks19
\row@=\count278
\column@=\count279
\maxfields@=\count280
\andhelp@=\toks20
\eqnshift@=\dimen155
\alignsep@=\dimen156
\tagshift@=\dimen157
\tagwidth@=\dimen158
\totwidth@=\dimen159
\lineht@=\dimen160
\@envbody=\toks21
\multlinegap=\skip50
\multlinetaggap=\skip51
\mathdisplay@stack=\toks22
LaTeX Info: Redefining \[ on input line 2923.
LaTeX Info: Redefining \] on input line 2924.
)
(/usr/local/texlive/2020/texmf-dist/tex/latex/amsfonts/amssymb.sty
Package: amssymb 2013/01/14 v3.01 AMS font symbols

(/usr/local/texlive/2020/texmf-dist/tex/latex/amsfonts/amsfonts.sty
Package: amsfonts 2013/01/14 v3.01 Basic AMSFonts support
\symAMSa=\mathgroup4
\symAMSb=\mathgroup5
LaTeX Font Info:    Redeclaring math symbol \hbar on input line 98.
LaTeX Font Info:    Overwriting math alphabet `\mathfrak' in version `bold'
(Font)                  U/euf/m/n --> U/euf/b/n on input line 106.
))
(/usr/local/texlive/2020/texmf-dist/tex/latex/diffcoeff/diffcoeff.sty
(/usr/local/texlive/2020/texmf-dist/tex/latex/l3kernel/expl3.sty
Package: expl3 2021-02-02 L3 programming layer (loader) 

(/usr/local/texlive/2020/texmf-dist/tex/latex/l3backend/l3backend-pdftex.def
File: l3backend-pdftex.def 2020-01-29 L3 backend support: PDF output (pdfTeX)
\l__color_backend_stack_int=\count281
\l__pdf_internal_box=\box52
))
(/usr/local/texlive/2020/texmf-dist/tex/latex/l3packages/xparse/xparse.sty
(/usr/local/texlive/2020/texmf-dist/tex/latex/l3packages/xparse/xparse-2020-10-
01.sty
(/usr/local/texlive/2020/texmf-dist/tex/latex/l3packages/xparse/xparse-generic.
tex)))
(/usr/local/texlive/2020/texmf-dist/tex/latex/l3packages/l3keys2e/l3keys2e.sty
Package: l3keys2e 2021-02-02 LaTeX2e option processing using LaTeX3 keys
)
(/usr/local/texlive/2020/texmf-dist/tex/latex/l3packages/xtemplate/xtemplate.st
y
Package: xtemplate 2021-02-02 L3 Experimental prototype document functions
\l__xtemplate_tmp_dim=\dimen161
\l__xtemplate_tmp_int=\count282
\l__xtemplate_tmp_muskip=\muskip17
\l__xtemplate_tmp_skip=\skip52
)
Package: diffcoeff 2019/12/28 v3.2 Write differential coefficients consistently
 and easily.
\l__diffcoeff_vars_int=\count283
\l__diffcoeff_format_int=\count284
\l__diffcoeff_curr_tok_int=\count285
\l__diffcoeff_curr_state_int=\count286
\l__diffcoeff_nos_int=\count287
\l__diffcoeff_parenvar_int=\count288

Package xtemplate Info: Declaring object type 'derivative' taking 5
(xtemplate)             argument(s) on line 57.

\l__diffcoeff_oporder_muskip=\muskip18
\l__diffcoeff_opnudge_muskip=\muskip19
\l__diffcoeff_varsep_muskip=\muskip20
\l__diffcoeff_sep_adj_muskip=\muskip21
\l__diffcoeff_elbowrm_muskip=\muskip22
\l__diffcoeff_subnudge_muskip=\muskip23
\l_tmpc_muskip=\muskip24
\l_tmpd_muskip=\muskip25
) (/usr/local/texlive/2020/texmf-dist/tex/latex/arydshln/arydshln.sty
Package: arydshln 2019/02/21 v1.76 
\dashlinedash=\dimen162
\dashlinegap=\dimen163
\adl@box=\box53
\adl@height=\dimen164
\adl@heightsave=\dimen165
\adl@depth=\dimen166
\adl@depthsave=\dimen167
\adl@finaldepth=\dimen168
\adl@columns=\count289
\adl@ncol=\count290
\adl@currentcolumn=\count291
\adl@currentcolumnsave=\count292
\adl@totalheight=\count293
\adl@totalheightsave=\count294
\adl@dash=\count295
\adl@gap=\count296
\adl@cla=\count297
\adl@clb=\count298
\adl@everyvbox=\toks23
\adl@LTpagetotal=\dimen169
)
(/usr/local/texlive/2020/texmf-dist/tex/latex/mathtools/mathtools.sty
Package: mathtools 2020/03/24 v1.24 mathematical typesetting tools

(/usr/local/texlive/2020/texmf-dist/tex/latex/tools/calc.sty
Package: calc 2017/05/25 v4.3 Infix arithmetic (KKT,FJ)
\calc@Acount=\count299
\calc@Bcount=\count300
\calc@Adimen=\dimen170
\calc@Bdimen=\dimen171
\calc@Askip=\skip53
\calc@Bskip=\skip54
LaTeX Info: Redefining \setlength on input line 80.
LaTeX Info: Redefining \addtolength on input line 81.
\calc@Ccount=\count301
\calc@Cskip=\skip55
)
(/usr/local/texlive/2020/texmf-dist/tex/latex/mathtools/mhsetup.sty
Package: mhsetup 2017/03/31 v1.3 programming setup (MH)
)
LaTeX Info: Thecontrolsequence`\('isalreadyrobust on input line 130.
LaTeX Info: Thecontrolsequence`\)'isalreadyrobust on input line 130.
LaTeX Info: Thecontrolsequence`\['isalreadyrobust on input line 130.
LaTeX Info: Thecontrolsequence`\]'isalreadyrobust on input line 130.
\g_MT_multlinerow_int=\count302
\l_MT_multwidth_dim=\dimen172
\origjot=\skip56
\l_MT_shortvdotswithinadjustabove_dim=\dimen173
\l_MT_shortvdotswithinadjustbelow_dim=\dimen174
\l_MT_above_intertext_sep=\dimen175
\l_MT_below_intertext_sep=\dimen176
\l_MT_above_shortintertext_sep=\dimen177
\l_MT_below_shortintertext_sep=\dimen178
\xmathstrut@box=\box54
\xmathstrut@dim=\dimen179
)
(/usr/local/texlive/2020/texmf-dist/tex/latex/jknapltx/mathrsfs.sty
Package: mathrsfs 1996/01/01 Math RSFS package v1.0 (jk)
\symrsfs=\mathgroup6
)
(/usr/local/texlive/2020/texmf-dist/tex/latex/tools/bm.sty
Package: bm 2019/07/24 v1.2d Bold Symbol Support (DPC/FMi)
\symboldoperators=\mathgroup7
\symboldletters=\mathgroup8
\symboldsymbols=\mathgroup9
LaTeX Font Info:    Redeclaring math alphabet \mathbf on input line 141.
LaTeX Info: Redefining \bm on input line 209.
)
(/usr/local/texlive/2020/texmf-dist/tex/latex/hyperref/hyperref.sty
Package: hyperref 2020-05-15 v7.00e Hypertext links for LaTeX

(/usr/local/texlive/2020/texmf-dist/tex/generic/ltxcmds/ltxcmds.sty
Package: ltxcmds 2020-05-10 v1.25 LaTeX kernel commands for general use (HO)
)
(/usr/local/texlive/2020/texmf-dist/tex/generic/iftex/iftex.sty
Package: iftex 2020/03/06 v1.0d TeX engine tests
)
(/usr/local/texlive/2020/texmf-dist/tex/generic/pdftexcmds/pdftexcmds.sty
Package: pdftexcmds 2020-06-27 v0.33 Utility functions of pdfTeX for LuaTeX (HO
)

(/usr/local/texlive/2020/texmf-dist/tex/generic/infwarerr/infwarerr.sty
Package: infwarerr 2019/12/03 v1.5 Providing info/warning/error messages (HO)
)
Package pdftexcmds Info: \pdf@primitive is available.
Package pdftexcmds Info: \pdf@ifprimitive is available.
Package pdftexcmds Info: \pdfdraftmode found.
)
(/usr/local/texlive/2020/texmf-dist/tex/generic/kvsetkeys/kvsetkeys.sty
Package: kvsetkeys 2019/12/15 v1.18 Key value parser (HO)
)
(/usr/local/texlive/2020/texmf-dist/tex/generic/kvdefinekeys/kvdefinekeys.sty
Package: kvdefinekeys 2019-12-19 v1.6 Define keys (HO)
)
(/usr/local/texlive/2020/texmf-dist/tex/generic/pdfescape/pdfescape.sty
Package: pdfescape 2019/12/09 v1.15 Implements pdfTeX's escape features (HO)
)
(/usr/local/texlive/2020/texmf-dist/tex/latex/hycolor/hycolor.sty
Package: hycolor 2020-01-27 v1.10 Color options for hyperref/bookmark (HO)
)
(/usr/local/texlive/2020/texmf-dist/tex/latex/letltxmacro/letltxmacro.sty
Package: letltxmacro 2019/12/03 v1.6 Let assignment for LaTeX macros (HO)
)
(/usr/local/texlive/2020/texmf-dist/tex/latex/auxhook/auxhook.sty
Package: auxhook 2019-12-17 v1.6 Hooks for auxiliary files (HO)
)
(/usr/local/texlive/2020/texmf-dist/tex/latex/kvoptions/kvoptions.sty
Package: kvoptions 2020-10-07 v3.14 Key value format for package options (HO)
)
\@linkdim=\dimen180
\Hy@linkcounter=\count303
\Hy@pagecounter=\count304

(/usr/local/texlive/2020/texmf-dist/tex/latex/hyperref/pd1enc.def
File: pd1enc.def 2020-05-15 v7.00e Hyperref: PDFDocEncoding definition (HO)
Now handling font encoding PD1 ...
... no UTF-8 mapping file for font encoding PD1
)
(/usr/local/texlive/2020/texmf-dist/tex/generic/intcalc/intcalc.sty
Package: intcalc 2019/12/15 v1.3 Expandable calculations with integers (HO)
)
(/usr/local/texlive/2020/texmf-dist/tex/generic/etexcmds/etexcmds.sty
Package: etexcmds 2019/12/15 v1.7 Avoid name clashes with e-TeX commands (HO)
)
\Hy@SavedSpaceFactor=\count305
Package hyperref Info: Hyper figures OFF on input line 4464.
Package hyperref Info: Link nesting OFF on input line 4469.
Package hyperref Info: Hyper index ON on input line 4472.
Package hyperref Info: Plain pages OFF on input line 4479.
Package hyperref Info: Backreferencing OFF on input line 4484.
Package hyperref Info: Implicit mode ON; LaTeX internals redefined.
Package hyperref Info: Bookmarks ON on input line 4717.
\c@Hy@tempcnt=\count306

(/usr/local/texlive/2020/texmf-dist/tex/latex/url/url.sty
\Urlmuskip=\muskip26
Package: url 2013/09/16  ver 3.4  Verb mode for urls, etc.
)
LaTeX Info: Redefining \url on input line 5076.
\XeTeXLinkMargin=\dimen181

(/usr/local/texlive/2020/texmf-dist/tex/generic/bitset/bitset.sty
Package: bitset 2019/12/09 v1.3 Handle bit-vector datatype (HO)

(/usr/local/texlive/2020/texmf-dist/tex/generic/bigintcalc/bigintcalc.sty
Package: bigintcalc 2019/12/15 v1.5 Expandable calculations on big integers (HO
)
))
\Fld@menulength=\count307
\Field@Width=\dimen182
\Fld@charsize=\dimen183
Package hyperref Info: Hyper figures OFF on input line 6347.
Package hyperref Info: Link nesting OFF on input line 6352.
Package hyperref Info: Hyper index ON on input line 6355.
Package hyperref Info: backreferencing OFF on input line 6362.
Package hyperref Info: Link coloring OFF on input line 6367.
Package hyperref Info: Link coloring with OCG OFF on input line 6372.
Package hyperref Info: PDF/A mode OFF on input line 6377.
LaTeX Info: Redefining \ref on input line 6417.
LaTeX Info: Redefining \pageref on input line 6421.

(/usr/local/texlive/2020/texmf-dist/tex/latex/base/atbegshi-ltx.sty
Package: atbegshi-ltx 2020/08/17 v1.0a Emulation of the original atbegshi packa
ge
with kernel methods
)
\Hy@abspage=\count308
\c@Item=\count309
\c@Hfootnote=\count310
)
Package hyperref Info: Driver (autodetected): hpdftex.

(/usr/local/texlive/2020/texmf-dist/tex/latex/hyperref/hpdftex.def
File: hpdftex.def 2020-05-15 v7.00e Hyperref driver for pdfTeX

(/usr/local/texlive/2020/texmf-dist/tex/latex/base/atveryend-ltx.sty
Package: atveryend-ltx 2020/08/19 v1.0a Emulation of the original atvery packag
e
with kernel methods
)
\Fld@listcount=\count311
\c@bookmark@seq@number=\count312

(/usr/local/texlive/2020/texmf-dist/tex/latex/rerunfilecheck/rerunfilecheck.sty
Package: rerunfilecheck 2019/12/05 v1.9 Rerun checks for auxiliary files (HO)

(/usr/local/texlive/2020/texmf-dist/tex/generic/uniquecounter/uniquecounter.sty
Package: uniquecounter 2019/12/15 v1.4 Provide unlimited unique counter (HO)
)
Package uniquecounter Info: New unique counter `rerunfilecheck' on input line 2
86.
)
\Hy@SectionHShift=\skip57
) (/usr/local/texlive/2020/texmf-dist/tex/latex/xcolor/xcolor.sty
Package: xcolor 2016/05/11 v2.12 LaTeX color extensions (UK)

(/usr/local/texlive/2020/texmf-dist/tex/latex/graphics-cfg/color.cfg
File: color.cfg 2016/01/02 v1.6 sample color configuration
)
Package xcolor Info: Driver file: pdftex.def on input line 225.
Package xcolor Info: Model `cmy' substituted by `cmy0' on input line 1348.
Package xcolor Info: Model `hsb' substituted by `rgb' on input line 1352.
Package xcolor Info: Model `RGB' extended on input line 1364.
Package xcolor Info: Model `HTML' substituted by `rgb' on input line 1366.
Package xcolor Info: Model `Hsb' substituted by `hsb' on input line 1367.
Package xcolor Info: Model `tHsb' substituted by `hsb' on input line 1368.
Package xcolor Info: Model `HSB' substituted by `hsb' on input line 1369.
Package xcolor Info: Model `Gray' substituted by `gray' on input line 1370.
Package xcolor Info: Model `wave' substituted by `hsb' on input line 1371.
)
(/usr/local/texlive/2020/texmf-dist/tex/latex/subfig/subfig.sty
Package: subfig 2005/06/28 ver: 1.3 subfig package

(/usr/local/texlive/2020/texmf-dist/tex/latex/caption/caption.sty
Package: caption 2020/10/26 v3.5g Customizing captions (AR)

(/usr/local/texlive/2020/texmf-dist/tex/latex/caption/caption3.sty
Package: caption3 2020/10/21 v2.2e caption3 kernel (AR)
\captionmargin=\dimen184
\captionmargin@=\dimen185
\captionwidth=\dimen186
\caption@tempdima=\dimen187
\caption@indent=\dimen188
\caption@parindent=\dimen189
\caption@hangindent=\dimen190
Package caption Info: Unknown document class (or package),
(caption)             standard defaults will be used.
Package caption Info: \@makecaption = \long macro:#1#2->\captionstyle \ifx \@ca
ptype \fig@type \vskip \figcapgap \fi \setbox \@tempboxa \hbox {{\floatlegendst
yle #1\floatcounterend }\capstrut #2}\ifdim \wd \@tempboxa >\hsize {\floatlegen
dstyle #1\floatcounterend }\capstrut #2\par \else \hbox to\hsize {\leftlegendgl
ue \unhbox \@tempboxa \hfil }\fi \ifx \@captype \fig@type \else \vskip \tabcapg
ap \fi  on input line 1139.
)

Package caption Warning: Unknown document class (or package),
(caption)                standard defaults will be used.
See the caption package documentation for explanation.

\c@caption@flags=\count313
\c@continuedfloat=\count314
Package caption Info: hyperref package is loaded.
)
\c@KVtest=\count315
\sf@farskip=\skip58
\sf@captopadj=\dimen191
\sf@capskip=\skip59
\sf@nearskip=\skip60
\c@subfigure=\count316
\c@subfigure@save=\count317
\c@lofdepth=\count318
\c@subtable=\count319
\c@subtable@save=\count320
\c@lotdepth=\count321
\sf@top=\skip61
\sf@bottom=\skip62
) (/usr/local/texlive/2020/texmf-dist/tex/latex/etoolbox/etoolbox.sty
Package: etoolbox 2020/10/05 v2.5k e-TeX tools for LaTeX (JAW)
\etb@tempcnta=\count322
)
(./ph_multibody_rev1_highlighted.aux)
\openout1 = `ph_multibody_rev1_highlighted.aux'.

LaTeX Font Info:    Checking defaults for OML/cmm/m/it on input line 88.
LaTeX Font Info:    ... okay on input line 88.
LaTeX Font Info:    Checking defaults for OMS/cmsy/m/n on input line 88.
LaTeX Font Info:    ... okay on input line 88.
LaTeX Font Info:    Checking defaults for OT1/cmr/m/n on input line 88.
LaTeX Font Info:    ... okay on input line 88.
LaTeX Font Info:    Checking defaults for T1/cmr/m/n on input line 88.
LaTeX Font Info:    ... okay on input line 88.
LaTeX Font Info:    Checking defaults for TS1/cmr/m/n on input line 88.
LaTeX Font Info:    ... okay on input line 88.
LaTeX Font Info:    Checking defaults for OMX/cmex/m/n on input line 88.
LaTeX Font Info:    ... okay on input line 88.
LaTeX Font Info:    Checking defaults for U/cmr/m/n on input line 88.
LaTeX Font Info:    ... okay on input line 88.
LaTeX Font Info:    Checking defaults for PD1/pdf/m/n on input line 88.
LaTeX Font Info:    ... okay on input line 88.

(/usr/local/texlive/2020/texmf-dist/tex/context/base/mkii/supp-pdf.mkii
[Loading MPS to PDF converter (version 2006.09.02).]
\scratchcounter=\count323
\scratchdimen=\dimen192
\scratchbox=\box55
\nofMPsegments=\count324
\nofMParguments=\count325
\everyMPshowfont=\toks24
\MPscratchCnt=\count326
\MPscratchDim=\dimen193
\MPnumerator=\count327
\makeMPintoPDFobject=\count328
\everyMPtoPDFconversion=\toks25
) (/usr/local/texlive/2020/texmf-dist/tex/latex/epstopdf-pkg/epstopdf-base.sty
Package: epstopdf-base 2020-01-24 v2.11 Base part for package epstopdf
Package epstopdf-base Info: Redefining graphics rule for `.eps' on input line 4
85.

(/usr/local/texlive/2020/texmf-dist/tex/latex/latexconfig/epstopdf-sys.cfg
File: epstopdf-sys.cfg 2010/07/13 v1.3 Configuration of (r)epstopdf for TeX Liv
e
))
Package hyperref Info: Link coloring OFF on input line 88.

(/usr/local/texlive/2020/texmf-dist/tex/latex/hyperref/nameref.sty
Package: nameref 2019/09/16 v2.46 Cross-referencing by name of section

(/usr/local/texlive/2020/texmf-dist/tex/latex/refcount/refcount.sty
Package: refcount 2019/12/15 v3.6 Data extraction from label references (HO)
)
(/usr/local/texlive/2020/texmf-dist/tex/generic/gettitlestring/gettitlestring.s
ty
Package: gettitlestring 2019/12/15 v1.6 Cleanup title references (HO)
)
\c@section@level=\count329
)
LaTeX Info: Redefining \ref on input line 88.
LaTeX Info: Redefining \pageref on input line 88.
LaTeX Info: Redefining \nameref on input line 88.
 (./ph_multibody_rev1_highlighted.out) (./ph_multibody_rev1_highlighted.out)
\@outlinefile=\write3
\openout3 = `ph_multibody_rev1_highlighted.out'.

Package caption Info: Begin \AtBeginDocument code.
Package caption Info: subfig package v1.3 is loaded.
Package caption Info: End \AtBeginDocument code.
LaTeX Font Info:    Calculating math sizes for size <9.5> on input line 129.
LaTeX Font Info:    Trying to load font information for U+msa on input line 129
.
 (/usr/local/texlive/2020/texmf-dist/tex/latex/amsfonts/umsa.fd
File: umsa.fd 2013/01/14 v3.01 AMS symbols A
)
LaTeX Font Info:    Trying to load font information for U+msb on input line 129
.

(/usr/local/texlive/2020/texmf-dist/tex/latex/amsfonts/umsb.fd
File: umsb.fd 2013/01/14 v3.01 AMS symbols B
)
LaTeX Font Info:    Trying to load font information for U+rsfs on input line 12
9.

(/usr/local/texlive/2020/texmf-dist/tex/latex/jknapltx/ursfs.fd
File: ursfs.fd 1998/03/24 rsfs font definition file (jk)
)

LaTeX Font Warning: Font shape `U/rsfs/m/n' in size <9.5> not available
(Font)              size <9> substituted on input line 129.

<./Figures//orcid_logo.jpg, id=33, 730.73pt x 730.73pt>
File: ./Figures//orcid_logo.jpg Graphic file (type jpg)
<use ./Figures//orcid_logo.jpg>
Package pdftex.def Info: ./Figures//orcid_logo.jpg  used on input line 129.
(pdftex.def)             Requested size: 10.0pt x 9.99042pt.
File: ./Figures//orcid_logo.jpg Graphic file (type jpg)
<use ./Figures//orcid_logo.jpg>
Package pdftex.def Info: ./Figures//orcid_logo.jpg  used on input line 129.
(pdftex.def)             Requested size: 10.0pt x 9.99042pt.
File: ./Figures//orcid_logo.jpg Graphic file (type jpg)
<use ./Figures//orcid_logo.jpg>
Package pdftex.def Info: ./Figures//orcid_logo.jpg  used on input line 129.
(pdftex.def)             Requested size: 10.0pt x 9.99042pt.
File: ./Figures//orcid_logo.jpg Graphic file (type jpg)
<use ./Figures//orcid_logo.jpg>
Package pdftex.def Info: ./Figures//orcid_logo.jpg  used on input line 129.
(pdftex.def)             Requested size: 10.0pt x 9.99042pt.

LaTeX Font Warning: Command \tiny invalid in math mode on input line 143.


LaTeX Warning: Command \textregistered invalid in math mode on input line 143.


LaTeX Warning: Command \textregistered invalid in math mode on input line 143.

Missing character: There is no ® in font cmr6!

LaTeX Font Warning: Command \tiny invalid in math mode on input line 143.


LaTeX Warning: Command \textregistered invalid in math mode on input line 143.


LaTeX Warning: Command \textregistered invalid in math mode on input line 143.

Missing character: There is no ® in font cmr6!

Underfull \vbox (badness 1629) has occurred while \output is active []

 [1{/usr/local/texlive/2020/texmf-var/fonts/map/pdftex/updmap/pdftex.map} <./Fi
gures//orcid_logo.jpg>] [2]
Package epstopdf Info: Source file: <./Figures//floating_body.eps>
(epstopdf)                    date: 2021-01-11 19:10:29
(epstopdf)                    size: 40305 bytes
(epstopdf)             Output file: <./Figures//floating_body-eps-converted-to.
pdf>
(epstopdf)                    date: 2021-01-11 19:10:29
(epstopdf)                    size: 15843 bytes
(epstopdf)             Command: <repstopdf --outfile=./Figures//floating_body-e
ps-converted-to.pdf ./Figures//floating_body.eps>
(epstopdf)             \includegraphics on input line 153.
Package epstopdf Info: Output file is already uptodate.


pdfTeX warning: /usr/local/texlive/2020/bin/x86_64-linux/pdflatex (file ./Figur
es//floating_body-eps-converted-to.pdf): PDF inclusion: found PDF version <1.7>
, but at most version <1.5> allowed
<./Figures//floating_body-eps-converted-to.pdf, id=151, 363.3575pt x 210.7875pt
>
File: ./Figures//floating_body-eps-converted-to.pdf Graphic file (type pdf)
<use ./Figures//floating_body-eps-converted-to.pdf>
Package pdftex.def Info: ./Figures//floating_body-eps-converted-to.pdf  used on
 input line 153.
(pdftex.def)             Requested size: 208.20212pt x 120.78374pt.
[3] [4 <./Figures//floating_body-eps-converted-to.pdf>]
Underfull \hbox (badness 10000) in paragraph at lines 205--206

 []


Overfull \hbox (24.26375pt too wide) detected at line 224
[]
 []


Overfull \hbox (15.0pt too wide) detected at line 224
[][][]
 []

[5] [6]
Overfull \hbox (1.45737pt too wide) detected at line 356
[][] [] [] [] \OT1/cmr/m/n/9.5 = [] [] \OML/cmm/m/it/9.5 :
 []

[7] [8] [9] [10] [11]
Overfull \hbox (1.68385pt too wide) detected at line 639
[][] [][] [][]
 []

[12] [13]
Underfull \hbox (badness 10000) in paragraph at lines 798--800

 []

[14]
Package epstopdf Info: Source file: <./Figures//beam.eps>
(epstopdf)                    date: 2021-01-11 19:10:29
(epstopdf)                    size: 25334 bytes
(epstopdf)             Output file: <./Figures//beam-eps-converted-to.pdf>
(epstopdf)                    date: 2021-01-11 19:10:29
(epstopdf)                    size: 10319 bytes
(epstopdf)             Command: <repstopdf --outfile=./Figures//beam-eps-conver
ted-to.pdf ./Figures//beam.eps>
(epstopdf)             \includegraphics on input line 810.
Package epstopdf Info: Output file is already uptodate.


pdfTeX warning: /usr/local/texlive/2020/bin/x86_64-linux/pdflatex (file ./Figur
es//beam-eps-converted-to.pdf): PDF inclusion: found PDF version <1.7>, but at 
most version <1.5> allowed
<./Figures//beam-eps-converted-to.pdf, id=363, 275.0275pt x 183.68625pt>
File: ./Figures//beam-eps-converted-to.pdf Graphic file (type pdf)
<use ./Figures//beam-eps-converted-to.pdf>
Package pdftex.def Info: ./Figures//beam-eps-converted-to.pdf  used on input li
ne 810.
(pdftex.def)             Requested size: 173.5pt x 115.87988pt.
[15 <./Figures//beam-eps-converted-to.pdf>] [16] [17] [18]
Package epstopdf Info: Source file: <./Figures//beam_int.eps>
(epstopdf)                    date: 2021-01-11 19:10:29
(epstopdf)                    size: 37359 bytes
(epstopdf)             Output file: <./Figures//beam_int-eps-converted-to.pdf>
(epstopdf)                    date: 2021-01-11 19:10:29
(epstopdf)                    size: 13782 bytes
(epstopdf)             Command: <repstopdf --outfile=./Figures//beam_int-eps-co
nverted-to.pdf ./Figures//beam_int.eps>
(epstopdf)             \includegraphics on input line 1128.
Package epstopdf Info: Output file is already uptodate.


pdfTeX warning: /usr/local/texlive/2020/bin/x86_64-linux/pdflatex (file ./Figur
es//beam_int-eps-converted-to.pdf): PDF inclusion: found PDF version <1.7>, but
 at most version <1.5> allowed
<./Figures//beam_int-eps-converted-to.pdf, id=407, 320.19624pt x 309.155pt>
File: ./Figures//beam_int-eps-converted-to.pdf Graphic file (type pdf)
<use ./Figures//beam_int-eps-converted-to.pdf>
Package pdftex.def Info: ./Figures//beam_int-eps-converted-to.pdf  used on inpu
t line 1128.
(pdftex.def)             Requested size: 156.14894pt x 150.76552pt.
[19 <./Figures//beam_int-eps-converted-to.pdf>]
Package epstopdf Info: Source file: <./Figures//block_hinged_beam.eps>
(epstopdf)                    date: 2021-01-11 19:10:29
(epstopdf)                    size: 91360 bytes
(epstopdf)             Output file: <./Figures//block_hinged_beam-eps-converted
-to.pdf>
(epstopdf)                    date: 2021-01-11 19:10:29
(epstopdf)                    size: 29761 bytes
(epstopdf)             Command: <repstopdf --outfile=./Figures//block_hinged_be
am-eps-converted-to.pdf ./Figures//block_hinged_beam.eps>
(epstopdf)             \includegraphics on input line 1225.
Package epstopdf Info: Output file is already uptodate.


pdfTeX warning: /usr/local/texlive/2020/bin/x86_64-linux/pdflatex (file ./Figur
es//block_hinged_beam-eps-converted-to.pdf): PDF inclusion: found PDF version <
1.7>, but at most version <1.5> allowed
<./Figures//block_hinged_beam-eps-converted-to.pdf, id=431, 546.04pt x 335.2525
pt>
File: ./Figures//block_hinged_beam-eps-converted-to.pdf Graphic file (type pdf)

<use ./Figures//block_hinged_beam-eps-converted-to.pdf>
Package pdftex.def Info: ./Figures//block_hinged_beam-eps-converted-to.pdf  use
d on input line 1225.
(pdftex.def)             Requested size: 146.81621pt x 90.1404pt.
Package epstopdf Info: Source file: <./Figures//block_hinged_beam_DAE.eps>
(epstopdf)                    date: 2021-01-11 19:10:29
(epstopdf)                    size: 91848 bytes
(epstopdf)             Output file: <./Figures//block_hinged_beam_DAE-eps-conve
rted-to.pdf>
(epstopdf)                    date: 2021-01-11 19:10:29
(epstopdf)                    size: 30439 bytes
(epstopdf)             Command: <repstopdf --outfile=./Figures//block_hinged_be
am_DAE-eps-converted-to.pdf ./Figures//block_hinged_beam_DAE.eps>
(epstopdf)             \includegraphics on input line 1226.
Package epstopdf Info: Output file is already uptodate.


pdfTeX warning: /usr/local/texlive/2020/bin/x86_64-linux/pdflatex (file ./Figur
es//block_hinged_beam_DAE-eps-converted-to.pdf): PDF inclusion: found PDF versi
on <1.7>, but at most version <1.5> allowed
<./Figures//block_hinged_beam_DAE-eps-converted-to.pdf, id=432, 537.00626pt x 3
35.2525pt>
File: ./Figures//block_hinged_beam_DAE-eps-converted-to.pdf Graphic file (type 
pdf)
<use ./Figures//block_hinged_beam_DAE-eps-converted-to.pdf>
Package pdftex.def Info: ./Figures//block_hinged_beam_DAE-eps-converted-to.pdf 
 used on input line 1226.
(pdftex.def)             Requested size: 144.38727pt x 90.1404pt.
[20 <./Figures//block_hinged_beam-eps-converted-to.pdf> <./Figures//block_hinge
d_beam_DAE-eps-converted-to.pdf>] [21] [22]
Package epstopdf Info: Source file: <./Figures//SS_Hess_dis.eps>
(epstopdf)                    date: 2021-01-11 19:10:29
(epstopdf)                    size: 203726 bytes
(epstopdf)             Output file: <./Figures//SS_Hess_dis-eps-converted-to.pd
f>
(epstopdf)                    date: 2021-01-11 19:10:29
(epstopdf)                    size: 14051 bytes
(epstopdf)             Command: <repstopdf --outfile=./Figures//SS_Hess_dis-eps
-converted-to.pdf ./Figures//SS_Hess_dis.eps>
(epstopdf)             \includegraphics on input line 1370.
Package epstopdf Info: Output file is already uptodate.


pdfTeX warning: /usr/local/texlive/2020/bin/x86_64-linux/pdflatex (file ./Figur
es//SS_Hess_dis-eps-converted-to.pdf): PDF inclusion: found PDF version <1.7>, 
but at most version <1.5> allowed
<./Figures//SS_Hess_dis-eps-converted-to.pdf, id=484, 462.72874pt x 347.2975pt>

File: ./Figures//SS_Hess_dis-eps-converted-to.pdf Graphic file (type pdf)
<use ./Figures//SS_Hess_dis-eps-converted-to.pdf>
Package pdftex.def Info: ./Figures//SS_Hess_dis-eps-converted-to.pdf  used on i
nput line 1370.
(pdftex.def)             Requested size: 166.55852pt x 125.0111pt.
Package epstopdf Info: Source file: <./Figures//SS_Hess_vel.eps>
(epstopdf)                    date: 2021-01-11 19:10:29
(epstopdf)                    size: 202757 bytes
(epstopdf)             Output file: <./Figures//SS_Hess_vel-eps-converted-to.pd
f>
(epstopdf)                    date: 2021-01-11 19:10:29
(epstopdf)                    size: 13737 bytes
(epstopdf)             Command: <repstopdf --outfile=./Figures//SS_Hess_vel-eps
-converted-to.pdf ./Figures//SS_Hess_vel.eps>
(epstopdf)             \includegraphics on input line 1370.
Package epstopdf Info: Output file is already uptodate.


pdfTeX warning: /usr/local/texlive/2020/bin/x86_64-linux/pdflatex (file ./Figur
es//SS_Hess_vel-eps-converted-to.pdf): PDF inclusion: found PDF version <1.7>, 
but at most version <1.5> allowed
<./Figures//SS_Hess_vel-eps-converted-to.pdf, id=485, 462.72874pt x 347.2975pt>

File: ./Figures//SS_Hess_vel-eps-converted-to.pdf Graphic file (type pdf)
<use ./Figures//SS_Hess_vel-eps-converted-to.pdf>
Package pdftex.def Info: ./Figures//SS_Hess_vel-eps-converted-to.pdf  used on i
nput line 1370.
(pdftex.def)             Requested size: 166.55852pt x 125.0111pt.
Package epstopdf Info: Source file: <./Figures//SS_Hess_sigma.eps>
(epstopdf)                    date: 2021-01-11 19:10:29
(epstopdf)                    size: 200842 bytes
(epstopdf)             Output file: <./Figures//SS_Hess_sigma-eps-converted-to.
pdf>
(epstopdf)                    date: 2021-01-11 19:10:29
(epstopdf)                    size: 13226 bytes
(epstopdf)             Command: <repstopdf --outfile=./Figures//SS_Hess_sigma-e
ps-converted-to.pdf ./Figures//SS_Hess_sigma.eps>
(epstopdf)             \includegraphics on input line 1370.
Package epstopdf Info: Output file is already uptodate.


pdfTeX warning: /usr/local/texlive/2020/bin/x86_64-linux/pdflatex (file ./Figur
es//SS_Hess_sigma-eps-converted-to.pdf): PDF inclusion: found PDF version <1.7>
, but at most version <1.5> allowed
<./Figures//SS_Hess_sigma-eps-converted-to.pdf, id=486, 462.72874pt x 347.2975p
t>
File: ./Figures//SS_Hess_sigma-eps-converted-to.pdf Graphic file (type pdf)
<use ./Figures//SS_Hess_sigma-eps-converted-to.pdf>
Package pdftex.def Info: ./Figures//SS_Hess_sigma-eps-converted-to.pdf  used on
 input line 1370.
(pdftex.def)             Requested size: 166.55852pt x 125.0111pt.
<./Figures//fourbars.pdf, id=487, 293.17128pt x 142.64491pt>
File: ./Figures//fourbars.pdf Graphic file (type pdf)
<use ./Figures//fourbars.pdf>
Package pdftex.def Info: ./Figures//fourbars.pdf  used on input line 1377.
(pdftex.def)             Requested size: 208.20212pt x 101.30687pt.
Package epstopdf Info: Source file: <./Figures//block_4bars.eps>
(epstopdf)                    date: 2021-01-11 19:10:29
(epstopdf)                    size: 160494 bytes
(epstopdf)             Output file: <./Figures//block_4bars-eps-converted-to.pd
f>
(epstopdf)                    date: 2021-01-11 19:10:29
(epstopdf)                    size: 51201 bytes
(epstopdf)             Command: <repstopdf --outfile=./Figures//block_4bars-eps
-converted-to.pdf ./Figures//block_4bars.eps>
(epstopdf)             \includegraphics on input line 1378.
Package epstopdf Info: Output file is already uptodate.


pdfTeX warning: /usr/local/texlive/2020/bin/x86_64-linux/pdflatex (file ./Figur
es//block_4bars-eps-converted-to.pdf): PDF inclusion: found PDF version <1.7>, 
but at most version <1.5> allowed
<./Figures//block_4bars-eps-converted-to.pdf, id=488, 462.72874pt x 510.90875pt
>
File: ./Figures//block_4bars-eps-converted-to.pdf Graphic file (type pdf)
<use ./Figures//block_4bars-eps-converted-to.pdf>
Package pdftex.def Info: ./Figures//block_4bars-eps-converted-to.pdf  used on i
nput line 1378.
(pdftex.def)             Requested size: 121.45212pt x 134.09605pt.
[23 <./Figures//SS_Hess_dis-eps-converted-to.pdf> <./Figures//SS_Hess_vel-eps-c
onverted-to.pdf> <./Figures//SS_Hess_sigma-eps-converted-to.pdf>]
Package epstopdf Info: Source file: <./Figures//FourBar_Om12_Chebbi.eps>
(epstopdf)                    date: 2021-01-11 19:10:29
(epstopdf)                    size: 197440 bytes
(epstopdf)             Output file: <./Figures//FourBar_Om12_Chebbi-eps-convert
ed-to.pdf>
(epstopdf)                    date: 2021-01-11 19:10:29
(epstopdf)                    size: 12910 bytes
(epstopdf)             Command: <repstopdf --outfile=./Figures//FourBar_Om12_Ch
ebbi-eps-converted-to.pdf ./Figures//FourBar_Om12_Chebbi.eps>
(epstopdf)             \includegraphics on input line 1417.
Package epstopdf Info: Output file is already uptodate.


pdfTeX warning: /usr/local/texlive/2020/bin/x86_64-linux/pdflatex (file ./Figur
es//FourBar_Om12_Chebbi-eps-converted-to.pdf): PDF inclusion: found PDF version
 <1.7>, but at most version <1.5> allowed
<./Figures//FourBar_Om12_Chebbi-eps-converted-to.pdf, id=570, 462.72874pt x 347
.2975pt>
File: ./Figures//FourBar_Om12_Chebbi-eps-converted-to.pdf Graphic file (type pd
f)
<use ./Figures//FourBar_Om12_Chebbi-eps-converted-to.pdf>
Package pdftex.def Info: ./Figures//FourBar_Om12_Chebbi-eps-converted-to.pdf  u
sed on input line 1417.
(pdftex.def)             Requested size: 170.0319pt x 127.61836pt.
Package epstopdf Info: Source file: <./Figures//FourBar_Om3_Chebbi.eps>
(epstopdf)                    date: 2021-01-11 19:10:29
(epstopdf)                    size: 194644 bytes
(epstopdf)             Output file: <./Figures//FourBar_Om3_Chebbi-eps-converte
d-to.pdf>
(epstopdf)                    date: 2021-01-11 19:10:29
(epstopdf)                    size: 12041 bytes
(epstopdf)             Command: <repstopdf --outfile=./Figures//FourBar_Om3_Che
bbi-eps-converted-to.pdf ./Figures//FourBar_Om3_Chebbi.eps>
(epstopdf)             \includegraphics on input line 1418.
Package epstopdf Info: Output file is already uptodate.


pdfTeX warning: /usr/local/texlive/2020/bin/x86_64-linux/pdflatex (file ./Figur
es//FourBar_Om3_Chebbi-eps-converted-to.pdf): PDF inclusion: found PDF version 
<1.7>, but at most version <1.5> allowed
<./Figures//FourBar_Om3_Chebbi-eps-converted-to.pdf, id=571, 462.72874pt x 347.
2975pt>
File: ./Figures//FourBar_Om3_Chebbi-eps-converted-to.pdf Graphic file (type pdf
)
<use ./Figures//FourBar_Om3_Chebbi-eps-converted-to.pdf>
Package pdftex.def Info: ./Figures//FourBar_Om3_Chebbi-eps-converted-to.pdf  us
ed on input line 1418.
(pdftex.def)             Requested size: 170.0319pt x 127.61836pt.
[24 <./Figures//fourbars.pdf> <./Figures//block_4bars-eps-converted-to.pdf>]
Package epstopdf Info: Source file: <./Figures//cr_slider.eps>
(epstopdf)                    date: 2021-01-11 19:10:29
(epstopdf)                    size: 60590 bytes
(epstopdf)             Output file: <./Figures//cr_slider-eps-converted-to.pdf>

(epstopdf)                    date: 2021-01-11 19:10:29
(epstopdf)                    size: 31289 bytes
(epstopdf)             Command: <repstopdf --outfile=./Figures//cr_slider-eps-c
onverted-to.pdf ./Figures//cr_slider.eps>
(epstopdf)             \includegraphics on input line 1428.
Package epstopdf Info: Output file is already uptodate.


pdfTeX warning: /usr/local/texlive/2020/bin/x86_64-linux/pdflatex (file ./Figur
es//cr_slider-eps-converted-to.pdf): PDF inclusion: found PDF version <1.7>, bu
t at most version <1.5> allowed
<./Figures//cr_slider-eps-converted-to.pdf, id=607, 374.39874pt x 183.68625pt>
File: ./Figures//cr_slider-eps-converted-to.pdf Graphic file (type pdf)
<use ./Figures//cr_slider-eps-converted-to.pdf>
Package pdftex.def Info: ./Figures//cr_slider-eps-converted-to.pdf  used on inp
ut line 1428.
(pdftex.def)             Requested size: 173.5pt x 85.12172pt.
Package epstopdf Info: Source file: <./Figures//block_crslider.eps>
(epstopdf)                    date: 2021-01-11 19:10:29
(epstopdf)                    size: 110743 bytes
(epstopdf)             Output file: <./Figures//block_crslider-eps-converted-to
.pdf>
(epstopdf)                    date: 2021-01-11 19:10:29
(epstopdf)                    size: 35686 bytes
(epstopdf)             Command: <repstopdf --outfile=./Figures//block_crslider-
eps-converted-to.pdf ./Figures//block_crslider.eps>
(epstopdf)             \includegraphics on input line 1429.
Package epstopdf Info: Output file is already uptodate.


pdfTeX warning: /usr/local/texlive/2020/bin/x86_64-linux/pdflatex (file ./Figur
es//block_crslider-eps-converted-to.pdf): PDF inclusion: found PDF version <1.7
>, but at most version <1.5> allowed
<./Figures//block_crslider-eps-converted-to.pdf, id=608, 480.79625pt x 379.4175
pt>
File: ./Figures//block_crslider-eps-converted-to.pdf Graphic file (type pdf)
<use ./Figures//block_crslider-eps-converted-to.pdf>
Package pdftex.def Info: ./Figures//block_crslider-eps-converted-to.pdf  used o
n input line 1429.
(pdftex.def)             Requested size: 138.79788pt x 109.53035pt.

Underfull \vbox (badness 2368) has occurred while \output is active []

 [25 <./Figures//FourBar_Om12_Chebbi-eps-converted-to.pdf> <./Figures//FourBar_
Om3_Chebbi-eps-converted-to.pdf> <./Figures//cr_slider-eps-converted-to.pdf> <.
/Figures//block_crslider-eps-converted-to.pdf>]
Package epstopdf Info: Source file: <./Figures//uM_disp.eps>
(epstopdf)                    date: 2021-01-11 19:10:29
(epstopdf)                    size: 216153 bytes
(epstopdf)             Output file: <./Figures//uM_disp-eps-converted-to.pdf>
(epstopdf)                    date: 2021-01-11 19:10:29
(epstopdf)                    size: 20351 bytes
(epstopdf)             Command: <repstopdf --outfile=./Figures//uM_disp-eps-con
verted-to.pdf ./Figures//uM_disp.eps>
(epstopdf)             \includegraphics on input line 1473.
Package epstopdf Info: Output file is already uptodate.


pdfTeX warning: /usr/local/texlive/2020/bin/x86_64-linux/pdflatex (file ./Figur
es//uM_disp-eps-converted-to.pdf): PDF inclusion: found PDF version <1.7>, but 
at most version <1.5> allowed
<./Figures//uM_disp-eps-converted-to.pdf, id=648, 462.72874pt x 347.2975pt>
File: ./Figures//uM_disp-eps-converted-to.pdf Graphic file (type pdf)
<use ./Figures//uM_disp-eps-converted-to.pdf>
Package pdftex.def Info: ./Figures//uM_disp-eps-converted-to.pdf  used on input
 line 1473.
(pdftex.def)             Requested size: 156.14894pt x 117.1946pt.
Package epstopdf Info: Source file: <./Figures//wM_disp.eps>
(epstopdf)                    date: 2021-01-11 19:10:29
(epstopdf)                    size: 202916 bytes
(epstopdf)             Output file: <./Figures//wM_disp-eps-converted-to.pdf>
(epstopdf)                    date: 2021-01-11 19:10:29
(epstopdf)                    size: 15117 bytes
(epstopdf)             Command: <repstopdf --outfile=./Figures//wM_disp-eps-con
verted-to.pdf ./Figures//wM_disp.eps>
(epstopdf)             \includegraphics on input line 1474.
Package epstopdf Info: Output file is already uptodate.


pdfTeX warning: /usr/local/texlive/2020/bin/x86_64-linux/pdflatex (file ./Figur
es//wM_disp-eps-converted-to.pdf): PDF inclusion: found PDF version <1.7>, but 
at most version <1.5> allowed
<./Figures//wM_disp-eps-converted-to.pdf, id=649, 462.72874pt x 347.2975pt>
File: ./Figures//wM_disp-eps-converted-to.pdf Graphic file (type pdf)
<use ./Figures//wM_disp-eps-converted-to.pdf>
Package pdftex.def Info: ./Figures//wM_disp-eps-converted-to.pdf  used on input
 line 1474.
(pdftex.def)             Requested size: 156.14894pt x 117.1946pt.
[26 <./Figures//uM_disp-eps-converted-to.pdf> <./Figures//wM_disp-eps-converted
-to.pdf>]
Package epstopdf Info: Source file: <./Figures//rotbeam_3D.eps>
(epstopdf)                    date: 2021-01-11 19:10:29
(epstopdf)                    size: 20720 bytes
(epstopdf)             Output file: <./Figures//rotbeam_3D-eps-converted-to.pdf
>
(epstopdf)                    date: 2021-01-11 19:10:29
(epstopdf)                    size: 8045 bytes
(epstopdf)             Command: <repstopdf --outfile=./Figures//rotbeam_3D-eps-
converted-to.pdf ./Figures//rotbeam_3D.eps>
(epstopdf)             \includegraphics on input line 1502.
Package epstopdf Info: Output file is already uptodate.


pdfTeX warning: /usr/local/texlive/2020/bin/x86_64-linux/pdflatex (file ./Figur
es//rotbeam_3D-eps-converted-to.pdf): PDF inclusion: found PDF version <1.7>, b
ut at most version <1.5> allowed
<./Figures//rotbeam_3D-eps-converted-to.pdf, id=701, 275.0275pt x 165.61874pt>
File: ./Figures//rotbeam_3D-eps-converted-to.pdf Graphic file (type pdf)
<use ./Figures//rotbeam_3D-eps-converted-to.pdf>
Package pdftex.def Info: ./Figures//rotbeam_3D-eps-converted-to.pdf  used on in
put line 1502.
(pdftex.def)             Requested size: 156.14894pt x 94.0347pt.
Package epstopdf Info: Source file: <./Figures//H_3Dbeam.eps>
(epstopdf)                    date: 2021-01-11 19:10:29
(epstopdf)                    size: 204947 bytes
(epstopdf)             Output file: <./Figures//H_3Dbeam-eps-converted-to.pdf>
(epstopdf)                    date: 2021-01-11 19:10:29
(epstopdf)                    size: 12560 bytes
(epstopdf)             Command: <repstopdf --outfile=./Figures//H_3Dbeam-eps-co
nverted-to.pdf ./Figures//H_3Dbeam.eps>
(epstopdf)             \includegraphics on input line 1509.
Package epstopdf Info: Output file is already uptodate.


pdfTeX warning: /usr/local/texlive/2020/bin/x86_64-linux/pdflatex (file ./Figur
es//H_3Dbeam-eps-converted-to.pdf): PDF inclusion: found PDF version <1.7>, but
 at most version <1.5> allowed
<./Figures//H_3Dbeam-eps-converted-to.pdf, id=702, 462.72874pt x 347.2975pt>
File: ./Figures//H_3Dbeam-eps-converted-to.pdf Graphic file (type pdf)
<use ./Figures//H_3Dbeam-eps-converted-to.pdf>
Package pdftex.def Info: ./Figures//H_3Dbeam-eps-converted-to.pdf  used on inpu
t line 1509.
(pdftex.def)             Requested size: 156.14894pt x 117.1946pt.
Package epstopdf Info: Source file: <./Figures//omega_zI.eps>
(epstopdf)                    date: 2021-01-11 19:10:29
(epstopdf)                    size: 209681 bytes
(epstopdf)             Output file: <./Figures//omega_zI-eps-converted-to.pdf>
(epstopdf)                    date: 2021-01-11 19:10:29
(epstopdf)                    size: 17341 bytes
(epstopdf)             Command: <repstopdf --outfile=./Figures//omega_zI-eps-co
nverted-to.pdf ./Figures//omega_zI.eps>
(epstopdf)             \includegraphics on input line 1510.
Package epstopdf Info: Output file is already uptodate.


pdfTeX warning: /usr/local/texlive/2020/bin/x86_64-linux/pdflatex (file ./Figur
es//omega_zI-eps-converted-to.pdf): PDF inclusion: found PDF version <1.7>, but
 at most version <1.5> allowed
<./Figures//omega_zI-eps-converted-to.pdf, id=703, 462.72874pt x 347.2975pt>
File: ./Figures//omega_zI-eps-converted-to.pdf Graphic file (type pdf)
<use ./Figures//omega_zI-eps-converted-to.pdf>
Package pdftex.def Info: ./Figures//omega_zI-eps-converted-to.pdf  used on inpu
t line 1510.
(pdftex.def)             Requested size: 156.14894pt x 117.1946pt.

Underfull \hbox (badness 10000) in paragraph at lines 1546--1549

 []


Underfull \vbox (badness 10000) has occurred while \output is active []

 [27 <./Figures//rotbeam_3D-eps-converted-to.pdf> <./Figures//H_3Dbeam-eps-conv
erted-to.pdf> <./Figures//omega_zI-eps-converted-to.pdf>] [28] [29] [30]
Overfull \hbox (0.29149pt too wide) detected at line 1718
[]
 []

[31] (./ph_multibody_rev1_highlighted.bbl
LaTeX Font Info:    Trying to load font information for OMS+cmr on input line 1
7.

(/usr/local/texlive/2020/texmf-dist/tex/latex/base/omscmr.fd
File: omscmr.fd 2019/12/16 v2.5j Standard LaTeX font definitions
)
LaTeX Font Info:    Font shape `OMS/cmr/m/n' in size <8> not available
(Font)              Font shape `OMS/cmsy/m/n' tried instead on input line 17.
 [32] [33]
[34]
Underfull \hbox (badness 3118) in paragraph at lines 318--324
[]\OT1/cmr/m/n/8 Wasfy, T.M., Noor, A.K.: Com-pu-ta-tional strate-gies for flex
-i-ble multi-body sys-
 []


Underfull \hbox (badness 2384) in paragraph at lines 318--324
\OT1/cmr/m/n/8 tems .  Ap-plied Me-chan-ics Re-views \OT1/cmr/bx/n/8 56\OT1/cmr
/m/n/8 (6), 553--613 (2003).  DOI $10 . 1115 / 1 .
 []

) [35] (./ph_multibody_rev1_highlighted.aux)

LaTeX Font Warning: Size substitutions with differences
(Font)              up to 2.625pt have occurred.

Package rerunfilecheck Info: File `ph_multibody_rev1_highlighted.out' has not c
hanged.
(rerunfilecheck)             Checksum: 49CB42A5E66034EF98899A314106991C;417.
 ) 
Here is how much of TeX's memory you used:
 10785 strings out of 479303
 176009 string characters out of 5867267
 528436 words of memory out of 5000000
 27537 multiletter control sequences out of 15000+600000
 427950 words of font info for 118 fonts, out of 8000000 for 9000
 1141 hyphenation exceptions out of 8191
 71i,22n,79p,2697b,492s stack positions out of 5000i,500n,10000p,200000b,80000s
{/usr/local/texlive/2020/texmf-dist/fonts/enc/dvips/cm-super/cm-super-ts1.enc
}</usr/local/texlive/2020/texmf-dist/fonts/type1/public/amsfonts/cm/cmbsy10.pfb
></usr/local/texlive/2020/texmf-dist/fonts/type1/public/amsfonts/cmextra/cmbsy7
.pfb></usr/local/texlive/2020/texmf-dist/fonts/type1/public/amsfonts/cm/cmbx10.
pfb></usr/local/texlive/2020/texmf-dist/fonts/type1/public/amsfonts/cm/cmbx12.p
fb></usr/local/texlive/2020/texmf-dist/fonts/type1/public/amsfonts/cm/cmbx6.pfb
></usr/local/texlive/2020/texmf-dist/fonts/type1/public/amsfonts/cm/cmbx8.pfb><
/usr/local/texlive/2020/texmf-dist/fonts/type1/public/amsfonts/cm/cmbx9.pfb></u
sr/local/texlive/2020/texmf-dist/fonts/type1/public/amsfonts/cm/cmcsc10.pfb></u
sr/local/texlive/2020/texmf-dist/fonts/type1/public/amsfonts/cm/cmex10.pfb></us
r/local/texlive/2020/texmf-dist/fonts/type1/public/amsfonts/cm/cmmi10.pfb></usr
/local/texlive/2020/texmf-dist/fonts/type1/public/amsfonts/cm/cmmi12.pfb></usr/
local/texlive/2020/texmf-dist/fonts/type1/public/amsfonts/cm/cmmi5.pfb></usr/lo
cal/texlive/2020/texmf-dist/fonts/type1/public/amsfonts/cm/cmmi6.pfb></usr/loca
l/texlive/2020/texmf-dist/fonts/type1/public/amsfonts/cm/cmmi7.pfb></usr/local/
texlive/2020/texmf-dist/fonts/type1/public/amsfonts/cm/cmmi8.pfb></usr/local/te
xlive/2020/texmf-dist/fonts/type1/public/amsfonts/cm/cmmi9.pfb></usr/local/texl
ive/2020/texmf-dist/fonts/type1/public/amsfonts/cm/cmmib10.pfb></usr/local/texl
ive/2020/texmf-dist/fonts/type1/public/amsfonts/cmextra/cmmib7.pfb></usr/local/
texlive/2020/texmf-dist/fonts/type1/public/amsfonts/cm/cmr10.pfb></usr/local/te
xlive/2020/texmf-dist/fonts/type1/public/amsfonts/cm/cmr12.pfb></usr/local/texl
ive/2020/texmf-dist/fonts/type1/public/amsfonts/cm/cmr5.pfb></usr/local/texlive
/2020/texmf-dist/fonts/type1/public/amsfonts/cm/cmr6.pfb></usr/local/texlive/20
20/texmf-dist/fonts/type1/public/amsfonts/cm/cmr7.pfb></usr/local/texlive/2020/
texmf-dist/fonts/type1/public/amsfonts/cm/cmr8.pfb></usr/local/texlive/2020/tex
mf-dist/fonts/type1/public/amsfonts/cm/cmr9.pfb></usr/local/texlive/2020/texmf-
dist/fonts/type1/public/amsfonts/cm/cmss12.pfb></usr/local/texlive/2020/texmf-d
ist/fonts/type1/public/amsfonts/cm/cmss17.pfb></usr/local/texlive/2020/texmf-di
st/fonts/type1/public/amsfonts/cm/cmsy10.pfb></usr/local/texlive/2020/texmf-dis
t/fonts/type1/public/amsfonts/cm/cmsy5.pfb></usr/local/texlive/2020/texmf-dist/
fonts/type1/public/amsfonts/cm/cmsy6.pfb></usr/local/texlive/2020/texmf-dist/fo
nts/type1/public/amsfonts/cm/cmsy8.pfb></usr/local/texlive/2020/texmf-dist/font
s/type1/public/amsfonts/cm/cmsy9.pfb></usr/local/texlive/2020/texmf-dist/fonts/
type1/public/amsfonts/cm/cmti8.pfb></usr/local/texlive/2020/texmf-dist/fonts/ty
pe1/public/amsfonts/cm/cmti9.pfb></usr/local/texlive/2020/texmf-dist/fonts/type
1/public/amsfonts/cm/cmtt8.pfb></usr/local/texlive/2020/texmf-dist/fonts/type1/
public/amsfonts/symbols/msbm10.pfb></usr/local/texlive/2020/texmf-dist/fonts/ty
pe1/public/amsfonts/symbols/msbm7.pfb></usr/local/texlive/2020/texmf-dist/fonts
/type1/public/rsfs/rsfs10.pfb></usr/local/texlive/2020/texmf-dist/fonts/type1/p
ublic/rsfs/rsfs7.pfb></usr/local/texlive/2020/texmf-dist/fonts/type1/public/cm-
super/sfrm0900.pfb>
Output written on ph_multibody_rev1_highlighted.pdf (35 pages, 828224 bytes).
PDF statistics:
 1069 PDF objects out of 1200 (max. 8388607)
 852 compressed objects within 9 object streams
 219 named destinations out of 1000 (max. 500000)
 157 words of extra memory for PDF output out of 10000 (max. 10000000)

