This is pdfTeX, Version 3.14159265-2.6-1.40.19 (TeX Live 2018) (preloaded format=pdflatex 2019.2.19)  25 FEB 2019 10:36
entering extended mode
 restricted \write18 enabled.
 %&-line parsing enabled.
**Mindlin_Part_Arxiv.tex
(./Mindlin_Part_Arxiv.tex
LaTeX2e <2018-04-01> patch level 5
(/usr/share/texlive/texmf-dist/tex/latex/base/article.cls
Document Class: article 2014/09/29 v1.4h Standard LaTeX document class
(/usr/share/texlive/texmf-dist/tex/latex/base/size11.clo
File: size11.clo 2014/09/29 v1.4h Standard LaTeX file (size option)
)
\c@part=\count80
\c@section=\count81
\c@subsection=\count82
\c@subsubsection=\count83
\c@paragraph=\count84
\c@subparagraph=\count85
\c@figure=\count86
\c@table=\count87
\abovecaptionskip=\skip41
\belowcaptionskip=\skip42
\bibindent=\dimen102
)
(/usr/share/texlive/texmf-dist/tex/latex/base/fontenc.sty
Package: fontenc 2017/04/05 v2.0i Standard LaTeX package

(/usr/share/texlive/texmf-dist/tex/latex/base/t1enc.def
File: t1enc.def 2017/04/05 v2.0i Standard LaTeX file
LaTeX Font Info:    Redeclaring font encoding T1 on input line 48.
))
(/usr/share/texlive/texmf-dist/tex/latex/base/inputenc.sty
Package: inputenc 2018/04/06 v1.3b Input encoding file
\inpenc@prehook=\toks14
\inpenc@posthook=\toks15
)
(/usr/share/texlive/texmf-dist/tex/generic/babel/babel.sty
Package: babel 2018/06/05 3.22 The Babel package

(/usr/share/texlive/texmf-dist/tex/generic/babel/switch.def
File: switch.def 2018/06/05 3.22 Babel switching mechanism
)
(/usr/share/texlive/texmf-dist/tex/generic/babel-english/english.ldf
Language: english 2017/06/06 v3.3r English support from the babel system

(/usr/share/texlive/texmf-dist/tex/generic/babel/babel.def
File: babel.def 2018/06/05 3.22 Babel common definitions
\babel@savecnt=\count88
\U@D=\dimen103

(/usr/share/texlive/texmf-dist/tex/generic/babel/txtbabel.def)
\bbl@dirlevel=\count89
)
\l@canadian = a dialect from \language\l@american 
\l@australian = a dialect from \language\l@british 
\l@newzealand = a dialect from \language\l@british 
))
(/usr/share/texlive/texmf-dist/tex/latex/amsmath/amsmath.sty
Package: amsmath 2017/09/02 v2.17a AMS math features
\@mathmargin=\skip43

For additional information on amsmath, use the `?' option.
(/usr/share/texlive/texmf-dist/tex/latex/amsmath/amstext.sty
Package: amstext 2000/06/29 v2.01 AMS text

(/usr/share/texlive/texmf-dist/tex/latex/amsmath/amsgen.sty
File: amsgen.sty 1999/11/30 v2.0 generic functions
\@emptytoks=\toks16
\ex@=\dimen104
))
(/usr/share/texlive/texmf-dist/tex/latex/amsmath/amsbsy.sty
Package: amsbsy 1999/11/29 v1.2d Bold Symbols
\pmbraise@=\dimen105
)
(/usr/share/texlive/texmf-dist/tex/latex/amsmath/amsopn.sty
Package: amsopn 2016/03/08 v2.02 operator names
)
\inf@bad=\count90
LaTeX Info: Redefining \frac on input line 213.
\uproot@=\count91
\leftroot@=\count92
LaTeX Info: Redefining \overline on input line 375.
\classnum@=\count93
\DOTSCASE@=\count94
LaTeX Info: Redefining \ldots on input line 472.
LaTeX Info: Redefining \dots on input line 475.
LaTeX Info: Redefining \cdots on input line 596.
\Mathstrutbox@=\box26
\strutbox@=\box27
\big@size=\dimen106
LaTeX Font Info:    Redeclaring font encoding OML on input line 712.
LaTeX Font Info:    Redeclaring font encoding OMS on input line 713.
\macc@depth=\count95
\c@MaxMatrixCols=\count96
\dotsspace@=\muskip10
\c@parentequation=\count97
\dspbrk@lvl=\count98
\tag@help=\toks17
\row@=\count99
\column@=\count100
\maxfields@=\count101
\andhelp@=\toks18
\eqnshift@=\dimen107
\alignsep@=\dimen108
\tagshift@=\dimen109
\tagwidth@=\dimen110
\totwidth@=\dimen111
\lineht@=\dimen112
\@envbody=\toks19
\multlinegap=\skip44
\multlinetaggap=\skip45
\mathdisplay@stack=\toks20
LaTeX Info: Redefining \[ on input line 2817.
LaTeX Info: Redefining \] on input line 2818.
)
(/usr/share/texlive/texmf-dist/tex/latex/amsfonts/amssymb.sty
Package: amssymb 2013/01/14 v3.01 AMS font symbols

(/usr/share/texlive/texmf-dist/tex/latex/amsfonts/amsfonts.sty
Package: amsfonts 2013/01/14 v3.01 Basic AMSFonts support
\symAMSa=\mathgroup4
\symAMSb=\mathgroup5
LaTeX Font Info:    Overwriting math alphabet `\mathfrak' in version `bold'
(Font)                  U/euf/m/n --> U/euf/b/n on input line 106.
))
(/usr/share/texlive/texmf-dist/tex/latex/amscls/amsthm.sty
Package: amsthm 2017/10/31 v2.20.4
\thm@style=\toks21
\thm@bodyfont=\toks22
\thm@headfont=\toks23
\thm@notefont=\toks24
\thm@headpunct=\toks25
\thm@preskip=\skip46
\thm@postskip=\skip47
\thm@headsep=\skip48
\dth@everypar=\toks26
)
(/usr/share/texlive/texmf-dist/tex/latex/jknapltx/mathrsfs.sty
Package: mathrsfs 1996/01/01 Math RSFS package v1.0 (jk)
\symrsfs=\mathgroup6
)
(/usr/share/texlive/texmf-dist/tex/latex/tools/bm.sty
Package: bm 2017/01/16 v1.2c Bold Symbol Support (DPC/FMi)
\symboldoperators=\mathgroup7
\symboldletters=\mathgroup8
\symboldsymbols=\mathgroup9
LaTeX Font Info:    Redeclaring math alphabet \mathbf on input line 141.
LaTeX Info: Redefining \bm on input line 207.
)
(/usr/share/texlive/texmf-dist/tex/latex/graphics/graphicx.sty
Package: graphicx 2017/06/01 v1.1a Enhanced LaTeX Graphics (DPC,SPQR)

(/usr/share/texlive/texmf-dist/tex/latex/graphics/keyval.sty
Package: keyval 2014/10/28 v1.15 key=value parser (DPC)
\KV@toks@=\toks27
)
(/usr/share/texlive/texmf-dist/tex/latex/graphics/graphics.sty
Package: graphics 2017/06/25 v1.2c Standard LaTeX Graphics (DPC,SPQR)

(/usr/share/texlive/texmf-dist/tex/latex/graphics/trig.sty
Package: trig 2016/01/03 v1.10 sin cos tan (DPC)
)
(/usr/share/texlive/texmf-dist/tex/latex/graphics-cfg/graphics.cfg
File: graphics.cfg 2016/06/04 v1.11 sample graphics configuration
)
Package graphics Info: Driver file: pdftex.def on input line 99.

(/usr/share/texlive/texmf-dist/tex/latex/graphics-def/pdftex.def
File: pdftex.def 2018/01/08 v1.0l Graphics/color driver for pdftex
))
\Gin@req@height=\dimen113
\Gin@req@width=\dimen114
)
(/usr/share/texlive/texmf-dist/tex/latex/preprint/authblk.sty
Package: authblk 2001/02/27 1.3 (PWD)
\affilsep=\skip49
\@affilsep=\skip50
\c@Maxaffil=\count102
\c@authors=\count103
\c@affil=\count104
)
(/usr/share/texlive/texmf-dist/tex/latex/natbib/natbib.sty
Package: natbib 2010/09/13 8.31b (PWD, AO)
\bibhang=\skip51
\bibsep=\skip52
LaTeX Info: Redefining \cite on input line 694.
\c@NAT@ctr=\count105
)
(/usr/share/texlive/texmf-dist/tex/latex/hyperref/hyperref.sty
Package: hyperref 2018/02/06 v6.86b Hypertext links for LaTeX

(/usr/share/texlive/texmf-dist/tex/generic/oberdiek/hobsub-hyperref.sty
Package: hobsub-hyperref 2016/05/16 v1.14 Bundle oberdiek, subset hyperref (HO)


(/usr/share/texlive/texmf-dist/tex/generic/oberdiek/hobsub-generic.sty
Package: hobsub-generic 2016/05/16 v1.14 Bundle oberdiek, subset generic (HO)
Package: hobsub 2016/05/16 v1.14 Construct package bundles (HO)
Package: infwarerr 2016/05/16 v1.4 Providing info/warning/error messages (HO)
Package: ltxcmds 2016/05/16 v1.23 LaTeX kernel commands for general use (HO)
Package: ifluatex 2016/05/16 v1.4 Provides the ifluatex switch (HO)
Package ifluatex Info: LuaTeX not detected.
Package: ifvtex 2016/05/16 v1.6 Detect VTeX and its facilities (HO)
Package ifvtex Info: VTeX not detected.
Package: intcalc 2016/05/16 v1.2 Expandable calculations with integers (HO)
Package: ifpdf 2017/03/15 v3.2 Provides the ifpdf switch
Package: etexcmds 2016/05/16 v1.6 Avoid name clashes with e-TeX commands (HO)
Package etexcmds Info: Could not find \expanded.
(etexcmds)             That can mean that you are not using pdfTeX 1.50 or
(etexcmds)             that some package has redefined \expanded.
(etexcmds)             In the latter case, load this package earlier.
Package: kvsetkeys 2016/05/16 v1.17 Key value parser (HO)
Package: kvdefinekeys 2016/05/16 v1.4 Define keys (HO)
Package: pdftexcmds 2018/01/30 v0.27 Utility functions of pdfTeX for LuaTeX (HO
)
Package pdftexcmds Info: LuaTeX not detected.
Package pdftexcmds Info: \pdf@primitive is available.
Package pdftexcmds Info: \pdf@ifprimitive is available.
Package pdftexcmds Info: \pdfdraftmode found.
Package: pdfescape 2016/05/16 v1.14 Implements pdfTeX's escape features (HO)
Package: bigintcalc 2016/05/16 v1.4 Expandable calculations on big integers (HO
)
Package: bitset 2016/05/16 v1.2 Handle bit-vector datatype (HO)
Package: uniquecounter 2016/05/16 v1.3 Provide unlimited unique counter (HO)
)
Package hobsub Info: Skipping package `hobsub' (already loaded).
Package: letltxmacro 2016/05/16 v1.5 Let assignment for LaTeX macros (HO)
Package: hopatch 2016/05/16 v1.3 Wrapper for package hooks (HO)
Package: xcolor-patch 2016/05/16 xcolor patch
Package: atveryend 2016/05/16 v1.9 Hooks at the very end of document (HO)
Package atveryend Info: \enddocument detected (standard20110627).
Package: atbegshi 2016/06/09 v1.18 At begin shipout hook (HO)
Package: refcount 2016/05/16 v3.5 Data extraction from label references (HO)
Package: hycolor 2016/05/16 v1.8 Color options for hyperref/bookmark (HO)
)
(/usr/share/texlive/texmf-dist/tex/generic/ifxetex/ifxetex.sty
Package: ifxetex 2010/09/12 v0.6 Provides ifxetex conditional
)
(/usr/share/texlive/texmf-dist/tex/latex/oberdiek/auxhook.sty
Package: auxhook 2016/05/16 v1.4 Hooks for auxiliary files (HO)
)
(/usr/share/texlive/texmf-dist/tex/latex/oberdiek/kvoptions.sty
Package: kvoptions 2016/05/16 v3.12 Key value format for package options (HO)
)
\@linkdim=\dimen115
\Hy@linkcounter=\count106
\Hy@pagecounter=\count107

(/usr/share/texlive/texmf-dist/tex/latex/hyperref/pd1enc.def
File: pd1enc.def 2018/02/06 v6.86b Hyperref: PDFDocEncoding definition (HO)
Now handling font encoding PD1 ...
... no UTF-8 mapping file for font encoding PD1
)
\Hy@SavedSpaceFactor=\count108

(/usr/share/texlive/texmf-dist/tex/latex/latexconfig/hyperref.cfg
File: hyperref.cfg 2002/06/06 v1.2 hyperref configuration of TeXLive
)
Package hyperref Info: Option `colorlinks' set `true' on input line 4383.
Package hyperref Info: Hyper figures OFF on input line 4509.
Package hyperref Info: Link nesting OFF on input line 4514.
Package hyperref Info: Hyper index ON on input line 4517.
Package hyperref Info: Plain pages OFF on input line 4524.
Package hyperref Info: Backreferencing OFF on input line 4529.
Package hyperref Info: Implicit mode ON; LaTeX internals redefined.
Package hyperref Info: Bookmarks ON on input line 4762.
\c@Hy@tempcnt=\count109

(/usr/share/texlive/texmf-dist/tex/latex/url/url.sty
\Urlmuskip=\muskip11
Package: url 2013/09/16  ver 3.4  Verb mode for urls, etc.
)
LaTeX Info: Redefining \url on input line 5115.
\XeTeXLinkMargin=\dimen116
\Fld@menulength=\count110
\Field@Width=\dimen117
\Fld@charsize=\dimen118
Package hyperref Info: Hyper figures OFF on input line 6369.
Package hyperref Info: Link nesting OFF on input line 6374.
Package hyperref Info: Hyper index ON on input line 6377.
Package hyperref Info: backreferencing OFF on input line 6384.
Package hyperref Info: Link coloring ON on input line 6387.
Package hyperref Info: Link coloring with OCG OFF on input line 6394.
Package hyperref Info: PDF/A mode OFF on input line 6399.
LaTeX Info: Redefining \ref on input line 6439.
LaTeX Info: Redefining \pageref on input line 6443.
\Hy@abspage=\count111
\c@Item=\count112
\c@Hfootnote=\count113
)
Package hyperref Info: Driver (autodetected): hpdftex.

(/usr/share/texlive/texmf-dist/tex/latex/hyperref/hpdftex.def
File: hpdftex.def 2018/02/06 v6.86b Hyperref driver for pdfTeX
\Fld@listcount=\count114
\c@bookmark@seq@number=\count115

(/usr/share/texlive/texmf-dist/tex/latex/oberdiek/rerunfilecheck.sty
Package: rerunfilecheck 2016/05/16 v1.8 Rerun checks for auxiliary files (HO)
Package uniquecounter Info: New unique counter `rerunfilecheck' on input line 2
82.
)
\Hy@SectionHShift=\skip53
)
(/usr/share/texlive/texmf-dist/tex/latex/comment/comment.sty
\CommentStream=\write3

Excluding comment 'comment')
(/usr/share/texlive/texmf-dist/tex/latex/geometry/geometry.sty
Package: geometry 2018/04/16 v5.8 Page Geometry
\Gm@cnth=\count116
\Gm@cntv=\count117
\c@Gm@tempcnt=\count118
\Gm@bindingoffset=\dimen119
\Gm@wd@mp=\dimen120
\Gm@odd@mp=\dimen121
\Gm@even@mp=\dimen122
\Gm@layoutwidth=\dimen123
\Gm@layoutheight=\dimen124
\Gm@layouthoffset=\dimen125
\Gm@layoutvoffset=\dimen126
\Gm@dimlist=\toks28
)
(/usr/share/texlive/texmf-dist/tex/latex/multirow/multirow.sty
Package: multirow 2018/08/03 v2.3 Span multiple rows of a table
\multirow@colwidth=\skip54
\multirow@cntb=\count119
\multirow@dima=\skip55
\bigstrutjot=\dimen127
)
(/usr/share/texlive/texmf-dist/tex/latex/caption/caption.sty
Package: caption 2018/05/01 v3.3-147 Customizing captions (AR)

(/usr/share/texlive/texmf-dist/tex/latex/caption/caption3.sty
Package: caption3 2018/05/27 v1.8a caption3 kernel (AR)
Package caption3 Info: TeX engine: e-TeX on input line 64.
\captionmargin=\dimen128
\captionmargin@=\dimen129
\captionwidth=\dimen130
\caption@tempdima=\dimen131
\caption@indent=\dimen132
\caption@parindent=\dimen133
\caption@hangindent=\dimen134
)
\c@ContinuedFloat=\count120
Package caption Info: hyperref package is loaded.
)
(/usr/share/texlive/texmf-dist/tex/latex/subfig/subfig.sty
Package: subfig 2005/06/28 ver: 1.3 subfig package
\c@KVtest=\count121
\sf@farskip=\skip56
\sf@captopadj=\dimen135
\sf@capskip=\skip57
\sf@nearskip=\skip58
\c@subfigure=\count122
\c@subfigure@save=\count123
\c@lofdepth=\count124
\c@subtable=\count125
\c@subtable@save=\count126
\c@lotdepth=\count127
\sf@top=\skip59
\sf@bottom=\skip60
)
(/usr/share/texlive/texmf-dist/tex/latex/xcolor/xcolor.sty
Package: xcolor 2016/05/11 v2.12 LaTeX color extensions (UK)

(/usr/share/texlive/texmf-dist/tex/latex/graphics-cfg/color.cfg
File: color.cfg 2016/01/02 v1.6 sample color configuration
)
Package xcolor Info: Driver file: pdftex.def on input line 225.
Package xcolor Info: Model `cmy' substituted by `cmy0' on input line 1348.
Package xcolor Info: Model `hsb' substituted by `rgb' on input line 1352.
Package xcolor Info: Model `RGB' extended on input line 1364.
Package xcolor Info: Model `HTML' substituted by `rgb' on input line 1366.
Package xcolor Info: Model `Hsb' substituted by `hsb' on input line 1367.
Package xcolor Info: Model `tHsb' substituted by `hsb' on input line 1368.
Package xcolor Info: Model `HSB' substituted by `hsb' on input line 1369.
Package xcolor Info: Model `Gray' substituted by `gray' on input line 1370.
Package xcolor Info: Model `wave' substituted by `hsb' on input line 1371.
)
(/usr/share/texlive/texmf-dist/tex/latex/colortbl/colortbl.sty
Package: colortbl 2018/05/02 v1.0c Color table columns (DPC)

(/usr/share/texlive/texmf-dist/tex/latex/tools/array.sty
Package: array 2018/04/30 v2.4h Tabular extension package (FMi)
\col@sep=\dimen136
\ar@mcellbox=\box28
\extrarowheight=\dimen137
\NC@list=\toks29
\extratabsurround=\skip61
\backup@length=\skip62
\ar@cellbox=\box29
)
\everycr=\toks30
\minrowclearance=\skip63
)
(/usr/share/texlive/texmf-dist/tex/latex/diffcoeff/diffcoeff.sty
(/usr/share/texlive/texmf-dist/tex/latex/l3kernel/expl3.sty
Package: expl3 2018-06-14 L3 programming layer (loader) 

(/usr/share/texlive/texmf-dist/tex/latex/l3kernel/expl3-code.tex
Package: expl3 2018-06-14 L3 programming layer (code)
\c_max_int=\count128
\l_tmpa_int=\count129
\l_tmpb_int=\count130
\g_tmpa_int=\count131
\g_tmpb_int=\count132
\g__kernel_prg_map_int=\count133
\c_log_iow=\count134
\l_iow_line_count_int=\count135
\l__iow_line_target_int=\count136
\l__iow_one_indent_int=\count137
\l__iow_indent_int=\count138
\c_zero_dim=\dimen138
\c_max_dim=\dimen139
\l_tmpa_dim=\dimen140
\l_tmpb_dim=\dimen141
\g_tmpa_dim=\dimen142
\g_tmpb_dim=\dimen143
\c_zero_skip=\skip64
\c_max_skip=\skip65
\l_tmpa_skip=\skip66
\l_tmpb_skip=\skip67
\g_tmpa_skip=\skip68
\g_tmpb_skip=\skip69
\c_zero_muskip=\muskip12
\c_max_muskip=\muskip13
\l_tmpa_muskip=\muskip14
\l_tmpb_muskip=\muskip15
\g_tmpa_muskip=\muskip16
\g_tmpb_muskip=\muskip17
\l_keys_choice_int=\count139
\l__intarray_loop_int=\count140
\c__intarray_sp_dim=\dimen144
\g__intarray_font_int=\count141
\c__fp_leading_shift_int=\count142
\c__fp_middle_shift_int=\count143
\c__fp_trailing_shift_int=\count144
\c__fp_big_leading_shift_int=\count145
\c__fp_big_middle_shift_int=\count146
\c__fp_big_trailing_shift_int=\count147
\c__fp_Bigg_leading_shift_int=\count148
\c__fp_Bigg_middle_shift_int=\count149
\c__fp_Bigg_trailing_shift_int=\count150
\c__kernel_randint_max_int=\count151
\g__fp_array_int=\count152
\l__fp_array_loop_int=\count153
\l__sort_length_int=\count154
\l__sort_min_int=\count155
\l__sort_top_int=\count156
\l__sort_max_int=\count157
\l__sort_true_max_int=\count158
\l__sort_block_int=\count159
\l__sort_begin_int=\count160
\l__sort_end_int=\count161
\l__sort_A_int=\count162
\l__sort_B_int=\count163
\l__sort_C_int=\count164
\l__tl_analysis_normal_int=\count165
\l__tl_analysis_index_int=\count166
\l__tl_analysis_nesting_int=\count167
\l__tl_analysis_type_int=\count168
\l__regex_internal_a_int=\count169
\l__regex_internal_b_int=\count170
\l__regex_internal_c_int=\count171
\l__regex_balance_int=\count172
\l__regex_group_level_int=\count173
\l__regex_mode_int=\count174
\c__regex_cs_in_class_mode_int=\count175
\c__regex_cs_mode_int=\count176
\l__regex_catcodes_int=\count177
\l__regex_default_catcodes_int=\count178
\c__regex_catcode_D_int=\count179
\c__regex_catcode_S_int=\count180
\c__regex_catcode_L_int=\count181
\c__regex_catcode_O_int=\count182
\c__regex_catcode_A_int=\count183
\c__regex_all_catcodes_int=\count184
\l__regex_show_lines_int=\count185
\l__regex_min_state_int=\count186
\l__regex_max_state_int=\count187
\l__regex_left_state_int=\count188
\l__regex_right_state_int=\count189
\l__regex_capturing_group_int=\count190
\l__regex_min_pos_int=\count191
\l__regex_max_pos_int=\count192
\l__regex_curr_pos_int=\count193
\l__regex_start_pos_int=\count194
\l__regex_success_pos_int=\count195
\l__regex_curr_char_int=\count196
\l__regex_curr_catcode_int=\count197
\l__regex_last_char_int=\count198
\l__regex_case_changed_char_int=\count199
\l__regex_curr_state_int=\count266
\l__regex_step_int=\count267
\l__regex_min_active_int=\count268
\l__regex_max_active_int=\count269
\l__regex_replacement_csnames_int=\count270
\l__regex_match_count_int=\count271
\l__regex_min_submatch_int=\count272
\l__regex_submatch_int=\count273
\l__regex_zeroth_submatch_int=\count274
\g__regex_trace_regex_int=\count275
\c_empty_box=\box30
\l_tmpa_box=\box31
\l_tmpb_box=\box32
\g_tmpa_box=\box33
\g_tmpb_box=\box34
\l__box_top_dim=\dimen145
\l__box_bottom_dim=\dimen146
\l__box_left_dim=\dimen147
\l__box_right_dim=\dimen148
\l__box_top_new_dim=\dimen149
\l__box_bottom_new_dim=\dimen150
\l__box_left_new_dim=\dimen151
\l__box_right_new_dim=\dimen152
\l__box_internal_box=\box35
\l__coffin_internal_box=\box36
\l__coffin_internal_dim=\dimen153
\l__coffin_offset_x_dim=\dimen154
\l__coffin_offset_y_dim=\dimen155
\l__coffin_x_dim=\dimen156
\l__coffin_y_dim=\dimen157
\l__coffin_x_prime_dim=\dimen158
\l__coffin_y_prime_dim=\dimen159
\c_empty_coffin=\box37
\l__coffin_aligned_coffin=\box38
\l__coffin_aligned_internal_coffin=\box39
\l_tmpa_coffin=\box40
\l_tmpb_coffin=\box41
\l__coffin_display_coffin=\box42
\l__coffin_display_coord_coffin=\box43
\l__coffin_display_pole_coffin=\box44
\l__coffin_display_offset_dim=\dimen160
\l__coffin_display_x_dim=\dimen161
\l__coffin_display_y_dim=\dimen162
\g__file_internal_ior=\read1
\l__coffin_bounding_shift_dim=\dimen163
\l__coffin_left_corner_dim=\dimen164
\l__coffin_right_corner_dim=\dimen165
\l__coffin_bottom_corner_dim=\dimen166
\l__coffin_top_corner_dim=\dimen167
\l__coffin_scaled_total_height_dim=\dimen168
\l__coffin_scaled_width_dim=\dimen169
\l__seq_internal_a_int=\count276
\l__seq_internal_b_int=\count277
)
(/usr/share/texlive/texmf-dist/tex/latex/l3kernel/l3pdfmode.def
File: l3pdfmode.def 2018-06-14 v L3 Experimental driver: PDF mode
\l__driver_color_stack_int=\count278
))
(/usr/share/texlive/texmf-dist/tex/latex/l3packages/xparse/xparse.sty
Package: xparse 2018-05-12 L3 Experimental document command parser
\l__xparse_current_arg_int=\count279
\g__xparse_grabber_int=\count280
\l__xparse_m_args_int=\count281
\l__xparse_mandatory_args_int=\count282
\l__xparse_v_nesting_int=\count283
)
Package: diffcoeff 2016/06/27 v1.0 Write differential coefficients easily.
\l__diffco_curr_tok_int=\count284
\l__diffco_curr_state_int=\count285
.................................................
. LaTeX info: "xparse/define-command"
. 
. Defining command \diffset with sig. 'o' on line 108.
.................................................
.................................................
. LaTeX info: "xparse/define-command"
. 
. Defining command \diff with sig. 'somt/mg' on line 190.
.................................................
.................................................
. LaTeX info: "xparse/define-command"
. 
. Defining command \Diff with sig. 'ommg' on line 200.
.................................................
.................................................
. LaTeX info: "xparse/define-command"
. 
. Defining command \diffd with sig. 'ommg' on line 210.
.................................................
.................................................
. LaTeX info: "xparse/define-command"
. 
. Defining command \Diffd with sig. 'ommg' on line 220.
.................................................
.................................................
. LaTeX info: "xparse/define-command"
. 
. Defining command \diffp with sig. 'soomt/mg' on line 351.
.................................................
.................................................
. LaTeX info: "xparse/define-command"
. 
. Defining command \jacob with sig. 'mm' on line 356.
.................................................
)
\c@theorem=\count286
\c@remark=\count287
\c@definition=\count288
\c@proposition=\count289
\c@corollary=\count290

(./Mindlin_Part_Arxiv.aux)
\openout1 = `Mindlin_Part_Arxiv.aux'.

LaTeX Font Info:    Checking defaults for OML/cmm/m/it on input line 93.
LaTeX Font Info:    ... okay on input line 93.
LaTeX Font Info:    Checking defaults for T1/cmr/m/n on input line 93.
LaTeX Font Info:    ... okay on input line 93.
LaTeX Font Info:    Checking defaults for OT1/cmr/m/n on input line 93.
LaTeX Font Info:    ... okay on input line 93.
LaTeX Font Info:    Checking defaults for OMS/cmsy/m/n on input line 93.
LaTeX Font Info:    ... okay on input line 93.
LaTeX Font Info:    Checking defaults for OMX/cmex/m/n on input line 93.
LaTeX Font Info:    ... okay on input line 93.
LaTeX Font Info:    Checking defaults for U/cmr/m/n on input line 93.
LaTeX Font Info:    ... okay on input line 93.
LaTeX Font Info:    Checking defaults for PD1/pdf/m/n on input line 93.
LaTeX Font Info:    ... okay on input line 93.

(/usr/share/texlive/texmf-dist/tex/context/base/mkii/supp-pdf.mkii
[Loading MPS to PDF converter (version 2006.09.02).]
\scratchcounter=\count291
\scratchdimen=\dimen170
\scratchbox=\box45
\nofMPsegments=\count292
\nofMParguments=\count293
\everyMPshowfont=\toks31
\MPscratchCnt=\count294
\MPscratchDim=\dimen171
\MPnumerator=\count295
\makeMPintoPDFobject=\count296
\everyMPtoPDFconversion=\toks32
) (/usr/share/texlive/texmf-dist/tex/latex/oberdiek/epstopdf-base.sty
Package: epstopdf-base 2016/05/15 v2.6 Base part for package epstopdf

(/usr/share/texlive/texmf-dist/tex/latex/oberdiek/grfext.sty
Package: grfext 2016/05/16 v1.2 Manage graphics extensions (HO)
)
Package epstopdf-base Info: Redefining graphics rule for `.eps' on input line 4
38.
Package grfext Info: Graphics extension search list:
(grfext)             [.pdf,.png,.jpg,.mps,.jpeg,.jbig2,.jb2,.PDF,.PNG,.JPG,.JPE
G,.JBIG2,.JB2,.eps]
(grfext)             \AppendGraphicsExtensions on input line 456.

(/usr/share/texlive/texmf-dist/tex/latex/latexconfig/epstopdf-sys.cfg
File: epstopdf-sys.cfg 2010/07/13 v1.3 Configuration of (r)epstopdf for TeX Liv
e
))
\AtBeginShipoutBox=\box46
Package hyperref Info: Link coloring ON on input line 93.

(/usr/share/texlive/texmf-dist/tex/latex/hyperref/nameref.sty
Package: nameref 2016/05/21 v2.44 Cross-referencing by name of section

(/usr/share/texlive/texmf-dist/tex/generic/oberdiek/gettitlestring.sty
Package: gettitlestring 2016/05/16 v1.5 Cleanup title references (HO)
)
\c@section@level=\count297
)
LaTeX Info: Redefining \ref on input line 93.
LaTeX Info: Redefining \pageref on input line 93.
LaTeX Info: Redefining \nameref on input line 93.

(./Mindlin_Part_Arxiv.out) (./Mindlin_Part_Arxiv.out)
\@outlinefile=\write4
\openout4 = `Mindlin_Part_Arxiv.out'.


*geometry* driver: auto-detecting
*geometry* detected driver: pdftex
*geometry* verbose mode - [ preamble ] result:
* driver: pdftex
* paper: <default>
* layout: <same size as paper>
* layoutoffset:(h,v)=(0.0pt,0.0pt)
* modes: 
* h-part:(L,W,R)=(71.13188pt, 472.03123pt, 71.13188pt)
* v-part:(T,H,B)=(56.9055pt, 666.9326pt, 71.13188pt)
* \paperwidth=614.295pt
* \paperheight=794.96999pt
* \textwidth=472.03123pt
* \textheight=666.9326pt
* \oddsidemargin=-1.1381pt
* \evensidemargin=-1.1381pt
* \topmargin=-52.36449pt
* \headheight=12.0pt
* \headsep=25.0pt
* \topskip=11.0pt
* \footskip=30.0pt
* \marginparwidth=59.0pt
* \marginparsep=10.0pt
* \columnsep=10.0pt
* \skip\footins=10.0pt plus 4.0pt minus 2.0pt
* \hoffset=0.0pt
* \voffset=0.0pt
* \mag=1000
* \@twocolumnfalse
* \@twosidefalse
* \@mparswitchfalse
* \@reversemarginfalse
* (1in=72.27pt=25.4mm, 1cm=28.453pt)

Package caption Info: Begin \AtBeginDocument code.
Package caption Info: subfig package v1.3 is loaded.
Package caption Info: End \AtBeginDocument code.
LaTeX Font Info:    Try loading font information for U+msa on input line 95.
(/usr/share/texlive/texmf-dist/tex/latex/amsfonts/umsa.fd
File: umsa.fd 2013/01/14 v3.01 AMS symbols A
)
LaTeX Font Info:    Try loading font information for U+msb on input line 95.

(/usr/share/texlive/texmf-dist/tex/latex/amsfonts/umsb.fd
File: umsb.fd 2013/01/14 v3.01 AMS symbols B
)
LaTeX Font Info:    Try loading font information for U+rsfs on input line 95.

(/usr/share/texlive/texmf-dist/tex/latex/jknapltx/ursfs.fd
File: ursfs.fd 1998/03/24 rsfs font definition file (jk)
)
LaTeX Font Info:    Try loading font information for OMS+cmr on input line 95.

(/usr/share/texlive/texmf-dist/tex/latex/base/omscmr.fd
File: omscmr.fd 2014/09/29 v2.5h Standard LaTeX font definitions
)
LaTeX Font Info:    Font shape `OMS/cmr/m/n' in size <8> not available
(Font)              Font shape `OMS/cmsy/m/n' tried instead on input line 95.
LaTeX Font Info:    Font shape `OMS/cmr/m/n' in size <6> not available
(Font)              Font shape `OMS/cmsy/m/n' tried instead on input line 95.

Underfull \hbox (badness 10000) in paragraph at lines 104--105

 []


Underfull \hbox (badness 10000) in paragraph at lines 107--108

 []

[1

{/usr/share/texlive/texmf-dist/fonts/map/pdftex/updmap/pdftex.map}]
LaTeX Font Info:    Font shape `OMS/cmr/m/n' in size <10.95> not available
(Font)              Font shape `OMS/cmsy/m/n' tried instead on input line 111.

Underfull \hbox (badness 10000) in paragraph at lines 115--116

 []


Underfull \hbox (badness 10000) in paragraph at lines 117--118

 []

[2] [3] [4] [5] [6] [7] [8] [9] [10] [11]
Package epstopdf Info: Source file: <./Figures/Cauchy_law.eps>
(epstopdf)                    date: 2019-02-15 17:33:41
(epstopdf)                    size: 60067 bytes
(epstopdf)             Output file: <./Figures/Cauchy_law-eps-converted-to.pdf>

(epstopdf)                    date: 2019-02-15 17:33:41
(epstopdf)                    size: 9483 bytes
(epstopdf)             Command: <repstopdf --outfile=./Figures/Cauchy_law-eps-c
onverted-to.pdf ./Figures/Cauchy_law.eps>
(epstopdf)             \includegraphics on input line 573.
Package epstopdf Info: Output file is already uptodate.
<./Figures/Cauchy_law-eps-converted-to.pdf, id=292, 440.64626pt x 178.6675pt>
File: ./Figures/Cauchy_law-eps-converted-to.pdf Graphic file (type pdf)
<use ./Figures/Cauchy_law-eps-converted-to.pdf>
Package pdftex.def Info: ./Figures/Cauchy_law-eps-converted-to.pdf  used on inp
ut line 573.
(pdftex.def)             Requested size: 330.42041pt x 133.97847pt.
Package epstopdf Info: Source file: <./Figures/Plate_ref.eps>
(epstopdf)                    date: 2019-02-15 17:33:42
(epstopdf)                    size: 67722 bytes
(epstopdf)             Output file: <./Figures/Plate_ref-eps-converted-to.pdf>
(epstopdf)                    date: 2019-02-15 17:33:42
(epstopdf)                    size: 8987 bytes
(epstopdf)             Command: <repstopdf --outfile=./Figures/Plate_ref-eps-co
nverted-to.pdf ./Figures/Plate_ref.eps>
(epstopdf)             \includegraphics on input line 579.
Package epstopdf Info: Output file is already uptodate.
<./Figures/Plate_ref-eps-converted-to.pdf, id=293, 415.5525pt x 136.51pt>
File: ./Figures/Plate_ref-eps-converted-to.pdf Graphic file (type pdf)
<use ./Figures/Plate_ref-eps-converted-to.pdf>
Package pdftex.def Info: ./Figures/Plate_ref-eps-converted-to.pdf  used on inpu
t line 579.
(pdftex.def)             Requested size: 330.42041pt x 108.54784pt.
 [12 <./Figures/Cauchy_law-eps-converted-to.pdf> <./Figures/Plate_ref-eps-conve
rted-to.pdf>] [13] [14] [15] [16]
Underfull \hbox (badness 10000) in paragraph at lines 865--867

 []

[17]
Package epstopdf Info: Source file: <./Figures/Plate_Bcs.eps>
(epstopdf)                    date: 2019-02-15 17:33:42
(epstopdf)                    size: 68016 bytes
(epstopdf)             Output file: <./Figures/Plate_Bcs-eps-converted-to.pdf>
(epstopdf)                    date: 2019-02-15 17:33:42
(epstopdf)                    size: 9442 bytes
(epstopdf)             Command: <repstopdf --outfile=./Figures/Plate_Bcs-eps-co
nverted-to.pdf ./Figures/Plate_Bcs.eps>
(epstopdf)             \includegraphics on input line 916.
Package epstopdf Info: Output file is already uptodate.
<./Figures/Plate_Bcs-eps-converted-to.pdf, id=410, 306.14375pt x 132.495pt>
File: ./Figures/Plate_Bcs-eps-converted-to.pdf Graphic file (type pdf)
<use ./Figures/Plate_Bcs-eps-converted-to.pdf>
Package pdftex.def Info: ./Figures/Plate_Bcs-eps-converted-to.pdf  used on inpu
t line 916.
(pdftex.def)             Requested size: 330.42041pt x 143.00955pt.
 [18 <./Figures/Plate_Bcs-eps-converted-to.pdf>] [19]
Package epstopdf Info: Source file: <./Figures/Eig_Mindlin/CaseCCCC_el10_deg2_t
hick_n_eig_1.eps>
(epstopdf)                    date: 2019-02-15 17:33:42
(epstopdf)                    size: 297764 bytes
(epstopdf)             Output file: <./Figures/Eig_Mindlin/CaseCCCC_el10_deg2_t
hick_n_eig_1-eps-converted-to.pdf>
(epstopdf)                    date: 2019-02-15 17:33:42
(epstopdf)                    size: 25543 bytes
(epstopdf)             Command: <repstopdf --outfile=./Figures/Eig_Mindlin/Case
CCCC_el10_deg2_thick_n_eig_1-eps-converted-to.pdf ./Figures/Eig_Mindlin/CaseCCC
C_el10_deg2_thick_n_eig_1.eps>
(epstopdf)             \includegraphics on input line 1063.
Package epstopdf Info: Output file is already uptodate.
<./Figures/Eig_Mindlin/CaseCCCC_el10_deg2_thick_n_eig_1-eps-converted-to.pdf, i
d=463, 462.72874pt x 347.2975pt>
File: ./Figures/Eig_Mindlin/CaseCCCC_el10_deg2_thick_n_eig_1-eps-converted-to.p
df Graphic file (type pdf)
<use ./Figures/Eig_Mindlin/CaseCCCC_el10_deg2_thick_n_eig_1-eps-converted-to.pd
f>
Package pdftex.def Info: ./Figures/Eig_Mindlin/CaseCCCC_el10_deg2_thick_n_eig_1
-eps-converted-to.pdf  used on input line 1063.
(pdftex.def)             Requested size: 118.0078pt x 88.56763pt.
Package epstopdf Info: Source file: <./Figures/Eig_Mindlin/CaseCCCC_el10_deg2_t
hick_n_eig_2.eps>
(epstopdf)                    date: 2019-02-15 17:33:42
(epstopdf)                    size: 297706 bytes
(epstopdf)             Output file: <./Figures/Eig_Mindlin/CaseCCCC_el10_deg2_t
hick_n_eig_2-eps-converted-to.pdf>
(epstopdf)                    date: 2019-02-15 17:33:42
(epstopdf)                    size: 25516 bytes
(epstopdf)             Command: <repstopdf --outfile=./Figures/Eig_Mindlin/Case
CCCC_el10_deg2_thick_n_eig_2-eps-converted-to.pdf ./Figures/Eig_Mindlin/CaseCCC
C_el10_deg2_thick_n_eig_2.eps>
(epstopdf)             \includegraphics on input line 1067.
Package epstopdf Info: Output file is already uptodate.
<./Figures/Eig_Mindlin/CaseCCCC_el10_deg2_thick_n_eig_2-eps-converted-to.pdf, i
d=464, 462.72874pt x 347.2975pt>
File: ./Figures/Eig_Mindlin/CaseCCCC_el10_deg2_thick_n_eig_2-eps-converted-to.p
df Graphic file (type pdf)
<use ./Figures/Eig_Mindlin/CaseCCCC_el10_deg2_thick_n_eig_2-eps-converted-to.pd
f>
Package pdftex.def Info: ./Figures/Eig_Mindlin/CaseCCCC_el10_deg2_thick_n_eig_2
-eps-converted-to.pdf  used on input line 1067.
(pdftex.def)             Requested size: 118.0078pt x 88.56763pt.
Package epstopdf Info: Source file: <./Figures/Eig_Mindlin/CaseCCCC_el10_deg2_t
hick_n_eig_3.eps>
(epstopdf)                    date: 2019-02-15 17:33:42
(epstopdf)                    size: 297713 bytes
(epstopdf)             Output file: <./Figures/Eig_Mindlin/CaseCCCC_el10_deg2_t
hick_n_eig_3-eps-converted-to.pdf>
(epstopdf)                    date: 2019-02-15 17:33:42
(epstopdf)                    size: 25271 bytes
(epstopdf)             Command: <repstopdf --outfile=./Figures/Eig_Mindlin/Case
CCCC_el10_deg2_thick_n_eig_3-eps-converted-to.pdf ./Figures/Eig_Mindlin/CaseCCC
C_el10_deg2_thick_n_eig_3.eps>
(epstopdf)             \includegraphics on input line 1071.
Package epstopdf Info: Output file is already uptodate.
<./Figures/Eig_Mindlin/CaseCCCC_el10_deg2_thick_n_eig_3-eps-converted-to.pdf, i
d=465, 462.72874pt x 347.2975pt>
File: ./Figures/Eig_Mindlin/CaseCCCC_el10_deg2_thick_n_eig_3-eps-converted-to.p
df Graphic file (type pdf)
<use ./Figures/Eig_Mindlin/CaseCCCC_el10_deg2_thick_n_eig_3-eps-converted-to.pd
f>
Package pdftex.def Info: ./Figures/Eig_Mindlin/CaseCCCC_el10_deg2_thick_n_eig_3
-eps-converted-to.pdf  used on input line 1071.
(pdftex.def)             Requested size: 118.0078pt x 88.56763pt.
Package epstopdf Info: Source file: <./Figures/Eig_Mindlin/CaseCCCC_el10_deg2_t
hick_n_eig_4.eps>
(epstopdf)                    date: 2019-02-15 17:33:42
(epstopdf)                    size: 297351 bytes
(epstopdf)             Output file: <./Figures/Eig_Mindlin/CaseCCCC_el10_deg2_t
hick_n_eig_4-eps-converted-to.pdf>
(epstopdf)                    date: 2019-02-15 17:33:42
(epstopdf)                    size: 25367 bytes
(epstopdf)             Command: <repstopdf --outfile=./Figures/Eig_Mindlin/Case
CCCC_el10_deg2_thick_n_eig_4-eps-converted-to.pdf ./Figures/Eig_Mindlin/CaseCCC
C_el10_deg2_thick_n_eig_4.eps>
(epstopdf)             \includegraphics on input line 1075.
Package epstopdf Info: Output file is already uptodate.
<./Figures/Eig_Mindlin/CaseCCCC_el10_deg2_thick_n_eig_4-eps-converted-to.pdf, i
d=466, 462.72874pt x 347.2975pt>
File: ./Figures/Eig_Mindlin/CaseCCCC_el10_deg2_thick_n_eig_4-eps-converted-to.p
df Graphic file (type pdf)
<use ./Figures/Eig_Mindlin/CaseCCCC_el10_deg2_thick_n_eig_4-eps-converted-to.pd
f>
Package pdftex.def Info: ./Figures/Eig_Mindlin/CaseCCCC_el10_deg2_thick_n_eig_4
-eps-converted-to.pdf  used on input line 1075.
(pdftex.def)             Requested size: 118.0078pt x 88.56763pt.
Package epstopdf Info: Source file: <./Figures/Eig_Mindlin/CaseSSSS_el10_deg2_t
hick_n_eig_1.eps>
(epstopdf)                    date: 2019-02-15 17:33:42
(epstopdf)                    size: 298663 bytes
(epstopdf)             Output file: <./Figures/Eig_Mindlin/CaseSSSS_el10_deg2_t
hick_n_eig_1-eps-converted-to.pdf>
(epstopdf)                    date: 2019-02-15 17:33:42
(epstopdf)                    size: 25605 bytes
(epstopdf)             Command: <repstopdf --outfile=./Figures/Eig_Mindlin/Case
SSSS_el10_deg2_thick_n_eig_1-eps-converted-to.pdf ./Figures/Eig_Mindlin/CaseSSS
S_el10_deg2_thick_n_eig_1.eps>
(epstopdf)             \includegraphics on input line 1083.
Package epstopdf Info: Output file is already uptodate.
<./Figures/Eig_Mindlin/CaseSSSS_el10_deg2_thick_n_eig_1-eps-converted-to.pdf, i
d=467, 462.72874pt x 347.2975pt>
File: ./Figures/Eig_Mindlin/CaseSSSS_el10_deg2_thick_n_eig_1-eps-converted-to.p
df Graphic file (type pdf)
<use ./Figures/Eig_Mindlin/CaseSSSS_el10_deg2_thick_n_eig_1-eps-converted-to.pd
f>
Package pdftex.def Info: ./Figures/Eig_Mindlin/CaseSSSS_el10_deg2_thick_n_eig_1
-eps-converted-to.pdf  used on input line 1083.
(pdftex.def)             Requested size: 118.0078pt x 88.56763pt.
Package epstopdf Info: Source file: <./Figures/Eig_Mindlin/CaseSSSS_el10_deg2_t
hick_n_eig_2.eps>
(epstopdf)                    date: 2019-02-15 17:33:42
(epstopdf)                    size: 298964 bytes
(epstopdf)             Output file: <./Figures/Eig_Mindlin/CaseSSSS_el10_deg2_t
hick_n_eig_2-eps-converted-to.pdf>
(epstopdf)                    date: 2019-02-15 17:33:42
(epstopdf)                    size: 25565 bytes
(epstopdf)             Command: <repstopdf --outfile=./Figures/Eig_Mindlin/Case
SSSS_el10_deg2_thick_n_eig_2-eps-converted-to.pdf ./Figures/Eig_Mindlin/CaseSSS
S_el10_deg2_thick_n_eig_2.eps>
(epstopdf)             \includegraphics on input line 1087.
Package epstopdf Info: Output file is already uptodate.
<./Figures/Eig_Mindlin/CaseSSSS_el10_deg2_thick_n_eig_2-eps-converted-to.pdf, i
d=468, 462.72874pt x 347.2975pt>
File: ./Figures/Eig_Mindlin/CaseSSSS_el10_deg2_thick_n_eig_2-eps-converted-to.p
df Graphic file (type pdf)
<use ./Figures/Eig_Mindlin/CaseSSSS_el10_deg2_thick_n_eig_2-eps-converted-to.pd
f>
Package pdftex.def Info: ./Figures/Eig_Mindlin/CaseSSSS_el10_deg2_thick_n_eig_2
-eps-converted-to.pdf  used on input line 1087.
(pdftex.def)             Requested size: 118.0078pt x 88.56763pt.
Package epstopdf Info: Source file: <./Figures/Eig_Mindlin/CaseSSSS_el10_deg2_t
hick_n_eig_3.eps>
(epstopdf)                    date: 2019-02-15 17:33:42
(epstopdf)                    size: 297897 bytes
(epstopdf)             Output file: <./Figures/Eig_Mindlin/CaseSSSS_el10_deg2_t
hick_n_eig_3-eps-converted-to.pdf>
(epstopdf)                    date: 2019-02-15 17:33:42
(epstopdf)                    size: 25620 bytes
(epstopdf)             Command: <repstopdf --outfile=./Figures/Eig_Mindlin/Case
SSSS_el10_deg2_thick_n_eig_3-eps-converted-to.pdf ./Figures/Eig_Mindlin/CaseSSS
S_el10_deg2_thick_n_eig_3.eps>
(epstopdf)             \includegraphics on input line 1091.
Package epstopdf Info: Output file is already uptodate.
<./Figures/Eig_Mindlin/CaseSSSS_el10_deg2_thick_n_eig_3-eps-converted-to.pdf, i
d=469, 462.72874pt x 347.2975pt>
File: ./Figures/Eig_Mindlin/CaseSSSS_el10_deg2_thick_n_eig_3-eps-converted-to.p
df Graphic file (type pdf)
<use ./Figures/Eig_Mindlin/CaseSSSS_el10_deg2_thick_n_eig_3-eps-converted-to.pd
f>
Package pdftex.def Info: ./Figures/Eig_Mindlin/CaseSSSS_el10_deg2_thick_n_eig_3
-eps-converted-to.pdf  used on input line 1091.
(pdftex.def)             Requested size: 118.0078pt x 88.56763pt.
Package epstopdf Info: Source file: <./Figures/Eig_Mindlin/CaseSSSS_el10_deg2_t
hick_n_eig_4.eps>
(epstopdf)                    date: 2019-02-15 17:33:42
(epstopdf)                    size: 298224 bytes
(epstopdf)             Output file: <./Figures/Eig_Mindlin/CaseSSSS_el10_deg2_t
hick_n_eig_4-eps-converted-to.pdf>
(epstopdf)                    date: 2019-02-15 17:33:42
(epstopdf)                    size: 25173 bytes
(epstopdf)             Command: <repstopdf --outfile=./Figures/Eig_Mindlin/Case
SSSS_el10_deg2_thick_n_eig_4-eps-converted-to.pdf ./Figures/Eig_Mindlin/CaseSSS
S_el10_deg2_thick_n_eig_4.eps>
(epstopdf)             \includegraphics on input line 1095.
Package epstopdf Info: Output file is already uptodate.
<./Figures/Eig_Mindlin/CaseSSSS_el10_deg2_thick_n_eig_4-eps-converted-to.pdf, i
d=470, 462.72874pt x 347.2975pt>
File: ./Figures/Eig_Mindlin/CaseSSSS_el10_deg2_thick_n_eig_4-eps-converted-to.p
df Graphic file (type pdf)
<use ./Figures/Eig_Mindlin/CaseSSSS_el10_deg2_thick_n_eig_4-eps-converted-to.pd
f>
Package pdftex.def Info: ./Figures/Eig_Mindlin/CaseSSSS_el10_deg2_thick_n_eig_4
-eps-converted-to.pdf  used on input line 1095.
(pdftex.def)             Requested size: 118.0078pt x 88.56763pt.
Package epstopdf Info: Source file: <./Figures/Eig_Mindlin/CaseSCSC_el10_deg2_t
hick_n_eig_1.eps>
(epstopdf)                    date: 2019-02-15 17:33:42
(epstopdf)                    size: 293079 bytes
(epstopdf)             Output file: <./Figures/Eig_Mindlin/CaseSCSC_el10_deg2_t
hick_n_eig_1-eps-converted-to.pdf>
(epstopdf)                    date: 2019-02-15 17:33:42
(epstopdf)                    size: 25271 bytes
(epstopdf)             Command: <repstopdf --outfile=./Figures/Eig_Mindlin/Case
SCSC_el10_deg2_thick_n_eig_1-eps-converted-to.pdf ./Figures/Eig_Mindlin/CaseSCS
C_el10_deg2_thick_n_eig_1.eps>
(epstopdf)             \includegraphics on input line 1103.
Package epstopdf Info: Output file is already uptodate.
<./Figures/Eig_Mindlin/CaseSCSC_el10_deg2_thick_n_eig_1-eps-converted-to.pdf, i
d=471, 462.72874pt x 347.2975pt>
File: ./Figures/Eig_Mindlin/CaseSCSC_el10_deg2_thick_n_eig_1-eps-converted-to.p
df Graphic file (type pdf)
<use ./Figures/Eig_Mindlin/CaseSCSC_el10_deg2_thick_n_eig_1-eps-converted-to.pd
f>
Package pdftex.def Info: ./Figures/Eig_Mindlin/CaseSCSC_el10_deg2_thick_n_eig_1
-eps-converted-to.pdf  used on input line 1103.
(pdftex.def)             Requested size: 118.0078pt x 88.56763pt.
Package epstopdf Info: Source file: <./Figures/Eig_Mindlin/CaseSCSC_el10_deg2_t
hick_n_eig_2.eps>
(epstopdf)                    date: 2019-02-15 17:33:42
(epstopdf)                    size: 296948 bytes
(epstopdf)             Output file: <./Figures/Eig_Mindlin/CaseSCSC_el10_deg2_t
hick_n_eig_2-eps-converted-to.pdf>
(epstopdf)                    date: 2019-02-15 17:33:42
(epstopdf)                    size: 25398 bytes
(epstopdf)             Command: <repstopdf --outfile=./Figures/Eig_Mindlin/Case
SCSC_el10_deg2_thick_n_eig_2-eps-converted-to.pdf ./Figures/Eig_Mindlin/CaseSCS
C_el10_deg2_thick_n_eig_2.eps>
(epstopdf)             \includegraphics on input line 1107.
Package epstopdf Info: Output file is already uptodate.
<./Figures/Eig_Mindlin/CaseSCSC_el10_deg2_thick_n_eig_2-eps-converted-to.pdf, i
d=472, 462.72874pt x 347.2975pt>
File: ./Figures/Eig_Mindlin/CaseSCSC_el10_deg2_thick_n_eig_2-eps-converted-to.p
df Graphic file (type pdf)
<use ./Figures/Eig_Mindlin/CaseSCSC_el10_deg2_thick_n_eig_2-eps-converted-to.pd
f>
Package pdftex.def Info: ./Figures/Eig_Mindlin/CaseSCSC_el10_deg2_thick_n_eig_2
-eps-converted-to.pdf  used on input line 1107.
(pdftex.def)             Requested size: 118.0078pt x 88.56763pt.
Package epstopdf Info: Source file: <./Figures/Eig_Mindlin/CaseSCSC_el10_deg2_t
hick_n_eig_3.eps>
(epstopdf)                    date: 2019-02-15 17:33:42
(epstopdf)                    size: 297718 bytes
(epstopdf)             Output file: <./Figures/Eig_Mindlin/CaseSCSC_el10_deg2_t
hick_n_eig_3-eps-converted-to.pdf>
(epstopdf)                    date: 2019-02-15 17:33:42
(epstopdf)                    size: 25114 bytes
(epstopdf)             Command: <repstopdf --outfile=./Figures/Eig_Mindlin/Case
SCSC_el10_deg2_thick_n_eig_3-eps-converted-to.pdf ./Figures/Eig_Mindlin/CaseSCS
C_el10_deg2_thick_n_eig_3.eps>
(epstopdf)             \includegraphics on input line 1111.
Package epstopdf Info: Output file is already uptodate.
<./Figures/Eig_Mindlin/CaseSCSC_el10_deg2_thick_n_eig_3-eps-converted-to.pdf, i
d=473, 462.72874pt x 347.2975pt>
File: ./Figures/Eig_Mindlin/CaseSCSC_el10_deg2_thick_n_eig_3-eps-converted-to.p
df Graphic file (type pdf)
<use ./Figures/Eig_Mindlin/CaseSCSC_el10_deg2_thick_n_eig_3-eps-converted-to.pd
f>
Package pdftex.def Info: ./Figures/Eig_Mindlin/CaseSCSC_el10_deg2_thick_n_eig_3
-eps-converted-to.pdf  used on input line 1111.
(pdftex.def)             Requested size: 118.0078pt x 88.56763pt.
Package epstopdf Info: Source file: <./Figures/Eig_Mindlin/CaseSCSC_el10_deg2_t
hick_n_eig_4.eps>
(epstopdf)                    date: 2019-02-15 17:33:42
(epstopdf)                    size: 296964 bytes
(epstopdf)             Output file: <./Figures/Eig_Mindlin/CaseSCSC_el10_deg2_t
hick_n_eig_4-eps-converted-to.pdf>
(epstopdf)                    date: 2019-02-15 17:33:42
(epstopdf)                    size: 25560 bytes
(epstopdf)             Command: <repstopdf --outfile=./Figures/Eig_Mindlin/Case
SCSC_el10_deg2_thick_n_eig_4-eps-converted-to.pdf ./Figures/Eig_Mindlin/CaseSCS
C_el10_deg2_thick_n_eig_4.eps>
(epstopdf)             \includegraphics on input line 1115.
Package epstopdf Info: Output file is already uptodate.
<./Figures/Eig_Mindlin/CaseSCSC_el10_deg2_thick_n_eig_4-eps-converted-to.pdf, i
d=474, 462.72874pt x 347.2975pt>
File: ./Figures/Eig_Mindlin/CaseSCSC_el10_deg2_thick_n_eig_4-eps-converted-to.p
df Graphic file (type pdf)
<use ./Figures/Eig_Mindlin/CaseSCSC_el10_deg2_thick_n_eig_4-eps-converted-to.pd
f>
Package pdftex.def Info: ./Figures/Eig_Mindlin/CaseSCSC_el10_deg2_thick_n_eig_4
-eps-converted-to.pdf  used on input line 1115.
(pdftex.def)             Requested size: 118.0078pt x 88.56763pt.
Package epstopdf Info: Source file: <./Figures/Eig_Mindlin/CaseCCCF_el10_deg2_t
hick_n_eig_1.eps>
(epstopdf)                    date: 2019-02-15 17:33:42
(epstopdf)                    size: 291951 bytes
(epstopdf)             Output file: <./Figures/Eig_Mindlin/CaseCCCF_el10_deg2_t
hick_n_eig_1-eps-converted-to.pdf>
(epstopdf)                    date: 2019-02-15 17:33:42
(epstopdf)                    size: 25091 bytes
(epstopdf)             Command: <repstopdf --outfile=./Figures/Eig_Mindlin/Case
CCCF_el10_deg2_thick_n_eig_1-eps-converted-to.pdf ./Figures/Eig_Mindlin/CaseCCC
F_el10_deg2_thick_n_eig_1.eps>
(epstopdf)             \includegraphics on input line 1123.
Package epstopdf Info: Output file is already uptodate.
<./Figures/Eig_Mindlin/CaseCCCF_el10_deg2_thick_n_eig_1-eps-converted-to.pdf, i
d=475, 462.72874pt x 347.2975pt>
File: ./Figures/Eig_Mindlin/CaseCCCF_el10_deg2_thick_n_eig_1-eps-converted-to.p
df Graphic file (type pdf)
<use ./Figures/Eig_Mindlin/CaseCCCF_el10_deg2_thick_n_eig_1-eps-converted-to.pd
f>
Package pdftex.def Info: ./Figures/Eig_Mindlin/CaseCCCF_el10_deg2_thick_n_eig_1
-eps-converted-to.pdf  used on input line 1123.
(pdftex.def)             Requested size: 118.0078pt x 88.56763pt.
Package epstopdf Info: Source file: <./Figures/Eig_Mindlin/CaseCCCF_el10_deg2_t
hick_n_eig_2.eps>
(epstopdf)                    date: 2019-02-15 17:33:42
(epstopdf)                    size: 298797 bytes
(epstopdf)             Output file: <./Figures/Eig_Mindlin/CaseCCCF_el10_deg2_t
hick_n_eig_2-eps-converted-to.pdf>
(epstopdf)                    date: 2019-02-15 17:33:42
(epstopdf)                    size: 25732 bytes
(epstopdf)             Command: <repstopdf --outfile=./Figures/Eig_Mindlin/Case
CCCF_el10_deg2_thick_n_eig_2-eps-converted-to.pdf ./Figures/Eig_Mindlin/CaseCCC
F_el10_deg2_thick_n_eig_2.eps>
(epstopdf)             \includegraphics on input line 1127.
Package epstopdf Info: Output file is already uptodate.
<./Figures/Eig_Mindlin/CaseCCCF_el10_deg2_thick_n_eig_2-eps-converted-to.pdf, i
d=476, 462.72874pt x 347.2975pt>
File: ./Figures/Eig_Mindlin/CaseCCCF_el10_deg2_thick_n_eig_2-eps-converted-to.p
df Graphic file (type pdf)
<use ./Figures/Eig_Mindlin/CaseCCCF_el10_deg2_thick_n_eig_2-eps-converted-to.pd
f>
Package pdftex.def Info: ./Figures/Eig_Mindlin/CaseCCCF_el10_deg2_thick_n_eig_2
-eps-converted-to.pdf  used on input line 1127.
(pdftex.def)             Requested size: 118.0078pt x 88.56763pt.
Package epstopdf Info: Source file: <./Figures/Eig_Mindlin/CaseCCCF_el10_deg2_t
hick_n_eig_3.eps>
(epstopdf)                    date: 2019-02-15 17:33:42
(epstopdf)                    size: 297202 bytes
(epstopdf)             Output file: <./Figures/Eig_Mindlin/CaseCCCF_el10_deg2_t
hick_n_eig_3-eps-converted-to.pdf>
(epstopdf)                    date: 2019-02-15 17:33:42
(epstopdf)                    size: 24852 bytes
(epstopdf)             Command: <repstopdf --outfile=./Figures/Eig_Mindlin/Case
CCCF_el10_deg2_thick_n_eig_3-eps-converted-to.pdf ./Figures/Eig_Mindlin/CaseCCC
F_el10_deg2_thick_n_eig_3.eps>
(epstopdf)             \includegraphics on input line 1131.
Package epstopdf Info: Output file is already uptodate.
<./Figures/Eig_Mindlin/CaseCCCF_el10_deg2_thick_n_eig_3-eps-converted-to.pdf, i
d=477, 462.72874pt x 347.2975pt>
File: ./Figures/Eig_Mindlin/CaseCCCF_el10_deg2_thick_n_eig_3-eps-converted-to.p
df Graphic file (type pdf)
<use ./Figures/Eig_Mindlin/CaseCCCF_el10_deg2_thick_n_eig_3-eps-converted-to.pd
f>
Package pdftex.def Info: ./Figures/Eig_Mindlin/CaseCCCF_el10_deg2_thick_n_eig_3
-eps-converted-to.pdf  used on input line 1131.
(pdftex.def)             Requested size: 118.0078pt x 88.56763pt.
Package epstopdf Info: Source file: <./Figures/Eig_Mindlin/CaseCCCF_el10_deg2_t
hick_n_eig_4.eps>
(epstopdf)                    date: 2019-02-15 17:33:42
(epstopdf)                    size: 298197 bytes
(epstopdf)             Output file: <./Figures/Eig_Mindlin/CaseCCCF_el10_deg2_t
hick_n_eig_4-eps-converted-to.pdf>
(epstopdf)                    date: 2019-02-15 17:33:42
(epstopdf)                    size: 25702 bytes
(epstopdf)             Command: <repstopdf --outfile=./Figures/Eig_Mindlin/Case
CCCF_el10_deg2_thick_n_eig_4-eps-converted-to.pdf ./Figures/Eig_Mindlin/CaseCCC
F_el10_deg2_thick_n_eig_4.eps>
(epstopdf)             \includegraphics on input line 1135.
Package epstopdf Info: Output file is already uptodate.
<./Figures/Eig_Mindlin/CaseCCCF_el10_deg2_thick_n_eig_4-eps-converted-to.pdf, i
d=478, 462.72874pt x 347.2975pt>
File: ./Figures/Eig_Mindlin/CaseCCCF_el10_deg2_thick_n_eig_4-eps-converted-to.p
df Graphic file (type pdf)
<use ./Figures/Eig_Mindlin/CaseCCCF_el10_deg2_thick_n_eig_4-eps-converted-to.pd
f>
Package pdftex.def Info: ./Figures/Eig_Mindlin/CaseCCCF_el10_deg2_thick_n_eig_4
-eps-converted-to.pdf  used on input line 1135.
(pdftex.def)             Requested size: 118.0078pt x 88.56763pt.


LaTeX Warning: `!h' float specifier changed to `!ht'.

Package epstopdf Info: Source file: <./Figures/Simulations/Revision_Min/Sim1Ham
iltonian_cropped.eps>
(epstopdf)                    date: 2019-02-17 18:29:42
(epstopdf)                    size: 470707 bytes
(epstopdf)             Output file: <./Figures/Simulations/Revision_Min/Sim1Ham
iltonian_cropped-eps-converted-to.pdf>
(epstopdf)                    date: 2019-02-17 18:49:07
(epstopdf)                    size: 14908 bytes
(epstopdf)             Command: <repstopdf --outfile=./Figures/Simulations/Revi
sion_Min/Sim1Hamiltonian_cropped-eps-converted-to.pdf ./Figures/Simulations/Rev
ision_Min/Sim1Hamiltonian_cropped.eps>
(epstopdf)             \includegraphics on input line 1223.
Package epstopdf Info: Output file is already uptodate.
<./Figures/Simulations/Revision_Min/Sim1Hamiltonian_cropped-eps-converted-to.pd
f, id=479, 396.48125pt x 321.2pt>
File: ./Figures/Simulations/Revision_Min/Sim1Hamiltonian_cropped-eps-converted-
to.pdf Graphic file (type pdf)
<use ./Figures/Simulations/Revision_Min/Sim1Hamiltonian_cropped-eps-converted-t
o.pdf>
Package pdftex.def Info: ./Figures/Simulations/Revision_Min/Sim1Hamiltonian_cro
pped-eps-converted-to.pdf  used on input line 1223.
(pdftex.def)             Requested size: 221.85526pt x 179.73354pt.
Package epstopdf Info: Source file: <./Figures/Simulations/Revision_Min/Sim2Ham
iltonian_cropped.eps>
(epstopdf)                    date: 2019-02-17 18:48:00
(epstopdf)                    size: 451288 bytes
(epstopdf)             Output file: <./Figures/Simulations/Revision_Min/Sim2Ham
iltonian_cropped-eps-converted-to.pdf>
(epstopdf)                    date: 2019-02-17 18:49:08
(epstopdf)                    size: 11991 bytes
(epstopdf)             Command: <repstopdf --outfile=./Figures/Simulations/Revi
sion_Min/Sim2Hamiltonian_cropped-eps-converted-to.pdf ./Figures/Simulations/Rev
ision_Min/Sim2Hamiltonian_cropped.eps>
(epstopdf)             \includegraphics on input line 1223.
Package epstopdf Info: Output file is already uptodate.
<./Figures/Simulations/Revision_Min/Sim2Hamiltonian_cropped-eps-converted-to.pd
f, id=480, 381.425pt x 321.2pt>
File: ./Figures/Simulations/Revision_Min/Sim2Hamiltonian_cropped-eps-converted-
to.pdf Graphic file (type pdf)
<use ./Figures/Simulations/Revision_Min/Sim2Hamiltonian_cropped-eps-converted-t
o.pdf>
Package pdftex.def Info: ./Figures/Simulations/Revision_Min/Sim2Hamiltonian_cro
pped-eps-converted-to.pdf  used on input line 1223.
(pdftex.def)             Requested size: 212.41261pt x 178.87094pt.
[20] [21] [22 <./Figures/Eig_Mindlin/CaseCCCC_el10_deg2_thick_n_eig_1-eps-conve
rted-to.pdf> <./Figures/Eig_Mindlin/CaseCCCC_el10_deg2_thick_n_eig_2-eps-conver
ted-to.pdf> <./Figures/Eig_Mindlin/CaseCCCC_el10_deg2_thick_n_eig_3-eps-convert
ed-to.pdf> <./Figures/Eig_Mindlin/CaseCCCC_el10_deg2_thick_n_eig_4-eps-converte
d-to.pdf> <./Figures/Eig_Mindlin/CaseSSSS_el10_deg2_thick_n_eig_1-eps-converted
-to.pdf> <./Figures/Eig_Mindlin/CaseSSSS_el10_deg2_thick_n_eig_2-eps-converted-
to.pdf> <./Figures/Eig_Mindlin/CaseSSSS_el10_deg2_thick_n_eig_3-eps-converted-t
o.pdf> <./Figures/Eig_Mindlin/CaseSSSS_el10_deg2_thick_n_eig_4-eps-converted-to
.pdf> <./Figures/Eig_Mindlin/CaseSCSC_el10_deg2_thick_n_eig_1-eps-converted-to.
pdf> <./Figures/Eig_Mindlin/CaseSCSC_el10_deg2_thick_n_eig_2-eps-converted-to.p
df> <./Figures/Eig_Mindlin/CaseSCSC_el10_deg2_thick_n_eig_3-eps-converted-to.pd
f> <./Figures/Eig_Mindlin/CaseSCSC_el10_deg2_thick_n_eig_4-eps-converted-to.pdf
> <./Figures/Eig_Mindlin/CaseCCCF_el10_deg2_thick_n_eig_1-eps-converted-to.pdf>
 <./Figures/Eig_Mindlin/CaseCCCF_el10_deg2_thick_n_eig_2-eps-converted-to.pdf> 
<./Figures/Eig_Mindlin/CaseCCCF_el10_deg2_thick_n_eig_3-eps-converted-to.pdf> <
./Figures/Eig_Mindlin/CaseCCCF_el10_deg2_thick_n_eig_4-eps-converted-to.pdf>]
Package epstopdf Info: Source file: <./Figures/Simulations/Revision_Min/Sim1t25
_cropped.eps>
(epstopdf)                    date: 2019-02-17 18:29:07
(epstopdf)                    size: 485503 bytes
(epstopdf)             Output file: <./Figures/Simulations/Revision_Min/Sim1t25
_cropped-eps-converted-to.pdf>
(epstopdf)                    date: 2019-02-17 18:30:03
(epstopdf)                    size: 28994 bytes
(epstopdf)             Command: <repstopdf --outfile=./Figures/Simulations/Revi
sion_Min/Sim1t25_cropped-eps-converted-to.pdf ./Figures/Simulations/Revision_Mi
n/Sim1t25_cropped.eps>
(epstopdf)             \includegraphics on input line 1229.
Package epstopdf Info: Output file is already uptodate.
<./Figures/Simulations/Revision_Min/Sim1t25_cropped-eps-converted-to.pdf, id=67
7, 327.2225pt x 268.00125pt>
File: ./Figures/Simulations/Revision_Min/Sim1t25_cropped-eps-converted-to.pdf G
raphic file (type pdf)
<use ./Figures/Simulations/Revision_Min/Sim1t25_cropped-eps-converted-to.pdf>
Package pdftex.def Info: ./Figures/Simulations/Revision_Min/Sim1t25_cropped-eps
-converted-to.pdf  used on input line 1229.
(pdftex.def)             Requested size: 212.41261pt x 173.96973pt.
Package epstopdf Info: Source file: <./Figures/Simulations/Revision_Min/Sim1t50
_cropped.eps>
(epstopdf)                    date: 2019-02-17 18:29:34
(epstopdf)                    size: 484723 bytes
(epstopdf)             Output file: <./Figures/Simulations/Revision_Min/Sim1t50
_cropped-eps-converted-to.pdf>
(epstopdf)                    date: 2019-02-17 18:30:04
(epstopdf)                    size: 28826 bytes
(epstopdf)             Command: <repstopdf --outfile=./Figures/Simulations/Revi
sion_Min/Sim1t50_cropped-eps-converted-to.pdf ./Figures/Simulations/Revision_Mi
n/Sim1t50_cropped.eps>
(epstopdf)             \includegraphics on input line 1233.
Package epstopdf Info: Output file is already uptodate.
<./Figures/Simulations/Revision_Min/Sim1t50_cropped-eps-converted-to.pdf, id=67
8, 327.2225pt x 268.00125pt>
File: ./Figures/Simulations/Revision_Min/Sim1t50_cropped-eps-converted-to.pdf G
raphic file (type pdf)
<use ./Figures/Simulations/Revision_Min/Sim1t50_cropped-eps-converted-to.pdf>
Package pdftex.def Info: ./Figures/Simulations/Revision_Min/Sim1t50_cropped-eps
-converted-to.pdf  used on input line 1233.
(pdftex.def)             Requested size: 212.41261pt x 173.96973pt.
Package epstopdf Info: Source file: <./Figures/Simulations/Revision_Min/Sim1t75
_cropped.eps>
(epstopdf)                    date: 2019-02-17 18:29:18
(epstopdf)                    size: 486480 bytes
(epstopdf)             Output file: <./Figures/Simulations/Revision_Min/Sim1t75
_cropped-eps-converted-to.pdf>
(epstopdf)                    date: 2019-02-17 18:30:06
(epstopdf)                    size: 29157 bytes
(epstopdf)             Command: <repstopdf --outfile=./Figures/Simulations/Revi
sion_Min/Sim1t75_cropped-eps-converted-to.pdf ./Figures/Simulations/Revision_Mi
n/Sim1t75_cropped.eps>
(epstopdf)             \includegraphics on input line 1236.
Package epstopdf Info: Output file is already uptodate.
<./Figures/Simulations/Revision_Min/Sim1t75_cropped-eps-converted-to.pdf, id=67
9, 327.2225pt x 268.00125pt>
File: ./Figures/Simulations/Revision_Min/Sim1t75_cropped-eps-converted-to.pdf G
raphic file (type pdf)
<use ./Figures/Simulations/Revision_Min/Sim1t75_cropped-eps-converted-to.pdf>
Package pdftex.def Info: ./Figures/Simulations/Revision_Min/Sim1t75_cropped-eps
-converted-to.pdf  used on input line 1236.
(pdftex.def)             Requested size: 212.41261pt x 173.96973pt.
Package epstopdf Info: Source file: <./Figures/Simulations/Revision_Min/Sim1t10
0_cropped.eps>
(epstopdf)                    date: 2019-02-17 18:28:51
(epstopdf)                    size: 486009 bytes
(epstopdf)             Output file: <./Figures/Simulations/Revision_Min/Sim1t10
0_cropped-eps-converted-to.pdf>
(epstopdf)                    date: 2019-02-17 18:30:07
(epstopdf)                    size: 29152 bytes
(epstopdf)             Command: <repstopdf --outfile=./Figures/Simulations/Revi
sion_Min/Sim1t100_cropped-eps-converted-to.pdf ./Figures/Simulations/Revision_M
in/Sim1t100_cropped.eps>
(epstopdf)             \includegraphics on input line 1240.
Package epstopdf Info: Output file is already uptodate.
<./Figures/Simulations/Revision_Min/Sim1t100_cropped-eps-converted-to.pdf, id=6
80, 327.2225pt x 268.00125pt>
File: ./Figures/Simulations/Revision_Min/Sim1t100_cropped-eps-converted-to.pdf 
Graphic file (type pdf)
<use ./Figures/Simulations/Revision_Min/Sim1t100_cropped-eps-converted-to.pdf>
Package pdftex.def Info: ./Figures/Simulations/Revision_Min/Sim1t100_cropped-ep
s-converted-to.pdf  used on input line 1240.
(pdftex.def)             Requested size: 212.41261pt x 173.96973pt.
Package epstopdf Info: Source file: <./Figures/Simulations/Revision_Min/Sim2t25
_cropped.eps>
(epstopdf)                    date: 2019-02-17 18:47:38
(epstopdf)                    size: 485591 bytes
(epstopdf)             Output file: <./Figures/Simulations/Revision_Min/Sim2t25
_cropped-eps-converted-to.pdf>
(epstopdf)                    date: 2019-02-17 18:49:09
(epstopdf)                    size: 27866 bytes
(epstopdf)             Command: <repstopdf --outfile=./Figures/Simulations/Revi
sion_Min/Sim2t25_cropped-eps-converted-to.pdf ./Figures/Simulations/Revision_Mi
n/Sim2t25_cropped.eps>
(epstopdf)             \includegraphics on input line 1248.
Package epstopdf Info: Output file is already uptodate.
<./Figures/Simulations/Revision_Min/Sim2t25_cropped-eps-converted-to.pdf, id=68
1, 327.2225pt x 268.00125pt>
File: ./Figures/Simulations/Revision_Min/Sim2t25_cropped-eps-converted-to.pdf G
raphic file (type pdf)
<use ./Figures/Simulations/Revision_Min/Sim2t25_cropped-eps-converted-to.pdf>
Package pdftex.def Info: ./Figures/Simulations/Revision_Min/Sim2t25_cropped-eps
-converted-to.pdf  used on input line 1248.
(pdftex.def)             Requested size: 212.41261pt x 173.96973pt.
Package epstopdf Info: Source file: <./Figures/Simulations/Revision_Min/Sim2t50
_cropped.eps>
(epstopdf)                    date: 2019-02-17 18:47:27
(epstopdf)                    size: 486134 bytes
(epstopdf)             Output file: <./Figures/Simulations/Revision_Min/Sim2t50
_cropped-eps-converted-to.pdf>
(epstopdf)                    date: 2019-02-17 18:49:10
(epstopdf)                    size: 28016 bytes
(epstopdf)             Command: <repstopdf --outfile=./Figures/Simulations/Revi
sion_Min/Sim2t50_cropped-eps-converted-to.pdf ./Figures/Simulations/Revision_Mi
n/Sim2t50_cropped.eps>
(epstopdf)             \includegraphics on input line 1252.
Package epstopdf Info: Output file is already uptodate.
<./Figures/Simulations/Revision_Min/Sim2t50_cropped-eps-converted-to.pdf, id=68
2, 327.2225pt x 268.00125pt>
File: ./Figures/Simulations/Revision_Min/Sim2t50_cropped-eps-converted-to.pdf G
raphic file (type pdf)
<use ./Figures/Simulations/Revision_Min/Sim2t50_cropped-eps-converted-to.pdf>
Package pdftex.def Info: ./Figures/Simulations/Revision_Min/Sim2t50_cropped-eps
-converted-to.pdf  used on input line 1252.
(pdftex.def)             Requested size: 212.41261pt x 173.96973pt.
Package epstopdf Info: Source file: <./Figures/Simulations/Revision_Min/Sim2t75
_cropped.eps>
(epstopdf)                    date: 2019-02-17 18:47:14
(epstopdf)                    size: 485739 bytes
(epstopdf)             Output file: <./Figures/Simulations/Revision_Min/Sim2t75
_cropped-eps-converted-to.pdf>
(epstopdf)                    date: 2019-02-17 18:49:10
(epstopdf)                    size: 27791 bytes
(epstopdf)             Command: <repstopdf --outfile=./Figures/Simulations/Revi
sion_Min/Sim2t75_cropped-eps-converted-to.pdf ./Figures/Simulations/Revision_Mi
n/Sim2t75_cropped.eps>
(epstopdf)             \includegraphics on input line 1255.
Package epstopdf Info: Output file is already uptodate.
<./Figures/Simulations/Revision_Min/Sim2t75_cropped-eps-converted-to.pdf, id=68
3, 327.2225pt x 268.00125pt>
File: ./Figures/Simulations/Revision_Min/Sim2t75_cropped-eps-converted-to.pdf G
raphic file (type pdf)
<use ./Figures/Simulations/Revision_Min/Sim2t75_cropped-eps-converted-to.pdf>
Package pdftex.def Info: ./Figures/Simulations/Revision_Min/Sim2t75_cropped-eps
-converted-to.pdf  used on input line 1255.
(pdftex.def)             Requested size: 212.41261pt x 173.96973pt.
Package epstopdf Info: Source file: <./Figures/Simulations/Revision_Min/Sim2t10
0_cropped.eps>
(epstopdf)                    date: 2019-02-17 18:47:47
(epstopdf)                    size: 486057 bytes
(epstopdf)             Output file: <./Figures/Simulations/Revision_Min/Sim2t10
0_cropped-eps-converted-to.pdf>
(epstopdf)                    date: 2019-02-17 18:49:11
(epstopdf)                    size: 28120 bytes
(epstopdf)             Command: <repstopdf --outfile=./Figures/Simulations/Revi
sion_Min/Sim2t100_cropped-eps-converted-to.pdf ./Figures/Simulations/Revision_M
in/Sim2t100_cropped.eps>
(epstopdf)             \includegraphics on input line 1259.
Package epstopdf Info: Output file is already uptodate.
<./Figures/Simulations/Revision_Min/Sim2t100_cropped-eps-converted-to.pdf, id=6
84, 327.2225pt x 268.00125pt>
File: ./Figures/Simulations/Revision_Min/Sim2t100_cropped-eps-converted-to.pdf 
Graphic file (type pdf)
<use ./Figures/Simulations/Revision_Min/Sim2t100_cropped-eps-converted-to.pdf>
Package pdftex.def Info: ./Figures/Simulations/Revision_Min/Sim2t100_cropped-ep
s-converted-to.pdf  used on input line 1259.
(pdftex.def)             Requested size: 212.41261pt x 173.96973pt.


LaTeX Warning: `h' float specifier changed to `ht'.

[23 <./Figures/Simulations/Revision_Min/Sim1Hamiltonian_cropped-eps-converted-t
o.pdf> <./Figures/Simulations/Revision_Min/Sim2Hamiltonian_cropped-eps-converte
d-to.pdf>] [24 <./Figures/Simulations/Revision_Min/Sim1t25_cropped-eps-converte
d-to.pdf> <./Figures/Simulations/Revision_Min/Sim1t50_cropped-eps-converted-to.
pdf> <./Figures/Simulations/Revision_Min/Sim1t75_cropped-eps-converted-to.pdf> 
<./Figures/Simulations/Revision_Min/Sim1t100_cropped-eps-converted-to.pdf>]
Underfull \hbox (badness 10000) in paragraph at lines 1276--1277

 []

LaTeX Font Info:    Try loading font information for T1+cmtt on input line 1283
.
(/usr/share/texlive/texmf-dist/tex/latex/base/t1cmtt.fd
File: t1cmtt.fd 2014/09/29 v2.5h Standard LaTeX font definitions
)
Overfull \hbox (10.9319pt too wide) in paragraph at lines 1279--1285
\T1/cmr/m/n/10.95 This work is sup-ported by the project ANR-16-CE92-0028, en-t
i-tled \T1/cmr/m/it/10.95 In-ter-con-nected Infinite-Dimensional
 []

[25 <./Figures/Simulations/Revision_Min/Sim2t25_cropped-eps-converted-to.pdf> <
./Figures/Simulations/Revision_Min/Sim2t50_cropped-eps-converted-to.pdf> <./Fig
ures/Simulations/Revision_Min/Sim2t75_cropped-eps-converted-to.pdf> <./Figures/
Simulations/Revision_Min/Sim2t100_cropped-eps-converted-to.pdf>]
(./Mindlin_Part_Arxiv.bbl [26] [27])
Package atveryend Info: Empty hook `BeforeClearDocument' on input line 1289.
 [28]
Package atveryend Info: Empty hook `AfterLastShipout' on input line 1289.
 (./Mindlin_Part_Arxiv.aux)
Package atveryend Info: Executing hook `AtVeryEndDocument' on input line 1289.
Package atveryend Info: Executing hook `AtEndAfterFileList' on input line 1289.

Package rerunfilecheck Info: File `Mindlin_Part_Arxiv.out' has not changed.
(rerunfilecheck)             Checksum: 90CC93274B1981654C07364D28E07521;1407.
Package atveryend Info: Empty hook `AtVeryVeryEnd' on input line 1289.
 ) 
Here is how much of TeX's memory you used:
 19277 strings out of 492701
 335465 string characters out of 6134504
 453860 words of memory out of 5000000
 22696 multiletter control sequences out of 15000+600000
 563609 words of font info for 112 fonts, out of 8000000 for 9000
 1137 hyphenation exceptions out of 8191
 41i,15n,63p,1684b,537s stack positions out of 5000i,500n,10000p,200000b,80000s
{/usr/share/texlive/texmf-dist/fonts/enc/dvips/cm-super/cm-super-t1.enc}</usr
/share/texlive/texmf-dist/fonts/type1/public/amsfonts/cm/cmbx10.pfb></usr/share
/texlive/texmf-dist/fonts/type1/public/amsfonts/cm/cmex10.pfb></usr/share/texli
ve/texmf-dist/fonts/type1/public/amsfonts/cm/cmmi10.pfb></usr/share/texlive/tex
mf-dist/fonts/type1/public/amsfonts/cm/cmmi12.pfb></usr/share/texlive/texmf-dis
t/fonts/type1/public/amsfonts/cm/cmmi6.pfb></usr/share/texlive/texmf-dist/fonts
/type1/public/amsfonts/cm/cmmi8.pfb></usr/share/texlive/texmf-dist/fonts/type1/
public/amsfonts/cm/cmmi9.pfb></usr/share/texlive/texmf-dist/fonts/type1/public/
amsfonts/cm/cmmib10.pfb></usr/share/texlive/texmf-dist/fonts/type1/public/amsfo
nts/cm/cmr10.pfb></usr/share/texlive/texmf-dist/fonts/type1/public/amsfonts/cm/
cmr12.pfb></usr/share/texlive/texmf-dist/fonts/type1/public/amsfonts/cm/cmr6.pf
b></usr/share/texlive/texmf-dist/fonts/type1/public/amsfonts/cm/cmr8.pfb></usr/
share/texlive/texmf-dist/fonts/type1/public/amsfonts/cm/cmr9.pfb></usr/share/te
xlive/texmf-dist/fonts/type1/public/amsfonts/cm/cmss10.pfb></usr/share/texlive/
texmf-dist/fonts/type1/public/amsfonts/cm/cmss12.pfb></usr/share/texlive/texmf-
dist/fonts/type1/public/amsfonts/cm/cmsy10.pfb></usr/share/texlive/texmf-dist/f
onts/type1/public/amsfonts/cm/cmsy6.pfb></usr/share/texlive/texmf-dist/fonts/ty
pe1/public/amsfonts/cm/cmsy8.pfb></usr/share/texlive/texmf-dist/fonts/type1/pub
lic/amsfonts/symbols/msbm10.pfb></usr/share/texlive/texmf-dist/fonts/type1/publ
ic/rsfs/rsfs10.pfb></usr/share/texlive/texmf-dist/fonts/type1/public/cm-super/s
fbx1000.pfb></usr/share/texlive/texmf-dist/fonts/type1/public/cm-super/sfbx1095
.pfb></usr/share/texlive/texmf-dist/fonts/type1/public/cm-super/sfbx1200.pfb></
usr/share/texlive/texmf-dist/fonts/type1/public/cm-super/sfbx1440.pfb></usr/sha
re/texlive/texmf-dist/fonts/type1/public/cm-super/sfrm0600.pfb></usr/share/texl
ive/texmf-dist/fonts/type1/public/cm-super/sfrm0700.pfb></usr/share/texlive/tex
mf-dist/fonts/type1/public/cm-super/sfrm0800.pfb></usr/share/texlive/texmf-dist
/fonts/type1/public/cm-super/sfrm0900.pfb></usr/share/texlive/texmf-dist/fonts/
type1/public/cm-super/sfrm1000.pfb></usr/share/texlive/texmf-dist/fonts/type1/p
ublic/cm-super/sfrm1095.pfb></usr/share/texlive/texmf-dist/fonts/type1/public/c
m-super/sfrm1200.pfb></usr/share/texlive/texmf-dist/fonts/type1/public/cm-super
/sfrm1440.pfb></usr/share/texlive/texmf-dist/fonts/type1/public/cm-super/sfrm17
28.pfb></usr/share/texlive/texmf-dist/fonts/type1/public/cm-super/sfti0800.pfb>
</usr/share/texlive/texmf-dist/fonts/type1/public/cm-super/sfti1095.pfb></usr/s
hare/texlive/texmf-dist/fonts/type1/public/cm-super/sftt1095.pfb>
Output written on Mindlin_Part_Arxiv.pdf (28 pages, 1047689 bytes).
PDF statistics:
 1073 PDF objects out of 1200 (max. 8388607)
 957 compressed objects within 10 object streams
 207 named destinations out of 1000 (max. 500000)
 290 words of extra memory for PDF output out of 10000 (max. 10000000)

